<?xml version="1.0" encoding="UTF-8"?>
<testsuites name="jest tests" tests="1671" failures="3" errors="0" time="25.545">
  <testsuite name="PerformanceOptimizer - 全面測試" errors="0" failures="0" skipped="0" timestamp="2025-10-26T07:41:52" time="5.71" tests="52">
    <testcase classname="PerformanceOptimizer - 全面測試 構造函數和初始化 應該使用默認選項創建實例" name="PerformanceOptimizer - 全面測試 構造函數和初始化 應該使用默認選項創建實例" time="0.053">
    </testcase>
    <testcase classname="PerformanceOptimizer - 全面測試 構造函數和初始化 應該合併自定義選項" name="PerformanceOptimizer - 全面測試 構造函數和初始化 應該合併自定義選項" time="0.009">
    </testcase>
    <testcase classname="PerformanceOptimizer - 全面測試 構造函數和初始化 應該初始化緩存統計" name="PerformanceOptimizer - 全面測試 構造函數和初始化 應該初始化緩存統計" time="0.005">
    </testcase>
    <testcase classname="PerformanceOptimizer - 全面測試 構造函數和初始化 應該初始化批處理統計" name="PerformanceOptimizer - 全面測試 構造函數和初始化 應該初始化批處理統計" time="0.004">
    </testcase>
    <testcase classname="PerformanceOptimizer - 全面測試 cachedQuery - DOM 查詢緩存 應該執行並緩存查詢結果" name="PerformanceOptimizer - 全面測試 cachedQuery - DOM 查詢緩存 應該執行並緩存查詢結果" time="0.007">
    </testcase>
    <testcase classname="PerformanceOptimizer - 全面測試 cachedQuery - DOM 查詢緩存 應該從緩存返回結果" name="PerformanceOptimizer - 全面測試 cachedQuery - DOM 查詢緩存 應該從緩存返回結果" time="0.005">
    </testcase>
    <testcase classname="PerformanceOptimizer - 全面測試 cachedQuery - DOM 查詢緩存 應該支持 single 選項" name="PerformanceOptimizer - 全面測試 cachedQuery - DOM 查詢緩存 應該支持 single 選項" time="0.004">
    </testcase>
    <testcase classname="PerformanceOptimizer - 全面測試 cachedQuery - DOM 查詢緩存 應該支持 all 選項" name="PerformanceOptimizer - 全面測試 cachedQuery - DOM 查詢緩存 應該支持 all 選項" time="0.006">
    </testcase>
    <testcase classname="PerformanceOptimizer - 全面測試 cachedQuery - DOM 查詢緩存 應該處理無效選擇器" name="PerformanceOptimizer - 全面測試 cachedQuery - DOM 查詢緩存 應該處理無效選擇器" time="0.006">
    </testcase>
    <testcase classname="PerformanceOptimizer - 全面測試 cachedQuery - DOM 查詢緩存 應該在禁用緩存時直接查詢" name="PerformanceOptimizer - 全面測試 cachedQuery - DOM 查詢緩存 應該在禁用緩存時直接查詢" time="0.005">
    </testcase>
    <testcase classname="PerformanceOptimizer - 全面測試 cachedQuery - DOM 查詢緩存 應該驗證緩存的元素是否仍在 DOM 中" name="PerformanceOptimizer - 全面測試 cachedQuery - DOM 查詢緩存 應該驗證緩存的元素是否仍在 DOM 中" time="0.006">
    </testcase>
    <testcase classname="PerformanceOptimizer - 全面測試 cachedQuery - DOM 查詢緩存 應該根據不同的 context 生成不同的緩存鍵" name="PerformanceOptimizer - 全面測試 cachedQuery - DOM 查詢緩存 應該根據不同的 context 生成不同的緩存鍵" time="0.007">
    </testcase>
    <testcase classname="PerformanceOptimizer - 全面測試 clearExpiredCache - 過期緩存清理 應該清理過期的緩存" name="PerformanceOptimizer - 全面測試 clearExpiredCache - 過期緩存清理 應該清理過期的緩存" time="0.005">
    </testcase>
    <testcase classname="PerformanceOptimizer - 全面測試 clearExpiredCache - 過期緩存清理 應該支持強制清理所有緩存" name="PerformanceOptimizer - 全面測試 clearExpiredCache - 過期緩存清理 應該支持強制清理所有緩存" time="0.008">
    </testcase>
    <testcase classname="PerformanceOptimizer - 全面測試 clearExpiredCache - 過期緩存清理 應該使用默認的 cacheTTL" name="PerformanceOptimizer - 全面測試 clearExpiredCache - 過期緩存清理 應該使用默認的 cacheTTL" time="0.005">
    </testcase>
    <testcase classname="PerformanceOptimizer - 全面測試 refreshCache - 刷新緩存 應該刷新單個選擇器的緩存" name="PerformanceOptimizer - 全面測試 refreshCache - 刷新緩存 應該刷新單個選擇器的緩存" time="0.017">
    </testcase>
    <testcase classname="PerformanceOptimizer - 全面測試 refreshCache - 刷新緩存 應該刷新多個選擇器的緩存" name="PerformanceOptimizer - 全面測試 refreshCache - 刷新緩存 應該刷新多個選擇器的緩存" time="0.004">
    </testcase>
    <testcase classname="PerformanceOptimizer - 全面測試 refreshCache - 刷新緩存 應該刪除查詢結果為空的緩存" name="PerformanceOptimizer - 全面測試 refreshCache - 刷新緩存 應該刪除查詢結果為空的緩存" time="0.006">
    </testcase>
    <testcase classname="PerformanceOptimizer - 全面測試 preloadSelectors - 選擇器預熱 應該預熱選擇器並緩存結果" name="PerformanceOptimizer - 全面測試 preloadSelectors - 選擇器預熱 應該預熱選擇器並緩存結果" time="0.01">
    </testcase>
    <testcase classname="PerformanceOptimizer - 全面測試 preloadSelectors - 選擇器預熱 應該跳過已預熱的選擇器" name="PerformanceOptimizer - 全面測試 preloadSelectors - 選擇器預熱 應該跳過已預熱的選擇器" time="0.004">
    </testcase>
    <testcase classname="PerformanceOptimizer - 全面測試 preloadSelectors - 選擇器預熱 應該處理預熱失敗的選擇器" name="PerformanceOptimizer - 全面測試 preloadSelectors - 選擇器預熱 應該處理預熱失敗的選擇器" time="0.004">
    </testcase>
    <testcase classname="PerformanceOptimizer - 全面測試 preloadSelectors - 選擇器預熱 應該在禁用緩存時返回空數組" name="PerformanceOptimizer - 全面測試 preloadSelectors - 選擇器預熱 應該在禁用緩存時返回空數組" time="0.004">
    </testcase>
    <testcase classname="PerformanceOptimizer - 全面測試 preloadSelectors - 選擇器預熱 應該處理無效的選擇器參數" name="PerformanceOptimizer - 全面測試 preloadSelectors - 選擇器預熱 應該處理無效的選擇器參數" time="0.004">
    </testcase>
    <testcase classname="PerformanceOptimizer - 全面測試 smartPrewarm - 智能預熱 應該基於頁面結構預熱選擇器" name="PerformanceOptimizer - 全面測試 smartPrewarm - 智能預熱 應該基於頁面結構預熱選擇器" time="0.008">
    </testcase>
    <testcase classname="PerformanceOptimizer - 全面測試 smartPrewarm - 智能預熱 應該識別 article 結構" name="PerformanceOptimizer - 全面測試 smartPrewarm - 智能預熱 應該識別 article 結構" time="0.005">
    </testcase>
    <testcase classname="PerformanceOptimizer - 全面測試 smartPrewarm - 智能預熱 應該識別 role=&quot;main&quot; 結構" name="PerformanceOptimizer - 全面測試 smartPrewarm - 智能預熱 應該識別 role=&quot;main&quot; 結構" time="0.004">
    </testcase>
    <testcase classname="PerformanceOptimizer - 全面測試 smartPrewarm - 智能預熱 應該識別 CMS 類名模式" name="PerformanceOptimizer - 全面測試 smartPrewarm - 智能預熱 應該識別 CMS 類名模式" time="0.007">
    </testcase>
    <testcase classname="PerformanceOptimizer - 全面測試 batchProcessImages - 批處理圖片 應該批處理圖片並返回結果" name="PerformanceOptimizer - 全面測試 batchProcessImages - 批處理圖片 應該批處理圖片並返回結果" time="0.006">
    </testcase>
    <testcase classname="PerformanceOptimizer - 全面測試 batchProcessImages - 批處理圖片 應該在禁用批處理時直接處理" name="PerformanceOptimizer - 全面測試 batchProcessImages - 批處理圖片 應該在禁用批處理時直接處理" time="0.004">
    </testcase>
    <testcase classname="PerformanceOptimizer - 全面測試 batchDomOperations - 批處理 DOM 操作 應該批處理 DOM 操作" name="PerformanceOptimizer - 全面測試 batchDomOperations - 批處理 DOM 操作 應該批處理 DOM 操作" time="0.027">
    </testcase>
    <testcase classname="PerformanceOptimizer - 全面測試 batchDomOperations - 批處理 DOM 操作 應該在禁用批處理時直接執行操作" name="PerformanceOptimizer - 全面測試 batchDomOperations - 批處理 DOM 操作 應該在禁用批處理時直接執行操作" time="0.003">
    </testcase>
    <testcase classname="PerformanceOptimizer - 全面測試 batchDomOperations - 批處理 DOM 操作 應該處理批處理中的錯誤" name="PerformanceOptimizer - 全面測試 batchDomOperations - 批處理 DOM 操作 應該處理批處理中的錯誤" time="0.006">
    </testcase>
    <testcase classname="PerformanceOptimizer - 全面測試 preloadImages - 預加載圖片 應該預加載圖片" name="PerformanceOptimizer - 全面測試 preloadImages - 預加載圖片 應該預加載圖片" time="5.007">
    </testcase>
    <testcase classname="PerformanceOptimizer - 全面測試 preloadImages - 預加載圖片 應該處理圖片加載超時" name="PerformanceOptimizer - 全面測試 preloadImages - 預加載圖片 應該處理圖片加載超時" time="0.117">
    </testcase>
    <testcase classname="PerformanceOptimizer - 全面測試 clearCache - 清理緩存 應該強制清理所有緩存" name="PerformanceOptimizer - 全面測試 clearCache - 清理緩存 應該強制清理所有緩存" time="0.013">
    </testcase>
    <testcase classname="PerformanceOptimizer - 全面測試 clearCache - 清理緩存 應該清理過期的緩存" name="PerformanceOptimizer - 全面測試 clearCache - 清理緩存 應該清理過期的緩存" time="0.008">
    </testcase>
    <testcase classname="PerformanceOptimizer - 全面測試 clearCache - 清理緩存 應該使用默認的最大年齡" name="PerformanceOptimizer - 全面測試 clearCache - 清理緩存 應該使用默認的最大年齡" time="0.007">
    </testcase>
    <testcase classname="PerformanceOptimizer - 全面測試 getStats - 獲取統計信息 應該返回完整的統計信息" name="PerformanceOptimizer - 全面測試 getStats - 獲取統計信息 應該返回完整的統計信息" time="0.005">
    </testcase>
    <testcase classname="PerformanceOptimizer - 全面測試 getStats - 獲取統計信息 應該計算緩存命中率" name="PerformanceOptimizer - 全面測試 getStats - 獲取統計信息 應該計算緩存命中率" time="0.004">
    </testcase>
    <testcase classname="PerformanceOptimizer - 全面測試 getStats - 獲取統計信息 應該返回內存統計或 null" name="PerformanceOptimizer - 全面測試 getStats - 獲取統計信息 應該返回內存統計或 null" time="0.005">
    </testcase>
    <testcase classname="PerformanceOptimizer - 全面測試 getPerformanceStats - 別名方法 應該返回與 getStats 相同的結果" name="PerformanceOptimizer - 全面測試 getPerformanceStats - 別名方法 應該返回與 getStats 相同的結果" time="0.004">
    </testcase>
    <testcase classname="PerformanceOptimizer - 全面測試 resetStats - 重置統計 應該重置所有統計信息" name="PerformanceOptimizer - 全面測試 resetStats - 重置統計 應該重置所有統計信息" time="0.009">
    </testcase>
    <testcase classname="PerformanceOptimizer - 全面測試 adjustForSystemLoad - 系統負載調整 應該根據性能調整參數" name="PerformanceOptimizer - 全面測試 adjustForSystemLoad - 系統負載調整 應該根據性能調整參數" time="0.005">
    </testcase>
    <testcase classname="PerformanceOptimizer - 全面測試 adjustForSystemLoad - 系統負載調整 應該清理過期緩存" name="PerformanceOptimizer - 全面測試 adjustForSystemLoad - 系統負載調整 應該清理過期緩存" time="0.004">
    </testcase>
    <testcase classname="PerformanceOptimizer - 全面測試 enableAdaptiveOptimization - 啟用自適應優化 應該啟用自適應管理器" name="PerformanceOptimizer - 全面測試 enableAdaptiveOptimization - 啟用自適應優化 應該啟用自適應管理器" time="0.003">
    </testcase>
    <testcase classname="PerformanceOptimizer - 全面測試 enableAdaptiveOptimization - 啟用自適應優化 應該在已有管理器時不重複創建" name="PerformanceOptimizer - 全面測試 enableAdaptiveOptimization - 啟用自適應優化 應該在已有管理器時不重複創建" time="0.003">
    </testcase>
    <testcase classname="PerformanceOptimizer - 全面測試 adaptiveAdjustment - 自適應調整 應該在沒有管理器時返回 null" name="PerformanceOptimizer - 全面測試 adaptiveAdjustment - 自適應調整 應該在沒有管理器時返回 null" time="0.003">
    </testcase>
    <testcase classname="PerformanceOptimizer - 全面測試 adaptiveAdjustment - 自適應調整 應該調用管理器的 analyzeAndAdjust 方法" name="PerformanceOptimizer - 全面測試 adaptiveAdjustment - 自適應調整 應該調用管理器的 analyzeAndAdjust 方法" time="0.003">
    </testcase>
    <testcase classname="PerformanceOptimizer - 全面測試 _maintainCacheSizeLimit - 維護緩存大小 應該在達到限制時移除最舊的項目" name="PerformanceOptimizer - 全面測試 _maintainCacheSizeLimit - 維護緩存大小 應該在達到限制時移除最舊的項目" time="0.004">
    </testcase>
    <testcase classname="PerformanceOptimizer - 全面測試 便捷函數 cachedQuery 函數應該使用默認實例" name="PerformanceOptimizer - 全面測試 便捷函數 cachedQuery 函數應該使用默認實例" time="0.003">
    </testcase>
    <testcase classname="PerformanceOptimizer - 全面測試 便捷函數 batchProcess 函數應該使用默認實例" name="PerformanceOptimizer - 全面測試 便捷函數 batchProcess 函數應該使用默認實例" time="0.004">
    </testcase>
    <testcase classname="PerformanceOptimizer - 全面測試 模塊導出 應該正確導出到 module.exports" name="PerformanceOptimizer - 全面測試 模塊導出 應該正確導出到 module.exports" time="0.005">
    </testcase>
  </testsuite>
  <testsuite name="Notion API - 基礎頁面創建" errors="0" failures="0" skipped="0" timestamp="2025-10-26T07:41:58" time="2.68" tests="39">
    <testcase classname="Notion API - 基礎頁面創建 createNotionPage() 應該成功創建基本頁面" name="Notion API - 基礎頁面創建 createNotionPage() 應該成功創建基本頁面" time="0.001">
    </testcase>
    <testcase classname="Notion API - 基礎頁面創建 createNotionPage() 應該處理 API Key 無效錯誤" name="Notion API - 基礎頁面創建 createNotionPage() 應該處理 API Key 無效錯誤" time="0.001">
    </testcase>
    <testcase classname="Notion API - 基礎頁面創建 createNotionPage() 應該處理數據庫不存在錯誤" name="Notion API - 基礎頁面創建 createNotionPage() 應該處理數據庫不存在錯誤" time="0">
    </testcase>
    <testcase classname="Notion API - 基礎頁面創建 createNotionPage() 應該處理網絡錯誤" name="Notion API - 基礎頁面創建 createNotionPage() 應該處理網絡錯誤" time="0.002">
    </testcase>
    <testcase classname="Notion API - 批次追加邏輯 appendBlocksInBatches() 應該成功追加少量區塊（&lt; 100）" name="Notion API - 批次追加邏輯 appendBlocksInBatches() 應該成功追加少量區塊（&lt; 100）" time="0.001">
    </testcase>
    <testcase classname="Notion API - 批次追加邏輯 appendBlocksInBatches() 應該分批追加大量區塊（&gt; 100）" name="Notion API - 批次追加邏輯 appendBlocksInBatches() 應該分批追加大量區塊（&gt; 100）" time="0">
    </testcase>
    <testcase classname="Notion API - 批次追加邏輯 appendBlocksInBatches() 應該處理批次中的錯誤" name="Notion API - 批次追加邏輯 appendBlocksInBatches() 應該處理批次中的錯誤" time="0.001">
    </testcase>
    <testcase classname="Notion API - 資料來源獲取 fetchDatabases() 應該成功獲取資料來源列表" name="Notion API - 資料來源獲取 fetchDatabases() 應該成功獲取資料來源列表" time="0">
    </testcase>
    <testcase classname="Notion API - 資料來源獲取 fetchDatabases() 應該處理空資料來源列表" name="Notion API - 資料來源獲取 fetchDatabases() 應該處理空資料來源列表" time="0.001">
    </testcase>
    <testcase classname="Notion API - 資料來源獲取 fetchDatabases() 應該處理分頁結果" name="Notion API - 資料來源獲取 fetchDatabases() 應該處理分頁結果" time="0">
    </testcase>
    <testcase classname="Notion API - API Key 驗證 testApiKey() 應該驗證有效的 API Key" name="Notion API - API Key 驗證 testApiKey() 應該驗證有效的 API Key" time="0.001">
    </testcase>
    <testcase classname="Notion API - API Key 驗證 testApiKey() 應該拒絕無效的 API Key" name="Notion API - API Key 驗證 testApiKey() 應該拒絕無效的 API Key" time="0">
    </testcase>
    <testcase classname="Notion API - API Key 驗證 testApiKey() 應該處理空 API Key" name="Notion API - API Key 驗證 testApiKey() 應該處理空 API Key" time="0">
    </testcase>
    <testcase classname="Notion API - API Key 驗證 testApiKey() 應該處理格式錯誤的 API Key" name="Notion API - API Key 驗證 testApiKey() 應該處理格式錯誤的 API Key" time="0">
    </testcase>
    <testcase classname="Notion API - 錯誤處理增強 HTTP 狀態碼處理 應該處理 401 未授權錯誤" name="Notion API - 錯誤處理增強 HTTP 狀態碼處理 應該處理 401 未授權錯誤" time="0.001">
    </testcase>
    <testcase classname="Notion API - 錯誤處理增強 HTTP 狀態碼處理 應該處理 404 資源不存在錯誤" name="Notion API - 錯誤處理增強 HTTP 狀態碼處理 應該處理 404 資源不存在錯誤" time="0">
    </testcase>
    <testcase classname="Notion API - 錯誤處理增強 HTTP 狀態碼處理 應該處理 429 速率限制錯誤" name="Notion API - 錯誤處理增強 HTTP 狀態碼處理 應該處理 429 速率限制錯誤" time="0">
    </testcase>
    <testcase classname="Notion API - 錯誤處理增強 HTTP 狀態碼處理 應該處理 500 服務器錯誤" name="Notion API - 錯誤處理增強 HTTP 狀態碼處理 應該處理 500 服務器錯誤" time="0">
    </testcase>
    <testcase classname="Notion API - 錯誤處理增強 HTTP 狀態碼處理 應該處理 503 服務不可用錯誤" name="Notion API - 錯誤處理增強 HTTP 狀態碼處理 應該處理 503 服務不可用錯誤" time="0">
    </testcase>
    <testcase classname="Notion API - 錯誤處理增強 網絡錯誤處理 應該處理網絡超時" name="Notion API - 錯誤處理增強 網絡錯誤處理 應該處理網絡超時" time="0.001">
    </testcase>
    <testcase classname="Notion API - 錯誤處理增強 網絡錯誤處理 應該處理連接失敗" name="Notion API - 錯誤處理增強 網絡錯誤處理 應該處理連接失敗" time="0">
    </testcase>
    <testcase classname="Notion API - 錯誤處理增強 網絡錯誤處理 應該處理 DNS 解析失敗" name="Notion API - 錯誤處理增強 網絡錯誤處理 應該處理 DNS 解析失敗" time="0.001">
    </testcase>
    <testcase classname="Notion API - 錯誤處理增強 網絡錯誤處理 應該處理 SSL 證書錯誤" name="Notion API - 錯誤處理增強 網絡錯誤處理 應該處理 SSL 證書錯誤" time="0">
    </testcase>
    <testcase classname="Notion API - 錯誤處理增強 數據驗證錯誤 應該處理無效的請求體" name="Notion API - 錯誤處理增強 數據驗證錯誤 應該處理無效的請求體" time="0.001">
    </testcase>
    <testcase classname="Notion API - 錯誤處理增強 數據驗證錯誤 應該處理缺少必需字段" name="Notion API - 錯誤處理增強 數據驗證錯誤 應該處理缺少必需字段" time="0">
    </testcase>
    <testcase classname="Notion API - 錯誤處理增強 數據驗證錯誤 應該處理無效的區塊類型" name="Notion API - 錯誤處理增強 數據驗證錯誤 應該處理無效的區塊類型" time="0.001">
    </testcase>
    <testcase classname="Notion API - 錯誤處理增強 權限錯誤 應該處理無權限訪問資料來源" name="Notion API - 錯誤處理增強 權限錯誤 應該處理無權限訪問資料來源" time="0">
    </testcase>
    <testcase classname="Notion API - 錯誤處理增強 權限錯誤 應該處理無權限創建頁面" name="Notion API - 錯誤處理增強 權限錯誤 應該處理無權限創建頁面" time="0.001">
    </testcase>
    <testcase classname="Notion API - 重試邏輯 自動重試機制 應該在暫時性錯誤後重試" name="Notion API - 重試邏輯 自動重試機制 應該在暫時性錯誤後重試" time="0.102">
    </testcase>
    <testcase classname="Notion API - 重試邏輯 自動重試機制 應該在多次失敗後放棄" name="Notion API - 重試邏輯 自動重試機制 應該在多次失敗後放棄" time="0.001">
    </testcase>
    <testcase classname="Notion API - 重試邏輯 自動重試機制 應該使用指數退避策略" name="Notion API - 重試邏輯 自動重試機制 應該使用指數退避策略" time="0.305">
    </testcase>
    <testcase classname="Notion API - 重試邏輯 自動重試機制 不應該重試 4xx 客戶端錯誤" name="Notion API - 重試邏輯 自動重試機制 不應該重試 4xx 客戶端錯誤" time="0.003">
    </testcase>
    <testcase classname="Notion API - 重試邏輯 自動重試機制 應該重試 5xx 服務器錯誤" name="Notion API - 重試邏輯 自動重試機制 應該重試 5xx 服務器錯誤" time="0.103">
    </testcase>
    <testcase classname="Notion API - 重試邏輯 速率限制處理 應該遵守 Retry-After 標頭" name="Notion API - 重試邏輯 速率限制處理 應該遵守 Retry-After 標頭" time="2.003">
    </testcase>
    <testcase classname="Notion API - 批次處理優化 大量數據處理 應該正確計算批次數量" name="Notion API - 批次處理優化 大量數據處理 應該正確計算批次數量" time="0.001">
    </testcase>
    <testcase classname="Notion API - 批次處理優化 大量數據處理 應該處理剛好整除的批次" name="Notion API - 批次處理優化 大量數據處理 應該處理剛好整除的批次" time="0.001">
    </testcase>
    <testcase classname="Notion API - 批次處理優化 大量數據處理 應該處理少於一個批次的數據" name="Notion API - 批次處理優化 大量數據處理 應該處理少於一個批次的數據" time="0.002">
    </testcase>
    <testcase classname="Notion API - 批次處理優化 大量數據處理 應該追蹤批次進度" name="Notion API - 批次處理優化 大量數據處理 應該追蹤批次進度" time="0.002">
    </testcase>
    <testcase classname="Notion API - 批次處理優化 批次錯誤恢復 應該從失敗的批次繼續" name="Notion API - 批次處理優化 批次錯誤恢復 應該從失敗的批次繼續" time="0.102">
    </testcase>
  </testsuite>
  <testsuite name="content script integration test" errors="0" failures="1" skipped="0" timestamp="2025-10-26T07:42:00" time="6.159" tests="1">
    <testcase classname="content script integration test runs content.js and exposes result when window.__UNIT_TESTING__ is true" name="content script integration test runs content.js and exposes result when window.__UNIT_TESTING__ is true" time="6.063">
      <failure>Error: expect(received).toBeDefined()

Received: undefined
    at Object.&lt;anonymous&gt; (/Volumes/WD1TMac/code/notion-chrome/tests/unit/content/content-script.integration.test.js:56:24)</failure>
    </testcase>
  </testsuite>
  <testsuite name="content script require test" errors="0" failures="1" skipped="0" timestamp="2025-10-26T07:42:06" time="0.188" tests="1">
    <testcase classname="content script require test require scripts/content.js with jsdom globals" name="content script require test require scripts/content.js with jsdom globals" time="0.112">
      <failure>Jest encountered an unexpected token

Jest failed to parse a file. This happens e.g. when your code or its dependencies use non-standard JavaScript syntax, or when Jest is not configured to support such syntax.

Out of the box Jest supports Babel, which will be used to transform your files into valid JS based on your Babel configuration.

By default &quot;node_modules&quot; folder is ignored by transformers.

Here&apos;s what you can do:
 • If you are trying to use ECMAScript Modules, see https://jestjs.io/docs/ecmascript-modules for how to enable it.
 • If you are trying to use TypeScript, see https://jestjs.io/docs/getting-started#using-typescript
 • To have some of your &quot;node_modules&quot; files transformed, you can specify a custom &quot;transformIgnorePatterns&quot; in your config.
 • If you need a custom transformation specify a &quot;transform&quot; option in your config.
 • If you simply want to mock your non-JS modules (e.g. binary assets) you can stub them out with the &quot;moduleNameMapper&quot; config option.

You&apos;ll find more details and examples of these config options in the docs:
https://jestjs.io/docs/configuration
For information about custom transformations, see:
https://jestjs.io/docs/code-transformation

Details:

SyntaxError: /Volumes/WD1TMac/code/notion-chrome/scripts/content.js: Unexpected token (16:22)

  14 | // 條件日誌函數
  15 | const Logger = {
&gt; 16 |     log: (...args) =&gt; ,
     |                       ^
  17 |     warn: (...args) =&gt; console.warn(...args),
  18 |     error: (...args) =&gt; console.error(...args),
  19 |     info: (...args) =&gt; DEBUG_MODE &amp;&amp; console.info(...args)
    at constructor (/Volumes/WD1TMac/code/notion-chrome/node_modules/@babel/parser/src/parse-error.ts:95:45)
    at Parser.toParseError [as raise] (/Volumes/WD1TMac/code/notion-chrome/node_modules/@babel/parser/src/tokenizer/index.ts:1503:19)
    at Parser.raise [as unexpected] (/Volumes/WD1TMac/code/notion-chrome/node_modules/@babel/parser/src/tokenizer/index.ts:1543:16)
    at Parser.unexpected [as parseExprAtom] (/Volumes/WD1TMac/code/notion-chrome/node_modules/@babel/parser/src/parser/expression.ts:1350:16)
    at Parser.parseExprAtom [as parseExprSubscripts] (/Volumes/WD1TMac/code/notion-chrome/node_modules/@babel/parser/src/parser/expression.ts:734:23)
    at Parser.parseExprSubscripts [as parseUpdate] (/Volumes/WD1TMac/code/notion-chrome/node_modules/@babel/parser/src/parser/expression.ts:713:21)
    at Parser.parseUpdate [as parseMaybeUnary] (/Volumes/WD1TMac/code/notion-chrome/node_modules/@babel/parser/src/parser/expression.ts:675:23)
    at Parser.parseMaybeUnary [as parseMaybeUnaryOrPrivate] (/Volumes/WD1TMac/code/notion-chrome/node_modules/@babel/parser/src/parser/expression.ts:409:14)
    at Parser.parseMaybeUnaryOrPrivate [as parseExprOps] (/Volumes/WD1TMac/code/notion-chrome/node_modules/@babel/parser/src/parser/expression.ts:421:23)
    at Parser.parseExprOps [as parseMaybeConditional] (/Volumes/WD1TMac/code/notion-chrome/node_modules/@babel/parser/src/parser/expression.ts:376:23)
    at Parser.parseMaybeConditional [as parseMaybeAssign] (/Volumes/WD1TMac/code/notion-chrome/node_modules/@babel/parser/src/parser/expression.ts:301:21)
    at Parser.parseMaybeAssign [as parseFunctionBody] (/Volumes/WD1TMac/code/notion-chrome/node_modules/@babel/parser/src/parser/expression.ts:2602:14)
    at Parser.parseFunctionBody [as parseArrowExpression] (/Volumes/WD1TMac/code/notion-chrome/node_modules/@babel/parser/src/parser/expression.ts:2553:10)
    at Parser.parseArrowExpression [as parseParenAndDistinguishExpression] (/Volumes/WD1TMac/code/notion-chrome/node_modules/@babel/parser/src/parser/expression.ts:1837:12)
    at Parser.parseParenAndDistinguishExpression [as parseExprAtom] (/Volumes/WD1TMac/code/notion-chrome/node_modules/@babel/parser/src/parser/expression.ts:1162:21)
    at Parser.parseExprAtom [as parseExprSubscripts] (/Volumes/WD1TMac/code/notion-chrome/node_modules/@babel/parser/src/parser/expression.ts:734:23)
    at Parser.parseExprSubscripts [as parseUpdate] (/Volumes/WD1TMac/code/notion-chrome/node_modules/@babel/parser/src/parser/expression.ts:713:21)
    at Parser.parseUpdate [as parseMaybeUnary] (/Volumes/WD1TMac/code/notion-chrome/node_modules/@babel/parser/src/parser/expression.ts:675:23)
    at Parser.parseMaybeUnary [as parseMaybeUnaryOrPrivate] (/Volumes/WD1TMac/code/notion-chrome/node_modules/@babel/parser/src/parser/expression.ts:409:14)
    at Parser.parseMaybeUnaryOrPrivate [as parseExprOps] (/Volumes/WD1TMac/code/notion-chrome/node_modules/@babel/parser/src/parser/expression.ts:421:23)
    at Parser.parseExprOps [as parseMaybeConditional] (/Volumes/WD1TMac/code/notion-chrome/node_modules/@babel/parser/src/parser/expression.ts:376:23)
    at Parser.parseMaybeConditional [as parseMaybeAssign] (/Volumes/WD1TMac/code/notion-chrome/node_modules/@babel/parser/src/parser/expression.ts:301:21)
    at parseMaybeAssign (/Volumes/WD1TMac/code/notion-chrome/node_modules/@babel/parser/src/parser/expression.ts:257:12)
    at Parser.callback [as allowInAnd] (/Volumes/WD1TMac/code/notion-chrome/node_modules/@babel/parser/src/parser/expression.ts:3192:12)
    at Parser.allowInAnd [as parseMaybeAssignAllowIn] (/Volumes/WD1TMac/code/notion-chrome/node_modules/@babel/parser/src/parser/expression.ts:256:17)
    at Parser.parseMaybeAssignAllowIn [as parseMaybeAssignAllowInOrVoidPattern] (/Volumes/WD1TMac/code/notion-chrome/node_modules/@babel/parser/src/parser/expression.ts:3306:17)
    at Parser.parseMaybeAssignAllowInOrVoidPattern [as parseObjectProperty] (/Volumes/WD1TMac/code/notion-chrome/node_modules/@babel/parser/src/parser/expression.ts:2315:16)
    at Parser.parseObjectProperty [as parseObjPropValue] (/Volumes/WD1TMac/code/notion-chrome/node_modules/@babel/parser/src/parser/expression.ts:2378:12)
    at Parser.parseObjPropValue [as parsePropertyDefinition] (/Volumes/WD1TMac/code/notion-chrome/node_modules/@babel/parser/src/parser/expression.ts:2218:17)
    at Parser.parsePropertyDefinition [as parseObjectLike] (/Volumes/WD1TMac/code/notion-chrome/node_modules/@babel/parser/src/parser/expression.ts:2085:21)
    at Parser.parseObjectLike [as parseExprAtom] (/Volumes/WD1TMac/code/notion-chrome/node_modules/@babel/parser/src/parser/expression.ts:1174:21)
    at Parser.parseExprAtom [as parseExprSubscripts] (/Volumes/WD1TMac/code/notion-chrome/node_modules/@babel/parser/src/parser/expression.ts:734:23)
    at Parser.parseExprSubscripts [as parseUpdate] (/Volumes/WD1TMac/code/notion-chrome/node_modules/@babel/parser/src/parser/expression.ts:713:21)
    at Parser.parseUpdate [as parseMaybeUnary] (/Volumes/WD1TMac/code/notion-chrome/node_modules/@babel/parser/src/parser/expression.ts:675:23)
    at Parser.parseMaybeUnary [as parseMaybeUnaryOrPrivate] (/Volumes/WD1TMac/code/notion-chrome/node_modules/@babel/parser/src/parser/expression.ts:409:14)
    at Parser.parseMaybeUnaryOrPrivate [as parseExprOps] (/Volumes/WD1TMac/code/notion-chrome/node_modules/@babel/parser/src/parser/expression.ts:421:23)
    at Parser.parseExprOps [as parseMaybeConditional] (/Volumes/WD1TMac/code/notion-chrome/node_modules/@babel/parser/src/parser/expression.ts:376:23)
    at Parser.parseMaybeConditional [as parseMaybeAssign] (/Volumes/WD1TMac/code/notion-chrome/node_modules/@babel/parser/src/parser/expression.ts:301:21)
    at parseMaybeAssign (/Volumes/WD1TMac/code/notion-chrome/node_modules/@babel/parser/src/parser/expression.ts:257:12)
    at Parser.callback [as allowInAnd] (/Volumes/WD1TMac/code/notion-chrome/node_modules/@babel/parser/src/parser/expression.ts:3187:16)
    at Parser.allowInAnd [as parseMaybeAssignAllowIn] (/Volumes/WD1TMac/code/notion-chrome/node_modules/@babel/parser/src/parser/expression.ts:256:17)
    at Parser.parseMaybeAssignAllowIn [as parseVar] (/Volumes/WD1TMac/code/notion-chrome/node_modules/@babel/parser/src/parser/statement.ts:1582:18)
    at Parser.parseVar [as parseVarStatement] (/Volumes/WD1TMac/code/notion-chrome/node_modules/@babel/parser/src/parser/statement.ts:1246:10)
    at Parser.parseVarStatement [as parseStatementContent] (/Volumes/WD1TMac/code/notion-chrome/node_modules/@babel/parser/src/parser/statement.ts:607:21)
    at Parser.parseStatementContent [as parseStatementLike] (/Volumes/WD1TMac/code/notion-chrome/node_modules/@babel/parser/src/parser/statement.ts:477:17)
    at Parser.parseStatementLike [as parseModuleItem] (/Volumes/WD1TMac/code/notion-chrome/node_modules/@babel/parser/src/parser/statement.ts:414:17)
    at Parser.parseModuleItem [as parseBlockOrModuleBlockBody] (/Volumes/WD1TMac/code/notion-chrome/node_modules/@babel/parser/src/parser/statement.ts:1438:16)
    at Parser.parseBlockOrModuleBlockBody [as parseBlockBody] (/Volumes/WD1TMac/code/notion-chrome/node_modules/@babel/parser/src/parser/statement.ts:1412:10)
    at Parser.parseBlockBody [as parseProgram] (/Volumes/WD1TMac/code/notion-chrome/node_modules/@babel/parser/src/parser/statement.ts:229:10)
    at Parser.parseProgram [as parseTopLevel] (/Volumes/WD1TMac/code/notion-chrome/node_modules/@babel/parser/src/parser/statement.ts:203:25)
    at Parser.parseTopLevel [as parse] (/Volumes/WD1TMac/code/notion-chrome/node_modules/@babel/parser/src/parser/index.ts:93:10)
    at parse (/Volumes/WD1TMac/code/notion-chrome/node_modules/@babel/parser/src/index.ts:92:38)
    at parser (/Volumes/WD1TMac/code/notion-chrome/node_modules/@babel/core/src/parser/index.ts:28:19)
    at parser.next (&lt;anonymous&gt;)
    at normalizeFile (/Volumes/WD1TMac/code/notion-chrome/node_modules/@babel/core/src/transformation/normalize-file.ts:49:24)
    at normalizeFile.next (&lt;anonymous&gt;)
    at run (/Volumes/WD1TMac/code/notion-chrome/node_modules/@babel/core/src/transformation/index.ts:40:36)
    at run.next (&lt;anonymous&gt;)
    at transform (/Volumes/WD1TMac/code/notion-chrome/node_modules/@babel/core/src/transform.ts:29:20)
    at transform.next (&lt;anonymous&gt;)
    at evaluateSync (/Volumes/WD1TMac/code/notion-chrome/node_modules/gensync/index.js:251:28)
    at sync (/Volumes/WD1TMac/code/notion-chrome/node_modules/gensync/index.js:89:14)
    at fn (/Volumes/WD1TMac/code/notion-chrome/node_modules/@babel/core/src/errors/rewrite-stack-trace.ts:99:14)
    at transformSync (/Volumes/WD1TMac/code/notion-chrome/node_modules/@babel/core/src/transform.ts:66:52)
    at ScriptTransformer._instrumentFile (/Volumes/WD1TMac/code/notion-chrome/node_modules/@jest/transform/build/ScriptTransformer.js:389:46)
    at ScriptTransformer._buildTransformResult (/Volumes/WD1TMac/code/notion-chrome/node_modules/@jest/transform/build/ScriptTransformer.js:491:33)
    at ScriptTransformer.transformSource (/Volumes/WD1TMac/code/notion-chrome/node_modules/@jest/transform/build/ScriptTransformer.js:554:17)
    at ScriptTransformer._transformAndBuildScript (/Volumes/WD1TMac/code/notion-chrome/node_modules/@jest/transform/build/ScriptTransformer.js:674:40)
    at ScriptTransformer.transform (/Volumes/WD1TMac/code/notion-chrome/node_modules/@jest/transform/build/ScriptTransformer.js:726:19)
    at Runtime.transformFile (/Volumes/WD1TMac/code/notion-chrome/node_modules/jest-runtime/build/index.js:1465:53)
    at Runtime._execModule (/Volumes/WD1TMac/code/notion-chrome/node_modules/jest-runtime/build/index.js:1397:34)
    at Runtime._loadModule (/Volumes/WD1TMac/code/notion-chrome/node_modules/jest-runtime/build/index.js:1022:12)
    at Runtime.requireModule (/Volumes/WD1TMac/code/notion-chrome/node_modules/jest-runtime/build/index.js:882:12)
    at Runtime.requireModuleOrMock (/Volumes/WD1TMac/code/notion-chrome/node_modules/jest-runtime/build/index.js:1048:21)
    at Object.&lt;anonymous&gt; (/Volumes/WD1TMac/code/notion-chrome/tests/unit/content/content-script.require.test.js:42:9)
    at Promise.then.completed (/Volumes/WD1TMac/code/notion-chrome/node_modules/jest-circus/build/utils.js:298:28)
    at new Promise (&lt;anonymous&gt;)
    at callAsyncCircusFn (/Volumes/WD1TMac/code/notion-chrome/node_modules/jest-circus/build/utils.js:231:10)
    at _callCircusTest (/Volumes/WD1TMac/code/notion-chrome/node_modules/jest-circus/build/run.js:316:40)
    at _runTest (/Volumes/WD1TMac/code/notion-chrome/node_modules/jest-circus/build/run.js:252:3)
    at _runTestsForDescribeBlock (/Volumes/WD1TMac/code/notion-chrome/node_modules/jest-circus/build/run.js:126:9)
    at _runTestsForDescribeBlock (/Volumes/WD1TMac/code/notion-chrome/node_modules/jest-circus/build/run.js:121:9)
    at run (/Volumes/WD1TMac/code/notion-chrome/node_modules/jest-circus/build/run.js:71:3)
    at runAndTransformResultsToJestFormat (/Volumes/WD1TMac/code/notion-chrome/node_modules/jest-circus/build/legacy-code-todo-rewrite/jestAdapterInit.js:122:21)
    at jestAdapter (/Volumes/WD1TMac/code/notion-chrome/node_modules/jest-circus/build/legacy-code-todo-rewrite/jestAdapter.js:79:19)
    at runTestInternal (/Volumes/WD1TMac/code/notion-chrome/node_modules/jest-runner/build/runTest.js:367:16)
    at runTest (/Volumes/WD1TMac/code/notion-chrome/node_modules/jest-runner/build/runTest.js:444:34)</failure>
    </testcase>
  </testsuite>
  <testsuite name="Background Notion API Operations" errors="0" failures="0" skipped="0" timestamp="2025-10-26T07:42:07" time="2.065" tests="16">
    <testcase classname="Background Notion API Operations saveToNotion 应该成功保存页面到 Notion" name="Background Notion API Operations saveToNotion 应该成功保存页面到 Notion" time="0.002">
    </testcase>
    <testcase classname="Background Notion API Operations saveToNotion 应该处理包含网站图标的保存请求" name="Background Notion API Operations saveToNotion 应该处理包含网站图标的保存请求" time="0.001">
    </testcase>
    <testcase classname="Background Notion API Operations saveToNotion 应该过滤掉有问题的图片区块" name="Background Notion API Operations saveToNotion 应该过滤掉有问题的图片区块" time="0.002">
    </testcase>
    <testcase classname="Background Notion API Operations saveToNotion 应该处理超过100个区块的长文章" name="Background Notion API Operations saveToNotion 应该处理超过100个区块的长文章" time="0.001">
    </testcase>
    <testcase classname="Background Notion API Operations saveToNotion 应该处理 Notion API 错误" name="Background Notion API Operations saveToNotion 应该处理 Notion API 错误" time="0.001">
    </testcase>
    <testcase classname="Background Notion API Operations saveToNotion 应该在图片验证错误时自动重试（排除所有图片）" name="Background Notion API Operations saveToNotion 应该在图片验证错误时自动重试（排除所有图片）" time="0.604">
    </testcase>
    <testcase classname="Background Notion API Operations saveToNotion 应该处理网络错误" name="Background Notion API Operations saveToNotion 应该处理网络错误" time="0.004">
    </testcase>
    <testcase classname="Background Notion API Operations checkNotionPageExists 应该返回 true 当页面存在且未归档时" name="Background Notion API Operations checkNotionPageExists 应该返回 true 当页面存在且未归档时" time="0.003">
    </testcase>
    <testcase classname="Background Notion API Operations checkNotionPageExists 应该返回 false 当页面已归档时" name="Background Notion API Operations checkNotionPageExists 应该返回 false 当页面已归档时" time="0.002">
    </testcase>
    <testcase classname="Background Notion API Operations checkNotionPageExists 应该返回 false 当页面不存在时（404）" name="Background Notion API Operations checkNotionPageExists 应该返回 false 当页面不存在时（404）" time="0.002">
    </testcase>
    <testcase classname="Background Notion API Operations checkNotionPageExists 应该处理网络错误" name="Background Notion API Operations checkNotionPageExists 应该处理网络错误" time="0.002">
    </testcase>
    <testcase classname="Background Notion API Operations checkNotionPageExists 应该处理服务器错误（5xx）" name="Background Notion API Operations checkNotionPageExists 应该处理服务器错误（5xx）" time="0.002">
    </testcase>
    <testcase classname="Background Notion API Operations appendBlocksInBatches 应该成功分批添加区块" name="Background Notion API Operations appendBlocksInBatches 应该成功分批添加区块" time="0.707">
    </testcase>
    <testcase classname="Background Notion API Operations appendBlocksInBatches 应该处理部分批次失败的情况" name="Background Notion API Operations appendBlocksInBatches 应该处理部分批次失败的情况" time="0.354">
    </testcase>
    <testcase classname="Background Notion API Operations appendBlocksInBatches 应该处理空区块数组" name="Background Notion API Operations appendBlocksInBatches 应该处理空区块数组" time="0.003">
    </testcase>
    <testcase classname="Background Notion API Operations appendBlocksInBatches 应该遵守速率限制（批次间延迟）" name="Background Notion API Operations appendBlocksInBatches 应该遵守速率限制（批次间延迟）" time="0.354">
    </testcase>
  </testsuite>
  <testsuite name="RetryManager - 全面測試" errors="0" failures="0" skipped="0" timestamp="2025-10-26T07:42:09" time="1.851" tests="50">
    <testcase classname="RetryManager - 全面測試 構造函數 應該使用默認選項創建實例" name="RetryManager - 全面測試 構造函數 應該使用默認選項創建實例" time="0.001">
    </testcase>
    <testcase classname="RetryManager - 全面測試 構造函數 應該合併自定義選項" name="RetryManager - 全面測試 構造函數 應該合併自定義選項" time="0.001">
    </testcase>
    <testcase classname="RetryManager - 全面測試 execute - 執行帶重試的操作 應該在成功時返回結果" name="RetryManager - 全面測試 execute - 執行帶重試的操作 應該在成功時返回結果" time="0.001">
    </testcase>
    <testcase classname="RetryManager - 全面測試 execute - 執行帶重試的操作 應該在失敗後重試" name="RetryManager - 全面測試 execute - 執行帶重試的操作 應該在失敗後重試" time="0.305">
    </testcase>
    <testcase classname="RetryManager - 全面測試 execute - 執行帶重試的操作 應該在重試次數用盡後拋出錯誤" name="RetryManager - 全面測試 execute - 執行帶重試的操作 應該在重試次數用盡後拋出錯誤" time="0.71">
    </testcase>
    <testcase classname="RetryManager - 全面測試 execute - 執行帶重試的操作 應該記錄重試成功" name="RetryManager - 全面測試 execute - 執行帶重試的操作 應該記錄重試成功" time="0.105">
    </testcase>
    <testcase classname="RetryManager - 全面測試 execute - 執行帶重試的操作 應該記錄重試失敗" name="RetryManager - 全面測試 execute - 執行帶重試的操作 應該記錄重試失敗" time="0.004">
    </testcase>
    <testcase classname="RetryManager - 全面測試 execute - 執行帶重試的操作 應該使用自定義的 shouldRetry 函數" name="RetryManager - 全面測試 execute - 執行帶重試的操作 應該使用自定義的 shouldRetry 函數" time="0.003">
    </testcase>
    <testcase classname="RetryManager - 全面測試 execute - 執行帶重試的操作 應該合併實例選項和調用選項" name="RetryManager - 全面測試 execute - 執行帶重試的操作 應該合併實例選項和調用選項" time="0.054">
    </testcase>
    <testcase classname="RetryManager - 全面測試 wrapFetch - 網絡請求包裝器 應該包裝 fetch 函數並添加重試" name="RetryManager - 全面測試 wrapFetch - 網絡請求包裝器 應該包裝 fetch 函數並添加重試" time="0.003">
    </testcase>
    <testcase classname="RetryManager - 全面測試 wrapFetch - 網絡請求包裝器 應該在網絡錯誤時重試" name="RetryManager - 全面測試 wrapFetch - 網絡請求包裝器 應該在網絡錯誤時重試" time="0.105">
    </testcase>
    <testcase classname="RetryManager - 全面測試 wrapFetch - 網絡請求包裝器 應該傳遞 fetch 選項" name="RetryManager - 全面測試 wrapFetch - 網絡請求包裝器 應該傳遞 fetch 選項" time="0.003">
    </testcase>
    <testcase classname="RetryManager - 全面測試 wrapFetch - 網絡請求包裝器 應該支持自定義重試選項" name="RetryManager - 全面測試 wrapFetch - 網絡請求包裝器 應該支持自定義重試選項" time="0.002">
    </testcase>
    <testcase classname="RetryManager - 全面測試 wrapDomOperation - DOM 操作包裝器 應該包裝 DOM 操作並添加重試" name="RetryManager - 全面測試 wrapDomOperation - DOM 操作包裝器 應該包裝 DOM 操作並添加重試" time="0.002">
    </testcase>
    <testcase classname="RetryManager - 全面測試 wrapDomOperation - DOM 操作包裝器 應該在 DOM 錯誤時重試" name="RetryManager - 全面測試 wrapDomOperation - DOM 操作包裝器 應該在 DOM 錯誤時重試" time="0.054">
    </testcase>
    <testcase classname="RetryManager - 全面測試 wrapDomOperation - DOM 操作包裝器 應該傳遞參數到 DOM 操作" name="RetryManager - 全面測試 wrapDomOperation - DOM 操作包裝器 應該傳遞參數到 DOM 操作" time="0.003">
    </testcase>
    <testcase classname="RetryManager - 全面測試 wrapDomOperation - DOM 操作包裝器 應該使用較少的重試次數" name="RetryManager - 全面測試 wrapDomOperation - DOM 操作包裝器 應該使用較少的重試次數" time="0.157">
    </testcase>
    <testcase classname="RetryManager - 全面測試 _shouldRetryNetworkError - 網絡錯誤判斷 應該識別 NetworkError" name="RetryManager - 全面測試 _shouldRetryNetworkError - 網絡錯誤判斷 應該識別 NetworkError" time="0.003">
    </testcase>
    <testcase classname="RetryManager - 全面測試 _shouldRetryNetworkError - 網絡錯誤判斷 應該識別 TimeoutError" name="RetryManager - 全面測試 _shouldRetryNetworkError - 網絡錯誤判斷 應該識別 TimeoutError" time="0.002">
    </testcase>
    <testcase classname="RetryManager - 全面測試 _shouldRetryNetworkError - 網絡錯誤判斷 應該識別包含 fetch 的錯誤消息" name="RetryManager - 全面測試 _shouldRetryNetworkError - 網絡錯誤判斷 應該識別包含 fetch 的錯誤消息" time="0.002">
    </testcase>
    <testcase classname="RetryManager - 全面測試 _shouldRetryNetworkError - 網絡錯誤判斷 應該識別 5xx 錯誤" name="RetryManager - 全面測試 _shouldRetryNetworkError - 網絡錯誤判斷 應該識別 5xx 錯誤" time="0.002">
    </testcase>
    <testcase classname="RetryManager - 全面測試 _shouldRetryNetworkError - 網絡錯誤判斷 應該識別 429 錯誤" name="RetryManager - 全面測試 _shouldRetryNetworkError - 網絡錯誤判斷 應該識別 429 錯誤" time="0.002">
    </testcase>
    <testcase classname="RetryManager - 全面測試 _shouldRetryNetworkError - 網絡錯誤判斷 應該識別 408 錯誤" name="RetryManager - 全面測試 _shouldRetryNetworkError - 網絡錯誤判斷 應該識別 408 錯誤" time="0.001">
    </testcase>
    <testcase classname="RetryManager - 全面測試 _shouldRetryNetworkError - 網絡錯誤判斷 應該拒絕 4xx 客戶端錯誤" name="RetryManager - 全面測試 _shouldRetryNetworkError - 網絡錯誤判斷 應該拒絕 4xx 客戶端錯誤" time="0.002">
    </testcase>
    <testcase classname="RetryManager - 全面測試 _shouldRetryNetworkError - 網絡錯誤判斷 應該拒絕未知錯誤" name="RetryManager - 全面測試 _shouldRetryNetworkError - 網絡錯誤判斷 應該拒絕未知錯誤" time="0.001">
    </testcase>
    <testcase classname="RetryManager - 全面測試 _shouldRetryDomError - DOM 錯誤判斷 應該識別 InvalidStateError" name="RetryManager - 全面測試 _shouldRetryDomError - DOM 錯誤判斷 應該識別 InvalidStateError" time="0.001">
    </testcase>
    <testcase classname="RetryManager - 全面測試 _shouldRetryDomError - DOM 錯誤判斷 應該識別 &quot;not ready&quot; 消息" name="RetryManager - 全面測試 _shouldRetryDomError - DOM 錯誤判斷 應該識別 &quot;not ready&quot; 消息" time="0.001">
    </testcase>
    <testcase classname="RetryManager - 全面測試 _shouldRetryDomError - DOM 錯誤判斷 應該識別 &quot;loading&quot; 消息" name="RetryManager - 全面測試 _shouldRetryDomError - DOM 錯誤判斷 應該識別 &quot;loading&quot; 消息" time="0.001">
    </testcase>
    <testcase classname="RetryManager - 全面測試 _shouldRetryDomError - DOM 錯誤判斷 應該識別 NotFoundError" name="RetryManager - 全面測試 _shouldRetryDomError - DOM 錯誤判斷 應該識別 NotFoundError" time="0.001">
    </testcase>
    <testcase classname="RetryManager - 全面測試 _shouldRetryDomError - DOM 錯誤判斷 應該識別 &quot;not found&quot; 消息" name="RetryManager - 全面測試 _shouldRetryDomError - DOM 錯誤判斷 應該識別 &quot;not found&quot; 消息" time="0.001">
    </testcase>
    <testcase classname="RetryManager - 全面測試 _shouldRetryDomError - DOM 錯誤判斷 應該拒絕其他 DOM 錯誤" name="RetryManager - 全面測試 _shouldRetryDomError - DOM 錯誤判斷 應該拒絕其他 DOM 錯誤" time="0.009">
    </testcase>
    <testcase classname="RetryManager - 全面測試 _calculateDelay - 延遲計算 應該計算指數退避延遲" name="RetryManager - 全面測試 _calculateDelay - 延遲計算 應該計算指數退避延遲" time="0.001">
    </testcase>
    <testcase classname="RetryManager - 全面測試 _calculateDelay - 延遲計算 應該限制最大延遲" name="RetryManager - 全面測試 _calculateDelay - 延遲計算 應該限制最大延遲" time="0">
    </testcase>
    <testcase classname="RetryManager - 全面測試 _calculateDelay - 延遲計算 應該支持抖動" name="RetryManager - 全面測試 _calculateDelay - 延遲計算 應該支持抖動" time="0.002">
    </testcase>
    <testcase classname="RetryManager - 全面測試 _calculateDelay - 延遲計算 應該返回整數延遲" name="RetryManager - 全面測試 _calculateDelay - 延遲計算 應該返回整數延遲" time="0.001">
    </testcase>
    <testcase classname="RetryManager - 全面測試 _delay - 延遲執行 應該延遲指定的毫秒數" name="RetryManager - 全面測試 _delay - 延遲執行 應該延遲指定的毫秒數" time="0.102">
    </testcase>
    <testcase classname="RetryManager - 全面測試 _shouldRetry - 通用重試判斷 應該使用自定義的 shouldRetry 函數" name="RetryManager - 全面測試 _shouldRetry - 通用重試判斷 應該使用自定義的 shouldRetry 函數" time="0.002">
    </testcase>
    <testcase classname="RetryManager - 全面測試 _shouldRetry - 通用重試判斷 應該使用默認的網絡錯誤判斷" name="RetryManager - 全面測試 _shouldRetry - 通用重試判斷 應該使用默認的網絡錯誤判斷" time="0.002">
    </testcase>
    <testcase classname="RetryManager - 全面測試 _logRetryAttempt - 記錄重試嘗試 應該記錄重試嘗試信息" name="RetryManager - 全面測試 _logRetryAttempt - 記錄重試嘗試 應該記錄重試嘗試信息" time="0.002">
    </testcase>
    <testcase classname="RetryManager - 全面測試 _logRetryAttempt - 記錄重試嘗試 應該使用 ErrorHandler 如果可用" name="RetryManager - 全面測試 _logRetryAttempt - 記錄重試嘗試 應該使用 ErrorHandler 如果可用" time="0.001">
    </testcase>
    <testcase classname="RetryManager - 全面測試 _logRetrySuccess - 記錄重試成功 應該記錄成功信息" name="RetryManager - 全面測試 _logRetrySuccess - 記錄重試成功 應該記錄成功信息" time="0.001">
    </testcase>
    <testcase classname="RetryManager - 全面測試 _logRetryFailure - 記錄重試失敗 應該記錄失敗信息" name="RetryManager - 全面測試 _logRetryFailure - 記錄重試失敗 應該記錄失敗信息" time="0.001">
    </testcase>
    <testcase classname="RetryManager - 全面測試 _logRetryFailure - 記錄重試失敗 應該使用 ErrorHandler 如果可用" name="RetryManager - 全面測試 _logRetryFailure - 記錄重試失敗 應該使用 ErrorHandler 如果可用" time="0.001">
    </testcase>
    <testcase classname="RetryManager - 全面測試 getStats - 獲取統計信息 應該返回配置統計" name="RetryManager - 全面測試 getStats - 獲取統計信息 應該返回配置統計" time="0.001">
    </testcase>
    <testcase classname="RetryManager - 全面測試 便捷函數 withRetry 應該使用默認實例" name="RetryManager - 全面測試 便捷函數 withRetry 應該使用默認實例" time="0.001">
    </testcase>
    <testcase classname="RetryManager - 全面測試 便捷函數 withRetry 應該支持自定義選項" name="RetryManager - 全面測試 便捷函數 withRetry 應該支持自定義選項" time="0.084">
    </testcase>
    <testcase classname="RetryManager - 全面測試 便捷函數 fetchWithRetry 應該創建帶重試的 fetch" name="RetryManager - 全面測試 便捷函數 fetchWithRetry 應該創建帶重試的 fetch" time="0.002">
    </testcase>
    <testcase classname="RetryManager - 全面測試 便捷函數 fetchWithRetry 應該支持 fetch 選項" name="RetryManager - 全面測試 便捷函數 fetchWithRetry 應該支持 fetch 選項" time="0.002">
    </testcase>
    <testcase classname="RetryManager - 全面測試 便捷函數 fetchWithRetry 應該支持重試選項" name="RetryManager - 全面測試 便捷函數 fetchWithRetry 應該支持重試選項" time="0.047">
    </testcase>
    <testcase classname="RetryManager - 全面測試 模塊導出 應該正確導出到 module.exports" name="RetryManager - 全面測試 模塊導出 應該正確導出到 module.exports" time="0.002">
    </testcase>
  </testsuite>
  <testsuite name="Background.js Exported Functions" errors="0" failures="0" skipped="0" timestamp="2025-10-26T07:42:11" time="1.609" tests="46">
    <testcase classname="Background.js Exported Functions normalizeUrl 应该标准化 URL 并移除 hash" name="Background.js Exported Functions normalizeUrl 应该标准化 URL 并移除 hash" time="0.002">
    </testcase>
    <testcase classname="Background.js Exported Functions normalizeUrl 应该移除追踪参数" name="Background.js Exported Functions normalizeUrl 应该移除追踪参数" time="0.001">
    </testcase>
    <testcase classname="Background.js Exported Functions normalizeUrl 应该移除所有追踪参数" name="Background.js Exported Functions normalizeUrl 应该移除所有追踪参数" time="0">
    </testcase>
    <testcase classname="Background.js Exported Functions normalizeUrl 应该标准化尾部斜杠" name="Background.js Exported Functions normalizeUrl 应该标准化尾部斜杠" time="0.002">
    </testcase>
    <testcase classname="Background.js Exported Functions normalizeUrl 应该处理无效 URL" name="Background.js Exported Functions normalizeUrl 应该处理无效 URL" time="0">
    </testcase>
    <testcase classname="Background.js Exported Functions normalizeUrl 应该处理空值" name="Background.js Exported Functions normalizeUrl 应该处理空值" time="0.001">
    </testcase>
    <testcase classname="Background.js Exported Functions normalizeUrl 应该处理复杂的查询参数" name="Background.js Exported Functions normalizeUrl 应该处理复杂的查询参数" time="0.001">
    </testcase>
    <testcase classname="Background.js Exported Functions cleanImageUrl 应该返回有效的简单图片 URL" name="Background.js Exported Functions cleanImageUrl 应该返回有效的简单图片 URL" time="0.001">
    </testcase>
    <testcase classname="Background.js Exported Functions cleanImageUrl 应该处理带查询参数的 URL" name="Background.js Exported Functions cleanImageUrl 应该处理带查询参数的 URL" time="0">
    </testcase>
    <testcase classname="Background.js Exported Functions cleanImageUrl 应该从代理 URL 提取原始图片" name="Background.js Exported Functions cleanImageUrl 应该从代理 URL 提取原始图片" time="0.001">
    </testcase>
    <testcase classname="Background.js Exported Functions cleanImageUrl 应该处理嵌套的代理 URL" name="Background.js Exported Functions cleanImageUrl 应该处理嵌套的代理 URL" time="0.001">
    </testcase>
    <testcase classname="Background.js Exported Functions cleanImageUrl 应该移除重复的查询参数" name="Background.js Exported Functions cleanImageUrl 应该移除重复的查询参数" time="0">
    </testcase>
    <testcase classname="Background.js Exported Functions cleanImageUrl 应该处理无效输入" name="Background.js Exported Functions cleanImageUrl 应该处理无效输入" time="0.001">
    </testcase>
    <testcase classname="Background.js Exported Functions cleanImageUrl 应该处理无效 URL" name="Background.js Exported Functions cleanImageUrl 应该处理无效 URL" time="0.001">
    </testcase>
    <testcase classname="Background.js Exported Functions cleanImageUrl 应该处理代理 URL 中缺少 u 参数的情况" name="Background.js Exported Functions cleanImageUrl 应该处理代理 URL 中缺少 u 参数的情况" time="0">
    </testcase>
    <testcase classname="Background.js Exported Functions cleanImageUrl 应该处理代理 URL 中 u 参数无效的情况" name="Background.js Exported Functions cleanImageUrl 应该处理代理 URL 中 u 参数无效的情况" time="0.001">
    </testcase>
    <testcase classname="Background.js Exported Functions isValidImageUrl 应该接受标准图片 URL" name="Background.js Exported Functions isValidImageUrl 应该接受标准图片 URL" time="0.001">
    </testcase>
    <testcase classname="Background.js Exported Functions isValidImageUrl 应该接受带查询参数的图片 URL" name="Background.js Exported Functions isValidImageUrl 应该接受带查询参数的图片 URL" time="0">
    </testcase>
    <testcase classname="Background.js Exported Functions isValidImageUrl 应该支持各种图片格式" name="Background.js Exported Functions isValidImageUrl 应该支持各种图片格式" time="0.002">
    </testcase>
    <testcase classname="Background.js Exported Functions isValidImageUrl 应该识别图片路径模式" name="Background.js Exported Functions isValidImageUrl 应该识别图片路径模式" time="0.001">
    </testcase>
    <testcase classname="Background.js Exported Functions isValidImageUrl 应该排除非图片 URL" name="Background.js Exported Functions isValidImageUrl 应该排除非图片 URL" time="0">
    </testcase>
    <testcase classname="Background.js Exported Functions isValidImageUrl 应该拒绝过长的 URL" name="Background.js Exported Functions isValidImageUrl 应该拒绝过长的 URL" time="0.001">
    </testcase>
    <testcase classname="Background.js Exported Functions isValidImageUrl 应该接受正常长度的 URL" name="Background.js Exported Functions isValidImageUrl 应该接受正常长度的 URL" time="0">
    </testcase>
    <testcase classname="Background.js Exported Functions isValidImageUrl 应该拒绝非 HTTP(S) 协议" name="Background.js Exported Functions isValidImageUrl 应该拒绝非 HTTP(S) 协议" time="0.001">
    </testcase>
    <testcase classname="Background.js Exported Functions isValidImageUrl 应该处理无效输入" name="Background.js Exported Functions isValidImageUrl 应该处理无效输入" time="0.001">
    </testcase>
    <testcase classname="Background.js Exported Functions splitTextForHighlight 应该返回短文本不变" name="Background.js Exported Functions splitTextForHighlight 应该返回短文本不变" time="0.001">
    </testcase>
    <testcase classname="Background.js Exported Functions splitTextForHighlight 应该分割长文本" name="Background.js Exported Functions splitTextForHighlight 应该分割长文本" time="0">
    </testcase>
    <testcase classname="Background.js Exported Functions splitTextForHighlight 应该在句号处分割" name="Background.js Exported Functions splitTextForHighlight 应该在句号处分割" time="0.001">
    </testcase>
    <testcase classname="Background.js Exported Functions splitTextForHighlight 应该在问号处分割" name="Background.js Exported Functions splitTextForHighlight 应该在问号处分割" time="0">
    </testcase>
    <testcase classname="Background.js Exported Functions splitTextForHighlight 应该在感叹号处分割" name="Background.js Exported Functions splitTextForHighlight 应该在感叹号处分割" time="0.001">
    </testcase>
    <testcase classname="Background.js Exported Functions splitTextForHighlight 应该在双换行符处分割" name="Background.js Exported Functions splitTextForHighlight 应该在双换行符处分割" time="0.008">
    </testcase>
    <testcase classname="Background.js Exported Functions splitTextForHighlight 应该在空格处分割（如果没有标点）" name="Background.js Exported Functions splitTextForHighlight 应该在空格处分割（如果没有标点）" time="0.002">
    </testcase>
    <testcase classname="Background.js Exported Functions splitTextForHighlight 应该强制分割无间断文本" name="Background.js Exported Functions splitTextForHighlight 应该强制分割无间断文本" time="0.001">
    </testcase>
    <testcase classname="Background.js Exported Functions splitTextForHighlight 应该处理空文本" name="Background.js Exported Functions splitTextForHighlight 应该处理空文本" time="0.002">
    </testcase>
    <testcase classname="Background.js Exported Functions splitTextForHighlight 应该过滤空字符串片段" name="Background.js Exported Functions splitTextForHighlight 应该过滤空字符串片段" time="0.001">
    </testcase>
    <testcase classname="Background.js Exported Functions splitTextForHighlight 应该处理中文标点" name="Background.js Exported Functions splitTextForHighlight 应该处理中文标点" time="0.001">
    </testcase>
    <testcase classname="Background.js Exported Functions splitTextForHighlight 应该使用自定义 maxLength" name="Background.js Exported Functions splitTextForHighlight 应该使用自定义 maxLength" time="0.001">
    </testcase>
    <testcase classname="Background.js Exported Functions appendBlocksInBatches 应该成功分批添加区块" name="Background.js Exported Functions appendBlocksInBatches 应该成功分批添加区块" time="0.707">
    </testcase>
    <testcase classname="Background.js Exported Functions appendBlocksInBatches 应该处理部分批次失败的情况" name="Background.js Exported Functions appendBlocksInBatches 应该处理部分批次失败的情况" time="0.355">
    </testcase>
    <testcase classname="Background.js Exported Functions appendBlocksInBatches 应该处理空区块数组" name="Background.js Exported Functions appendBlocksInBatches 应该处理空区块数组" time="0.004">
    </testcase>
    <testcase classname="Background.js Exported Functions appendBlocksInBatches 应该处理从指定索引开始的情况" name="Background.js Exported Functions appendBlocksInBatches 应该处理从指定索引开始的情况" time="0.003">
    </testcase>
    <testcase classname="Background.js Exported Functions appendBlocksInBatches 应该处理网络错误" name="Background.js Exported Functions appendBlocksInBatches 应该处理网络错误" time="0.003">
    </testcase>
    <testcase classname="Background.js Exported Functions appendBlocksInBatches 应该正确构造 API 请求" name="Background.js Exported Functions appendBlocksInBatches 应该正确构造 API 请求" time="0.003">
    </testcase>
    <testcase classname="Background.js Exported Functions 集成测试 应该完整处理图片 URL 流程" name="Background.js Exported Functions 集成测试 应该完整处理图片 URL 流程" time="0.003">
    </testcase>
    <testcase classname="Background.js Exported Functions 集成测试 应该处理复杂的 URL 标准化场景" name="Background.js Exported Functions 集成测试 应该处理复杂的 URL 标准化场景" time="0.003">
    </testcase>
    <testcase classname="Background.js Exported Functions 集成测试 应该处理长文本分割和验证" name="Background.js Exported Functions 集成测试 应该处理长文本分割和验证" time="0.001">
    </testcase>
  </testsuite>
  <testsuite name="background.js - 工具函數" errors="0" failures="0" skipped="0" timestamp="2025-10-26T07:42:12" time="0.743" tests="23">
    <testcase classname="background.js - 工具函數 cleanImageUrl 應該返回有效的圖片 URL" name="background.js - 工具函數 cleanImageUrl 應該返回有效的圖片 URL" time="0.001">
    </testcase>
    <testcase classname="background.js - 工具函數 cleanImageUrl 應該處理代理 URL" name="background.js - 工具函數 cleanImageUrl 應該處理代理 URL" time="0.001">
    </testcase>
    <testcase classname="background.js - 工具函數 cleanImageUrl 應該移除重複的查詢參數" name="background.js - 工具函數 cleanImageUrl 應該移除重複的查詢參數" time="0.001">
    </testcase>
    <testcase classname="background.js - 工具函數 cleanImageUrl 應該處理無效 URL" name="background.js - 工具函數 cleanImageUrl 應該處理無效 URL" time="0">
    </testcase>
    <testcase classname="background.js - 工具函數 cleanImageUrl 應該處理 null" name="background.js - 工具函數 cleanImageUrl 應該處理 null" time="0">
    </testcase>
    <testcase classname="background.js - 工具函數 cleanImageUrl 應該處理 undefined" name="background.js - 工具函數 cleanImageUrl 應該處理 undefined" time="0.001">
    </testcase>
    <testcase classname="background.js - 工具函數 cleanImageUrl 應該處理非字符串" name="background.js - 工具函數 cleanImageUrl 應該處理非字符串" time="0">
    </testcase>
    <testcase classname="background.js - 工具函數 cleanImageUrl 應該處理嵌套的代理 URL" name="background.js - 工具函數 cleanImageUrl 應該處理嵌套的代理 URL" time="0.001">
    </testcase>
    <testcase classname="background.js - 工具函數 isValidImageUrl 應該識別有效的圖片 URL（帶擴展名）" name="background.js - 工具函數 isValidImageUrl 應該識別有效的圖片 URL（帶擴展名）" time="0">
    </testcase>
    <testcase classname="background.js - 工具函數 isValidImageUrl 應該識別圖片路徑模式" name="background.js - 工具函數 isValidImageUrl 應該識別圖片路徑模式" time="0.001">
    </testcase>
    <testcase classname="background.js - 工具函數 isValidImageUrl 應該拒絕非圖片 URL" name="background.js - 工具函數 isValidImageUrl 應該拒絕非圖片 URL" time="0">
    </testcase>
    <testcase classname="background.js - 工具函數 isValidImageUrl 應該拒絕過長的 URL" name="background.js - 工具函數 isValidImageUrl 應該拒絕過長的 URL" time="0.001">
    </testcase>
    <testcase classname="background.js - 工具函數 isValidImageUrl 應該拒絕非 HTTP/HTTPS URL" name="background.js - 工具函數 isValidImageUrl 應該拒絕非 HTTP/HTTPS URL" time="0.001">
    </testcase>
    <testcase classname="background.js - 工具函數 isValidImageUrl 應該處理帶查詢參數的圖片 URL" name="background.js - 工具函數 isValidImageUrl 應該處理帶查詢參數的圖片 URL" time="0">
    </testcase>
    <testcase classname="background.js - 工具函數 isValidImageUrl 應該處理 null" name="background.js - 工具函數 isValidImageUrl 應該處理 null" time="0.001">
    </testcase>
    <testcase classname="background.js - 工具函數 isValidImageUrl 應該處理 undefined" name="background.js - 工具函數 isValidImageUrl 應該處理 undefined" time="0">
    </testcase>
    <testcase classname="background.js - 工具函數 isValidImageUrl 應該處理空字符串" name="background.js - 工具函數 isValidImageUrl 應該處理空字符串" time="0.001">
    </testcase>
    <testcase classname="background.js - 工具函數 appendBlocksInBatches 應該成功處理少量區塊（單批次）" name="background.js - 工具函數 appendBlocksInBatches 應該成功處理少量區塊（單批次）" time="0.001">
    </testcase>
    <testcase classname="background.js - 工具函數 appendBlocksInBatches 應該分批處理大量區塊" name="background.js - 工具函數 appendBlocksInBatches 應該分批處理大量區塊" time="0.705">
    </testcase>
    <testcase classname="background.js - 工具函數 appendBlocksInBatches 應該處理空區塊數組" name="background.js - 工具函數 appendBlocksInBatches 應該處理空區塊數組" time="0.003">
    </testcase>
    <testcase classname="background.js - 工具函數 appendBlocksInBatches 應該從指定索引開始處理" name="background.js - 工具函數 appendBlocksInBatches 應該從指定索引開始處理" time="0.003">
    </testcase>
    <testcase classname="background.js - 工具函數 appendBlocksInBatches 應該處理 API 錯誤" name="background.js - 工具函數 appendBlocksInBatches 應該處理 API 錯誤" time="0.002">
    </testcase>
    <testcase classname="background.js - 工具函數 appendBlocksInBatches 應該使用正確的 API 端點和標頭" name="background.js - 工具函數 appendBlocksInBatches 應該使用正確的 API 端點和標頭" time="0.003">
    </testcase>
  </testsuite>
  <testsuite name="ErrorHandler - 全面測試" errors="0" failures="0" skipped="0" timestamp="2025-10-26T07:42:13" time="0.442" tests="50">
    <testcase classname="ErrorHandler - 全面測試 ErrorTypes 常量 應該定義所有錯誤類型" name="ErrorHandler - 全面測試 ErrorTypes 常量 應該定義所有錯誤類型" time="0.002">
    </testcase>
    <testcase classname="ErrorHandler - 全面測試 ErrorSeverity 常量 應該定義所有嚴重程度" name="ErrorHandler - 全面測試 ErrorSeverity 常量 應該定義所有嚴重程度" time="0">
    </testcase>
    <testcase classname="ErrorHandler - 全面測試 withFallback - 回退策略 應該在成功時返回操作結果" name="ErrorHandler - 全面測試 withFallback - 回退策略 應該在成功時返回操作結果" time="0.001">
    </testcase>
    <testcase classname="ErrorHandler - 全面測試 withFallback - 回退策略 應該在失敗時返回回退值" name="ErrorHandler - 全面測試 withFallback - 回退策略 應該在失敗時返回回退值" time="0">
    </testcase>
    <testcase classname="ErrorHandler - 全面測試 withFallback - 回退策略 應該支持回退函數" name="ErrorHandler - 全面測試 withFallback - 回退策略 應該支持回退函數" time="0">
    </testcase>
    <testcase classname="ErrorHandler - 全面測試 withFallback - 回退策略 應該記錄錯誤信息" name="ErrorHandler - 全面測試 withFallback - 回退策略 應該記錄錯誤信息" time="0.001">
    </testcase>
    <testcase classname="ErrorHandler - 全面測試 withFallback - 回退策略 應該支持禁用日誌記錄" name="ErrorHandler - 全面測試 withFallback - 回退策略 應該支持禁用日誌記錄" time="0">
    </testcase>
    <testcase classname="ErrorHandler - 全面測試 withRetry - 重試機制 應該在成功時返回結果" name="ErrorHandler - 全面測試 withRetry - 重試機制 應該在成功時返回結果" time="0.001">
    </testcase>
    <testcase classname="ErrorHandler - 全面測試 withRetry - 重試機制 應該在失敗後重試" name="ErrorHandler - 全面測試 withRetry - 重試機制 應該在失敗後重試" time="0.034">
    </testcase>
    <testcase classname="ErrorHandler - 全面測試 withRetry - 重試機制 應該在重試次數用盡後拋出錯誤" name="ErrorHandler - 全面測試 withRetry - 重試機制 應該在重試次數用盡後拋出錯誤" time="0.033">
    </testcase>
    <testcase classname="ErrorHandler - 全面測試 withRetry - 重試機制 應該支持自定義 shouldRetry 函數" name="ErrorHandler - 全面測試 withRetry - 重試機制 應該支持自定義 shouldRetry 函數" time="0.001">
    </testcase>
    <testcase classname="ErrorHandler - 全面測試 withRetry - 重試機制 應該記錄重試嘗試" name="ErrorHandler - 全面測試 withRetry - 重試機制 應該記錄重試嘗試" time="0.012">
    </testcase>
    <testcase classname="ErrorHandler - 全面測試 withRetry - 重試機制 應該使用指數退避延遲" name="ErrorHandler - 全面測試 withRetry - 重試機制 應該使用指數退避延遲" time="0.154">
    </testcase>
    <testcase classname="ErrorHandler - 全面測試 createError - 創建標準化錯誤 應該創建完整的錯誤對象" name="ErrorHandler - 全面測試 createError - 創建標準化錯誤 應該創建完整的錯誤對象" time="0.007">
    </testcase>
    <testcase classname="ErrorHandler - 全面測試 createError - 創建標準化錯誤 應該使用默認的嚴重程度" name="ErrorHandler - 全面測試 createError - 創建標準化錯誤 應該使用默認的嚴重程度" time="0.001">
    </testcase>
    <testcase classname="ErrorHandler - 全面測試 createError - 創建標準化錯誤 應該使用空對象作為默認詳情" name="ErrorHandler - 全面測試 createError - 創建標準化錯誤 應該使用空對象作為默認詳情" time="0.001">
    </testcase>
    <testcase classname="ErrorHandler - 全面測試 logError - 記錄錯誤 應該記錄 error 級別的錯誤" name="ErrorHandler - 全面測試 logError - 記錄錯誤 應該記錄 error 級別的錯誤" time="0.001">
    </testcase>
    <testcase classname="ErrorHandler - 全面測試 logError - 記錄錯誤 應該記錄 warn 級別的錯誤" name="ErrorHandler - 全面測試 logError - 記錄錯誤 應該記錄 warn 級別的錯誤" time="0.001">
    </testcase>
    <testcase classname="ErrorHandler - 全面測試 logError - 記錄錯誤 應該記錄 info 級別的錯誤" name="ErrorHandler - 全面測試 logError - 記錄錯誤 應該記錄 info 級別的錯誤" time="0.001">
    </testcase>
    <testcase classname="ErrorHandler - 全面測試 logError - 記錄錯誤 應該處理沒有 originalError 的情況" name="ErrorHandler - 全面測試 logError - 記錄錯誤 應該處理沒有 originalError 的情況" time="0.001">
    </testcase>
    <testcase classname="ErrorHandler - 全面測試 logError - 記錄錯誤 應該更新錯誤統計" name="ErrorHandler - 全面測試 logError - 記錄錯誤 應該更新錯誤統計" time="0.001">
    </testcase>
    <testcase classname="ErrorHandler - 全面測試 isRetryableError - 判斷錯誤是否可重試 應該識別 NetworkError 為可重試" name="ErrorHandler - 全面測試 isRetryableError - 判斷錯誤是否可重試 應該識別 NetworkError 為可重試" time="0.001">
    </testcase>
    <testcase classname="ErrorHandler - 全面測試 isRetryableError - 判斷錯誤是否可重試 應該識別 TimeoutError 為可重試" name="ErrorHandler - 全面測試 isRetryableError - 判斷錯誤是否可重試 應該識別 TimeoutError 為可重試" time="0">
    </testcase>
    <testcase classname="ErrorHandler - 全面測試 isRetryableError - 判斷錯誤是否可重試 應該識別 5xx 錯誤為可重試" name="ErrorHandler - 全面測試 isRetryableError - 判斷錯誤是否可重試 應該識別 5xx 錯誤為可重試" time="0.001">
    </testcase>
    <testcase classname="ErrorHandler - 全面測試 isRetryableError - 判斷錯誤是否可重試 應該識別 429 錯誤為可重試" name="ErrorHandler - 全面測試 isRetryableError - 判斷錯誤是否可重試 應該識別 429 錯誤為可重試" time="0.001">
    </testcase>
    <testcase classname="ErrorHandler - 全面測試 isRetryableError - 判斷錯誤是否可重試 應該識別 4xx 錯誤為不可重試" name="ErrorHandler - 全面測試 isRetryableError - 判斷錯誤是否可重試 應該識別 4xx 錯誤為不可重試" time="0.001">
    </testcase>
    <testcase classname="ErrorHandler - 全面測試 isRetryableError - 判斷錯誤是否可重試 應該對未知錯誤返回 false" name="ErrorHandler - 全面測試 isRetryableError - 判斷錯誤是否可重試 應該對未知錯誤返回 false" time="0">
    </testcase>
    <testcase classname="ErrorHandler - 全面測試 getLogLevel - 獲取日誌級別 應該為不同錯誤類型返回正確的日誌級別" name="ErrorHandler - 全面測試 getLogLevel - 獲取日誌級別 應該為不同錯誤類型返回正確的日誌級別" time="0">
    </testcase>
    <testcase classname="ErrorHandler - 全面測試 getLogLevel - 獲取日誌級別 應該為未知錯誤類型返回默認級別" name="ErrorHandler - 全面測試 getLogLevel - 獲取日誌級別 應該為未知錯誤類型返回默認級別" time="0.001">
    </testcase>
    <testcase classname="ErrorHandler - 全面測試 getErrorStats &amp; updateErrorStats - 錯誤統計 應該正確統計錯誤次數" name="ErrorHandler - 全面測試 getErrorStats &amp; updateErrorStats - 錯誤統計 應該正確統計錯誤次數" time="0.001">
    </testcase>
    <testcase classname="ErrorHandler - 全面測試 getErrorStats &amp; updateErrorStats - 錯誤統計 應該在沒有統計數據時返回空對象" name="ErrorHandler - 全面測試 getErrorStats &amp; updateErrorStats - 錯誤統計 應該在沒有統計數據時返回空對象" time="0.001">
    </testcase>
    <testcase classname="ErrorHandler - 全面測試 getErrorStats &amp; updateErrorStats - 錯誤統計 應該在 errorStats 不存在時初始化它" name="ErrorHandler - 全面測試 getErrorStats &amp; updateErrorStats - 錯誤統計 應該在 errorStats 不存在時初始化它" time="0.001">
    </testcase>
    <testcase classname="ErrorHandler - 全面測試 clearErrorStats - 清除錯誤統計 應該清除所有錯誤統計" name="ErrorHandler - 全面測試 clearErrorStats - 清除錯誤統計 應該清除所有錯誤統計" time="0.001">
    </testcase>
    <testcase classname="ErrorHandler - 全面測試 clearErrorStats - 清除錯誤統計 應該處理 errorStats 為 null 的情況" name="ErrorHandler - 全面測試 clearErrorStats - 清除錯誤統計 應該處理 errorStats 為 null 的情況" time="0">
    </testcase>
    <testcase classname="ErrorHandler - 全面測試 delay - 延遲執行 應該延遲指定的毫秒數" name="ErrorHandler - 全面測試 delay - 延遲執行 應該延遲指定的毫秒數" time="0.103">
    </testcase>
    <testcase classname="ErrorHandler - 全面測試 wrap - 包裝函數 應該包裝同步函數並添加錯誤處理" name="ErrorHandler - 全面測試 wrap - 包裝函數 應該包裝同步函數並添加錯誤處理" time="0.001">
    </testcase>
    <testcase classname="ErrorHandler - 全面測試 wrap - 包裝函數 應該在錯誤時使用回退值" name="ErrorHandler - 全面測試 wrap - 包裝函數 應該在錯誤時使用回退值" time="0.001">
    </testcase>
    <testcase classname="ErrorHandler - 全面測試 wrap - 包裝函數 應該使用函數名作為上下文" name="ErrorHandler - 全面測試 wrap - 包裝函數 應該使用函數名作為上下文" time="0.001">
    </testcase>
    <testcase classname="ErrorHandler - 全面測試 wrap - 包裝函數 應該支持自定義上下文" name="ErrorHandler - 全面測試 wrap - 包裝函數 應該支持自定義上下文" time="0.002">
    </testcase>
    <testcase classname="ErrorHandler - 全面測試 wrap - 包裝函數 應該支持禁用日誌記錄" name="ErrorHandler - 全面測試 wrap - 包裝函數 應該支持禁用日誌記錄" time="0.001">
    </testcase>
    <testcase classname="ErrorHandler - 全面測試 wrap - 包裝函數 應該保持 this 上下文" name="ErrorHandler - 全面測試 wrap - 包裝函數 應該保持 this 上下文" time="0.001">
    </testcase>
    <testcase classname="ErrorHandler - 全面測試 wrapAsync - 包裝異步函數 應該包裝異步函數並添加重試機制" name="ErrorHandler - 全面測試 wrapAsync - 包裝異步函數 應該包裝異步函數並添加重試機制" time="0.001">
    </testcase>
    <testcase classname="ErrorHandler - 全面測試 wrapAsync - 包裝異步函數 應該在失敗後重試" name="ErrorHandler - 全面測試 wrapAsync - 包裝異步函數 應該在失敗後重試" time="0.013">
    </testcase>
    <testcase classname="ErrorHandler - 全面測試 wrapAsync - 包裝異步函數 應該保持 this 上下文" name="ErrorHandler - 全面測試 wrapAsync - 包裝異步函數 應該保持 this 上下文" time="0.001">
    </testcase>
    <testcase classname="ErrorHandler - 全面測試 wrapAsync - 包裝異步函數 應該傳遞參數" name="ErrorHandler - 全面測試 wrapAsync - 包裝異步函數 應該傳遞參數" time="0.002">
    </testcase>
    <testcase classname="ErrorHandler - 全面測試 logRetryAttempt - 記錄重試 應該記錄重試信息" name="ErrorHandler - 全面測試 logRetryAttempt - 記錄重試 應該記錄重試信息" time="0.001">
    </testcase>
    <testcase classname="ErrorHandler - 全面測試 構造函數實例方法 應該創建帶有默認選項的實例" name="ErrorHandler - 全面測試 構造函數實例方法 應該創建帶有默認選項的實例" time="0.001">
    </testcase>
    <testcase classname="ErrorHandler - 全面測試 構造函數實例方法 應該合併自定義選項" name="ErrorHandler - 全面測試 構造函數實例方法 應該合併自定義選項" time="0.001">
    </testcase>
    <testcase classname="ErrorHandler - 全面測試 構造函數實例方法 應該初始化錯誤統計 Map" name="ErrorHandler - 全面測試 構造函數實例方法 應該初始化錯誤統計 Map" time="0.001">
    </testcase>
    <testcase classname="ErrorHandler - 全面測試 模塊導出 應該正確導出到 module.exports" name="ErrorHandler - 全面測試 模塊導出 應該正確導出到 module.exports" time="0.001">
    </testcase>
  </testsuite>
  <testsuite name="background error branches (integration)" errors="0" failures="0" skipped="0" timestamp="2025-10-26T07:42:14" time="0.28" tests="21">
    <testcase classname="background error branches (integration) startHighlight：無活動分頁 → 返回錯誤" name="background error branches (integration) startHighlight：無活動分頁 → 返回錯誤" time="0.015">
    </testcase>
    <testcase classname="background error branches (integration) startHighlight：注入失敗 → 返回錯誤" name="background error branches (integration) startHighlight：注入失敗 → 返回錯誤" time="0.014">
    </testcase>
    <testcase classname="background error branches (integration) updateHighlights：缺少 API Key → 返回錯誤" name="background error branches (integration) updateHighlights：缺少 API Key → 返回錯誤" time="0.014">
    </testcase>
    <testcase classname="background error branches (integration) updateHighlights：頁面未保存 → 返回錯誤" name="background error branches (integration) updateHighlights：頁面未保存 → 返回錯誤" time="0.015">
    </testcase>
    <testcase classname="background error branches (integration) checkNotionPageExists：缺少 pageId → 返回錯誤" name="background error branches (integration) checkNotionPageExists：缺少 pageId → 返回錯誤" time="0.004">
    </testcase>
    <testcase classname="background error branches (integration) checkNotionPageExists：未配置 API Key → 返回錯誤" name="background error branches (integration) checkNotionPageExists：未配置 API Key → 返回錯誤" time="0.014">
    </testcase>
    <testcase classname="background error branches (integration) openNotionPage：缺少 URL → 返回錯誤" name="background error branches (integration) openNotionPage：缺少 URL → 返回錯誤" time="0.003">
    </testcase>
    <testcase classname="background error branches (integration) openNotionPage：tabs.create 失敗（runtime.lastError）→ 返回錯誤" name="background error branches (integration) openNotionPage：tabs.create 失敗（runtime.lastError）→ 返回錯誤" time="0.004">
    </testcase>
    <testcase classname="background error branches (integration) savePage：無活動分頁 → 返回錯誤" name="background error branches (integration) savePage：無活動分頁 → 返回錯誤" time="0.014">
    </testcase>
    <testcase classname="background error branches (integration) savePage：缺少 API Key 或資料來源 ID → 返回錯誤" name="background error branches (integration) savePage：缺少 API Key 或資料來源 ID → 返回錯誤" time="0.015">
    </testcase>
    <testcase classname="background error branches (integration) syncHighlights：無活動分頁 → 返回錯誤" name="background error branches (integration) syncHighlights：無活動分頁 → 返回錯誤" time="0.014">
    </testcase>
    <testcase classname="background error branches (integration) syncHighlights：缺少 API Key → 返回錯誤" name="background error branches (integration) syncHighlights：缺少 API Key → 返回錯誤" time="0.015">
    </testcase>
    <testcase classname="background error branches (integration) syncHighlights：頁面未保存 → 返回錯誤" name="background error branches (integration) syncHighlights：頁面未保存 → 返回錯誤" time="0.015">
    </testcase>
    <testcase classname="background error branches (integration) syncHighlights：空標註 → 成功且 0" name="background error branches (integration) syncHighlights：空標註 → 成功且 0" time="0.015">
    </testcase>
    <testcase classname="background error branches (integration) savePage：injectWithResponse 函數執行失敗 → 返回錯誤" name="background error branches (integration) savePage：injectWithResponse 函數執行失敗 → 返回錯誤" time="0.013">
    </testcase>
    <testcase classname="background error branches (integration) savePage：Notion API 建頁 4xx 錯誤（非 image）→ 返回錯誤訊息" name="background error branches (integration) savePage：Notion API 建頁 4xx 錯誤（非 image）→ 返回錯誤訊息" time="0.015">
    </testcase>
    <testcase classname="background error branches (integration) savePage：Notion API image validation_error 觸發自動重試（排除圖片）→ 成功" name="background error branches (integration) savePage：Notion API image validation_error 觸發自動重試（排除圖片）→ 成功" time="0.005">
    </testcase>
    <testcase classname="background error branches (integration) updateNotionPage：validation_error（含 image）→ 返回友善錯誤訊息" name="background error branches (integration) updateNotionPage：validation_error（含 image）→ 返回友善錯誤訊息" time="0.014">
    </testcase>
    <testcase classname="background error branches (integration) updateNotionPage：一般 4xx 錯誤 → 返回原始訊息" name="background error branches (integration) updateNotionPage：一般 4xx 錯誤 → 返回原始訊息" time="0.013">
    </testcase>
    <testcase classname="background error branches (integration) updateNotionPage：validation_error 含 image → 回傳友善錯誤訊息" name="background error branches (integration) updateNotionPage：validation_error 含 image → 回傳友善錯誤訊息" time="0.014">
    </testcase>
    <testcase classname="background error branches (integration) updateNotionPage：PATCH 失敗無 message → 返回預設錯誤訊息" name="background error branches (integration) updateNotionPage：PATCH 失敗無 message → 返回預設錯誤訊息" time="0.015">
    </testcase>
  </testsuite>
  <testsuite name="utils.js - 模組測試" errors="0" failures="0" skipped="0" timestamp="2025-10-26T07:42:14" time="0.238" tests="51">
    <testcase classname="utils.js - 模組測試 normalizeUrl 應該移除 hash 片段" name="utils.js - 模組測試 normalizeUrl 應該移除 hash 片段" time="0.007">
    </testcase>
    <testcase classname="utils.js - 模組測試 normalizeUrl 應該移除 UTM 追蹤參數" name="utils.js - 模組測試 normalizeUrl 應該移除 UTM 追蹤參數" time="0.001">
    </testcase>
    <testcase classname="utils.js - 模組測試 normalizeUrl 應該移除多個追蹤參數" name="utils.js - 模組測試 normalizeUrl 應該移除多個追蹤參數" time="0.002">
    </testcase>
    <testcase classname="utils.js - 模組測試 normalizeUrl 應該移除尾部斜杠" name="utils.js - 模組測試 normalizeUrl 應該移除尾部斜杠" time="0.002">
    </testcase>
    <testcase classname="utils.js - 模組測試 normalizeUrl 應該保留根路徑的斜杠" name="utils.js - 模組測試 normalizeUrl 應該保留根路徑的斜杠" time="0.001">
    </testcase>
    <testcase classname="utils.js - 模組測試 normalizeUrl 應該處理無效 URL" name="utils.js - 模組測試 normalizeUrl 應該處理無效 URL" time="0.002">
    </testcase>
    <testcase classname="utils.js - 模組測試 normalizeUrl 應該處理複雜的真實世界 URL" name="utils.js - 模組測試 normalizeUrl 應該處理複雜的真實世界 URL" time="0.004">
    </testcase>
    <testcase classname="utils.js - 模組測試 StorageUtil.saveHighlights 應該保存標註數據" name="utils.js - 模組測試 StorageUtil.saveHighlights 應該保存標註數據" time="0.003">
    </testcase>
    <testcase classname="utils.js - 模組測試 StorageUtil.saveHighlights 應該標準化 URL 作為鍵" name="utils.js - 模組測試 StorageUtil.saveHighlights 應該標準化 URL 作為鍵" time="0.007">
    </testcase>
    <testcase classname="utils.js - 模組測試 StorageUtil.saveHighlights 應該處理對象格式的數據" name="utils.js - 模組測試 StorageUtil.saveHighlights 應該處理對象格式的數據" time="0.002">
    </testcase>
    <testcase classname="utils.js - 模組測試 StorageUtil.saveHighlights 應該在 chrome.storage 失敗時回退到 localStorage" name="utils.js - 模組測試 StorageUtil.saveHighlights 應該在 chrome.storage 失敗時回退到 localStorage" time="0.107">
    </testcase>
    <testcase classname="utils.js - 模組測試 StorageUtil.saveHighlights 應該處理 localStorage 保存失敗" name="utils.js - 模組測試 StorageUtil.saveHighlights 應該處理 localStorage 保存失敗" time="0.01">
    </testcase>
    <testcase classname="utils.js - 模組測試 StorageUtil.saveHighlights 應該處理空數組" name="utils.js - 模組測試 StorageUtil.saveHighlights 應該處理空數組" time="0.002">
    </testcase>
    <testcase classname="utils.js - 模組測試 StorageUtil.saveHighlights 應該計算對象格式的標註數量" name="utils.js - 模組測試 StorageUtil.saveHighlights 應該計算對象格式的標註數量" time="0.002">
    </testcase>
    <testcase classname="utils.js - 模組測試 StorageUtil.loadHighlights 應該加載數組格式的標註" name="utils.js - 模組測試 StorageUtil.loadHighlights 應該加載數組格式的標註" time="0.001">
    </testcase>
    <testcase classname="utils.js - 模組測試 StorageUtil.loadHighlights 應該加載對象格式的標註" name="utils.js - 模組測試 StorageUtil.loadHighlights 應該加載對象格式的標註" time="0.002">
    </testcase>
    <testcase classname="utils.js - 模組測試 StorageUtil.loadHighlights 應該處理不存在的數據" name="utils.js - 模組測試 StorageUtil.loadHighlights 應該處理不存在的數據" time="0.001">
    </testcase>
    <testcase classname="utils.js - 模組測試 StorageUtil.loadHighlights 應該從 localStorage 回退" name="utils.js - 模組測試 StorageUtil.loadHighlights 應該從 localStorage 回退" time="0.002">
    </testcase>
    <testcase classname="utils.js - 模組測試 StorageUtil.loadHighlights 應該處理 localStorage 中的對象格式" name="utils.js - 模組測試 StorageUtil.loadHighlights 應該處理 localStorage 中的對象格式" time="0.001">
    </testcase>
    <testcase classname="utils.js - 模組測試 StorageUtil.loadHighlights 應該處理損壞的 JSON 數據" name="utils.js - 模組測試 StorageUtil.loadHighlights 應該處理損壞的 JSON 數據" time="0.001">
    </testcase>
    <testcase classname="utils.js - 模組測試 StorageUtil.loadHighlights 應該處理空對象" name="utils.js - 模組測試 StorageUtil.loadHighlights 應該處理空對象" time="0.001">
    </testcase>
    <testcase classname="utils.js - 模組測試 StorageUtil.loadHighlights 應該處理空數組" name="utils.js - 模組測試 StorageUtil.loadHighlights 應該處理空數組" time="0.001">
    </testcase>
    <testcase classname="utils.js - 模組測試 StorageUtil.loadHighlights 應該在 chrome.storage 不可用時回退到 localStorage" name="utils.js - 模組測試 StorageUtil.loadHighlights 應該在 chrome.storage 不可用時回退到 localStorage" time="0.002">
    </testcase>
    <testcase classname="utils.js - 模組測試 StorageUtil.clearHighlights 應該清除標註數據" name="utils.js - 模組測試 StorageUtil.clearHighlights 應該清除標註數據" time="0.001">
    </testcase>
    <testcase classname="utils.js - 模組測試 StorageUtil.clearHighlights 應該同時清除 localStorage" name="utils.js - 模組測試 StorageUtil.clearHighlights 應該同時清除 localStorage" time="0.001">
    </testcase>
    <testcase classname="utils.js - 模組測試 StorageUtil.clearHighlights 應該處理 chrome.storage 錯誤" name="utils.js - 模組測試 StorageUtil.clearHighlights 應該處理 chrome.storage 錯誤" time="0.002">
    </testcase>
    <testcase classname="utils.js - 模組測試 StorageUtil.clearHighlights 應該處理 chrome.storage 不可用的情況" name="utils.js - 模組測試 StorageUtil.clearHighlights 應該處理 chrome.storage 不可用的情況" time="0.001">
    </testcase>
    <testcase classname="utils.js - 模組測試 StorageUtil.debugListAllKeys 應該列出所有標註鍵" name="utils.js - 模組測試 StorageUtil.debugListAllKeys 應該列出所有標註鍵" time="0.001">
    </testcase>
    <testcase classname="utils.js - 模組測試 StorageUtil.debugListAllKeys 應該處理空存儲" name="utils.js - 模組測試 StorageUtil.debugListAllKeys 應該處理空存儲" time="0.001">
    </testcase>
    <testcase classname="utils.js - 模組測試 StorageUtil.debugListAllKeys 應該顯示對象格式的標註數量" name="utils.js - 模組測試 StorageUtil.debugListAllKeys 應該顯示對象格式的標註數量" time="0.001">
    </testcase>
    <testcase classname="utils.js - 模組測試 Logger 應該有 debug 方法" name="utils.js - 模組測試 Logger 應該有 debug 方法" time="0.001">
    </testcase>
    <testcase classname="utils.js - 模組測試 Logger 應該有 info 方法" name="utils.js - 模組測試 Logger 應該有 info 方法" time="0">
    </testcase>
    <testcase classname="utils.js - 模組測試 Logger 應該有 warn 方法" name="utils.js - 模組測試 Logger 應該有 warn 方法" time="0.001">
    </testcase>
    <testcase classname="utils.js - 模組測試 Logger 應該有 error 方法" name="utils.js - 模組測試 Logger 應該有 error 方法" time="0.001">
    </testcase>
    <testcase classname="utils.js - 模組測試 Logger debug 應該支持多個參數" name="utils.js - 模組測試 Logger debug 應該支持多個參數" time="0.001">
    </testcase>
    <testcase classname="utils.js - 模組測試 Logger info 應該支持對象參數" name="utils.js - 模組測試 Logger info 應該支持對象參數" time="0.001">
    </testcase>
    <testcase classname="utils.js - 模組測試 Logger warn 應該支持錯誤對象" name="utils.js - 模組測試 Logger warn 應該支持錯誤對象" time="0.001">
    </testcase>
    <testcase classname="utils.js - 模組測試 Logger error 應該支持堆棧追蹤" name="utils.js - 模組測試 Logger error 應該支持堆棧追蹤" time="0.001">
    </testcase>
    <testcase classname="utils.js - 模組測試 StorageUtil - 錯誤處理補充 saveHighlights 應該處理 localStorage.setItem 拋出異常" name="utils.js - 模組測試 StorageUtil - 錯誤處理補充 saveHighlights 應該處理 localStorage.setItem 拋出異常" time="0.005">
    </testcase>
    <testcase classname="utils.js - 模組測試 StorageUtil - 錯誤處理補充 loadHighlights 應該處理 localStorage 損壞的 JSON" name="utils.js - 模組測試 StorageUtil - 錯誤處理補充 loadHighlights 應該處理 localStorage 損壞的 JSON" time="0.002">
    </testcase>
    <testcase classname="utils.js - 模組測試 StorageUtil - 錯誤處理補充 clearHighlights 應該處理 localStorage.removeItem 異常" name="utils.js - 模組測試 StorageUtil - 錯誤處理補充 clearHighlights 應該處理 localStorage.removeItem 異常" time="0.002">
    </testcase>
    <testcase classname="utils.js - 模組測試 StorageUtil - 錯誤處理補充 clearHighlights 應該在 chrome.storage 不可用時處理 localStorage 錯誤" name="utils.js - 模組測試 StorageUtil - 錯誤處理補充 clearHighlights 應該在 chrome.storage 不可用時處理 localStorage 錯誤" time="0.001">
    </testcase>
    <testcase classname="utils.js - 模組測試 StorageUtil - 錯誤處理補充 debugListAllKeys 應該處理空存儲" name="utils.js - 模組測試 StorageUtil - 錯誤處理補充 debugListAllKeys 應該處理空存儲" time="0">
    </testcase>
    <testcase classname="utils.js - 模組測試 StorageUtil - 錯誤處理補充 debugListAllKeys 應該正確處理對象格式的標註" name="utils.js - 模組測試 StorageUtil - 錯誤處理補充 debugListAllKeys 應該正確處理對象格式的標註" time="0.001">
    </testcase>
    <testcase classname="utils.js - 模組測試 normalizeUrl - 邊界情況補充 應該處理只有 hash 的 URL" name="utils.js - 模組測試 normalizeUrl - 邊界情況補充 應該處理只有 hash 的 URL" time="0.001">
    </testcase>
    <testcase classname="utils.js - 模組測試 normalizeUrl - 邊界情況補充 應該處理只有追蹤參數的 URL" name="utils.js - 模組測試 normalizeUrl - 邊界情況補充 應該處理只有追蹤參數的 URL" time="0.001">
    </testcase>
    <testcase classname="utils.js - 模組測試 normalizeUrl - 邊界情況補充 應該處理帶 port 的 URL" name="utils.js - 模組測試 normalizeUrl - 邊界情況補充 應該處理帶 port 的 URL" time="0.001">
    </testcase>
    <testcase classname="utils.js - 模組測試 normalizeUrl - 邊界情況補充 應該處理帶用戶信息的 URL" name="utils.js - 模組測試 normalizeUrl - 邊界情況補充 應該處理帶用戶信息的 URL" time="0.001">
    </testcase>
    <testcase classname="utils.js - 模組測試 normalizeUrl - 邊界情況補充 應該處理沒有路徑只有參數的 URL" name="utils.js - 模組測試 normalizeUrl - 邊界情況補充 應該處理沒有路徑只有參數的 URL" time="0.001">
    </testcase>
    <testcase classname="utils.js - 模組測試 normalizeUrl - 邊界情況補充 應該處理空字符串" name="utils.js - 模組測試 normalizeUrl - 邊界情況補充 應該處理空字符串" time="0">
    </testcase>
    <testcase classname="utils.js - 模組測試 normalizeUrl - 邊界情況補充 應該處理相對 URL" name="utils.js - 模組測試 normalizeUrl - 邊界情況補充 應該處理相對 URL" time="0.001">
    </testcase>
  </testsuite>
  <testsuite name="Background Tab Listeners" errors="0" failures="0" skipped="0" timestamp="2025-10-26T07:42:14" time="0.128" tests="18">
    <testcase classname="Background Tab Listeners setupTabListeners 應該設置標籤頁更新監聽器" name="Background Tab Listeners setupTabListeners 應該設置標籤頁更新監聽器" time="0">
    </testcase>
    <testcase classname="Background Tab Listeners setupTabListeners 應該在頁面完成加載時檢查標註" name="Background Tab Listeners setupTabListeners 應該在頁面完成加載時檢查標註" time="0">
    </testcase>
    <testcase classname="Background Tab Listeners setupTabListeners 應該跳過非完成狀態的頁面" name="Background Tab Listeners setupTabListeners 應該跳過非完成狀態的頁面" time="0.001">
    </testcase>
    <testcase classname="Background Tab Listeners setupTabListeners 應該跳過沒有 URL 的標籤頁" name="Background Tab Listeners setupTabListeners 應該跳過沒有 URL 的標籤頁" time="0">
    </testcase>
    <testcase classname="Background Tab Listeners setupTabListeners 應該在有標註時注入恢復腳本" name="Background Tab Listeners setupTabListeners 應該在有標註時注入恢復腳本" time="0.052">
    </testcase>
    <testcase classname="Background Tab Listeners migrateLegacyHighlights 應該成功遷移舊版標註" name="Background Tab Listeners migrateLegacyHighlights 應該成功遷移舊版標註" time="0.001">
    </testcase>
    <testcase classname="Background Tab Listeners migrateLegacyHighlights 應該跳過沒有舊版標註的頁面" name="Background Tab Listeners migrateLegacyHighlights 應該跳過沒有舊版標註的頁面" time="0.001">
    </testcase>
    <testcase classname="Background Tab Listeners migrateLegacyHighlights 應該處理腳本注入失敗" name="Background Tab Listeners migrateLegacyHighlights 應該處理腳本注入失敗" time="0.001">
    </testcase>
    <testcase classname="Background Tab Listeners migrateLegacyHighlights 應該處理空的遷移結果" name="Background Tab Listeners migrateLegacyHighlights 應該處理空的遷移結果" time="0">
    </testcase>
    <testcase classname="Background Tab Listeners normalizeUrl 應該標準化 URL 並移除 hash" name="Background Tab Listeners normalizeUrl 應該標準化 URL 並移除 hash" time="0.001">
    </testcase>
[...]
    </testcase>
    <testcase classname="Background Message Handlers 錯誤處理 應該捕獲並返回處理器中的錯誤" name="Background Message Handlers 錯誤處理 應該捕獲並返回處理器中的錯誤" time="0.001">
    </testcase>
    <testcase classname="Background Message Handlers 錯誤處理 應該處理異步錯誤" name="Background Message Handlers 錯誤處理 應該處理異步錯誤" time="0">
    </testcase>
  </testsuite>
  <testsuite name="convertMarkdownToNotionBlocks - Markdown 原生支持" errors="0" failures="0" skipped="0" timestamp="2025-10-26T07:42:17" time="0.022" tests="18">
    <testcase classname="convertMarkdownToNotionBlocks - Markdown 原生支持 標題轉換 應該正確轉換 H1 標題" name="convertMarkdownToNotionBlocks - Markdown 原生支持 標題轉換 應該正確轉換 H1 標題" time="0.001">
    </testcase>
    <testcase classname="convertMarkdownToNotionBlocks - Markdown 原生支持 標題轉換 應該正確轉換 H2 標題" name="convertMarkdownToNotionBlocks - Markdown 原生支持 標題轉換 應該正確轉換 H2 標題" time="0.001">
    </testcase>
    <testcase classname="convertMarkdownToNotionBlocks - Markdown 原生支持 標題轉換 應該正確轉換 H3 標題" name="convertMarkdownToNotionBlocks - Markdown 原生支持 標題轉換 應該正確轉換 H3 標題" time="0">
    </testcase>
    <testcase classname="convertMarkdownToNotionBlocks - Markdown 原生支持 標題轉換 應該限制最大標題級別為 3" name="convertMarkdownToNotionBlocks - Markdown 原生支持 標題轉換 應該限制最大標題級別為 3" time="0.001">
    </testcase>
    <testcase classname="convertMarkdownToNotionBlocks - Markdown 原生支持 列表轉換 應該轉換無序列表" name="convertMarkdownToNotionBlocks - Markdown 原生支持 列表轉換 應該轉換無序列表" time="0">
    </testcase>
    <testcase classname="convertMarkdownToNotionBlocks - Markdown 原生支持 列表轉換 應該轉換帶星號的無序列表" name="convertMarkdownToNotionBlocks - Markdown 原生支持 列表轉換 應該轉換帶星號的無序列表" time="0.001">
    </testcase>
    <testcase classname="convertMarkdownToNotionBlocks - Markdown 原生支持 列表轉換 應該轉換有序列表" name="convertMarkdownToNotionBlocks - Markdown 原生支持 列表轉換 應該轉換有序列表" time="0">
    </testcase>
    <testcase classname="convertMarkdownToNotionBlocks - Markdown 原生支持 列表轉換 應該處理帶加粗的列表項" name="convertMarkdownToNotionBlocks - Markdown 原生支持 列表轉換 應該處理帶加粗的列表項" time="0">
    </testcase>
    <testcase classname="convertMarkdownToNotionBlocks - Markdown 原生支持 代碼區塊轉換 應該轉換代碼區塊" name="convertMarkdownToNotionBlocks - Markdown 原生支持 代碼區塊轉換 應該轉換代碼區塊" time="0.001">
    </testcase>
    <testcase classname="convertMarkdownToNotionBlocks - Markdown 原生支持 代碼區塊轉換 應該處理沒有語言標註的代碼區塊" name="convertMarkdownToNotionBlocks - Markdown 原生支持 代碼區塊轉換 應該處理沒有語言標註的代碼區塊" time="0">
    </testcase>
    <testcase classname="convertMarkdownToNotionBlocks - Markdown 原生支持 代碼區塊轉換 應該處理未關閉的代碼區塊" name="convertMarkdownToNotionBlocks - Markdown 原生支持 代碼區塊轉換 應該處理未關閉的代碼區塊" time="0.001">
    </testcase>
    <testcase classname="convertMarkdownToNotionBlocks - Markdown 原生支持 段落轉換 應該轉換普通段落" name="convertMarkdownToNotionBlocks - Markdown 原生支持 段落轉換 應該轉換普通段落" time="0.003">
    </testcase>
    <testcase classname="convertMarkdownToNotionBlocks - Markdown 原生支持 段落轉換 應該合併連續的行到同一段落" name="convertMarkdownToNotionBlocks - Markdown 原生支持 段落轉換 應該合併連續的行到同一段落" time="0">
    </testcase>
    <testcase classname="convertMarkdownToNotionBlocks - Markdown 原生支持 混合內容轉換 應該正確處理混合的 Markdown 內容" name="convertMarkdownToNotionBlocks - Markdown 原生支持 混合內容轉換 應該正確處理混合的 Markdown 內容" time="0">
    </testcase>
    <testcase classname="convertMarkdownToNotionBlocks - Markdown 原生支持 邊界情況 應該處理空的 Markdown" name="convertMarkdownToNotionBlocks - Markdown 原生支持 邊界情況 應該處理空的 Markdown" time="0.001">
    </testcase>
    <testcase classname="convertMarkdownToNotionBlocks - Markdown 原生支持 邊界情況 應該處理只有空行的 Markdown" name="convertMarkdownToNotionBlocks - Markdown 原生支持 邊界情況 應該處理只有空行的 Markdown" time="0">
    </testcase>
    <testcase classname="convertMarkdownToNotionBlocks - Markdown 原生支持 邊界情況 應該處理只有標題的 Markdown" name="convertMarkdownToNotionBlocks - Markdown 原生支持 邊界情況 應該處理只有標題的 Markdown" time="0">
    </testcase>
    <testcase classname="convertMarkdownToNotionBlocks - Markdown 原生支持 用戶報告的 gemini-cli 文檔格式 應該正確處理 gemini-cli 文檔的典型結構" name="convertMarkdownToNotionBlocks - Markdown 原生支持 用戶報告的 gemini-cli 文檔格式 應該正確處理 gemini-cli 文檔的典型結構" time="0.001">
    </testcase>
  </testsuite>
  <testsuite name="Background Update Highlights" errors="0" failures="0" skipped="0" timestamp="2025-10-26T07:42:17" time="0.018" tests="9">
    <testcase classname="Background Update Highlights updateHighlightsOnly 应该成功更新标注到现有页面" name="Background Update Highlights updateHighlightsOnly 应该成功更新标注到现有页面" time="0.001">
    </testcase>
    <testcase classname="Background Update Highlights updateHighlightsOnly 应该处理没有现有标注区域的页面" name="Background Update Highlights updateHighlightsOnly 应该处理没有现有标注区域的页面" time="0">
    </testcase>
    <testcase classname="Background Update Highlights updateHighlightsOnly 应该处理空标注列表" name="Background Update Highlights updateHighlightsOnly 应该处理空标注列表" time="0">
    </testcase>
    <testcase classname="Background Update Highlights updateHighlightsOnly 应该处理超长标注文本（需要分割）" name="Background Update Highlights updateHighlightsOnly 应该处理超长标注文本（需要分割）" time="0.001">
    </testcase>
    <testcase classname="Background Update Highlights updateHighlightsOnly 应该处理获取现有内容失败的情况" name="Background Update Highlights updateHighlightsOnly 应该处理获取现有内容失败的情况" time="0">
    </testcase>
    <testcase classname="Background Update Highlights updateHighlightsOnly 应该处理删除区块失败的情况" name="Background Update Highlights updateHighlightsOnly 应该处理删除区块失败的情况" time="0.001">
    </testcase>
    <testcase classname="Background Update Highlights updateHighlightsOnly 应该处理添加新标注失败的情况" name="Background Update Highlights updateHighlightsOnly 应该处理添加新标注失败的情况" time="0.001">
    </testcase>
    <testcase classname="Background Update Highlights updateHighlightsOnly 应该处理网络错误" name="Background Update Highlights updateHighlightsOnly 应该处理网络错误" time="0">
    </testcase>
    <testcase classname="Background Update Highlights updateHighlightsOnly 应该正确识别和处理标注区域的边界" name="Background Update Highlights updateHighlightsOnly 应该正确识别和处理标注区域的边界" time="0.001">
    </testcase>
  </testsuite>
  <testsuite name="模板變數替換" errors="0" failures="0" skipped="0" timestamp="2025-10-26T07:42:17" time="0.018" tests="17">
    <testcase classname="模板變數替換 replaceTemplateVars() 應該替換 {title} 變數" name="模板變數替換 replaceTemplateVars() 應該替換 {title} 變數" time="0.001">
    </testcase>
    <testcase classname="模板變數替換 replaceTemplateVars() 應該替換 {date} 變數" name="模板變數替換 replaceTemplateVars() 應該替換 {date} 變數" time="0">
    </testcase>
    <testcase classname="模板變數替換 replaceTemplateVars() 應該替換 {domain} 變數" name="模板變數替換 replaceTemplateVars() 應該替換 {domain} 變數" time="0.001">
    </testcase>
    <testcase classname="模板變數替換 replaceTemplateVars() 應該替換 {url} 變數" name="模板變數替換 replaceTemplateVars() 應該替換 {url} 變數" time="0">
    </testcase>
    <testcase classname="模板變數替換 replaceTemplateVars() 應該替換多個變數" name="模板變數替換 replaceTemplateVars() 應該替換多個變數" time="0">
    </testcase>
    <testcase classname="模板變數替換 replaceTemplateVars() 應該處理不存在的變數" name="模板變數替換 replaceTemplateVars() 應該處理不存在的變數" time="0.001">
    </testcase>
    <testcase classname="模板變數替換 replaceTemplateVars() 應該處理空字符串變數" name="模板變數替換 replaceTemplateVars() 應該處理空字符串變數" time="0">
    </testcase>
    <testcase classname="模板變數替換 replaceTemplateVars() 應該處理特殊字符" name="模板變數替換 replaceTemplateVars() 應該處理特殊字符" time="0">
    </testcase>
    <testcase classname="模板變數替換 replaceTemplateVars() 應該處理重複的變數" name="模板變數替換 replaceTemplateVars() 應該處理重複的變數" time="0.001">
    </testcase>
    <testcase classname="模板變數替換 extractDomain() 應該從 URL 提取域名" name="模板變數替換 extractDomain() 應該從 URL 提取域名" time="0">
    </testcase>
    <testcase classname="模板變數替換 extractDomain() 應該處理沒有 www 的域名" name="模板變數替換 extractDomain() 應該處理沒有 www 的域名" time="0">
    </testcase>
    <testcase classname="模板變數替換 extractDomain() 應該處理子域名" name="模板變數替換 extractDomain() 應該處理子域名" time="0.001">
    </testcase>
    <testcase classname="模板變數替換 extractDomain() 應該處理端口號" name="模板變數替換 extractDomain() 應該處理端口號" time="0">
    </testcase>
    <testcase classname="模板變數替換 extractDomain() 應該處理無效 URL" name="模板變數替換 extractDomain() 應該處理無效 URL" time="0.001">
    </testcase>
    <testcase classname="模板變數替換 escapeTemplateString() 應該轉義 HTML 特殊字符" name="模板變數替換 escapeTemplateString() 應該轉義 HTML 特殊字符" time="0">
    </testcase>
    <testcase classname="模板變數替換 escapeTemplateString() 應該處理空字符串" name="模板變數替換 escapeTemplateString() 應該處理空字符串" time="0">
    </testcase>
    <testcase classname="模板變數替換 escapeTemplateString() 應該處理只有特殊字符的字符串" name="模板變數替換 escapeTemplateString() 應該處理只有特殊字符的字符串" time="0">
    </testcase>
  </testsuite>
  <testsuite name="路徑壓縮優化 (v2.9.0)" errors="0" failures="0" skipped="0" timestamp="2025-10-26T07:42:17" time="0.019" tests="17">
    <testcase classname="路徑壓縮優化 (v2.9.0) parsePathFromString 應該解析簡單路徑" name="路徑壓縮優化 (v2.9.0) parsePathFromString 應該解析簡單路徑" time="0.001">
    </testcase>
    <testcase classname="路徑壓縮優化 (v2.9.0) parsePathFromString 應該解析複雜路徑" name="路徑壓縮優化 (v2.9.0) parsePathFromString 應該解析複雜路徑" time="0">
    </testcase>
    <testcase classname="路徑壓縮優化 (v2.9.0) parsePathFromString 應該解析帶連字符的標籤名" name="路徑壓縮優化 (v2.9.0) parsePathFromString 應該解析帶連字符的標籤名" time="0.001">
    </testcase>
    <testcase classname="路徑壓縮優化 (v2.9.0) parsePathFromString 應該處理只有元素的路徑" name="路徑壓縮優化 (v2.9.0) parsePathFromString 應該處理只有元素的路徑" time="0">
    </testcase>
    <testcase classname="路徑壓縮優化 (v2.9.0) parsePathFromString 應該處理大索引值" name="路徑壓縮優化 (v2.9.0) parsePathFromString 應該處理大索引值" time="0">
    </testcase>
    <testcase classname="路徑壓縮優化 (v2.9.0) parsePathFromString 應該拒絕無效格式" name="路徑壓縮優化 (v2.9.0) parsePathFromString 應該拒絕無效格式" time="0.001">
    </testcase>
    <testcase classname="路徑壓縮優化 (v2.9.0) parsePathFromString 應該處理空值" name="路徑壓縮優化 (v2.9.0) parsePathFromString 應該處理空值" time="0">
    </testcase>
    <testcase classname="路徑壓縮優化 (v2.9.0) convertPathToString 應該轉換簡單路徑" name="路徑壓縮優化 (v2.9.0) convertPathToString 應該轉換簡單路徑" time="0.001">
    </testcase>
    <testcase classname="路徑壓縮優化 (v2.9.0) convertPathToString 應該轉換複雜路徑" name="路徑壓縮優化 (v2.9.0) convertPathToString 應該轉換複雜路徑" time="0">
    </testcase>
    <testcase classname="路徑壓縮優化 (v2.9.0) convertPathToString 應該處理空數組" name="路徑壓縮優化 (v2.9.0) convertPathToString 應該處理空數組" time="0">
    </testcase>
    <testcase classname="路徑壓縮優化 (v2.9.0) convertPathToString 應該處理非數組" name="路徑壓縮優化 (v2.9.0) convertPathToString 應該處理非數組" time="0.001">
    </testcase>
    <testcase classname="路徑壓縮優化 (v2.9.0) 雙向轉換 應該正確往返轉換" name="路徑壓縮優化 (v2.9.0) 雙向轉換 應該正確往返轉換" time="0">
    </testcase>
    <testcase classname="路徑壓縮優化 (v2.9.0) 雙向轉換 應該處理多種路徑" name="路徑壓縮優化 (v2.9.0) 雙向轉換 應該處理多種路徑" time="0">
    </testcase>
    <testcase classname="路徑壓縮優化 (v2.9.0) 存儲空間節省 應該顯著減少存儲大小" name="路徑壓縮優化 (v2.9.0) 存儲空間節省 應該顯著減少存儲大小" time="0.001">
    </testcase>
    <testcase classname="路徑壓縮優化 (v2.9.0) 存儲空間節省 計算 70 個標註的總節省" name="路徑壓縮優化 (v2.9.0) 存儲空間節省 計算 70 個標註的總節省" time="0">
    </testcase>
    <testcase classname="路徑壓縮優化 (v2.9.0) ID 壓縮 新 ID 格式應該更短" name="路徑壓縮優化 (v2.9.0) ID 壓縮 新 ID 格式應該更短" time="0.001">
    </testcase>
    <testcase classname="路徑壓縮優化 (v2.9.0) ID 壓縮 計算 ID 壓縮的節省" name="路徑壓縮優化 (v2.9.0) ID 壓縮 計算 ID 壓縮的節省" time="0">
    </testcase>
  </testsuite>
  <testsuite name="highlight-restore.js" errors="0" failures="1" skipped="0" timestamp="2025-10-26T07:42:17" time="0.03" tests="9">
    <testcase classname="highlight-restore.js 應該在 initHighlighter 不存在時記錄警告並退出" name="highlight-restore.js 應該在 initHighlighter 不存在時記錄警告並退出" time="0.01">
    </testcase>
    <testcase classname="highlight-restore.js 應該調用 initHighlighter 函數" name="highlight-restore.js 應該調用 initHighlighter 函數" time="0.002">
      <failure>Error: expect(jest.fn()).toHaveBeenCalledWith(...expected)

Expected: &quot;🔧 執行標註恢復腳本&quot;

Number of calls: 0
    at Object.&lt;anonymous&gt; (/Volumes/WD1TMac/code/notion-chrome/tests/unit/highlight-restore.test.js:57:29)
    at Promise.then.completed (/Volumes/WD1TMac/code/notion-chrome/node_modules/jest-circus/build/utils.js:298:28)
    at new Promise (&lt;anonymous&gt;)
    at callAsyncCircusFn (/Volumes/WD1TMac/code/notion-chrome/node_modules/jest-circus/build/utils.js:231:10)
    at _callCircusTest (/Volumes/WD1TMac/code/notion-chrome/node_modules/jest-circus/build/run.js:316:40)
    at _runTest (/Volumes/WD1TMac/code/notion-chrome/node_modules/jest-circus/build/run.js:252:3)
    at _runTestsForDescribeBlock (/Volumes/WD1TMac/code/notion-chrome/node_modules/jest-circus/build/run.js:126:9)
    at _runTestsForDescribeBlock (/Volumes/WD1TMac/code/notion-chrome/node_modules/jest-circus/build/run.js:121:9)
    at run (/Volumes/WD1TMac/code/notion-chrome/node_modules/jest-circus/build/run.js:71:3)
    at runAndTransformResultsToJestFormat (/Volumes/WD1TMac/code/notion-chrome/node_modules/jest-circus/build/legacy-code-todo-rewrite/jestAdapterInit.js:122:21)
    at jestAdapter (/Volumes/WD1TMac/code/notion-chrome/node_modules/jest-circus/build/legacy-code-todo-rewrite/jestAdapter.js:79:19)
    at runTestInternal (/Volumes/WD1TMac/code/notion-chrome/node_modules/jest-runner/build/runTest.js:367:16)
    at runTest (/Volumes/WD1TMac/code/notion-chrome/node_modules/jest-runner/build/runTest.js:444:34)</failure>
    </testcase>
    <testcase classname="highlight-restore.js 當 notionHighlighter 不存在時應該記錄警告" name="highlight-restore.js 當 notionHighlighter 不存在時應該記錄警告" time="0.001">
    </testcase>
    <testcase classname="highlight-restore.js 應該調用 forceRestoreHighlights 方法" name="highlight-restore.js 應該調用 forceRestoreHighlights 方法" time="0">
    </testcase>
    <testcase classname="highlight-restore.js 應該處理 forceRestoreHighlights 失敗的情況" name="highlight-restore.js 應該處理 forceRestoreHighlights 失敗的情況" time="0.001">
    </testcase>
    <testcase classname="highlight-restore.js 應該處理 forceRestoreHighlights 錯誤的情況" name="highlight-restore.js 應該處理 forceRestoreHighlights 錯誤的情況" time="0.001">
    </testcase>
    <testcase classname="highlight-restore.js 應該在 500ms 後調用 hide 方法" name="highlight-restore.js 應該在 500ms 後調用 hide 方法" time="0">
    </testcase>
    <testcase classname="highlight-restore.js 當管理器缺少 forceRestoreHighlights 時應該記錄警告" name="highlight-restore.js 當管理器缺少 forceRestoreHighlights 時應該記錄警告" time="0.001">
    </testcase>
    <testcase classname="highlight-restore.js 缺少 hide 方法時應該安全跳過" name="highlight-restore.js 缺少 hide 方法時應該安全跳過" time="0.001">
    </testcase>
  </testsuite>
  <testsuite name="SrcsetParser" errors="0" failures="0" skipped="0" timestamp="2025-10-26T07:42:17" time="0.023" tests="12">
    <testcase classname="SrcsetParser parse 應該解析簡單的 srcset" name="SrcsetParser parse 應該解析簡單的 srcset" time="0.001">
    </testcase>
    <testcase classname="SrcsetParser parse 應該處理像素密度描述符" name="SrcsetParser parse 應該處理像素密度描述符" time="0">
    </testcase>
    <testcase classname="SrcsetParser parse 應該處理空 srcset" name="SrcsetParser parse 應該處理空 srcset" time="0.001">
    </testcase>
    <testcase classname="SrcsetParser parse 應該跳過 data: URL" name="SrcsetParser parse 應該跳過 data: URL" time="0">
    </testcase>
    <testcase classname="SrcsetParser parseSrcsetEntries 應該解析多個條目" name="SrcsetParser parseSrcsetEntries 應該解析多個條目" time="0.001">
    </testcase>
    <testcase classname="SrcsetParser parseSrcsetEntries 應該處理沒有描述符的條目" name="SrcsetParser parseSrcsetEntries 應該處理沒有描述符的條目" time="0">
    </testcase>
    <testcase classname="SrcsetParser selectBestUrl 應該選擇最大寬度的圖片" name="SrcsetParser selectBestUrl 應該選擇最大寬度的圖片" time="0.001">
    </testcase>
    <testcase classname="SrcsetParser selectBestUrl 應該選擇最大密度的圖片" name="SrcsetParser selectBestUrl 應該選擇最大密度的圖片" time="0">
    </testcase>
    <testcase classname="SrcsetParser selectBestUrl 應該優先選擇寬度而不是密度" name="SrcsetParser selectBestUrl 應該優先選擇寬度而不是密度" time="0">
    </testcase>
    <testcase classname="SrcsetParser isValidSrcset 應該驗證有效的 srcset" name="SrcsetParser isValidSrcset 應該驗證有效的 srcset" time="0">
    </testcase>
    <testcase classname="SrcsetParser isValidSrcset 應該拒絕無效的 srcset" name="SrcsetParser isValidSrcset 應該拒絕無效的 srcset" time="0">
    </testcase>
    <testcase classname="SrcsetParser getStats 應該返回正確的統計信息" name="SrcsetParser getStats 應該返回正確的統計信息" time="0.001">
    </testcase>
  </testsuite>
  <testsuite name="PerformanceOptimizer (extra tests)" errors="0" failures="0" skipped="0" timestamp="2025-10-26T07:42:17" time="0.017" tests="4">
    <testcase classname="PerformanceOptimizer (extra tests) cachedQuery caches and returns elements" name="PerformanceOptimizer (extra tests) cachedQuery caches and returns elements" time="0.002">
    </testcase>
    <testcase classname="PerformanceOptimizer (extra tests) clearExpiredCache(force) clears all entries" name="PerformanceOptimizer (extra tests) clearExpiredCache(force) clears all entries" time="0">
    </testcase>
    <testcase classname="PerformanceOptimizer (extra tests) batchDomOperations executes operations when processing runs" name="PerformanceOptimizer (extra tests) batchDomOperations executes operations when processing runs" time="0.001">
    </testcase>
    <testcase classname="PerformanceOptimizer (extra tests) preloadSelectors prewarms selectors" name="PerformanceOptimizer (extra tests) preloadSelectors prewarms selectors" time="0.002">
    </testcase>
  </testsuite>
  <testsuite name="AdaptivePerformanceManager" errors="0" failures="0" skipped="0" timestamp="2025-10-26T07:42:17" time="0.033" tests="2">
    <testcase classname="AdaptivePerformanceManager analyzeAndAdjust returns strategy object and applies settings to optimizer" name="AdaptivePerformanceManager analyzeAndAdjust returns strategy object and applies settings to optimizer" time="0.002">
    </testcase>
    <testcase classname="AdaptivePerformanceManager adjustBatchSize and adjustCacheSize update settings" name="AdaptivePerformanceManager adjustBatchSize and adjustCacheSize update settings" time="0.001">
    </testcase>
  </testsuite>
  <testsuite name="scripts/background.js require integration" errors="0" failures="0" skipped="0" timestamp="2025-10-26T07:42:17" time="0.018" tests="2">
    <testcase classname="scripts/background.js require integration onInstalled(update) 會顯示更新通知並傳送版本訊息" name="scripts/background.js require integration onInstalled(update) 會顯示更新通知並傳送版本訊息" time="0.003">
    </testcase>
    <testcase classname="scripts/background.js require integration onMessage(openNotionPage) 會開新分頁並回傳成功" name="scripts/background.js require integration onMessage(openNotionPage) 會開新分頁並回傳成功" time="0.003">
    </testcase>
  </testsuite>
  <testsuite name="Options - 授權管理" errors="0" failures="0" skipped="0" timestamp="2025-10-26T07:42:17" time="0.015" tests="3">
    <testcase classname="Options - 授權管理 disconnectFromNotion 應該正確斷開 Notion 連接並清除授權數據" name="Options - 授權管理 disconnectFromNotion 應該正確斷開 Notion 連接並清除授權數據" time="0.001">
    </testcase>
    <testcase classname="Options - 授權管理 disconnectFromNotion 應該正確處理斷開連接時的錯誤" name="Options - 授權管理 disconnectFromNotion 應該正確處理斷開連接時的錯誤" time="0.001">
    </testcase>
    <testcase classname="Options - 授權管理 disconnectFromNotion 應該在成功斷開連接後更新授權狀態" name="Options - 授權管理 disconnectFromNotion 應該在成功斷開連接後更新授權狀態" time="0.001">
    </testcase>
  </testsuite>
  <testsuite name="標註存儲優化 (v2.8.0)" errors="0" failures="0" skipped="0" timestamp="2025-10-26T07:42:17" time="0.015" tests="6">
    <testcase classname="標註存儲優化 (v2.8.0) serializeRange 不應包含 text 字段" name="標註存儲優化 (v2.8.0) serializeRange 不應包含 text 字段" time="0.001">
    </testcase>
    <testcase classname="標註存儲優化 (v2.8.0) deserializeRange 應使用外部 text 參數進行驗證" name="標註存儲優化 (v2.8.0) deserializeRange 應使用外部 text 參數進行驗證" time="0">
    </testcase>
    <testcase classname="標註存儲優化 (v2.8.0) deserializeRange 應向後兼容舊格式（包含 text 字段）" name="標註存儲優化 (v2.8.0) deserializeRange 應向後兼容舊格式（包含 text 字段）" time="0.001">
    </testcase>
    <testcase classname="標註存儲優化 (v2.8.0) 數據遷移 應自動移除舊格式的 text 字段" name="標註存儲優化 (v2.8.0) 數據遷移 應自動移除舊格式的 text 字段" time="0">
    </testcase>
    <testcase classname="標註存儲優化 (v2.8.0) 數據遷移 計算存儲空間節省" name="標註存儲優化 (v2.8.0) 數據遷移 計算存儲空間節省" time="0">
    </testcase>
    <testcase classname="標註存儲優化 (v2.8.0) 實際存儲效果 70個標註的存儲空間對比" name="標註存儲優化 (v2.8.0) 實際存儲效果 70個標註的存儲空間對比" time="0">
    </testcase>
  </testsuite>
</testsuites>