<?xml version="1.0" encoding="UTF-8"?>
<testsuites name="jest tests" tests="1898" failures="0" errors="0" time="32.699">
  <testsuite name="Thomas Frank 方案對比測試" errors="0" failures="0" skipped="0" timestamp="2025-11-19T18:07:14" time="6.87" tests="12">
    <testcase classname="Thomas Frank 方案對比測試 批次處理模式對比 應該對比 Thomas Frank 模式與當前實現的性能" name="Thomas Frank 方案對比測試 批次處理模式對比 應該對比 Thomas Frank 模式與當前實現的性能" time="0.024">
    </testcase>
    <testcase classname="Thomas Frank 方案對比測試 批次處理模式對比 應該驗證批次大小的一致性" name="Thomas Frank 方案對比測試 批次處理模式對比 應該驗證批次大小的一致性" time="0.001">
    </testcase>
    <testcase classname="Thomas Frank 方案對比測試 批次處理模式對比 應該測試超過 Thomas Frank 示例的擴展性" name="Thomas Frank 方案對比測試 批次處理模式對比 應該測試超過 Thomas Frank 示例的擴展性" time="0.365">
    </testcase>
    <testcase classname="Thomas Frank 方案對比測試 錯誤處理機制對比 應該對比錯誤恢復機制" name="Thomas Frank 方案對比測試 錯誤處理機制對比 應該對比錯誤恢復機制" time="2.687">
    </testcase>
    <testcase classname="Thomas Frank 方案對比測試 性能基準測試 應該建立性能基準數據" name="Thomas Frank 方案對比測試 性能基準測試 應該建立性能基準數據" time="0.164">
    </testcase>
    <testcase classname="Thomas Frank 方案簡化整合測試 核心功能驗證 應該驗證 Thomas Frank 模式的基本功能" name="Thomas Frank 方案簡化整合測試 核心功能驗證 應該驗證 Thomas Frank 模式的基本功能" time="0.012">
    </testcase>
    <testcase classname="Thomas Frank 方案簡化整合測試 核心功能驗證 應該驗證我們實現的基本功能" name="Thomas Frank 方案簡化整合測試 核心功能驗證 應該驗證我們實現的基本功能" time="0.013">
    </testcase>
    <testcase classname="Thomas Frank 方案簡化整合測試 核心功能驗證 應該對比兩種實現的性能" name="Thomas Frank 方案簡化整合測試 核心功能驗證 應該對比兩種實現的性能" time="0.092">
    </testcase>
    <testcase classname="Thomas Frank 方案簡化整合測試 擴展性測試 應該測試不同規模的處理能力" name="Thomas Frank 方案簡化整合測試 擴展性測試 應該測試不同規模的處理能力" time="0.372">
    </testcase>
    <testcase classname="Thomas Frank 方案簡化整合測試 錯誤處理測試 應該測試錯誤恢復能力" name="Thomas Frank 方案簡化整合測試 錯誤處理測試 應該測試錯誤恢復能力" time="3.029">
    </testcase>
    <testcase classname="Thomas Frank 方案簡化整合測試 批次處理驗證 應該驗證批次大小的一致性" name="Thomas Frank 方案簡化整合測試 批次處理驗證 應該驗證批次大小的一致性" time="0.002">
    </testcase>
    <testcase classname="Thomas Frank 方案簡化整合測試 批次處理驗證 應該驗證批次處理邏輯" name="Thomas Frank 方案簡化整合測試 批次處理驗證 應該驗證批次處理邏輯" time="0.047">
    </testcase>
  </testsuite>
  <testsuite name="PerformanceOptimizer - 全面測試" errors="0" failures="0" skipped="0" timestamp="2025-11-19T18:07:21" time="5.614" tests="56">
    <testcase classname="PerformanceOptimizer - 全面測試 構造函數和初始化 應該使用默認選項創建實例" name="PerformanceOptimizer - 全面測試 構造函數和初始化 應該使用默認選項創建實例" time="0.033">
    </testcase>
    <testcase classname="PerformanceOptimizer - 全面測試 構造函數和初始化 應該合併自定義選項" name="PerformanceOptimizer - 全面測試 構造函數和初始化 應該合併自定義選項" time="0.006">
    </testcase>
    <testcase classname="PerformanceOptimizer - 全面測試 構造函數和初始化 應該初始化緩存統計" name="PerformanceOptimizer - 全面測試 構造函數和初始化 應該初始化緩存統計" time="0.008">
    </testcase>
    <testcase classname="PerformanceOptimizer - 全面測試 構造函數和初始化 應該初始化批處理統計" name="PerformanceOptimizer - 全面測試 構造函數和初始化 應該初始化批處理統計" time="0.004">
    </testcase>
    <testcase classname="PerformanceOptimizer - 全面測試 cachedQuery - DOM 查詢緩存 應該執行並緩存查詢結果" name="PerformanceOptimizer - 全面測試 cachedQuery - DOM 查詢緩存 應該執行並緩存查詢結果" time="0.006">
    </testcase>
    <testcase classname="PerformanceOptimizer - 全面測試 cachedQuery - DOM 查詢緩存 應該從緩存返回結果" name="PerformanceOptimizer - 全面測試 cachedQuery - DOM 查詢緩存 應該從緩存返回結果" time="0.005">
    </testcase>
    <testcase classname="PerformanceOptimizer - 全面測試 cachedQuery - DOM 查詢緩存 應該支持 single 選項" name="PerformanceOptimizer - 全面測試 cachedQuery - DOM 查詢緩存 應該支持 single 選項" time="0.004">
    </testcase>
    <testcase classname="PerformanceOptimizer - 全面測試 cachedQuery - DOM 查詢緩存 應該支持 all 選項" name="PerformanceOptimizer - 全面測試 cachedQuery - DOM 查詢緩存 應該支持 all 選項" time="0.004">
    </testcase>
    <testcase classname="PerformanceOptimizer - 全面測試 cachedQuery - DOM 查詢緩存 應該處理無效選擇器" name="PerformanceOptimizer - 全面測試 cachedQuery - DOM 查詢緩存 應該處理無效選擇器" time="0.005">
    </testcase>
    <testcase classname="PerformanceOptimizer - 全面測試 cachedQuery - DOM 查詢緩存 應該在禁用緩存時直接查詢" name="PerformanceOptimizer - 全面測試 cachedQuery - DOM 查詢緩存 應該在禁用緩存時直接查詢" time="0.004">
    </testcase>
    <testcase classname="PerformanceOptimizer - 全面測試 cachedQuery - DOM 查詢緩存 應該驗證緩存的元素是否仍在 DOM 中" name="PerformanceOptimizer - 全面測試 cachedQuery - DOM 查詢緩存 應該驗證緩存的元素是否仍在 DOM 中" time="0.004">
    </testcase>
    <testcase classname="PerformanceOptimizer - 全面測試 cachedQuery - DOM 查詢緩存 應該根據不同的 context 生成不同的緩存鍵" name="PerformanceOptimizer - 全面測試 cachedQuery - DOM 查詢緩存 應該根據不同的 context 生成不同的緩存鍵" time="0.004">
    </testcase>
    <testcase classname="PerformanceOptimizer - 全面測試 clearExpiredCache - 過期緩存清理 應該清理過期的緩存" name="PerformanceOptimizer - 全面測試 clearExpiredCache - 過期緩存清理 應該清理過期的緩存" time="0.004">
    </testcase>
    <testcase classname="PerformanceOptimizer - 全面測試 clearExpiredCache - 過期緩存清理 應該支持強制清理所有緩存" name="PerformanceOptimizer - 全面測試 clearExpiredCache - 過期緩存清理 應該支持強制清理所有緩存" time="0.004">
    </testcase>
    <testcase classname="PerformanceOptimizer - 全面測試 clearExpiredCache - 過期緩存清理 應該使用默認的 cacheTTL" name="PerformanceOptimizer - 全面測試 clearExpiredCache - 過期緩存清理 應該使用默認的 cacheTTL" time="0.004">
    </testcase>
    <testcase classname="PerformanceOptimizer - 全面測試 refreshCache - 刷新緩存 應該刷新單個選擇器的緩存" name="PerformanceOptimizer - 全面測試 refreshCache - 刷新緩存 應該刷新單個選擇器的緩存" time="0.022">
    </testcase>
    <testcase classname="PerformanceOptimizer - 全面測試 refreshCache - 刷新緩存 應該刷新多個選擇器的緩存" name="PerformanceOptimizer - 全面測試 refreshCache - 刷新緩存 應該刷新多個選擇器的緩存" time="0.004">
    </testcase>
    <testcase classname="PerformanceOptimizer - 全面測試 refreshCache - 刷新緩存 應該刪除查詢結果為空的緩存" name="PerformanceOptimizer - 全面測試 refreshCache - 刷新緩存 應該刪除查詢結果為空的緩存" time="0.01">
    </testcase>
    <testcase classname="PerformanceOptimizer - 全面測試 preloadSelectors - 選擇器預熱 應該預熱選擇器並緩存結果" name="PerformanceOptimizer - 全面測試 preloadSelectors - 選擇器預熱 應該預熱選擇器並緩存結果" time="0.005">
    </testcase>
    <testcase classname="PerformanceOptimizer - 全面測試 preloadSelectors - 選擇器預熱 應該跳過已預熱的選擇器" name="PerformanceOptimizer - 全面測試 preloadSelectors - 選擇器預熱 應該跳過已預熱的選擇器" time="0.004">
    </testcase>
    <testcase classname="PerformanceOptimizer - 全面測試 preloadSelectors - 選擇器預熱 應該處理預熱失敗的選擇器" name="PerformanceOptimizer - 全面測試 preloadSelectors - 選擇器預熱 應該處理預熱失敗的選擇器" time="0.004">
    </testcase>
    <testcase classname="PerformanceOptimizer - 全面測試 preloadSelectors - 選擇器預熱 應該在禁用緩存時返回空數組" name="PerformanceOptimizer - 全面測試 preloadSelectors - 選擇器預熱 應該在禁用緩存時返回空數組" time="0.004">
    </testcase>
    <testcase classname="PerformanceOptimizer - 全面測試 preloadSelectors - 選擇器預熱 應該處理無效的選擇器參數" name="PerformanceOptimizer - 全面測試 preloadSelectors - 選擇器預熱 應該處理無效的選擇器參數" time="0.004">
    </testcase>
    <testcase classname="PerformanceOptimizer - 全面測試 smartPrewarm - 智能預熱 應該基於頁面結構預熱選擇器" name="PerformanceOptimizer - 全面測試 smartPrewarm - 智能預熱 應該基於頁面結構預熱選擇器" time="0.006">
    </testcase>
    <testcase classname="PerformanceOptimizer - 全面測試 smartPrewarm - 智能預熱 應該識別 article 結構" name="PerformanceOptimizer - 全面測試 smartPrewarm - 智能預熱 應該識別 article 結構" time="0.006">
    </testcase>
    <testcase classname="PerformanceOptimizer - 全面測試 smartPrewarm - 智能預熱 應該識別 role=&quot;main&quot; 結構" name="PerformanceOptimizer - 全面測試 smartPrewarm - 智能預熱 應該識別 role=&quot;main&quot; 結構" time="0.004">
    </testcase>
    <testcase classname="PerformanceOptimizer - 全面測試 smartPrewarm - 智能預熱 應該識別 CMS 類名模式" name="PerformanceOptimizer - 全面測試 smartPrewarm - 智能預熱 應該識別 CMS 類名模式" time="0.006">
    </testcase>
    <testcase classname="PerformanceOptimizer - 全面測試 batchProcessImages - 批處理圖片 應該批處理圖片並返回結果" name="PerformanceOptimizer - 全面測試 batchProcessImages - 批處理圖片 應該批處理圖片並返回結果" time="0.007">
    </testcase>
    <testcase classname="PerformanceOptimizer - 全面測試 batchProcessImages - 批處理圖片 應該在禁用批處理時直接處理" name="PerformanceOptimizer - 全面測試 batchProcessImages - 批處理圖片 應該在禁用批處理時直接處理" time="0.004">
    </testcase>
    <testcase classname="PerformanceOptimizer - 全面測試 batchDomOperations - 批處理 DOM 操作 應該批處理 DOM 操作" name="PerformanceOptimizer - 全面測試 batchDomOperations - 批處理 DOM 操作 應該批處理 DOM 操作" time="0.006">
    </testcase>
    <testcase classname="PerformanceOptimizer - 全面測試 batchDomOperations - 批處理 DOM 操作 應該在禁用批處理時直接執行操作" name="PerformanceOptimizer - 全面測試 batchDomOperations - 批處理 DOM 操作 應該在禁用批處理時直接執行操作" time="0.003">
    </testcase>
    <testcase classname="PerformanceOptimizer - 全面測試 batchDomOperations - 批處理 DOM 操作 應該處理批處理中的錯誤" name="PerformanceOptimizer - 全面測試 batchDomOperations - 批處理 DOM 操作 應該處理批處理中的錯誤" time="0.012">
    </testcase>
    <testcase classname="PerformanceOptimizer - 全面測試 preloadImages - 預加載圖片 應該預加載圖片" name="PerformanceOptimizer - 全面測試 preloadImages - 預加載圖片 應該預加載圖片" time="5.006">
    </testcase>
    <testcase classname="PerformanceOptimizer - 全面測試 preloadImages - 預加載圖片 應該處理圖片加載超時" name="PerformanceOptimizer - 全面測試 preloadImages - 預加載圖片 應該處理圖片加載超時" time="0.115">
    </testcase>
    <testcase classname="PerformanceOptimizer - 全面測試 clearCache - 清理緩存 應該強制清理所有緩存" name="PerformanceOptimizer - 全面測試 clearCache - 清理緩存 應該強制清理所有緩存" time="0.004">
    </testcase>
    <testcase classname="PerformanceOptimizer - 全面測試 clearCache - 清理緩存 應該清理過期的緩存" name="PerformanceOptimizer - 全面測試 clearCache - 清理緩存 應該清理過期的緩存" time="0.004">
    </testcase>
    <testcase classname="PerformanceOptimizer - 全面測試 clearCache - 清理緩存 應該使用默認的最大年齡" name="PerformanceOptimizer - 全面測試 clearCache - 清理緩存 應該使用默認的最大年齡" time="0.004">
    </testcase>
    <testcase classname="PerformanceOptimizer - 全面測試 getStats - 獲取統計信息 應該返回完整的統計信息" name="PerformanceOptimizer - 全面測試 getStats - 獲取統計信息 應該返回完整的統計信息" time="0.004">
    </testcase>
    <testcase classname="PerformanceOptimizer - 全面測試 getStats - 獲取統計信息 應該計算緩存命中率" name="PerformanceOptimizer - 全面測試 getStats - 獲取統計信息 應該計算緩存命中率" time="0.004">
    </testcase>
    <testcase classname="PerformanceOptimizer - 全面測試 getStats - 獲取統計信息 應該返回內存統計或 null" name="PerformanceOptimizer - 全面測試 getStats - 獲取統計信息 應該返回內存統計或 null" time="0.004">
    </testcase>
    <testcase classname="PerformanceOptimizer - 全面測試 getPerformanceStats - 別名方法 應該返回與 getStats 相同的結果" name="PerformanceOptimizer - 全面測試 getPerformanceStats - 別名方法 應該返回與 getStats 相同的結果" time="0.004">
    </testcase>
    <testcase classname="PerformanceOptimizer - 全面測試 resetStats - 重置統計 應該重置所有統計信息" name="PerformanceOptimizer - 全面測試 resetStats - 重置統計 應該重置所有統計信息" time="0.012">
    </testcase>
    <testcase classname="PerformanceOptimizer - 全面測試 adjustForSystemLoad - 系統負載調整 應該根據性能調整參數" name="PerformanceOptimizer - 全面測試 adjustForSystemLoad - 系統負載調整 應該根據性能調整參數" time="0.004">
    </testcase>
    <testcase classname="PerformanceOptimizer - 全面測試 adjustForSystemLoad - 系統負載調整 應該清理過期緩存" name="PerformanceOptimizer - 全面測試 adjustForSystemLoad - 系統負載調整 應該清理過期緩存" time="0.004">
    </testcase>
    <testcase classname="PerformanceOptimizer - 全面測試 enableAdaptiveOptimization - 啟用自適應優化 應該啟用自適應管理器" name="PerformanceOptimizer - 全面測試 enableAdaptiveOptimization - 啟用自適應優化 應該啟用自適應管理器" time="0.004">
    </testcase>
    <testcase classname="PerformanceOptimizer - 全面測試 enableAdaptiveOptimization - 啟用自適應優化 應該在已有管理器時不重複創建" name="PerformanceOptimizer - 全面測試 enableAdaptiveOptimization - 啟用自適應優化 應該在已有管理器時不重複創建" time="0.003">
    </testcase>
    <testcase classname="PerformanceOptimizer - 全面測試 adaptiveAdjustment - 自適應調整 應該在沒有管理器時返回 null" name="PerformanceOptimizer - 全面測試 adaptiveAdjustment - 自適應調整 應該在沒有管理器時返回 null" time="0.003">
    </testcase>
    <testcase classname="PerformanceOptimizer - 全面測試 adaptiveAdjustment - 自適應調整 應該調用管理器的 analyzeAndAdjust 方法" name="PerformanceOptimizer - 全面測試 adaptiveAdjustment - 自適應調整 應該調用管理器的 analyzeAndAdjust 方法" time="0.004">
    </testcase>
    <testcase classname="PerformanceOptimizer - 全面測試 _maintainCacheSizeLimit - 維護緩存大小 應該在達到限制時移除最舊的項目" name="PerformanceOptimizer - 全面測試 _maintainCacheSizeLimit - 維護緩存大小 應該在達到限制時移除最舊的項目" time="0.004">
    </testcase>
    <testcase classname="PerformanceOptimizer - 全面測試 便捷函數 cachedQuery 函數應該使用默認實例" name="PerformanceOptimizer - 全面測試 便捷函數 cachedQuery 函數應該使用默認實例" time="0.004">
    </testcase>
    <testcase classname="PerformanceOptimizer - 全面測試 便捷函數 batchProcess 函數應該使用默認實例" name="PerformanceOptimizer - 全面測試 便捷函數 batchProcess 函數應該使用默認實例" time="0.006">
    </testcase>
    <testcase classname="PerformanceOptimizer - 全面測試 模塊導出 應該正確導出到 module.exports" name="PerformanceOptimizer - 全面測試 模塊導出 應該正確導出到 module.exports" time="0.006">
    </testcase>
    <testcase classname="PerformanceOptimizer - 全面測試 batchProcessWithRetry helper 應該在第一次嘗試就成功並返回結果" name="PerformanceOptimizer - 全面測試 batchProcessWithRetry helper 應該在第一次嘗試就成功並返回結果" time="0.01">
    </testcase>
    <testcase classname="PerformanceOptimizer - 全面測試 batchProcessWithRetry helper 應該在失敗後重試並最終成功" name="PerformanceOptimizer - 全面測試 batchProcessWithRetry helper 應該在失敗後重試並最終成功" time="0.004">
    </testcase>
    <testcase classname="PerformanceOptimizer - 全面測試 batchProcessWithRetry helper 當達到最大嘗試次數仍失敗時應返回 null" name="PerformanceOptimizer - 全面測試 batchProcessWithRetry helper 當達到最大嘗試次數仍失敗時應返回 null" time="0.003">
    </testcase>
    <testcase classname="PerformanceOptimizer - 全面測試 batchProcessWithRetry helper 應該在 captureFailedResults 時回報失敗索引" name="PerformanceOptimizer - 全面測試 batchProcessWithRetry helper 應該在 captureFailedResults 時回報失敗索引" time="0.003">
    </testcase>
  </testsuite>
  <testsuite name="Thomas Frank 方案對比測試" errors="0" failures="0" skipped="0" timestamp="2025-11-19T18:07:26" time="3.43" tests="5">
    <testcase classname="Thomas Frank 方案對比測試 批次處理模式對比 應該對比 Thomas Frank 模式與當前實現的性能" name="Thomas Frank 方案對比測試 批次處理模式對比 應該對比 Thomas Frank 模式與當前實現的性能" time="0.024">
    </testcase>
    <testcase classname="Thomas Frank 方案對比測試 批次處理模式對比 應該驗證批次大小的一致性" name="Thomas Frank 方案對比測試 批次處理模式對比 應該驗證批次大小的一致性" time="0.001">
    </testcase>
    <testcase classname="Thomas Frank 方案對比測試 批次處理模式對比 應該測試超過 Thomas Frank 示例的擴展性" name="Thomas Frank 方案對比測試 批次處理模式對比 應該測試超過 Thomas Frank 示例的擴展性" time="0.367">
    </testcase>
    <testcase classname="Thomas Frank 方案對比測試 錯誤處理機制對比 應該對比錯誤恢復機制" name="Thomas Frank 方案對比測試 錯誤處理機制對比 應該對比錯誤恢復機制" time="2.864">
    </testcase>
    <testcase classname="Thomas Frank 方案對比測試 性能基準測試 應該建立性能基準數據" name="Thomas Frank 方案對比測試 性能基準測試 應該建立性能基準數據" time="0.161">
    </testcase>
  </testsuite>
  <testsuite name="Notion API - 基礎頁面創建" errors="0" failures="0" skipped="0" timestamp="2025-11-19T18:07:30" time="2.655" tests="39">
    <testcase classname="Notion API - 基礎頁面創建 createNotionPage() 應該成功創建基本頁面" name="Notion API - 基礎頁面創建 createNotionPage() 應該成功創建基本頁面" time="0.001">
    </testcase>
    <testcase classname="Notion API - 基礎頁面創建 createNotionPage() 應該處理 API Key 無效錯誤" name="Notion API - 基礎頁面創建 createNotionPage() 應該處理 API Key 無效錯誤" time="0.001">
    </testcase>
    <testcase classname="Notion API - 基礎頁面創建 createNotionPage() 應該處理數據庫不存在錯誤" name="Notion API - 基礎頁面創建 createNotionPage() 應該處理數據庫不存在錯誤" time="0.001">
    </testcase>
    <testcase classname="Notion API - 基礎頁面創建 createNotionPage() 應該處理網絡錯誤" name="Notion API - 基礎頁面創建 createNotionPage() 應該處理網絡錯誤" time="0.001">
    </testcase>
    <testcase classname="Notion API - 批次追加邏輯 appendBlocksInBatches() 應該成功追加少量區塊（&lt; 100）" name="Notion API - 批次追加邏輯 appendBlocksInBatches() 應該成功追加少量區塊（&lt; 100）" time="0.001">
    </testcase>
    <testcase classname="Notion API - 批次追加邏輯 appendBlocksInBatches() 應該分批追加大量區塊（&gt; 100）" name="Notion API - 批次追加邏輯 appendBlocksInBatches() 應該分批追加大量區塊（&gt; 100）" time="0.001">
    </testcase>
    <testcase classname="Notion API - 批次追加邏輯 appendBlocksInBatches() 應該處理批次中的錯誤" name="Notion API - 批次追加邏輯 appendBlocksInBatches() 應該處理批次中的錯誤" time="0">
    </testcase>
    <testcase classname="Notion API - 資料來源獲取 fetchDatabases() 應該成功獲取資料來源列表" name="Notion API - 資料來源獲取 fetchDatabases() 應該成功獲取資料來源列表" time="0.001">
    </testcase>
    <testcase classname="Notion API - 資料來源獲取 fetchDatabases() 應該處理空資料來源列表" name="Notion API - 資料來源獲取 fetchDatabases() 應該處理空資料來源列表" time="0.001">
    </testcase>
    <testcase classname="Notion API - 資料來源獲取 fetchDatabases() 應該處理分頁結果" name="Notion API - 資料來源獲取 fetchDatabases() 應該處理分頁結果" time="0">
    </testcase>
    <testcase classname="Notion API - API Key 驗證 testApiKey() 應該驗證有效的 API Key" name="Notion API - API Key 驗證 testApiKey() 應該驗證有效的 API Key" time="0.004">
    </testcase>
    <testcase classname="Notion API - API Key 驗證 testApiKey() 應該拒絕無效的 API Key" name="Notion API - API Key 驗證 testApiKey() 應該拒絕無效的 API Key" time="0.001">
    </testcase>
    <testcase classname="Notion API - API Key 驗證 testApiKey() 應該處理空 API Key" name="Notion API - API Key 驗證 testApiKey() 應該處理空 API Key" time="0">
    </testcase>
    <testcase classname="Notion API - API Key 驗證 testApiKey() 應該處理格式錯誤的 API Key" name="Notion API - API Key 驗證 testApiKey() 應該處理格式錯誤的 API Key" time="0.001">
    </testcase>
    <testcase classname="Notion API - 錯誤處理增強 HTTP 狀態碼處理 應該處理 401 未授權錯誤" name="Notion API - 錯誤處理增強 HTTP 狀態碼處理 應該處理 401 未授權錯誤" time="0">
    </testcase>
    <testcase classname="Notion API - 錯誤處理增強 HTTP 狀態碼處理 應該處理 404 資源不存在錯誤" name="Notion API - 錯誤處理增強 HTTP 狀態碼處理 應該處理 404 資源不存在錯誤" time="0.001">
    </testcase>
    <testcase classname="Notion API - 錯誤處理增強 HTTP 狀態碼處理 應該處理 429 速率限制錯誤" name="Notion API - 錯誤處理增強 HTTP 狀態碼處理 應該處理 429 速率限制錯誤" time="0">
    </testcase>
    <testcase classname="Notion API - 錯誤處理增強 HTTP 狀態碼處理 應該處理 500 服務器錯誤" name="Notion API - 錯誤處理增強 HTTP 狀態碼處理 應該處理 500 服務器錯誤" time="0.001">
    </testcase>
    <testcase classname="Notion API - 錯誤處理增強 HTTP 狀態碼處理 應該處理 503 服務不可用錯誤" name="Notion API - 錯誤處理增強 HTTP 狀態碼處理 應該處理 503 服務不可用錯誤" time="0">
    </testcase>
    <testcase classname="Notion API - 錯誤處理增強 網絡錯誤處理 應該處理網絡超時" name="Notion API - 錯誤處理增強 網絡錯誤處理 應該處理網絡超時" time="0.001">
    </testcase>
    <testcase classname="Notion API - 錯誤處理增強 網絡錯誤處理 應該處理連接失敗" name="Notion API - 錯誤處理增強 網絡錯誤處理 應該處理連接失敗" time="0">
    </testcase>
    <testcase classname="Notion API - 錯誤處理增強 網絡錯誤處理 應該處理 DNS 解析失敗" name="Notion API - 錯誤處理增強 網絡錯誤處理 應該處理 DNS 解析失敗" time="0.001">
    </testcase>
    <testcase classname="Notion API - 錯誤處理增強 網絡錯誤處理 應該處理 SSL 證書錯誤" name="Notion API - 錯誤處理增強 網絡錯誤處理 應該處理 SSL 證書錯誤" time="0.001">
    </testcase>
    <testcase classname="Notion API - 錯誤處理增強 數據驗證錯誤 應該處理無效的請求體" name="Notion API - 錯誤處理增強 數據驗證錯誤 應該處理無效的請求體" time="0">
    </testcase>
    <testcase classname="Notion API - 錯誤處理增強 數據驗證錯誤 應該處理缺少必需字段" name="Notion API - 錯誤處理增強 數據驗證錯誤 應該處理缺少必需字段" time="0.001">
    </testcase>
    <testcase classname="Notion API - 錯誤處理增強 數據驗證錯誤 應該處理無效的區塊類型" name="Notion API - 錯誤處理增強 數據驗證錯誤 應該處理無效的區塊類型" time="0">
    </testcase>
    <testcase classname="Notion API - 錯誤處理增強 權限錯誤 應該處理無權限訪問資料來源" name="Notion API - 錯誤處理增強 權限錯誤 應該處理無權限訪問資料來源" time="0.001">
    </testcase>
    <testcase classname="Notion API - 錯誤處理增強 權限錯誤 應該處理無權限創建頁面" name="Notion API - 錯誤處理增強 權限錯誤 應該處理無權限創建頁面" time="0">
    </testcase>
    <testcase classname="Notion API - 重試邏輯 自動重試機制 應該在暫時性錯誤後重試" name="Notion API - 重試邏輯 自動重試機制 應該在暫時性錯誤後重試" time="0.102">
    </testcase>
    <testcase classname="Notion API - 重試邏輯 自動重試機制 應該在多次失敗後放棄" name="Notion API - 重試邏輯 自動重試機制 應該在多次失敗後放棄" time="0.001">
    </testcase>
    <testcase classname="Notion API - 重試邏輯 自動重試機制 應該使用指數退避策略" name="Notion API - 重試邏輯 自動重試機制 應該使用指數退避策略" time="0.302">
    </testcase>
    <testcase classname="Notion API - 重試邏輯 自動重試機制 不應該重試 4xx 客戶端錯誤" name="Notion API - 重試邏輯 自動重試機制 不應該重試 4xx 客戶端錯誤" time="0.001">
    </testcase>
    <testcase classname="Notion API - 重試邏輯 自動重試機制 應該重試 5xx 服務器錯誤" name="Notion API - 重試邏輯 自動重試機制 應該重試 5xx 服務器錯誤" time="0.102">
    </testcase>
    <testcase classname="Notion API - 重試邏輯 速率限制處理 應該遵守 Retry-After 標頭" name="Notion API - 重試邏輯 速率限制處理 應該遵守 Retry-After 標頭" time="2.003">
    </testcase>
    <testcase classname="Notion API - 批次處理優化 大量數據處理 應該正確計算批次數量" name="Notion API - 批次處理優化 大量數據處理 應該正確計算批次數量" time="0.001">
    </testcase>
    <testcase classname="Notion API - 批次處理優化 大量數據處理 應該處理剛好整除的批次" name="Notion API - 批次處理優化 大量數據處理 應該處理剛好整除的批次" time="0.001">
    </testcase>
    <testcase classname="Notion API - 批次處理優化 大量數據處理 應該處理少於一個批次的數據" name="Notion API - 批次處理優化 大量數據處理 應該處理少於一個批次的數據" time="0">
    </testcase>
    <testcase classname="Notion API - 批次處理優化 大量數據處理 應該追蹤批次進度" name="Notion API - 批次處理優化 大量數據處理 應該追蹤批次進度" time="0.001">
    </testcase>
    <testcase classname="Notion API - 批次處理優化 批次錯誤恢復 應該從失敗的批次繼續" name="Notion API - 批次處理優化 批次錯誤恢復 應該從失敗的批次繼續" time="0.102">
    </testcase>
  </testsuite>
  <testsuite name="content script require test" errors="0" failures="0" skipped="0" timestamp="2025-11-19T18:07:32" time="2.093" tests="1">
    <testcase classname="content script require test require scripts/content.js with jsdom globals" name="content script require test require scripts/content.js with jsdom globals" time="2.039">
    </testcase>
  </testsuite>
  <testsuite name="content script integration test" errors="0" failures="0" skipped="0" timestamp="2025-11-19T18:07:34" time="2.066" tests="1">
    <testcase classname="content script integration test runs content.js and exposes result when window.__UNIT_TESTING__ is true" name="content script integration test runs content.js and exposes result when window.__UNIT_TESTING__ is true" time="2.017">
    </testcase>
  </testsuite>
  <testsuite name="Background Notion API Operations" errors="0" failures="0" skipped="0" timestamp="2025-11-19T18:07:36" time="2.034" tests="16">
    <testcase classname="Background Notion API Operations saveToNotion 應該成功保存頁面到 Notion" name="Background Notion API Operations saveToNotion 應該成功保存頁面到 Notion" time="0.001">
    </testcase>
    <testcase classname="Background Notion API Operations saveToNotion 應該處理包含網站圖標的保存請求" name="Background Notion API Operations saveToNotion 應該處理包含網站圖標的保存請求" time="0.001">
    </testcase>
    <testcase classname="Background Notion API Operations saveToNotion 應該過濾掉有問題的圖片區塊" name="Background Notion API Operations saveToNotion 應該過濾掉有問題的圖片區塊" time="0.001">
    </testcase>
    <testcase classname="Background Notion API Operations saveToNotion 應該處理超過100個區塊的長文章" name="Background Notion API Operations saveToNotion 應該處理超過100個區塊的長文章" time="0.001">
    </testcase>
    <testcase classname="Background Notion API Operations saveToNotion 應該處理 Notion API 錯誤" name="Background Notion API Operations saveToNotion 應該處理 Notion API 錯誤" time="0">
    </testcase>
    <testcase classname="Background Notion API Operations saveToNotion 應該在圖片驗證錯誤時自動重試（排除所有圖片）" name="Background Notion API Operations saveToNotion 應該在圖片驗證錯誤時自動重試（排除所有圖片）" time="0.602">
    </testcase>
    <testcase classname="Background Notion API Operations saveToNotion 應該處理網絡錯誤" name="Background Notion API Operations saveToNotion 應該處理網絡錯誤" time="0">
    </testcase>
    <testcase classname="Background Notion API Operations checkNotionPageExists 應該返回 true 當頁面存在且未歸檔時" name="Background Notion API Operations checkNotionPageExists 應該返回 true 當頁面存在且未歸檔時" time="0">
    </testcase>
    <testcase classname="Background Notion API Operations checkNotionPageExists 應該返回 false 當頁面已歸檔時" name="Background Notion API Operations checkNotionPageExists 應該返回 false 當頁面已歸檔時" time="0.001">
    </testcase>
    <testcase classname="Background Notion API Operations checkNotionPageExists 應該返回 false 當頁面不存在時（404）" name="Background Notion API Operations checkNotionPageExists 應該返回 false 當頁面不存在時（404）" time="0">
    </testcase>
    <testcase classname="Background Notion API Operations checkNotionPageExists 應該處理網絡錯誤" name="Background Notion API Operations checkNotionPageExists 應該處理網絡錯誤" time="0.001">
    </testcase>
    <testcase classname="Background Notion API Operations checkNotionPageExists 應該處理服務器錯誤（5xx）" name="Background Notion API Operations checkNotionPageExists 應該處理服務器錯誤（5xx）" time="0">
    </testcase>
    <testcase classname="Background Notion API Operations appendBlocksInBatches 應該成功分批添加區塊" name="Background Notion API Operations appendBlocksInBatches 應該成功分批添加區塊" time="0.704">
    </testcase>
    <testcase classname="Background Notion API Operations appendBlocksInBatches 應該處理部分批次失敗的情況" name="Background Notion API Operations appendBlocksInBatches 應該處理部分批次失敗的情況" time="0.353">
    </testcase>
    <testcase classname="Background Notion API Operations appendBlocksInBatches 應該處理空區塊數組" name="Background Notion API Operations appendBlocksInBatches 應該處理空區塊數組" time="0.001">
    </testcase>
    <testcase classname="Background Notion API Operations appendBlocksInBatches 應該遵守速率限制（批次間延遲）" name="Background Notion API Operations appendBlocksInBatches 應該遵守速率限制（批次間延遲）" time="0.352">
    </testcase>
  </testsuite>
  <testsuite name="RetryManager - 全面測試" errors="0" failures="0" skipped="0" timestamp="2025-11-19T18:07:38" time="1.754" tests="52">
    <testcase classname="RetryManager - 全面測試 構造函數 應該使用默認選項創建實例" name="RetryManager - 全面測試 構造函數 應該使用默認選項創建實例" time="0.001">
    </testcase>
    <testcase classname="RetryManager - 全面測試 構造函數 應該合併自定義選項" name="RetryManager - 全面測試 構造函數 應該合併自定義選項" time="0.001">
    </testcase>
    <testcase classname="RetryManager - 全面測試 execute - 執行帶重試的操作 應該在成功時返回結果" name="RetryManager - 全面測試 execute - 執行帶重試的操作 應該在成功時返回結果" time="0.001">
    </testcase>
    <testcase classname="RetryManager - 全面測試 execute - 執行帶重試的操作 應該在失敗後重試" name="RetryManager - 全面測試 execute - 執行帶重試的操作 應該在失敗後重試" time="0.307">
    </testcase>
    <testcase classname="RetryManager - 全面測試 execute - 執行帶重試的操作 應該在重試次數用盡後拋出錯誤" name="RetryManager - 全面測試 execute - 執行帶重試的操作 應該在重試次數用盡後拋出錯誤" time="0.706">
    </testcase>
    <testcase classname="RetryManager - 全面測試 execute - 執行帶重試的操作 應該記錄重試成功" name="RetryManager - 全面測試 execute - 執行帶重試的操作 應該記錄重試成功" time="0.102">
    </testcase>
    <testcase classname="RetryManager - 全面測試 execute - 執行帶重試的操作 應該記錄重試失敗" name="RetryManager - 全面測試 execute - 執行帶重試的操作 應該記錄重試失敗" time="0.001">
    </testcase>
    <testcase classname="RetryManager - 全面測試 execute - 執行帶重試的操作 應該使用自定義的 shouldRetry 函數" name="RetryManager - 全面測試 execute - 執行帶重試的操作 應該使用自定義的 shouldRetry 函數" time="0.001">
    </testcase>
    <testcase classname="RetryManager - 全面測試 execute - 執行帶重試的操作 應該合併實例選項和調用選項" name="RetryManager - 全面測試 execute - 執行帶重試的操作 應該合併實例選項和調用選項" time="0.052">
    </testcase>
    <testcase classname="RetryManager - 全面測試 wrapFetch - 網絡請求包裝器 應該包裝 fetch 函數並添加重試" name="RetryManager - 全面測試 wrapFetch - 網絡請求包裝器 應該包裝 fetch 函數並添加重試" time="0.001">
    </testcase>
    <testcase classname="RetryManager - 全面測試 wrapFetch - 網絡請求包裝器 應該在網絡錯誤時重試" name="RetryManager - 全面測試 wrapFetch - 網絡請求包裝器 應該在網絡錯誤時重試" time="0.102">
    </testcase>
    <testcase classname="RetryManager - 全面測試 wrapFetch - 網絡請求包裝器 應該傳遞 fetch 選項" name="RetryManager - 全面測試 wrapFetch - 網絡請求包裝器 應該傳遞 fetch 選項" time="0">
    </testcase>
    <testcase classname="RetryManager - 全面測試 wrapFetch - 網絡請求包裝器 應該支持自定義重試選項" name="RetryManager - 全面測試 wrapFetch - 網絡請求包裝器 應該支持自定義重試選項" time="0.001">
    </testcase>
    <testcase classname="RetryManager - 全面測試 wrapDomOperation - DOM 操作包裝器 應該包裝 DOM 操作並添加重試" name="RetryManager - 全面測試 wrapDomOperation - DOM 操作包裝器 應該包裝 DOM 操作並添加重試" time="0.001">
    </testcase>
    <testcase classname="RetryManager - 全面測試 wrapDomOperation - DOM 操作包裝器 應該在 DOM 錯誤時重試" name="RetryManager - 全面測試 wrapDomOperation - DOM 操作包裝器 應該在 DOM 錯誤時重試" time="0.051">
    </testcase>
    <testcase classname="RetryManager - 全面測試 wrapDomOperation - DOM 操作包裝器 應該傳遞參數到 DOM 操作" name="RetryManager - 全面測試 wrapDomOperation - DOM 操作包裝器 應該傳遞參數到 DOM 操作" time="0">
    </testcase>
    <testcase classname="RetryManager - 全面測試 wrapDomOperation - DOM 操作包裝器 應該使用較少的重試次數" name="RetryManager - 全面測試 wrapDomOperation - DOM 操作包裝器 應該使用較少的重試次數" time="0.153">
    </testcase>
    <testcase classname="RetryManager - 全面測試 _shouldRetryNetworkError - 網絡錯誤判斷 應該識別 NetworkError" name="RetryManager - 全面測試 _shouldRetryNetworkError - 網絡錯誤判斷 應該識別 NetworkError" time="0.001">
    </testcase>
    <testcase classname="RetryManager - 全面測試 _shouldRetryNetworkError - 網絡錯誤判斷 應該識別 TimeoutError" name="RetryManager - 全面測試 _shouldRetryNetworkError - 網絡錯誤判斷 應該識別 TimeoutError" time="0.001">
    </testcase>
    <testcase classname="RetryManager - 全面測試 _shouldRetryNetworkError - 網絡錯誤判斷 應該識別包含 fetch 的錯誤消息" name="RetryManager - 全面測試 _shouldRetryNetworkError - 網絡錯誤判斷 應該識別包含 fetch 的錯誤消息" time="0.002">
    </testcase>
    <testcase classname="RetryManager - 全面測試 _shouldRetryNetworkError - 網絡錯誤判斷 應該識別 5xx 錯誤" name="RetryManager - 全面測試 _shouldRetryNetworkError - 網絡錯誤判斷 應該識別 5xx 錯誤" time="0.001">
    </testcase>
    <testcase classname="RetryManager - 全面測試 _shouldRetryNetworkError - 網絡錯誤判斷 應該識別 429 錯誤" name="RetryManager - 全面測試 _shouldRetryNetworkError - 網絡錯誤判斷 應該識別 429 錯誤" time="0.001">
    </testcase>
    <testcase classname="RetryManager - 全面測試 _shouldRetryNetworkError - 網絡錯誤判斷 應該識別 408 錯誤" name="RetryManager - 全面測試 _shouldRetryNetworkError - 網絡錯誤判斷 應該識別 408 錯誤" time="0.001">
    </testcase>
    <testcase classname="RetryManager - 全面測試 _shouldRetryNetworkError - 網絡錯誤判斷 應該拒絕 4xx 客戶端錯誤" name="RetryManager - 全面測試 _shouldRetryNetworkError - 網絡錯誤判斷 應該拒絕 4xx 客戶端錯誤" time="0.002">
    </testcase>
    <testcase classname="RetryManager - 全面測試 _shouldRetryNetworkError - 網絡錯誤判斷 應該拒絕未知錯誤" name="RetryManager - 全面測試 _shouldRetryNetworkError - 網絡錯誤判斷 應該拒絕未知錯誤" time="0.005">
    </testcase>
    <testcase classname="RetryManager - 全面測試 _shouldRetryDomError - DOM 錯誤判斷 應該識別 InvalidStateError" name="RetryManager - 全面測試 _shouldRetryDomError - DOM 錯誤判斷 應該識別 InvalidStateError" time="0.003">
    </testcase>
    <testcase classname="RetryManager - 全面測試 _shouldRetryDomError - DOM 錯誤判斷 應該識別 &quot;not ready&quot; 消息" name="RetryManager - 全面測試 _shouldRetryDomError - DOM 錯誤判斷 應該識別 &quot;not ready&quot; 消息" time="0.003">
    </testcase>
    <testcase classname="RetryManager - 全面測試 _shouldRetryDomError - DOM 錯誤判斷 應該識別 &quot;loading&quot; 消息" name="RetryManager - 全面測試 _shouldRetryDomError - DOM 錯誤判斷 應該識別 &quot;loading&quot; 消息" time="0.001">
    </testcase>
    <testcase classname="RetryManager - 全面測試 _shouldRetryDomError - DOM 錯誤判斷 應該識別 NotFoundError" name="RetryManager - 全面測試 _shouldRetryDomError - DOM 錯誤判斷 應該識別 NotFoundError" time="0.001">
    </testcase>
    <testcase classname="RetryManager - 全面測試 _shouldRetryDomError - DOM 錯誤判斷 應該識別 &quot;not found&quot; 消息" name="RetryManager - 全面測試 _shouldRetryDomError - DOM 錯誤判斷 應該識別 &quot;not found&quot; 消息" time="0">
    </testcase>
    <testcase classname="RetryManager - 全面測試 _shouldRetryDomError - DOM 錯誤判斷 應該拒絕其他 DOM 錯誤" name="RetryManager - 全面測試 _shouldRetryDomError - DOM 錯誤判斷 應該拒絕其他 DOM 錯誤" time="0.001">
    </testcase>
    <testcase classname="RetryManager - 全面測試 _calculateDelay - 延遲計算 應該計算指數退避延遲" name="RetryManager - 全面測試 _calculateDelay - 延遲計算 應該計算指數退避延遲" time="0.002">
    </testcase>
    <testcase classname="RetryManager - 全面測試 _calculateDelay - 延遲計算 應該限制最大延遲" name="RetryManager - 全面測試 _calculateDelay - 延遲計算 應該限制最大延遲" time="0.001">
    </testcase>
    <testcase classname="RetryManager - 全面測試 _calculateDelay - 延遲計算 應該支持抖動" name="RetryManager - 全面測試 _calculateDelay - 延遲計算 應該支持抖動" time="0.001">
    </testcase>
    <testcase classname="RetryManager - 全面測試 _calculateDelay - 延遲計算 應該返回整數延遲" name="RetryManager - 全面測試 _calculateDelay - 延遲計算 應該返回整數延遲" time="0">
    </testcase>
    <testcase classname="RetryManager - 全面測試 _delay - 延遲執行 應該延遲指定的毫秒數" name="RetryManager - 全面測試 _delay - 延遲執行 應該延遲指定的毫秒數" time="0.103">
    </testcase>
    <testcase classname="RetryManager - 全面測試 _shouldRetry - 通用重試判斷 應該使用自定義的 shouldRetry 函數" name="RetryManager - 全面測試 _shouldRetry - 通用重試判斷 應該使用自定義的 shouldRetry 函數" time="0.001">
    </testcase>
    <testcase classname="RetryManager - 全面測試 _shouldRetry - 通用重試判斷 應該使用默認的網絡錯誤判斷" name="RetryManager - 全面測試 _shouldRetry - 通用重試判斷 應該使用默認的網絡錯誤判斷" time="0">
    </testcase>
    <testcase classname="RetryManager - 全面測試 _logRetryAttempt - 記錄重試嘗試 應該記錄重試嘗試信息" name="RetryManager - 全面測試 _logRetryAttempt - 記錄重試嘗試 應該記錄重試嘗試信息" time="0.001">
    </testcase>
    <testcase classname="RetryManager - 全面測試 _logRetryAttempt - 記錄重試嘗試 應該使用 ErrorHandler 如果可用" name="RetryManager - 全面測試 _logRetryAttempt - 記錄重試嘗試 應該使用 ErrorHandler 如果可用" time="0">
    </testcase>
    <testcase classname="RetryManager - 全面測試 _logRetrySuccess - 記錄重試成功 應該記錄成功信息" name="RetryManager - 全面測試 _logRetrySuccess - 記錄重試成功 應該記錄成功信息" time="0.001">
    </testcase>
    <testcase classname="RetryManager - 全面測試 _logRetryFailure - 記錄重試失敗 應該記錄失敗信息" name="RetryManager - 全面測試 _logRetryFailure - 記錄重試失敗 應該記錄失敗信息" time="0">
    </testcase>
    <testcase classname="RetryManager - 全面測試 _logRetryFailure - 記錄重試失敗 應該使用 ErrorHandler 如果可用" name="RetryManager - 全面測試 _logRetryFailure - 記錄重試失敗 應該使用 ErrorHandler 如果可用" time="0.001">
    </testcase>
    <testcase classname="RetryManager - 全面測試 getConfigSnapshot - 獲取配置快照 應該返回配置快照" name="RetryManager - 全面測試 getConfigSnapshot - 獲取配置快照 應該返回配置快照" time="0.001">
    </testcase>
    <testcase classname="RetryManager - 全面測試 getLastStats - 獲取最近統計 應該在無操作時返回 null" name="RetryManager - 全面測試 getLastStats - 獲取最近統計 應該在無操作時返回 null" time="0">
    </testcase>
    <testcase classname="RetryManager - 全面測試 getLastStats - 獲取最近統計 應該在操作後返回統計信息" name="RetryManager - 全面測試 getLastStats - 獲取最近統計 應該在操作後返回統計信息" time="0.001">
    </testcase>
    <testcase classname="RetryManager - 全面測試 便捷函數 withRetry 應該使用默認實例" name="RetryManager - 全面測試 便捷函數 withRetry 應該使用默認實例" time="0">
    </testcase>
    <testcase classname="RetryManager - 全面測試 便捷函數 withRetry 應該支持自定義選項" name="RetryManager - 全面測試 便捷函數 withRetry 應該支持自定義選項" time="0.073">
    </testcase>
    <testcase classname="RetryManager - 全面測試 便捷函數 fetchWithRetry 應該創建帶重試的 fetch" name="RetryManager - 全面測試 便捷函數 fetchWithRetry 應該創建帶重試的 fetch" time="0.001">
    </testcase>
    <testcase classname="RetryManager - 全面測試 便捷函數 fetchWithRetry 應該支持 fetch 選項" name="RetryManager - 全面測試 便捷函數 fetchWithRetry 應該支持 fetch 選項" time="0.001">
    </testcase>
    <testcase classname="RetryManager - 全面測試 便捷函數 fetchWithRetry 應該支持重試選項" name="RetryManager - 全面測試 便捷函數 fetchWithRetry 應該支持重試選項" time="0.033">
    </testcase>
    <testcase classname="RetryManager - 全面測試 模塊導出 應該正確導出到 module.exports" name="RetryManager - 全面測試 模塊導出 應該正確導出到 module.exports" time="0.001">
    </testcase>
  </testsuite>
  <testsuite name="Background.js Exported Functions" errors="0" failures="0" skipped="0" timestamp="2025-11-19T18:07:40" time="1.139" tests="46">
    <testcase classname="Background.js Exported Functions normalizeUrl 應該標準化 URL 並移除 hash" name="Background.js Exported Functions normalizeUrl 應該標準化 URL 並移除 hash" time="0.001">
    </testcase>
    <testcase classname="Background.js Exported Functions normalizeUrl 應該移除追蹤參數" name="Background.js Exported Functions normalizeUrl 應該移除追蹤參數" time="0.001">
    </testcase>
    <testcase classname="Background.js Exported Functions normalizeUrl 應該移除所有追蹤參數" name="Background.js Exported Functions normalizeUrl 應該移除所有追蹤參數" time="0.001">
    </testcase>
    <testcase classname="Background.js Exported Functions normalizeUrl 應該標準化尾部斜槓" name="Background.js Exported Functions normalizeUrl 應該標準化尾部斜槓" time="0.001">
    </testcase>
    <testcase classname="Background.js Exported Functions normalizeUrl 應該處理無效 URL" name="Background.js Exported Functions normalizeUrl 應該處理無效 URL" time="0">
    </testcase>
    <testcase classname="Background.js Exported Functions normalizeUrl 應該處理空值" name="Background.js Exported Functions normalizeUrl 應該處理空值" time="0.001">
    </testcase>
    <testcase classname="Background.js Exported Functions normalizeUrl 應該處理複雜的查詢參數" name="Background.js Exported Functions normalizeUrl 應該處理複雜的查詢參數" time="0">
    </testcase>
    <testcase classname="Background.js Exported Functions cleanImageUrl 應該返回有效的簡單圖片 URL" name="Background.js Exported Functions cleanImageUrl 應該返回有效的簡單圖片 URL" time="0.001">
    </testcase>
    <testcase classname="Background.js Exported Functions cleanImageUrl 應該處理帶查詢參數的 URL" name="Background.js Exported Functions cleanImageUrl 應該處理帶查詢參數的 URL" time="0.001">
    </testcase>
    <testcase classname="Background.js Exported Functions cleanImageUrl 應該從代理 URL 提取原始圖片" name="Background.js Exported Functions cleanImageUrl 應該從代理 URL 提取原始圖片" time="0.001">
    </testcase>
    <testcase classname="Background.js Exported Functions cleanImageUrl 應該處理嵌套的代理 URL" name="Background.js Exported Functions cleanImageUrl 應該處理嵌套的代理 URL" time="0.001">
    </testcase>
    <testcase classname="Background.js Exported Functions cleanImageUrl 應該移除重複的查詢參數" name="Background.js Exported Functions cleanImageUrl 應該移除重複的查詢參數" time="0.001">
    </testcase>
    <testcase classname="Background.js Exported Functions cleanImageUrl 應該處理無效輸入" name="Background.js Exported Functions cleanImageUrl 應該處理無效輸入" time="0.001">
    </testcase>
    <testcase classname="Background.js Exported Functions cleanImageUrl 應該處理無效 URL" name="Background.js Exported Functions cleanImageUrl 應該處理無效 URL" time="0">
    </testcase>
    <testcase classname="Background.js Exported Functions cleanImageUrl 應該處理代理 URL 中缺少 u 參數的情況" name="Background.js Exported Functions cleanImageUrl 應該處理代理 URL 中缺少 u 參數的情況" time="0.001">
    </testcase>
    <testcase classname="Background.js Exported Functions cleanImageUrl 應該處理代理 URL 中 u 參數無效的情況" name="Background.js Exported Functions cleanImageUrl 應該處理代理 URL 中 u 參數無效的情況" time="0.001">
    </testcase>
    <testcase classname="Background.js Exported Functions isValidImageUrl 應該接受標準圖片 URL" name="Background.js Exported Functions isValidImageUrl 應該接受標準圖片 URL" time="0.001">
    </testcase>
    <testcase classname="Background.js Exported Functions isValidImageUrl 應該接受帶查詢參數的圖片 URL" name="Background.js Exported Functions isValidImageUrl 應該接受帶查詢參數的圖片 URL" time="0">
    </testcase>
    <testcase classname="Background.js Exported Functions isValidImageUrl 應該支持各種圖片格式" name="Background.js Exported Functions isValidImageUrl 應該支持各種圖片格式" time="0.005">
    </testcase>
    <testcase classname="Background.js Exported Functions isValidImageUrl 應該識別圖片路徑模式" name="Background.js Exported Functions isValidImageUrl 應該識別圖片路徑模式" time="0.001">
    </testcase>
    <testcase classname="Background.js Exported Functions isValidImageUrl 應該排除非圖片 URL" name="Background.js Exported Functions isValidImageUrl 應該排除非圖片 URL" time="0">
    </testcase>
    <testcase classname="Background.js Exported Functions isValidImageUrl 應該拒絕過長的 URL" name="Background.js Exported Functions isValidImageUrl 應該拒絕過長的 URL" time="0.002">
    </testcase>
    <testcase classname="Background.js Exported Functions isValidImageUrl 應該接受正常長度的 URL" name="Background.js Exported Functions isValidImageUrl 應該接受正常長度的 URL" time="0">
    </testcase>
    <testcase classname="Background.js Exported Functions isValidImageUrl 應該拒絕非 HTTP(S) 協議" name="Background.js Exported Functions isValidImageUrl 應該拒絕非 HTTP(S) 協議" time="0.001">
    </testcase>
    <testcase classname="Background.js Exported Functions isValidImageUrl 應該處理無效輸入" name="Background.js Exported Functions isValidImageUrl 應該處理無效輸入" time="0">
    </testcase>
    <testcase classname="Background.js Exported Functions splitTextForHighlight 應該返回短文本不變" name="Background.js Exported Functions splitTextForHighlight 應該返回短文本不變" time="0">
    </testcase>
    <testcase classname="Background.js Exported Functions splitTextForHighlight 應該分割長文本" name="Background.js Exported Functions splitTextForHighlight 應該分割長文本" time="0.001">
    </testcase>
    <testcase classname="Background.js Exported Functions splitTextForHighlight 應該在句號處分割" name="Background.js Exported Functions splitTextForHighlight 應該在句號處分割" time="0.001">
    </testcase>
    <testcase classname="Background.js Exported Functions splitTextForHighlight 應該在問號處分割" name="Background.js Exported Functions splitTextForHighlight 應該在問號處分割" time="0">
    </testcase>
    <testcase classname="Background.js Exported Functions splitTextForHighlight 應該在感嘆號處分割" name="Background.js Exported Functions splitTextForHighlight 應該在感嘆號處分割" time="0.001">
    </testcase>
    <testcase classname="Background.js Exported Functions splitTextForHighlight 應該在雙換行符處分割" name="Background.js Exported Functions splitTextForHighlight 應該在雙換行符處分割" time="0.001">
    </testcase>
    <testcase classname="Background.js Exported Functions splitTextForHighlight 應該在空格處分割（如果沒有標點）" name="Background.js Exported Functions splitTextForHighlight 應該在空格處分割（如果沒有標點）" time="0">
    </testcase>
    <testcase classname="Background.js Exported Functions splitTextForHighlight 應該強制分割無間斷文本" name="Background.js Exported Functions splitTextForHighlight 應該強制分割無間斷文本" time="0.001">
    </testcase>
    <testcase classname="Background.js Exported Functions splitTextForHighlight 應該處理空文本" name="Background.js Exported Functions splitTextForHighlight 應該處理空文本" time="0.001">
    </testcase>
    <testcase classname="Background.js Exported Functions splitTextForHighlight 應該過濾空字符串片段" name="Background.js Exported Functions splitTextForHighlight 應該過濾空字符串片段" time="0.001">
    </testcase>
    <testcase classname="Background.js Exported Functions splitTextForHighlight 應該處理中文標點" name="Background.js Exported Functions splitTextForHighlight 應該處理中文標點" time="0">
    </testcase>
    <testcase classname="Background.js Exported Functions splitTextForHighlight 應該使用自訂 maxLength" name="Background.js Exported Functions splitTextForHighlight 應該使用自訂 maxLength" time="0">
    </testcase>
    <testcase classname="Background.js Exported Functions appendBlocksInBatches 應該成功分批添加區塊" name="Background.js Exported Functions appendBlocksInBatches 應該成功分批添加區塊" time="0.702">
    </testcase>
    <testcase classname="Background.js Exported Functions appendBlocksInBatches 應該處理部分批次失敗的情況" name="Background.js Exported Functions appendBlocksInBatches 應該處理部分批次失敗的情況" time="0.353">
    </testcase>
    <testcase classname="Background.js Exported Functions appendBlocksInBatches 應該處理空區塊數組" name="Background.js Exported Functions appendBlocksInBatches 應該處理空區塊數組" time="0.001">
    </testcase>
    <testcase classname="Background.js Exported Functions appendBlocksInBatches 應該處理從指定索引開始的情況" name="Background.js Exported Functions appendBlocksInBatches 應該處理從指定索引開始的情況" time="0.001">
    </testcase>
    <testcase classname="Background.js Exported Functions appendBlocksInBatches 應該處理網路錯誤" name="Background.js Exported Functions appendBlocksInBatches 應該處理網路錯誤" time="0.001">
    </testcase>
    <testcase classname="Background.js Exported Functions appendBlocksInBatches 應該正確建構 API 請求" name="Background.js Exported Functions appendBlocksInBatches 應該正確建構 API 請求" time="0.001">
    </testcase>
    <testcase classname="Background.js Exported Functions 整合測試 應該完整處理圖片 URL 流程" name="Background.js Exported Functions 整合測試 應該完整處理圖片 URL 流程" time="0.001">
    </testcase>
    <testcase classname="Background.js Exported Functions 整合測試 應該處理複雜的 URL 標準化場景" name="Background.js Exported Functions 整合測試 應該處理複雜的 URL 標準化場景" time="0">
    </testcase>
    <testcase classname="Background.js Exported Functions 整合測試 應該處理長文本分割和驗證" name="Background.js Exported Functions 整合測試 應該處理長文本分割和驗證" time="0.001">
    </testcase>
  </testsuite>
  <testsuite name="background.js - 工具函數" errors="0" failures="0" skipped="0" timestamp="2025-11-19T18:07:41" time="0.729" tests="23">
    <testcase classname="background.js - 工具函數 cleanImageUrl 應該返回有效的圖片 URL" name="background.js - 工具函數 cleanImageUrl 應該返回有效的圖片 URL" time="0.001">
    </testcase>
    <testcase classname="background.js - 工具函數 cleanImageUrl 應該處理代理 URL" name="background.js - 工具函數 cleanImageUrl 應該處理代理 URL" time="0.001">
    </testcase>
    <testcase classname="background.js - 工具函數 cleanImageUrl 應該移除重複的查詢參數" name="background.js - 工具函數 cleanImageUrl 應該移除重複的查詢參數" time="0">
    </testcase>
    <testcase classname="background.js - 工具函數 cleanImageUrl 應該處理無效 URL" name="background.js - 工具函數 cleanImageUrl 應該處理無效 URL" time="0.001">
    </testcase>
    <testcase classname="background.js - 工具函數 cleanImageUrl 應該處理 null" name="background.js - 工具函數 cleanImageUrl 應該處理 null" time="0">
    </testcase>
    <testcase classname="background.js - 工具函數 cleanImageUrl 應該處理 undefined" name="background.js - 工具函數 cleanImageUrl 應該處理 undefined" time="0">
    </testcase>
    <testcase classname="background.js - 工具函數 cleanImageUrl 應該處理非字符串" name="background.js - 工具函數 cleanImageUrl 應該處理非字符串" time="0.001">
    </testcase>
    <testcase classname="background.js - 工具函數 cleanImageUrl 應該處理嵌套的代理 URL" name="background.js - 工具函數 cleanImageUrl 應該處理嵌套的代理 URL" time="0">
    </testcase>
    <testcase classname="background.js - 工具函數 isValidImageUrl 應該識別有效的圖片 URL（帶擴展名）" name="background.js - 工具函數 isValidImageUrl 應該識別有效的圖片 URL（帶擴展名）" time="0.001">
    </testcase>
    <testcase classname="background.js - 工具函數 isValidImageUrl 應該識別圖片路徑模式" name="background.js - 工具函數 isValidImageUrl 應該識別圖片路徑模式" time="0">
    </testcase>
    <testcase classname="background.js - 工具函數 isValidImageUrl 應該拒絕非圖片 URL" name="background.js - 工具函數 isValidImageUrl 應該拒絕非圖片 URL" time="0.001">
    </testcase>
    <testcase classname="background.js - 工具函數 isValidImageUrl 應該拒絕過長的 URL" name="background.js - 工具函數 isValidImageUrl 應該拒絕過長的 URL" time="0.001">
    </testcase>
    <testcase classname="background.js - 工具函數 isValidImageUrl 應該拒絕非 HTTP/HTTPS URL" name="background.js - 工具函數 isValidImageUrl 應該拒絕非 HTTP/HTTPS URL" time="0.001">
    </testcase>
    <testcase classname="background.js - 工具函數 isValidImageUrl 應該處理帶查詢參數的圖片 URL" name="background.js - 工具函數 isValidImageUrl 應該處理帶查詢參數的圖片 URL" time="0">
    </testcase>
    <testcase classname="background.js - 工具函數 isValidImageUrl 應該處理 null" name="background.js - 工具函數 isValidImageUrl 應該處理 null" time="0.001">
    </testcase>
    <testcase classname="background.js - 工具函數 isValidImageUrl 應該處理 undefined" name="background.js - 工具函數 isValidImageUrl 應該處理 undefined" time="0">
    </testcase>
    <testcase classname="background.js - 工具函數 isValidImageUrl 應該處理空字符串" name="background.js - 工具函數 isValidImageUrl 應該處理空字符串" time="0">
    </testcase>
    <testcase classname="background.js - 工具函數 appendBlocksInBatches 應該成功處理少量區塊（單批次）" name="background.js - 工具函數 appendBlocksInBatches 應該成功處理少量區塊（單批次）" time="0">
    </testcase>
    <testcase classname="background.js - 工具函數 appendBlocksInBatches 應該分批處理大量區塊" name="background.js - 工具函數 appendBlocksInBatches 應該分批處理大量區塊" time="0.703">
    </testcase>
    <testcase classname="background.js - 工具函數 appendBlocksInBatches 應該處理空區塊數組" name="background.js - 工具函數 appendBlocksInBatches 應該處理空區塊數組" time="0.001">
    </testcase>
    <testcase classname="background.js - 工具函數 appendBlocksInBatches 應該從指定索引開始處理" name="background.js - 工具函數 appendBlocksInBatches 應該從指定索引開始處理" time="0">
    </testcase>
    <testcase classname="background.js - 工具函數 appendBlocksInBatches 應該處理 API 錯誤" name="background.js - 工具函數 appendBlocksInBatches 應該處理 API 錯誤" time="0.001">
    </testcase>
    <testcase classname="background.js - 工具函數 appendBlocksInBatches 應該使用正確的 API 端點和標頭" name="background.js - 工具函數 appendBlocksInBatches 應該使用正確的 API 端點和標頭" time="0.001">
    </testcase>
  </testsuite>
  <testsuite name="ErrorHandler - 全面測試" errors="0" failures="0" skipped="0" timestamp="2025-11-19T18:07:42" time="0.402" tests="50">
    <testcase classname="ErrorHandler - 全面測試 ErrorTypes 常量 應該定義所有錯誤類型" name="ErrorHandler - 全面測試 ErrorTypes 常量 應該定義所有錯誤類型" time="0.002">
    </testcase>
    <testcase classname="ErrorHandler - 全面測試 ErrorSeverity 常量 應該定義所有嚴重程度" name="ErrorHandler - 全面測試 ErrorSeverity 常量 應該定義所有嚴重程度" time="0.001">
    </testcase>
    <testcase classname="ErrorHandler - 全面測試 withFallback - 回退策略 應該在成功時返回操作結果" name="ErrorHandler - 全面測試 withFallback - 回退策略 應該在成功時返回操作結果" time="0.001">
    </testcase>
    <testcase classname="ErrorHandler - 全面測試 withFallback - 回退策略 應該在失敗時返回回退值" name="ErrorHandler - 全面測試 withFallback - 回退策略 應該在失敗時返回回退值" time="0.001">
    </testcase>
    <testcase classname="ErrorHandler - 全面測試 withFallback - 回退策略 應該支持回退函數" name="ErrorHandler - 全面測試 withFallback - 回退策略 應該支持回退函數" time="0.001">
    </testcase>
    <testcase classname="ErrorHandler - 全面測試 withFallback - 回退策略 應該記錄錯誤信息" name="ErrorHandler - 全面測試 withFallback - 回退策略 應該記錄錯誤信息" time="0">
    </testcase>
    <testcase classname="ErrorHandler - 全面測試 withFallback - 回退策略 應該支持禁用日誌記錄" name="ErrorHandler - 全面測試 withFallback - 回退策略 應該支持禁用日誌記錄" time="0.001">
    </testcase>
    <testcase classname="ErrorHandler - 全面測試 withRetry - 重試機制 應該在成功時返回結果" name="ErrorHandler - 全面測試 withRetry - 重試機制 應該在成功時返回結果" time="0.001">
    </testcase>
    <testcase classname="ErrorHandler - 全面測試 withRetry - 重試機制 應該在失敗後重試" name="ErrorHandler - 全面測試 withRetry - 重試機制 應該在失敗後重試" time="0.034">
    </testcase>
    <testcase classname="ErrorHandler - 全面測試 withRetry - 重試機制 應該在重試次數用盡後拋出錯誤" name="ErrorHandler - 全面測試 withRetry - 重試機制 應該在重試次數用盡後拋出錯誤" time="0.037">
    </testcase>
    <testcase classname="ErrorHandler - 全面測試 withRetry - 重試機制 應該支持自定義 shouldRetry 函數" name="ErrorHandler - 全面測試 withRetry - 重試機制 應該支持自定義 shouldRetry 函數" time="0.002">
    </testcase>
    <testcase classname="ErrorHandler - 全面測試 withRetry - 重試機制 應該記錄重試嘗試" name="ErrorHandler - 全面測試 withRetry - 重試機制 應該記錄重試嘗試" time="0.012">
    </testcase>
    <testcase classname="ErrorHandler - 全面測試 withRetry - 重試機制 應該使用指數退避延遲" name="ErrorHandler - 全面測試 withRetry - 重試機制 應該使用指數退避延遲" time="0.155">
    </testcase>
    <testcase classname="ErrorHandler - 全面測試 createError - 創建標準化錯誤 應該創建完整的錯誤對象" name="ErrorHandler - 全面測試 createError - 創建標準化錯誤 應該創建完整的錯誤對象" time="0.004">
    </testcase>
    <testcase classname="ErrorHandler - 全面測試 createError - 創建標準化錯誤 應該使用默認的嚴重程度" name="ErrorHandler - 全面測試 createError - 創建標準化錯誤 應該使用默認的嚴重程度" time="0.001">
    </testcase>
    <testcase classname="ErrorHandler - 全面測試 createError - 創建標準化錯誤 應該使用空對象作為默認詳情" name="ErrorHandler - 全面測試 createError - 創建標準化錯誤 應該使用空對象作為默認詳情" time="0.001">
    </testcase>
    <testcase classname="ErrorHandler - 全面測試 logError - 記錄錯誤 應該記錄 error 級別的錯誤" name="ErrorHandler - 全面測試 logError - 記錄錯誤 應該記錄 error 級別的錯誤" time="0">
    </testcase>
    <testcase classname="ErrorHandler - 全面測試 logError - 記錄錯誤 應該記錄 warn 級別的錯誤" name="ErrorHandler - 全面測試 logError - 記錄錯誤 應該記錄 warn 級別的錯誤" time="0.001">
    </testcase>
    <testcase classname="ErrorHandler - 全面測試 logError - 記錄錯誤 應該記錄 info 級別的錯誤" name="ErrorHandler - 全面測試 logError - 記錄錯誤 應該記錄 info 級別的錯誤" time="0">
    </testcase>
    <testcase classname="ErrorHandler - 全面測試 logError - 記錄錯誤 應該處理沒有 originalError 的情況" name="ErrorHandler - 全面測試 logError - 記錄錯誤 應該處理沒有 originalError 的情況" time="0.001">
    </testcase>
    <testcase classname="ErrorHandler - 全面測試 logError - 記錄錯誤 應該更新錯誤統計" name="ErrorHandler - 全面測試 logError - 記錄錯誤 應該更新錯誤統計" time="0">
    </testcase>
    <testcase classname="ErrorHandler - 全面測試 isRetryableError - 判斷錯誤是否可重試 應該識別 NetworkError 為可重試" name="ErrorHandler - 全面測試 isRetryableError - 判斷錯誤是否可重試 應該識別 NetworkError 為可重試" time="0.001">
    </testcase>
    <testcase classname="ErrorHandler - 全面測試 isRetryableError - 判斷錯誤是否可重試 應該識別 TimeoutError 為可重試" name="ErrorHandler - 全面測試 isRetryableError - 判斷錯誤是否可重試 應該識別 TimeoutError 為可重試" time="0">
    </testcase>
    <testcase classname="ErrorHandler - 全面測試 isRetryableError - 判斷錯誤是否可重試 應該識別 5xx 錯誤為可重試" name="ErrorHandler - 全面測試 isRetryableError - 判斷錯誤是否可重試 應該識別 5xx 錯誤為可重試" time="0.001">
    </testcase>
    <testcase classname="ErrorHandler - 全面測試 isRetryableError - 判斷錯誤是否可重試 應該識別 429 錯誤為可重試" name="ErrorHandler - 全面測試 isRetryableError - 判斷錯誤是否可重試 應該識別 429 錯誤為可重試" time="0">
    </testcase>
    <testcase classname="ErrorHandler - 全面測試 isRetryableError - 判斷錯誤是否可重試 應該識別 4xx 錯誤為不可重試" name="ErrorHandler - 全面測試 isRetryableError - 判斷錯誤是否可重試 應該識別 4xx 錯誤為不可重試" time="0.001">
    </testcase>
    <testcase classname="ErrorHandler - 全面測試 isRetryableError - 判斷錯誤是否可重試 應該對未知錯誤返回 false" name="ErrorHandler - 全面測試 isRetryableError - 判斷錯誤是否可重試 應該對未知錯誤返回 false" time="0">
    </testcase>
    <testcase classname="ErrorHandler - 全面測試 getLogLevel - 獲取日誌級別 應該為不同錯誤類型返回正確的日誌級別" name="ErrorHandler - 全面測試 getLogLevel - 獲取日誌級別 應該為不同錯誤類型返回正確的日誌級別" time="0.001">
    </testcase>
    <testcase classname="ErrorHandler - 全面測試 getLogLevel - 獲取日誌級別 應該為未知錯誤類型返回默認級別" name="ErrorHandler - 全面測試 getLogLevel - 獲取日誌級別 應該為未知錯誤類型返回默認級別" time="0">
    </testcase>
    <testcase classname="ErrorHandler - 全面測試 getErrorStats &amp; updateErrorStats - 錯誤統計 應該正確統計錯誤次數" name="ErrorHandler - 全面測試 getErrorStats &amp; updateErrorStats - 錯誤統計 應該正確統計錯誤次數" time="0.001">
    </testcase>
    <testcase classname="ErrorHandler - 全面測試 getErrorStats &amp; updateErrorStats - 錯誤統計 應該在沒有統計數據時返回空對象" name="ErrorHandler - 全面測試 getErrorStats &amp; updateErrorStats - 錯誤統計 應該在沒有統計數據時返回空對象" time="0">
    </testcase>
    <testcase classname="ErrorHandler - 全面測試 getErrorStats &amp; updateErrorStats - 錯誤統計 應該在 errorStats 不存在時初始化它" name="ErrorHandler - 全面測試 getErrorStats &amp; updateErrorStats - 錯誤統計 應該在 errorStats 不存在時初始化它" time="0.001">
    </testcase>
    <testcase classname="ErrorHandler - 全面測試 clearErrorStats - 清除錯誤統計 應該清除所有錯誤統計" name="ErrorHandler - 全面測試 clearErrorStats - 清除錯誤統計 應該清除所有錯誤統計" time="0.001">
    </testcase>
    <testcase classname="ErrorHandler - 全面測試 clearErrorStats - 清除錯誤統計 應該處理 errorStats 為 null 的情況" name="ErrorHandler - 全面測試 clearErrorStats - 清除錯誤統計 應該處理 errorStats 為 null 的情況" time="0">
    </testcase>
    <testcase classname="ErrorHandler - 全面測試 delay - 延遲執行 應該延遲指定的毫秒數" name="ErrorHandler - 全面測試 delay - 延遲執行 應該延遲指定的毫秒數" time="0.102">
    </testcase>
    <testcase classname="ErrorHandler - 全面測試 wrap - 包裝函數 應該包裝同步函數並添加錯誤處理" name="ErrorHandler - 全面測試 wrap - 包裝函數 應該包裝同步函數並添加錯誤處理" time="0">
    </testcase>
    <testcase classname="ErrorHandler - 全面測試 wrap - 包裝函數 應該在錯誤時使用回退值" name="ErrorHandler - 全面測試 wrap - 包裝函數 應該在錯誤時使用回退值" time="0.001">
    </testcase>
    <testcase classname="ErrorHandler - 全面測試 wrap - 包裝函數 應該使用函數名作為上下文" name="ErrorHandler - 全面測試 wrap - 包裝函數 應該使用函數名作為上下文" time="0.001">
    </testcase>
    <testcase classname="ErrorHandler - 全面測試 wrap - 包裝函數 應該支持自定義上下文" name="ErrorHandler - 全面測試 wrap - 包裝函數 應該支持自定義上下文" time="0">
    </testcase>
    <testcase classname="ErrorHandler - 全面測試 wrap - 包裝函數 應該支持禁用日誌記錄" name="ErrorHandler - 全面測試 wrap - 包裝函數 應該支持禁用日誌記錄" time="0">
    </testcase>
    <testcase classname="ErrorHandler - 全面測試 wrap - 包裝函數 應該保持 this 上下文" name="ErrorHandler - 全面測試 wrap - 包裝函數 應該保持 this 上下文" time="0.001">
    </testcase>
    <testcase classname="ErrorHandler - 全面測試 wrapAsync - 包裝異步函數 應該包裝異步函數並添加重試機制" name="ErrorHandler - 全面測試 wrapAsync - 包裝異步函數 應該包裝異步函數並添加重試機制" time="0">
    </testcase>
    <testcase classname="ErrorHandler - 全面測試 wrapAsync - 包裝異步函數 應該在失敗後重試" name="ErrorHandler - 全面測試 wrapAsync - 包裝異步函數 應該在失敗後重試" time="0.012">
    </testcase>
    <testcase classname="ErrorHandler - 全面測試 wrapAsync - 包裝異步函數 應該保持 this 上下文" name="ErrorHandler - 全面測試 wrapAsync - 包裝異步函數 應該保持 this 上下文" time="0.001">
    </testcase>
    <testcase classname="ErrorHandler - 全面測試 wrapAsync - 包裝異步函數 應該傳遞參數" name="ErrorHandler - 全面測試 wrapAsync - 包裝異步函數 應該傳遞參數" time="0">
    </testcase>
    <testcase classname="ErrorHandler - 全面測試 logRetryAttempt - 記錄重試 應該記錄重試信息" name="ErrorHandler - 全面測試 logRetryAttempt - 記錄重試 應該記錄重試信息" time="0.001">
    </testcase>
    <testcase classname="ErrorHandler - 全面測試 構造函數實例方法 應該創建帶有默認選項的實例" name="ErrorHandler - 全面測試 構造函數實例方法 應該創建帶有默認選項的實例" time="0.001">
    </testcase>
    <testcase classname="ErrorHandler - 全面測試 構造函數實例方法 應該合併自定義選項" name="ErrorHandler - 全面測試 構造函數實例方法 應該合併自定義選項" time="0">
    </testcase>
    <testcase classname="ErrorHandler - 全面測試 構造函數實例方法 應該初始化錯誤統計 Map" name="ErrorHandler - 全面測試 構造函數實例方法 應該初始化錯誤統計 Map" time="0.001">
    </testcase>
    <testcase classname="ErrorHandler - 全面測試 模塊導出 應該正確導出到 module.exports" name="ErrorHandler - 全面測試 模塊導出 應該正確導出到 module.exports" time="0">
    </testcase>
  </testsuite>
  <testsuite name="background error branches (integration)" errors="0" failures="0" skipped="0" timestamp="2025-11-19T18:07:43" time="0.274" tests="21">
    <testcase classname="background error branches (integration) startHighlight：無活動分頁 → 返回錯誤" name="background error branches (integration) startHighlight：無活動分頁 → 返回錯誤" time="0.015">
    </testcase>
    <testcase classname="background error branches (integration) startHighlight：注入失敗 → 返回錯誤" name="background error branches (integration) startHighlight：注入失敗 → 返回錯誤" time="0.013">
    </testcase>
    <testcase classname="background error branches (integration) updateHighlights：缺少 API Key → 返回錯誤" name="background error branches (integration) updateHighlights：缺少 API Key → 返回錯誤" time="0.015">
    </testcase>
    <testcase classname="background error branches (integration) updateHighlights：頁面未保存 → 返回錯誤" name="background error branches (integration) updateHighlights：頁面未保存 → 返回錯誤" time="0.014">
    </testcase>
    <testcase classname="background error branches (integration) checkNotionPageExists：缺少 pageId → 返回錯誤" name="background error branches (integration) checkNotionPageExists：缺少 pageId → 返回錯誤" time="0.003">
    </testcase>
    <testcase classname="background error branches (integration) checkNotionPageExists：未配置 API Key → 返回錯誤" name="background error branches (integration) checkNotionPageExists：未配置 API Key → 返回錯誤" time="0.014">
    </testcase>
    <testcase classname="background error branches (integration) openNotionPage：缺少 URL → 返回錯誤" name="background error branches (integration) openNotionPage：缺少 URL → 返回錯誤" time="0.003">
    </testcase>
    <testcase classname="background error branches (integration) openNotionPage：tabs.create 失敗（runtime.lastError）→ 返回錯誤" name="background error branches (integration) openNotionPage：tabs.create 失敗（runtime.lastError）→ 返回錯誤" time="0.003">
    </testcase>
    <testcase classname="background error branches (integration) savePage：無活動分頁 → 返回錯誤" name="background error branches (integration) savePage：無活動分頁 → 返回錯誤" time="0.015">
    </testcase>
    <testcase classname="background error branches (integration) savePage：缺少 API Key 或資料來源 ID → 返回錯誤" name="background error branches (integration) savePage：缺少 API Key 或資料來源 ID → 返回錯誤" time="0.014">
    </testcase>
    <testcase classname="background error branches (integration) syncHighlights：無活動分頁 → 返回錯誤" name="background error branches (integration) syncHighlights：無活動分頁 → 返回錯誤" time="0.013">
    </testcase>
    <testcase classname="background error branches (integration) syncHighlights：缺少 API Key → 返回錯誤" name="background error branches (integration) syncHighlights：缺少 API Key → 返回錯誤" time="0.014">
    </testcase>
    <testcase classname="background error branches (integration) syncHighlights：頁面未保存 → 返回錯誤" name="background error branches (integration) syncHighlights：頁面未保存 → 返回錯誤" time="0.015">
    </testcase>
    <testcase classname="background error branches (integration) syncHighlights：空標註 → 成功且 0" name="background error branches (integration) syncHighlights：空標註 → 成功且 0" time="0.015">
    </testcase>
    <testcase classname="background error branches (integration) savePage：injectWithResponse 函數執行失敗 → 返回錯誤" name="background error branches (integration) savePage：injectWithResponse 函數執行失敗 → 返回錯誤" time="0.014">
    </testcase>
    <testcase classname="background error branches (integration) savePage：Notion API 建頁 4xx 錯誤（非 image）→ 返回錯誤訊息" name="background error branches (integration) savePage：Notion API 建頁 4xx 錯誤（非 image）→ 返回錯誤訊息" time="0.014">
    </testcase>
    <testcase classname="background error branches (integration) savePage：Notion API image validation_error 觸發自動重試（排除圖片）→ 成功" name="background error branches (integration) savePage：Notion API image validation_error 觸發自動重試（排除圖片）→ 成功" time="0.005">
    </testcase>
    <testcase classname="background error branches (integration) updateNotionPage：validation_error（含 image）→ 返回友善錯誤訊息" name="background error branches (integration) updateNotionPage：validation_error（含 image）→ 返回友善錯誤訊息" time="0.015">
    </testcase>
    <testcase classname="background error branches (integration) updateNotionPage：一般 4xx 錯誤 → 返回原始訊息" name="background error branches (integration) updateNotionPage：一般 4xx 錯誤 → 返回原始訊息" time="0.015">
    </testcase>
    <testcase classname="background error branches (integration) updateNotionPage：validation_error 含 image → 回傳友善錯誤訊息" name="background error branches (integration) updateNotionPage：validation_error 含 image → 回傳友善錯誤訊息" time="0.014">
    </testcase>
    <testcase classname="background error branches (integration) updateNotionPage：PATCH 失敗無 message → 返回預設錯誤訊息" name="background error branches (integration) updateNotionPage：PATCH 失敗無 message → 返回預設錯誤訊息" time="0.014">
    </testcase>
  </testsuite>
  <testsuite name="utils.js - 模組測試" errors="0" failures="0" skipped="0" timestamp="2025-11-19T18:07:43" time="0.208" tests="51">
    <testcase classname="utils.js - 模組測試 normalizeUrl 應該移除 hash 片段" name="utils.js - 模組測試 normalizeUrl 應該移除 hash 片段" time="0.004">
    </testcase>
    <testcase classname="utils.js - 模組測試 normalizeUrl 應該移除 UTM 追蹤參數" name="utils.js - 模組測試 normalizeUrl 應該移除 UTM 追蹤參數" time="0.002">
    </testcase>
    <testcase classname="utils.js - 模組測試 normalizeUrl 應該移除多個追蹤參數" name="utils.js - 模組測試 normalizeUrl 應該移除多個追蹤參數" time="0.001">
    </testcase>
    <testcase classname="utils.js - 模組測試 normalizeUrl 應該移除尾部斜杠" name="utils.js - 模組測試 normalizeUrl 應該移除尾部斜杠" time="0.001">
    </testcase>
    <testcase classname="utils.js - 模組測試 normalizeUrl 應該保留根路徑的斜杠" name="utils.js - 模組測試 normalizeUrl 應該保留根路徑的斜杠" time="0.001">
    </testcase>
    <testcase classname="utils.js - 模組測試 normalizeUrl 應該處理無效 URL" name="utils.js - 模組測試 normalizeUrl 應該處理無效 URL" time="0.001">
    </testcase>
    <testcase classname="utils.js - 模組測試 normalizeUrl 應該處理複雜的真實世界 URL" name="utils.js - 模組測試 normalizeUrl 應該處理複雜的真實世界 URL" time="0.001">
    </testcase>
    <testcase classname="utils.js - 模組測試 StorageUtil.saveHighlights 應該保存標註數據" name="utils.js - 模組測試 StorageUtil.saveHighlights 應該保存標註數據" time="0.002">
    </testcase>
    <testcase classname="utils.js - 模組測試 StorageUtil.saveHighlights 應該標準化 URL 作為鍵" name="utils.js - 模組測試 StorageUtil.saveHighlights 應該標準化 URL 作為鍵" time="0.001">
    </testcase>
    <testcase classname="utils.js - 模組測試 StorageUtil.saveHighlights 應該處理對象格式的數據" name="utils.js - 模組測試 StorageUtil.saveHighlights 應該處理對象格式的數據" time="0.001">
    </testcase>
    <testcase classname="utils.js - 模組測試 StorageUtil.saveHighlights 應該在 chrome.storage 失敗時回退到 localStorage" name="utils.js - 模組測試 StorageUtil.saveHighlights 應該在 chrome.storage 失敗時回退到 localStorage" time="0.108">
    </testcase>
    <testcase classname="utils.js - 模組測試 StorageUtil.saveHighlights 應該處理 localStorage 保存失敗" name="utils.js - 模組測試 StorageUtil.saveHighlights 應該處理 localStorage 保存失敗" time="0.007">
    </testcase>
    <testcase classname="utils.js - 模組測試 StorageUtil.saveHighlights 應該處理空數組" name="utils.js - 模組測試 StorageUtil.saveHighlights 應該處理空數組" time="0.001">
    </testcase>
    <testcase classname="utils.js - 模組測試 StorageUtil.saveHighlights 應該計算對象格式的標註數量" name="utils.js - 模組測試 StorageUtil.saveHighlights 應該計算對象格式的標註數量" time="0.002">
    </testcase>
    <testcase classname="utils.js - 模組測試 StorageUtil.loadHighlights 應該加載數組格式的標註" name="utils.js - 模組測試 StorageUtil.loadHighlights 應該加載數組格式的標註" time="0.001">
    </testcase>
    <testcase classname="utils.js - 模組測試 StorageUtil.loadHighlights 應該加載對象格式的標註" name="utils.js - 模組測試 StorageUtil.loadHighlights 應該加載對象格式的標註" time="0.002">
    </testcase>
    <testcase classname="utils.js - 模組測試 StorageUtil.loadHighlights 應該處理不存在的數據" name="utils.js - 模組測試 StorageUtil.loadHighlights 應該處理不存在的數據" time="0.001">
    </testcase>
    <testcase classname="utils.js - 模組測試 StorageUtil.loadHighlights 應該從 localStorage 回退" name="utils.js - 模組測試 StorageUtil.loadHighlights 應該從 localStorage 回退" time="0.001">
    </testcase>
    <testcase classname="utils.js - 模組測試 StorageUtil.loadHighlights 應該處理 localStorage 中的對象格式" name="utils.js - 模組測試 StorageUtil.loadHighlights 應該處理 localStorage 中的對象格式" time="0.001">
    </testcase>
    <testcase classname="utils.js - 模組測試 StorageUtil.loadHighlights 應該處理損壞的 JSON 數據" name="utils.js - 模組測試 StorageUtil.loadHighlights 應該處理損壞的 JSON 數據" time="0.001">
    </testcase>
    <testcase classname="utils.js - 模組測試 StorageUtil.loadHighlights 應該處理空對象" name="utils.js - 模組測試 StorageUtil.loadHighlights 應該處理空對象" time="0.002">
    </testcase>
    <testcase classname="utils.js - 模組測試 StorageUtil.loadHighlights 應該處理空數組" name="utils.js - 模組測試 StorageUtil.loadHighlights 應該處理空數組" time="0.002">
    </testcase>
    <testcase classname="utils.js - 模組測試 StorageUtil.loadHighlights 應該在 chrome.storage 不可用時回退到 localStorage" name="utils.js - 模組測試 StorageUtil.loadHighlights 應該在 chrome.storage 不可用時回退到 localStorage" time="0.001">
    </testcase>
    <testcase classname="utils.js - 模組測試 StorageUtil.clearHighlights 應該清除標註數據" name="utils.js - 模組測試 StorageUtil.clearHighlights 應該清除標註數據" time="0.002">
    </testcase>
    <testcase classname="utils.js - 模組測試 StorageUtil.clearHighlights 應該同時清除 localStorage" name="utils.js - 模組測試 StorageUtil.clearHighlights 應該同時清除 localStorage" time="0.001">
    </testcase>
    <testcase classname="utils.js - 模組測試 StorageUtil.clearHighlights 應該處理 chrome.storage 錯誤" name="utils.js - 模組測試 StorageUtil.clearHighlights 應該處理 chrome.storage 錯誤" time="0.001">
    </testcase>
    <testcase classname="utils.js - 模組測試 StorageUtil.clearHighlights 應該處理 chrome.storage 不可用的情況" name="utils.js - 模組測試 StorageUtil.clearHighlights 應該處理 chrome.storage 不可用的情況" time="0.002">
    </testcase>
    <testcase classname="utils.js - 模組測試 StorageUtil.debugListAllKeys 應該列出所有標註鍵" name="utils.js - 模組測試 StorageUtil.debugListAllKeys 應該列出所有標註鍵" time="0.002">
    </testcase>
    <testcase classname="utils.js - 模組測試 StorageUtil.debugListAllKeys 應該處理空存儲" name="utils.js - 模組測試 StorageUtil.debugListAllKeys 應該處理空存儲" time="0.002">
    </testcase>
    <testcase classname="utils.js - 模組測試 StorageUtil.debugListAllKeys 應該顯示對象格式的標註數量" name="utils.js - 模組測試 StorageUtil.debugListAllKeys 應該顯示對象格式的標註數量" time="0.001">
    </testcase>
    <testcase classname="utils.js - 模組測試 Logger 應該有 debug 方法" name="utils.js - 模組測試 Logger 應該有 debug 方法" time="0.001">
    </testcase>
    <testcase classname="utils.js - 模組測試 Logger 應該有 info 方法" name="utils.js - 模組測試 Logger 應該有 info 方法" time="0.001">
    </testcase>
    <testcase classname="utils.js - 模組測試 Logger 應該有 warn 方法" name="utils.js - 模組測試 Logger 應該有 warn 方法" time="0.001">
    </testcase>
    <testcase classname="utils.js - 模組測試 Logger 應該有 error 方法" name="utils.js - 模組測試 Logger 應該有 error 方法" time="0.001">
    </testcase>
    <testcase classname="utils.js - 模組測試 Logger debug 應該支持多個參數" name="utils.js - 模組測試 Logger debug 應該支持多個參數" time="0.001">
    </testcase>
    <testcase classname="utils.js - 模組測試 Logger info 應該支持對象參數" name="utils.js - 模組測試 Logger info 應該支持對象參數" time="0.002">
    </testcase>
    <testcase classname="utils.js - 模組測試 Logger warn 應該支持錯誤對象" name="utils.js - 模組測試 Logger warn 應該支持錯誤對象" time="0.001">
    </testcase>
    <testcase classname="utils.js - 模組測試 Logger error 應該支持堆棧追蹤" name="utils.js - 模組測試 Logger error 應該支持堆棧追蹤" time="0.001">
    </testcase>
    <testcase classname="utils.js - 模組測試 StorageUtil - 錯誤處理補充 saveHighlights 應該處理 localStorage.setItem 拋出異常" name="utils.js - 模組測試 StorageUtil - 錯誤處理補充 saveHighlights 應該處理 localStorage.setItem 拋出異常" time="0.004">
    </testcase>
    <testcase classname="utils.js - 模組測試 StorageUtil - 錯誤處理補充 loadHighlights 應該處理 localStorage 損壞的 JSON" name="utils.js - 模組測試 StorageUtil - 錯誤處理補充 loadHighlights 應該處理 localStorage 損壞的 JSON" time="0.002">
    </testcase>
    <testcase classname="utils.js - 模組測試 StorageUtil - 錯誤處理補充 clearHighlights 應該處理 localStorage.removeItem 異常" name="utils.js - 模組測試 StorageUtil - 錯誤處理補充 clearHighlights 應該處理 localStorage.removeItem 異常" time="0.002">
    </testcase>
    <testcase classname="utils.js - 模組測試 StorageUtil - 錯誤處理補充 clearHighlights 應該在 chrome.storage 不可用時處理 localStorage 錯誤" name="utils.js - 模組測試 StorageUtil - 錯誤處理補充 clearHighlights 應該在 chrome.storage 不可用時處理 localStorage 錯誤" time="0.001">
    </testcase>
    <testcase classname="utils.js - 模組測試 StorageUtil - 錯誤處理補充 debugListAllKeys 應該處理空存儲" name="utils.js - 模組測試 StorageUtil - 錯誤處理補充 debugListAllKeys 應該處理空存儲" time="0.002">
    </testcase>
    <testcase classname="utils.js - 模組測試 StorageUtil - 錯誤處理補充 debugListAllKeys 應該正確處理對象格式的標註" name="utils.js - 模組測試 StorageUtil - 錯誤處理補充 debugListAllKeys 應該正確處理對象格式的標註" time="0.001">
    </testcase>
    <testcase classname="utils.js - 模組測試 normalizeUrl - 邊界情況補充 應該處理只有 hash 的 URL" name="utils.js - 模組測試 normalizeUrl - 邊界情況補充 應該處理只有 hash 的 URL" time="0.001">
    </testcase>
    <testcase classname="utils.js - 模組測試 normalizeUrl - 邊界情況補充 應該處理只有追蹤參數的 URL" name="utils.js - 模組測試 normalizeUrl - 邊界情況補充 應該處理只有追蹤參數的 URL" time="0.001">
    </testcase>
    <testcase classname="utils.js - 模組測試 normalizeUrl - 邊界情況補充 應該處理帶 port 的 URL" name="utils.js - 模組測試 normalizeUrl - 邊界情況補充 應該處理帶 port 的 URL" time="0.001">
    </testcase>
    <testcase classname="utils.js - 模組測試 normalizeUrl - 邊界情況補充 應該處理帶用戶信息的 URL" name="utils.js - 模組測試 normalizeUrl - 邊界情況補充 應該處理帶用戶信息的 URL" time="0.002">
    </testcase>
    <testcase classname="utils.js - 模組測試 normalizeUrl - 邊界情況補充 應該處理沒有路徑只有參數的 URL" name="utils.js - 模組測試 normalizeUrl - 邊界情況補充 應該處理沒有路徑只有參數的 URL" time="0.001">
    </testcase>
    <testcase classname="utils.js - 模組測試 normalizeUrl - 邊界情況補充 應該處理空字符串" name="utils.js - 模組測試 normalizeUrl - 邊界情況補充 應該處理空字符串" time="0.002">
    </testcase>
    <testcase classname="utils.js - 模組測試 normalizeUrl - 邊界情況補充 應該處理相對 URL" name="utils.js - 模組測試 normalizeUrl - 邊界情況補充 應該處理相對 URL" time="0.006">
    </testcase>
  </testsuite>
  <testsuite name="Background Tab Listeners" errors="0" failures="0" skipped="0" timestamp="2025-11-19T18:07:43" time="0.132" tests="18">
    <testcase classname="Background Tab Listeners setupTabListeners 應該設置標籤頁更新監聽器" name="Background Tab Listeners setupTabListeners 應該設置標籤頁更新監聽器" time="0.002">
    </testcase>
    <testcase classname="Background Tab Listeners setupTabListeners 應該在頁面完成加載時檢查標註" name="Background Tab Listeners setupTabListeners 應該在頁面完成加載時檢查標註" time="0.001">
    </testcase>
    <testcase classname="Background Tab Listeners setupTabListeners 應該跳過非完成狀態的頁面" name="Background Tab Listeners setupTabListeners 應該跳過非完成狀態的頁面" time="0.001">
    </testcase>
    <testcase classname="Background Tab Listeners setupTabListeners 應該跳過沒有 URL 的標籤頁" name="Background Tab Listeners setupTabListeners 應該跳過沒有 URL 的標籤頁" time="0">
    </testcase>
    <testcase classname="Background Tab Listeners setupTabListeners 應該在有標註時注入恢復腳本" name="Background Tab Listeners setupTabListeners 應該在有標註時注入恢復腳本" time="0.051">
    </testcase>
    <testcase classname="Background Tab Listeners migrateLegacyHighlights 應該成功遷移舊版標註" name="Background Tab Listeners migrateLegacyHighlights 應該成功遷移舊版標註" time="0">
    </testcase>
    <testcase classname="Background Tab Listeners migrateLegacyHighlights 應該跳過沒有舊版標註的頁面" name="Background Tab Listeners migrateLegacyHighlights 應該跳過沒有舊版標註的頁面" time="0">
    </testcase>
    <testcase classname="Background Tab Listeners migrateLegacyHighlights 應該處理腳本注入失敗" name="Background Tab Listeners migrateLegacyHighlights 應該處理腳本注入失敗" time="0.001">
    </testcase>
    <testcase classname="Background Tab Listeners migrateLegacyHighlights 應該處理空的遷移結果" name="Background Tab Listeners migrateLegacyHighlights 應該處理空的遷移結果" time="0">
    </testcase>
    <testcase classname="Background Tab Listeners normalizeUrl 應該標準化 URL 並移除 hash" name="Background Tab Listeners normalizeUrl 應該標準化 URL 並移除 hash" time="0.001">
    </testcase>
    <testcase classname="Background Tab Listeners normalizeUrl 應該移除追蹤參數" name="Background Tab Listeners normalizeUrl 應該移除追蹤參數" time="0">
    </testcase>
    <testcase classname="Background Tab Listeners normalizeUrl 應該標準化尾部斜杠" name="Background Tab Listeners normalizeUrl 應該標準化尾部斜杠" time="0.001">
    </testcase>
    <testcase classname="Background Tab Listeners normalizeUrl 應該處理無效 URL" name="Background Tab Listeners normalizeUrl 應該處理無效 URL" time="0">
    </testcase>
    <testcase classname="Background Tab Listeners normalizeUrl 應該處理複雜的 URL" name="Background Tab Listeners normalizeUrl 應該處理複雜的 URL" time="0.001">
    </testcase>
    <testcase classname="Background Tab Listeners 集成測試 完整的標籤頁監聽流程應該正常工作" name="Background Tab Listeners 集成測試 完整的標籤頁監聽流程應該正常工作" time="0.052">
    </testcase>
    <testcase classname="Background Tab Listeners 集成測試 沒有標註的頁面不應該觸發遷移和恢復" name="Background Tab Listeners 集成測試 沒有標註的頁面不應該觸發遷移和恢復" time="0.001">
    </testcase>
    <testcase classname="Background Tab Listeners 錯誤處理 標籤頁監聽器應該處理異常" name="Background Tab Listeners 錯誤處理 標籤頁監聽器應該處理異常" time="0">
    </testcase>
    <testcase classname="Background Tab Listeners 錯誤處理 遷移函數應該處理存儲錯誤" name="Background Tab Listeners 錯誤處理 遷移函數應該處理存儲錯誤" time="0.001">
    </testcase>
  </testsuite>
  <testsuite name="PerformanceOptimizer" errors="0" failures="0" skipped="0" timestamp="2025-11-19T18:07:43" time="0.133" tests="13">
    <testcase classname="PerformanceOptimizer DOM 查詢緩存 應該緩存查詢結果" name="PerformanceOptimizer DOM 查詢緩存 應該緩存查詢結果" time="0.002">
    </testcase>
    <testcase classname="PerformanceOptimizer DOM 查詢緩存 應該支持單個元素查詢" name="PerformanceOptimizer DOM 查詢緩存 應該支持單個元素查詢" time="0.001">
    </testcase>
    <testcase classname="PerformanceOptimizer DOM 查詢緩存 應該處理無效選擇器" name="PerformanceOptimizer DOM 查詢緩存 應該處理無效選擇器" time="0.001">
    </testcase>
    <testcase classname="PerformanceOptimizer DOM 查詢緩存 應該限制緩存大小" name="PerformanceOptimizer DOM 查詢緩存 應該限制緩存大小" time="0">
    </testcase>
    <testcase classname="PerformanceOptimizer 批處理系統 應該批處理圖片操作" name="PerformanceOptimizer 批處理系統 應該批處理圖片操作" time="0.018">
    </testcase>
    <testcase classname="PerformanceOptimizer 批處理系統 應該批處理 DOM 操作" name="PerformanceOptimizer 批處理系統 應該批處理 DOM 操作" time="0.017">
    </testcase>
    <testcase classname="PerformanceOptimizer 批處理系統 應該處理批處理錯誤" name="PerformanceOptimizer 批處理系統 應該處理批處理錯誤" time="0.018">
    </testcase>
    <testcase classname="PerformanceOptimizer 性能監控 應該收集性能統計" name="PerformanceOptimizer 性能監控 應該收集性能統計" time="0.001">
    </testcase>
    <testcase classname="PerformanceOptimizer 性能監控 應該測量函數執行時間" name="PerformanceOptimizer 性能監控 應該測量函數執行時間" time="0.001">
    </testcase>
    <testcase classname="PerformanceOptimizer 性能監控 應該測量異步函數執行時間" name="PerformanceOptimizer 性能監控 應該測量異步函數執行時間" time="0.011">
    </testcase>
    <testcase classname="PerformanceOptimizer 預加載功能 應該預加載選擇器" name="PerformanceOptimizer 預加載功能 應該預加載選擇器" time="0.001">
    </testcase>
    <testcase classname="PerformanceOptimizer 緩存管理 應該清理所有緩存" name="PerformanceOptimizer 緩存管理 應該清理所有緩存" time="0.001">
    </testcase>
    <testcase classname="PerformanceOptimizer 緩存管理 應該按模式清理緩存" name="PerformanceOptimizer 緩存管理 應該按模式清理緩存" time="0.001">
    </testcase>
  </testsuite>
  <testsuite name="頁面複雜度檢測器" errors="0" failures="0" skipped="0" timestamp="2025-11-19T18:07:43" time="0.251" tests="15">
    <testcase classname="頁面複雜度檢測器 技術文檔頁面檢測 GitHub Pages 文檔站檢測" name="頁面複雜度檢測器 技術文檔頁面檢測 GitHub Pages 文檔站檢測" time="0.019">
    </testcase>
    <testcase classname="頁面複雜度檢測器 技術文檔頁面檢測 包含大量代碼塊的技術文檔" name="頁面複雜度檢測器 技術文檔頁面檢測 包含大量代碼塊的技術文檔" time="0.009">
    </testcase>
    <testcase classname="頁面複雜度檢測器 技術文檔頁面檢測 包含大量列表的文檔頁面" name="頁面複雜度檢測器 技術文檔頁面檢測 包含大量列表的文檔頁面" time="0.013">
    </testcase>
    <testcase classname="頁面複雜度檢測器 新聞網站頁面檢測 包含廣告的新聞頁面" name="頁面複雜度檢測器 新聞網站頁面檢測 包含廣告的新聞頁面" time="0.017">
    </testcase>
    <testcase classname="頁面複雜度檢測器 新聞網站頁面檢測 複雜佈局的媒體網站" name="頁面複雜度檢測器 新聞網站頁面檢測 複雜佈局的媒體網站" time="0.066">
    </testcase>
    <testcase classname="頁面複雜度檢測器 邊界情況測試 高連結密度頁面" name="頁面複雜度檢測器 邊界情況測試 高連結密度頁面" time="0.016">
    </testcase>
    <testcase classname="頁面複雜度檢測器 邊界情況測試 內容過短的頁面" name="頁面複雜度檢測器 邊界情況測試 內容過短的頁面" time="0.022">
    </testcase>
    <testcase classname="頁面複雜度檢測器 邊界情況測試 長文內容頁面" name="頁面複雜度檢測器 邊界情況測試 長文內容頁面" time="0.009">
    </testcase>
    <testcase classname="頁面複雜度檢測器 提取器選擇邏輯 @extractus 優先條件" name="頁面複雜度檢測器 提取器選擇邏輯 @extractus 優先條件" time="0.004">
    </testcase>
    <testcase classname="頁面複雜度檢測器 提取器選擇邏輯 Readability 必須條件" name="頁面複雜度檢測器 提取器選擇邏輯 Readability 必須條件" time="0.002">
    </testcase>
    <testcase classname="頁面複雜度檢測器 提取器選擇邏輯 信心度計算" name="頁面複雜度檢測器 提取器選擇邏輯 信心度計算" time="0.002">
    </testcase>
    <testcase classname="頁面複雜度檢測器 分析報告功能 完整分析報告生成" name="頁面複雜度檢測器 分析報告功能 完整分析報告生成" time="0.003">
    </testcase>
    <testcase classname="頁面複雜度檢測器 分析報告功能 記錄分析結果" name="頁面複雜度檢測器 分析報告功能 記錄分析結果" time="0.003">
    </testcase>
    <testcase classname="頁面複雜度檢測器 錯誤處理 無效 DOM 處理" name="頁面複雜度檢測器 錯誤處理 無效 DOM 處理" time="0.002">
    </testcase>
    <testcase classname="頁面複雜度檢測器 錯誤處理 損壞的 HTML 結構" name="頁面複雜度檢測器 錯誤處理 損壞的 HTML 結構" time="0.005">
    </testcase>
  </testsuite>
  <testsuite name="CMS Content Extraction" errors="0" failures="0" skipped="0" timestamp="2025-11-19T18:07:44" time="0.12" tests="10">
    <testcase classname="CMS Content Extraction Drupal CMS 內容提取 應該從 .field--type-text-with-summary 提取內容" name="CMS Content Extraction Drupal CMS 內容提取 應該從 .field--type-text-with-summary 提取內容" time="0.007">
    </testcase>
    <testcase classname="CMS Content Extraction Drupal CMS 內容提取 應該從 .field--name-body 提取內容" name="CMS Content Extraction Drupal CMS 內容提取 應該從 .field--name-body 提取內容" time="0.006">
    </testcase>
    <testcase classname="CMS Content Extraction WordPress CMS 內容提取 應該從 .entry-content 提取內容" name="CMS Content Extraction WordPress CMS 內容提取 應該從 .entry-content 提取內容" time="0.003">
    </testcase>
    <testcase classname="CMS Content Extraction WordPress CMS 內容提取 應該從 .post-content 提取內容" name="CMS Content Extraction WordPress CMS 內容提取 應該從 .post-content 提取內容" time="0.004">
    </testcase>
    <testcase classname="CMS Content Extraction List-based 內容提取（CLI 文檔） 應該識別大型列表內容" name="CMS Content Extraction List-based 內容提取（CLI 文檔） 應該識別大型列表內容" time="0.01">
    </testcase>
    <testcase classname="CMS Content Extraction List-based 內容提取（CLI 文檔） 應該處理嵌套列表結構" name="CMS Content Extraction List-based 內容提取（CLI 文檔） 應該處理嵌套列表結構" time="0.004">
    </testcase>
    <testcase classname="CMS Content Extraction Expandable 內容處理 應該識別 details 元素" name="CMS Content Extraction Expandable 內容處理 應該識別 details 元素" time="0.004">
    </testcase>
    <testcase classname="CMS Content Extraction Expandable 內容處理 應該識別 .collapsible 元素" name="CMS Content Extraction Expandable 內容處理 應該識別 .collapsible 元素" time="0.003">
    </testcase>
    <testcase classname="CMS Content Extraction Content 清理 應該能夠識別廣告元素" name="CMS Content Extraction Content 清理 應該能夠識別廣告元素" time="0.003">
    </testcase>
    <testcase classname="CMS Content Extraction Content 清理 應該能夠識別導航元素" name="CMS Content Extraction Content 清理 應該能夠識別導航元素" time="0.003">
    </testcase>
  </testsuite>
  <testsuite name="Highlighter Interactions" errors="0" failures="0" skipped="0" timestamp="2025-11-19T18:07:44" time="0.123" tests="21">
    <testcase classname="Highlighter Interactions 文本選擇和高亮創建 應該能夠選擇文本" name="Highlighter Interactions 文本選擇和高亮創建 應該能夠選擇文本" time="0.007">
    </testcase>
    <testcase classname="Highlighter Interactions 文本選擇和高亮創建 應該能夠獲取選擇的範圍" name="Highlighter Interactions 文本選擇和高亮創建 應該能夠獲取選擇的範圍" time="0.003">
    </testcase>
    <testcase classname="Highlighter Interactions 文本選擇和高亮創建 應該處理跨段落選擇" name="Highlighter Interactions 文本選擇和高亮創建 應該處理跨段落選擇" time="0.004">
    </testcase>
    <testcase classname="Highlighter Interactions 高亮顏色管理 應該支持黃色高亮" name="Highlighter Interactions 高亮顏色管理 應該支持黃色高亮" time="0.01">
    </testcase>
    <testcase classname="Highlighter Interactions 高亮顏色管理 應該支持多種高亮顏色" name="Highlighter Interactions 高亮顏色管理 應該支持多種高亮顏色" time="0.002">
    </testcase>
    <testcase classname="Highlighter Interactions 高亮顏色管理 應該能夠切換高亮顏色" name="Highlighter Interactions 高亮顏色管理 應該能夠切換高亮顏色" time="0.002">
    </testcase>
    <testcase classname="Highlighter Interactions 高亮數據結構 應該創建完整的高亮對象" name="Highlighter Interactions 高亮數據結構 應該創建完整的高亮對象" time="0.003">
    </testcase>
    <testcase classname="Highlighter Interactions 高亮數據結構 應該包含必要的範圍信息" name="Highlighter Interactions 高亮數據結構 應該包含必要的範圍信息" time="0.002">
    </testcase>
    <testcase classname="Highlighter Interactions CSS Highlight API 支持檢測 應該能夠檢測 Highlight API 是否可用" name="Highlighter Interactions CSS Highlight API 支持檢測 應該能夠檢測 Highlight API 是否可用" time="0.002">
    </testcase>
    <testcase classname="Highlighter Interactions CSS Highlight API 支持檢測 應該有回退策略當 API 不可用時" name="Highlighter Interactions CSS Highlight API 支持檢測 應該有回退策略當 API 不可用時" time="0.003">
    </testcase>
    <testcase classname="Highlighter Interactions 高亮存儲鍵生成 應該基於 URL 生成存儲鍵" name="Highlighter Interactions 高亮存儲鍵生成 應該基於 URL 生成存儲鍵" time="0.002">
    </testcase>
    <testcase classname="Highlighter Interactions 高亮存儲鍵生成 應該標準化 URL 中的 hash" name="Highlighter Interactions 高亮存儲鍵生成 應該標準化 URL 中的 hash" time="0.002">
    </testcase>
    <testcase classname="Highlighter Interactions 高亮存儲鍵生成 應該標準化尾部斜杠" name="Highlighter Interactions 高亮存儲鍵生成 應該標準化尾部斜杠" time="0.002">
    </testcase>
[...]
    </testcase>
  </testsuite>
  <testsuite name="Background 通知處理器" errors="0" failures="0" skipped="0" timestamp="2025-11-19T18:07:46" time="0.018" tests="12">
    <testcase classname="Background 通知處理器 showUpdateNotification 邏輯測試 應該正確調用 Chrome API 創建標籤頁" name="Background 通知處理器 showUpdateNotification 邏輯測試 應該正確調用 Chrome API 創建標籤頁" time="0.001">
    </testcase>
    <testcase classname="Background 通知處理器 showUpdateNotification 邏輯測試 應該處理標籤頁創建失敗" name="Background 通知處理器 showUpdateNotification 邏輯測試 應該處理標籤頁創建失敗" time="0.001">
    </testcase>
    <testcase classname="Background 通知處理器 showUpdateNotification 邏輯測試 應該正確構建更新消息" name="Background 通知處理器 showUpdateNotification 邏輯測試 應該正確構建更新消息" time="0.001">
    </testcase>
    <testcase classname="Background 通知處理器 handleOpenNotionPage 應該成功打開 Notion 頁面" name="Background 通知處理器 handleOpenNotionPage 應該成功打開 Notion 頁面" time="0">
    </testcase>
    <testcase classname="Background 通知處理器 handleOpenNotionPage 應該處理缺少 URL 的請求" name="Background 通知處理器 handleOpenNotionPage 應該處理缺少 URL 的請求" time="0.001">
    </testcase>
    <testcase classname="Background 通知處理器 handleOpenNotionPage 應該處理空 URL" name="Background 通知處理器 handleOpenNotionPage 應該處理空 URL" time="0">
    </testcase>
    <testcase classname="Background 通知處理器 handleOpenNotionPage 應該處理 null URL" name="Background 通知處理器 handleOpenNotionPage 應該處理 null URL" time="0.001">
    </testcase>
    <testcase classname="Background 通知處理器 handleOpenNotionPage 應該處理標籤頁創建失敗" name="Background 通知處理器 handleOpenNotionPage 應該處理標籤頁創建失敗" time="0">
    </testcase>
    <testcase classname="Background 通知處理器 handleOpenNotionPage 應該處理異常錯誤" name="Background 通知處理器 handleOpenNotionPage 應該處理異常錯誤" time="0.001">
    </testcase>
    <testcase classname="Background 通知處理器 handleOpenNotionPage 應該處理有效的 Notion URL 格式" name="Background 通知處理器 handleOpenNotionPage 應該處理有效的 Notion URL 格式" time="0">
    </testcase>
    <testcase classname="Background 通知處理器 handleOpenNotionPage 應該處理非 Notion URL" name="Background 通知處理器 handleOpenNotionPage 應該處理非 Notion URL" time="0.001">
    </testcase>
    <testcase classname="Background 通知處理器 集成測試 通知處理器應該能夠協同工作" name="Background 通知處理器 集成測試 通知處理器應該能夠協同工作" time="0.001">
    </testcase>
  </testsuite>
  <testsuite name="RetryManager" errors="0" failures="0" skipped="0" timestamp="2025-11-19T18:07:46" time="0.018" tests="9">
    <testcase classname="RetryManager fetch: 503 並帶 Retry-After 秒數時應重試，並遵循延遲" name="RetryManager fetch: 503 並帶 Retry-After 秒數時應重試，並遵循延遲" time="0.001">
    </testcase>
    <testcase classname="RetryManager fetch: 429 並帶 HTTP 日期 Retry-After 應重試" name="RetryManager fetch: 429 並帶 HTTP 日期 Retry-After 應重試" time="0">
    </testcase>
    <testcase classname="RetryManager fetch: 404 不應重試（直接返回回應）" name="RetryManager fetch: 404 不應重試（直接返回回應）" time="0.001">
    </testcase>
    <testcase classname="RetryManager fetch: 自訂 shouldRetryResponse=false 應覆蓋預設（即使 503 也不重試）" name="RetryManager fetch: 自訂 shouldRetryResponse=false 應覆蓋預設（即使 503 也不重試）" time="0.001">
    </testcase>
    <testcase classname="RetryManager execute: NetworkError 重試兩次後成功，統計應正確" name="RetryManager execute: NetworkError 重試兩次後成功，統計應正確" time="0.001">
    </testcase>
    <testcase classname="RetryManager execute: AbortSignal 應在延遲期間取消，拋出 AbortError" name="RetryManager execute: AbortSignal 應在延遲期間取消，拋出 AbortError" time="0.001">
    </testcase>
    <testcase classname="RetryManager execute: totalTimeoutMs 應限制總重試時長並拋出 TimeoutError" name="RetryManager execute: totalTimeoutMs 應限制總重試時長並拋出 TimeoutError" time="0">
    </testcase>
    <testcase classname="RetryManager execute: jitter 使用可注入 random 以確保決定性" name="RetryManager execute: jitter 使用可注入 random 以確保決定性" time="0.001">
    </testcase>
    <testcase classname="RetryManager wrapDomOperation: contextType 應記錄為 dom" name="RetryManager wrapDomOperation: contextType 應記錄為 dom" time="0.001">
    </testcase>
  </testsuite>
  <testsuite name="Background Message Handlers" errors="0" failures="0" skipped="0" timestamp="2025-11-19T18:07:46" time="0.018" tests="16">
    <testcase classname="Background Message Handlers checkPageStatus 消息 應該返回未保存狀態當頁面未保存時" name="Background Message Handlers checkPageStatus 消息 應該返回未保存狀態當頁面未保存時" time="0.001">
    </testcase>
    <testcase classname="Background Message Handlers checkPageStatus 消息 應該返回已保存狀態當頁面已保存時" name="Background Message Handlers checkPageStatus 消息 應該返回已保存狀態當頁面已保存時" time="0.001">
    </testcase>
    <testcase classname="Background Message Handlers checkPageStatus 消息 應該處理無法獲取活動標籤頁的錯誤" name="Background Message Handlers checkPageStatus 消息 應該處理無法獲取活動標籤頁的錯誤" time="0">
    </testcase>
    <testcase classname="Background Message Handlers startHighlight 消息 應該成功啟動標註模式" name="Background Message Handlers startHighlight 消息 應該成功啟動標註模式" time="0.001">
    </testcase>
    <testcase classname="Background Message Handlers startHighlight 消息 應該處理無活動標籤頁的錯誤" name="Background Message Handlers startHighlight 消息 應該處理無活動標籤頁的錯誤" time="0">
    </testcase>
    <testcase classname="Background Message Handlers syncHighlights 消息 應該成功同步標註到已保存的頁面" name="Background Message Handlers syncHighlights 消息 應該成功同步標註到已保存的頁面" time="0.001">
    </testcase>
    <testcase classname="Background Message Handlers syncHighlights 消息 應該拒絕同步到未保存的頁面" name="Background Message Handlers syncHighlights 消息 應該拒絕同步到未保存的頁面" time="0">
    </testcase>
    <testcase classname="Background Message Handlers syncHighlights 消息 應該處理缺少 API Key 的錯誤" name="Background Message Handlers syncHighlights 消息 應該處理缺少 API Key 的錯誤" time="0.001">
    </testcase>
    <testcase classname="Background Message Handlers syncHighlights 消息 應該處理空標註列表" name="Background Message Handlers syncHighlights 消息 應該處理空標註列表" time="0">
    </testcase>
    <testcase classname="Background Message Handlers updateHighlights 消息 應該成功更新標註" name="Background Message Handlers updateHighlights 消息 應該成功更新標註" time="0">
    </testcase>
    <testcase classname="Background Message Handlers updateHighlights 消息 應該拒絕更新未保存的頁面" name="Background Message Handlers updateHighlights 消息 應該拒絕更新未保存的頁面" time="0">
    </testcase>
    <testcase classname="Background Message Handlers openNotionPage 消息 應該打開 Notion 頁面" name="Background Message Handlers openNotionPage 消息 應該打開 Notion 頁面" time="0">
    </testcase>
    <testcase classname="Background Message Handlers openNotionPage 消息 應該處理缺少 URL 的錯誤" name="Background Message Handlers openNotionPage 消息 應該處理缺少 URL 的錯誤" time="0.001">
    </testcase>
    <testcase classname="Background Message Handlers 未知消息類型 應該返回錯誤對於未知的 action" name="Background Message Handlers 未知消息類型 應該返回錯誤對於未知的 action" time="0">
    </testcase>
    <testcase classname="Background Message Handlers 錯誤處理 應該捕獲並返回處理器中的錯誤" name="Background Message Handlers 錯誤處理 應該捕獲並返回處理器中的錯誤" time="0.001">
    </testcase>
    <testcase classname="Background Message Handlers 錯誤處理 應該處理異步錯誤" name="Background Message Handlers 錯誤處理 應該處理異步錯誤" time="0">
    </testcase>
  </testsuite>
  <testsuite name="Background Update Highlights" errors="0" failures="0" skipped="0" timestamp="2025-11-19T18:07:46" time="0.017" tests="9">
    <testcase classname="Background Update Highlights updateHighlightsOnly 應該成功更新標註到現有頁面" name="Background Update Highlights updateHighlightsOnly 應該成功更新標註到現有頁面" time="0.002">
    </testcase>
    <testcase classname="Background Update Highlights updateHighlightsOnly 應該處理沒有現有標註區域的頁面" name="Background Update Highlights updateHighlightsOnly 應該處理沒有現有標註區域的頁面" time="0">
    </testcase>
    <testcase classname="Background Update Highlights updateHighlightsOnly 應該處理空標註列表" name="Background Update Highlights updateHighlightsOnly 應該處理空標註列表" time="0.001">
    </testcase>
    <testcase classname="Background Update Highlights updateHighlightsOnly 應該處理超長標註文本（需要分割）" name="Background Update Highlights updateHighlightsOnly 應該處理超長標註文本（需要分割）" time="0">
    </testcase>
    <testcase classname="Background Update Highlights updateHighlightsOnly 應該處理獲取現有內容失敗的情況" name="Background Update Highlights updateHighlightsOnly 應該處理獲取現有內容失敗的情況" time="0.001">
    </testcase>
    <testcase classname="Background Update Highlights updateHighlightsOnly 應該處理刪除區塊失敗的情況" name="Background Update Highlights updateHighlightsOnly 應該處理刪除區塊失敗的情況" time="0.001">
    </testcase>
    <testcase classname="Background Update Highlights updateHighlightsOnly 應該處理添加新標註失敗的情況" name="Background Update Highlights updateHighlightsOnly 應該處理添加新標註失敗的情況" time="0">
    </testcase>
    <testcase classname="Background Update Highlights updateHighlightsOnly 應該處理網路錯誤" name="Background Update Highlights updateHighlightsOnly 應該處理網路錯誤" time="0.001">
    </testcase>
    <testcase classname="Background Update Highlights updateHighlightsOnly 應該正確識別和處理標註區域的邊界" name="Background Update Highlights updateHighlightsOnly 應該正確識別和處理標註區域的邊界" time="0">
    </testcase>
  </testsuite>
  <testsuite name="模板變數替換" errors="0" failures="0" skipped="0" timestamp="2025-11-19T18:07:46" time="0.017" tests="17">
    <testcase classname="模板變數替換 replaceTemplateVars() 應該替換 {title} 變數" name="模板變數替換 replaceTemplateVars() 應該替換 {title} 變數" time="0.001">
    </testcase>
    <testcase classname="模板變數替換 replaceTemplateVars() 應該替換 {date} 變數" name="模板變數替換 replaceTemplateVars() 應該替換 {date} 變數" time="0">
    </testcase>
    <testcase classname="模板變數替換 replaceTemplateVars() 應該替換 {domain} 變數" name="模板變數替換 replaceTemplateVars() 應該替換 {domain} 變數" time="0.001">
    </testcase>
    <testcase classname="模板變數替換 replaceTemplateVars() 應該替換 {url} 變數" name="模板變數替換 replaceTemplateVars() 應該替換 {url} 變數" time="0">
    </testcase>
    <testcase classname="模板變數替換 replaceTemplateVars() 應該替換多個變數" name="模板變數替換 replaceTemplateVars() 應該替換多個變數" time="0">
    </testcase>
    <testcase classname="模板變數替換 replaceTemplateVars() 應該處理不存在的變數" name="模板變數替換 replaceTemplateVars() 應該處理不存在的變數" time="0.001">
    </testcase>
    <testcase classname="模板變數替換 replaceTemplateVars() 應該處理空字符串變數" name="模板變數替換 replaceTemplateVars() 應該處理空字符串變數" time="0">
    </testcase>
    <testcase classname="模板變數替換 replaceTemplateVars() 應該處理特殊字符" name="模板變數替換 replaceTemplateVars() 應該處理特殊字符" time="0">
    </testcase>
    <testcase classname="模板變數替換 replaceTemplateVars() 應該處理重複的變數" name="模板變數替換 replaceTemplateVars() 應該處理重複的變數" time="0.001">
    </testcase>
    <testcase classname="模板變數替換 extractDomain() 應該從 URL 提取域名" name="模板變數替換 extractDomain() 應該從 URL 提取域名" time="0">
    </testcase>
    <testcase classname="模板變數替換 extractDomain() 應該處理沒有 www 的域名" name="模板變數替換 extractDomain() 應該處理沒有 www 的域名" time="0">
    </testcase>
    <testcase classname="模板變數替換 extractDomain() 應該處理子域名" name="模板變數替換 extractDomain() 應該處理子域名" time="0.001">
    </testcase>
    <testcase classname="模板變數替換 extractDomain() 應該處理端口號" name="模板變數替換 extractDomain() 應該處理端口號" time="0">
    </testcase>
    <testcase classname="模板變數替換 extractDomain() 應該處理無效 URL" name="模板變數替換 extractDomain() 應該處理無效 URL" time="0.001">
    </testcase>
    <testcase classname="模板變數替換 escapeTemplateString() 應該轉義 HTML 特殊字符" name="模板變數替換 escapeTemplateString() 應該轉義 HTML 特殊字符" time="0">
    </testcase>
    <testcase classname="模板變數替換 escapeTemplateString() 應該處理空字符串" name="模板變數替換 escapeTemplateString() 應該處理空字符串" time="0.001">
    </testcase>
    <testcase classname="模板變數替換 escapeTemplateString() 應該處理只有特殊字符的字符串" name="模板變數替換 escapeTemplateString() 應該處理只有特殊字符的字符串" time="0">
    </testcase>
  </testsuite>
  <testsuite name="Logger 系統進階測試" errors="0" failures="0" skipped="0" timestamp="2025-11-19T18:07:46" time="0.019" tests="9">
    <testcase classname="Logger 系統進階測試 Logger 基本功能測試 應該正確調用 debug 方法" name="Logger 系統進階測試 Logger 基本功能測試 應該正確調用 debug 方法" time="0.001">
    </testcase>
    <testcase classname="Logger 系統進階測試 Logger 基本功能測試 應該正確調用 info 方法" name="Logger 系統進階測試 Logger 基本功能測試 應該正確調用 info 方法" time="0">
    </testcase>
    <testcase classname="Logger 系統進階測試 Logger 基本功能測試 應該正確調用 warn 方法" name="Logger 系統進階測試 Logger 基本功能測試 應該正確調用 warn 方法" time="0.004">
    </testcase>
    <testcase classname="Logger 系統進階測試 Logger 基本功能測試 應該正確調用 error 方法" name="Logger 系統進階測試 Logger 基本功能測試 應該正確調用 error 方法" time="0.001">
    </testcase>
    <testcase classname="Logger 系統進階測試 Chrome runtime 異常處理 應該處理 chrome 不存在的情況" name="Logger 系統進階測試 Chrome runtime 異常處理 應該處理 chrome 不存在的情況" time="0">
    </testcase>
    <testcase classname="Logger 系統進階測試 Chrome runtime 異常處理 應該處理 chrome.runtime 不完整的情況" name="Logger 系統進階測試 Chrome runtime 異常處理 應該處理 chrome.runtime 不完整的情況" time="0.001">
    </testcase>
    <testcase classname="Logger 系統進階測試 參數處理 應該處理多個參數" name="Logger 系統進階測試 參數處理 應該處理多個參數" time="0">
    </testcase>
    <testcase classname="Logger 系統進階測試 參數處理 應該處理循環引用對象" name="Logger 系統進階測試 參數處理 應該處理循環引用對象" time="0.001">
    </testcase>
    <testcase classname="Logger 系統進階測試 性能測試 應該快速處理大量日誌調用" name="Logger 系統進階測試 性能測試 應該快速處理大量日誌調用" time="0">
    </testcase>
  </testsuite>
  <testsuite name="HighlightManager.waitForDOMStability" errors="0" failures="0" skipped="0" timestamp="2025-11-19T18:07:46" time="0.015" tests="6">
    <testcase classname="HighlightManager.waitForDOMStability 成功分支測試 應該在 DOM 穩定時返回 true" name="HighlightManager.waitForDOMStability 成功分支測試 應該在 DOM 穩定時返回 true" time="0.001">
    </testcase>
    <testcase classname="HighlightManager.waitForDOMStability 成功分支測試 應該在指定容器穩定時返回 true" name="HighlightManager.waitForDOMStability 成功分支測試 應該在指定容器穩定時返回 true" time="0.001">
    </testcase>
    <testcase classname="HighlightManager.waitForDOMStability 超時分支測試 應該在超時時返回 false" name="HighlightManager.waitForDOMStability 超時分支測試 應該在超時時返回 false" time="0">
    </testcase>
    <testcase classname="HighlightManager.waitForDOMStability 超時分支測試 應該在找不到指定容器時返回 false" name="HighlightManager.waitForDOMStability 超時分支測試 應該在找不到指定容器時返回 false" time="0.001">
    </testcase>
    <testcase classname="HighlightManager.waitForDOMStability 超時分支測試 應該在 document.body 不存在時返回 false" name="HighlightManager.waitForDOMStability 超時分支測試 應該在 document.body 不存在時返回 false" time="0">
    </testcase>
    <testcase classname="HighlightManager.waitForDOMStability 資源清理測試 應該正確清理所有資源" name="HighlightManager.waitForDOMStability 資源清理測試 應該正確清理所有資源" time="0.001">
    </testcase>
  </testsuite>
  <testsuite name="ImageExtractor - 回退策略整合" errors="0" failures="0" skipped="0" timestamp="2025-11-19T18:07:46" time="0.012" tests="3">
    <testcase classname="ImageExtractor - 回退策略整合 啟用回退時應該委派背景提取" name="ImageExtractor - 回退策略整合 啟用回退時應該委派背景提取" time="0.001">
    </testcase>
    <testcase classname="ImageExtractor - 回退策略整合 應該委派 picture 與 noscript 提取流程" name="ImageExtractor - 回退策略整合 應該委派 picture 與 noscript 提取流程" time="0">
    </testcase>
    <testcase classname="ImageExtractor - 回退策略整合 關閉 enableFallbacks 時應該略過委派" name="ImageExtractor - 回退策略整合 關閉 enableFallbacks 時應該略過委派" time="0.001">
    </testcase>
  </testsuite>
  <testsuite name="HTML → Markdown → Notion Blocks - Wrapper" errors="0" failures="0" skipped="0" timestamp="2025-11-19T18:07:46" time="0.019" tests="7">
    <testcase classname="HTML → Markdown → Notion Blocks - Wrapper 標題與段落轉換" name="HTML → Markdown → Notion Blocks - Wrapper 標題與段落轉換" time="0.001">
    </testcase>
    <testcase classname="HTML → Markdown → Notion Blocks - Wrapper 列表與代碼塊轉換" name="HTML → Markdown → Notion Blocks - Wrapper 列表與代碼塊轉換" time="0">
    </testcase>
    <testcase classname="HTML → Markdown → Notion Blocks - Wrapper 編號列表與未閉合代碼塊處理" name="HTML → Markdown → Notion Blocks - Wrapper 編號列表與未閉合代碼塊處理" time="0.001">
    </testcase>
    <testcase classname="HTML → Markdown → Notion Blocks - Wrapper 多級標題 (h2,h3) 轉換" name="HTML → Markdown → Notion Blocks - Wrapper 多級標題 (h2,h3) 轉換" time="0.004">
    </testcase>
    <testcase classname="HTML → Markdown → Notion Blocks - Wrapper Markdown 圖片轉換為 image block" name="HTML → Markdown → Notion Blocks - Wrapper Markdown 圖片轉換為 image block" time="0.001">
    </testcase>
    <testcase classname="HTML → Markdown → Notion Blocks - Wrapper 段落內含圖片時生成 image block 並保留文字" name="HTML → Markdown → Notion Blocks - Wrapper 段落內含圖片時生成 image block 並保留文字" time="0">
    </testcase>
    <testcase classname="HTML → Markdown → Notion Blocks - Wrapper 絕對連結驗證" name="HTML → Markdown → Notion Blocks - Wrapper 絕對連結驗證" time="0.001">
    </testcase>
  </testsuite>
  <testsuite name="AdaptivePerformanceManager" errors="0" failures="0" skipped="0" timestamp="2025-11-19T18:07:46" time="0.013" tests="2">
    <testcase classname="AdaptivePerformanceManager analyzeAndAdjust returns strategy object and applies settings to optimizer" name="AdaptivePerformanceManager analyzeAndAdjust returns strategy object and applies settings to optimizer" time="0.001">
    </testcase>
    <testcase classname="AdaptivePerformanceManager adjustBatchSize and adjustCacheSize update settings" name="AdaptivePerformanceManager adjustBatchSize and adjustCacheSize update settings" time="0.001">
    </testcase>
  </testsuite>
  <testsuite name="scripts/background.js require integration" errors="0" failures="0" skipped="0" timestamp="2025-11-19T18:07:46" time="0.016" tests="2">
    <testcase classname="scripts/background.js require integration onInstalled(update) 會顯示更新通知並傳送版本訊息" name="scripts/background.js require integration onInstalled(update) 會顯示更新通知並傳送版本訊息" time="0.003">
    </testcase>
    <testcase classname="scripts/background.js require integration onMessage(openNotionPage) 會開新分頁並回傳成功" name="scripts/background.js require integration onMessage(openNotionPage) 會開新分頁並回傳成功" time="0.002">
    </testcase>
  </testsuite>
  <testsuite name="PerformanceOptimizer (extra tests)" errors="0" failures="0" skipped="0" timestamp="2025-11-19T18:07:46" time="0.016" tests="4">
    <testcase classname="PerformanceOptimizer (extra tests) cachedQuery caches and returns elements" name="PerformanceOptimizer (extra tests) cachedQuery caches and returns elements" time="0.001">
    </testcase>
    <testcase classname="PerformanceOptimizer (extra tests) clearExpiredCache(force) clears all entries" name="PerformanceOptimizer (extra tests) clearExpiredCache(force) clears all entries" time="0">
    </testcase>
    <testcase classname="PerformanceOptimizer (extra tests) batchDomOperations executes operations when processing runs" name="PerformanceOptimizer (extra tests) batchDomOperations executes operations when processing runs" time="0.001">
    </testcase>
    <testcase classname="PerformanceOptimizer (extra tests) preloadSelectors prewarms selectors" name="PerformanceOptimizer (extra tests) preloadSelectors prewarms selectors" time="0">
    </testcase>
  </testsuite>
  <testsuite name="Options - 授權管理" errors="0" failures="0" skipped="0" timestamp="2025-11-19T18:07:46" time="0.012" tests="3">
    <testcase classname="Options - 授權管理 disconnectFromNotion 應該正確斷開 Notion 連接並清除授權數據" name="Options - 授權管理 disconnectFromNotion 應該正確斷開 Notion 連接並清除授權數據" time="0.001">
    </testcase>
    <testcase classname="Options - 授權管理 disconnectFromNotion 應該正確處理斷開連接時的錯誤" name="Options - 授權管理 disconnectFromNotion 應該正確處理斷開連接時的錯誤" time="0.001">
    </testcase>
    <testcase classname="Options - 授權管理 disconnectFromNotion 應該在成功斷開連接後更新授權狀態" name="Options - 授權管理 disconnectFromNotion 應該在成功斷開連接後更新授權狀態" time="0">
    </testcase>
  </testsuite>
  <testsuite name="標註存儲優化 (v2.8.0)" errors="0" failures="0" skipped="0" timestamp="2025-11-19T18:07:46" time="0.013" tests="6">
    <testcase classname="標註存儲優化 (v2.8.0) serializeRange 不應包含 text 字段" name="標註存儲優化 (v2.8.0) serializeRange 不應包含 text 字段" time="0">
    </testcase>
    <testcase classname="標註存儲優化 (v2.8.0) deserializeRange 應使用外部 text 參數進行驗證" name="標註存儲優化 (v2.8.0) deserializeRange 應使用外部 text 參數進行驗證" time="0">
    </testcase>
    <testcase classname="標註存儲優化 (v2.8.0) deserializeRange 應向後兼容舊格式（包含 text 字段）" name="標註存儲優化 (v2.8.0) deserializeRange 應向後兼容舊格式（包含 text 字段）" time="0">
    </testcase>
    <testcase classname="標註存儲優化 (v2.8.0) 數據遷移 應自動移除舊格式的 text 字段" name="標註存儲優化 (v2.8.0) 數據遷移 應自動移除舊格式的 text 字段" time="0.001">
    </testcase>
    <testcase classname="標註存儲優化 (v2.8.0) 數據遷移 計算存儲空間節省" name="標註存儲優化 (v2.8.0) 數據遷移 計算存儲空間節省" time="0">
    </testcase>
    <testcase classname="標註存儲優化 (v2.8.0) 實際存儲效果 70個標註的存儲空間對比" name="標註存儲優化 (v2.8.0) 實際存儲效果 70個標註的存儲空間對比" time="0">
    </testcase>
  </testsuite>
</testsuites>