TN:
SF:lib/Readability.js
FN:27,Readability
FN:55,Readability._serializer
FN:73,logNode
FN:83,Readability.log
FN:108,Readability.log
FN:268,_postProcessContent
FN:290,_removeNodes
FN:313,_replaceNodeTags
FN:334,_forEachNode
FN:349,_findNode
FN:364,_someNode
FN:379,_everyNode
FN:383,_getAllNodesWithTag
FN:419,_cleanClasses
FN:443,_isUrl
FN:458,_fixRelativeUris
FN:461,toAbsoluteURI
FN:533,_simplifyNestedElements
FN:568,_getArticleTitle
FN:585,wordCount
FN:660,_prepDocument
FN:678,_nextNode
FN:697,_replaceBrs
FN:753,_setNodeTag
FN:783,_prepArticle
FN:876,_initializeNode
FN:915,_removeAndGetNext
FN:932,_getNextNode
FN:954,_textSimilarity
FN:972,_isValidByline
FN:984,_getNodeAncestors
FN:1006,_grabArticle
FN:1546,_unescapeHtmlEntities
FN:1573,_getJSONLD
FN:1688,_getArticleMetadata
FN:1801,_isSingleImage
FN:1822,_unwrapNoscriptImages
FN:1904,_removeScripts
FN:1916,_hasSingleTagInsideElement
FN:1928,_isElementWithoutContent
FN:1943,_hasChildBlockElement
FN:1953,_isPhrasingContent
FN:1962,_isWhitespace
FN:1977,_getInnerText
FN:1994,_getCharCount
FN:2006,_cleanStyles
FN:2035,_getLinkDensity
FN:2060,_getClassWeight
FN:2100,_clean
FN:2132,_hasAncestorTag
FN:2152,_getRowAndColumnCount
FN:2183,_markDataTables
FN:2211,descendantExists
FN:2244,_fixLazyImages
FN:2322,_getTextDensity
FN:2342,_cleanConditionally
FN:2354,isDataTable
FN:2437,shouldRemoveNode
FN:2513,_cleanMatchedNodes
FN:2531,_cleanHeaders
FN:2549,_headerDuplicatesTitle
FN:2558,_flagIsActive
FN:2562,_removeFlag
FN:2566,_isProbablyVisible
FN:2591,parse
FNF:65
FNH:54
FNDA:9,Readability
FNDA:9,Readability._serializer
FNDA:0,logNode
FNDA:0,Readability.log
FNDA:495,Readability.log
FNDA:9,_postProcessContent
FNDA:585,_removeNodes
FNDA:45,_replaceNodeTags
FNDA:603,_forEachNode
FNDA:0,_findNode
FNDA:396,_someNode
FNDA:0,_everyNode
FNDA:954,_getAllNodesWithTag
FNDA:54,_cleanClasses
FNDA:0,_isUrl
FNDA:9,_fixRelativeUris
FNDA:9,toAbsoluteURI
FNDA:9,_simplifyNestedElements
FNDA:9,_getArticleTitle
FNDA:9,wordCount
FNDA:9,_prepDocument
FNDA:0,_nextNode
FNDA:9,_replaceBrs
FNDA:0,_setNodeTag
FNDA:36,_prepArticle
FNDA:45,_initializeNode
FNDA:153,_removeAndGetNext
FNDA:1458,_getNextNode
FNDA:36,_textSimilarity
FNDA:1116,_isValidByline
FNDA:45,_getNodeAncestors
FNDA:9,_grabArticle
FNDA:45,_unescapeHtmlEntities
FNDA:9,_getJSONLD
FNDA:9,_getArticleMetadata
FNDA:0,_isSingleImage
FNDA:9,_unwrapNoscriptImages
FNDA:9,_removeScripts
FNDA:297,_hasSingleTagInsideElement
FNDA:288,_isElementWithoutContent
FNDA:180,_hasChildBlockElement
FNDA:2007,_isPhrasingContent
FNDA:783,_isWhitespace
FNDA:972,_getInnerText
FNDA:27,_getCharCount
FNDA:180,_cleanStyles
FNDA:279,_getLinkDensity
FNDA:72,_getClassWeight
FNDA:360,_clean
FNDA:99,_hasAncestorTag
FNDA:0,_getRowAndColumnCount
FNDA:36,_markDataTables
FNDA:0,descendantExists
FNDA:36,_fixLazyImages
FNDA:54,_getTextDensity
FNDA:180,_cleanConditionally
FNDA:0,isDataTable
FNDA:27,shouldRemoveNode
FNDA:36,_cleanMatchedNodes
FNDA:36,_cleanHeaders
FNDA:252,_headerDuplicatesTitle
FNDA:369,_flagIsActive
FNDA:27,_removeFlag
FNDA:1224,_isProbablyVisible
FNDA:9,parse
DA:1,31
DA:2,31
DA:3,31
DA:4,31
DA:5,31
DA:6,31
DA:7,31
DA:8,31
DA:9,31
DA:10,31
DA:11,31
DA:12,31
DA:13,31
DA:14,31
DA:15,31
DA:16,31
DA:17,31
DA:18,31
DA:19,31
DA:20,31
DA:21,31
DA:22,31
DA:23,31
DA:24,31
DA:25,31
DA:26,31
DA:27,9
DA:28,9
DA:29,9
DA:30,0
DA:31,0
DA:32,9
DA:33,0
DA:34,0
DA:35,9
DA:36,9
DA:37,9
DA:38,9
DA:39,9
DA:40,9
DA:41,9
DA:42,9
DA:43,9
DA:44,9
DA:45,9
DA:46,9
DA:47,9
DA:48,9
DA:49,9
DA:50,9
DA:51,9
DA:52,9
DA:53,9
DA:54,9
DA:55,9
DA:56,9
DA:57,9
DA:58,9
DA:59,9
DA:60,9
DA:61,9
DA:62,9
DA:63,9
DA:64,9
DA:65,9
DA:66,9
DA:67,9
DA:68,0
DA:69,0
DA:70,0
DA:71,0
DA:72,0
DA:73,0
DA:74,0
DA:75,0
DA:76,0
DA:77,0
DA:78,0
DA:79,0
DA:80,0
DA:81,0
DA:82,0
DA:83,0
DA:84,0
DA:85,0
DA:86,0
DA:87,0
DA:88,0
DA:89,0
DA:90,0
DA:91,0
DA:92,0
DA:93,0
DA:94,0
DA:95,0
DA:96,0
DA:97,0
DA:98,0
DA:99,0
DA:100,0
DA:101,0
DA:102,0
DA:103,0
DA:104,0
DA:105,0
DA:106,0
DA:107,9
DA:108,9
DA:109,9
DA:110,9
DA:111,31
DA:112,31
DA:113,31
DA:114,31
DA:115,31
DA:116,31
DA:117,31
DA:118,31
DA:119,31
DA:120,31
DA:121,31
DA:122,31
DA:123,31
DA:124,31
DA:125,31
DA:126,31
DA:127,31
DA:128,31
DA:129,31
DA:130,31
DA:131,31
DA:132,31
DA:133,31
DA:134,31
DA:135,31
DA:136,31
DA:137,31
DA:138,31
DA:139,31
DA:140,31
DA:141,31
DA:142,31
DA:143,31
DA:144,31
DA:145,31
DA:146,31
DA:147,31
DA:148,31
DA:149,31
DA:150,31
DA:151,31
DA:152,31
DA:153,31
DA:154,31
DA:155,31
DA:156,31
DA:157,31
DA:158,31
DA:159,31
DA:160,31
DA:161,31
DA:162,31
DA:163,31
DA:164,31
DA:165,31
DA:166,31
DA:167,31
DA:168,31
DA:169,31
DA:170,31
DA:171,31
DA:172,31
DA:173,31
DA:174,31
DA:175,31
DA:176,31
DA:177,31
DA:178,31
DA:179,31
DA:180,31
DA:181,31
DA:182,31
DA:183,31
DA:184,31
DA:185,31
DA:186,31
DA:187,31
DA:188,31
DA:189,31
DA:190,31
DA:191,31
DA:192,31
DA:193,31
DA:194,31
DA:195,31
DA:196,31
DA:197,31
DA:198,31
DA:199,31
DA:200,31
DA:201,31
DA:202,31
DA:203,31
DA:204,31
DA:205,31
DA:206,31
DA:207,31
DA:208,31
DA:209,31
DA:210,31
DA:211,31
DA:212,31
DA:213,31
DA:214,31
DA:215,31
DA:216,31
DA:217,31
DA:218,31
DA:219,31
DA:220,31
DA:221,31
DA:222,31
DA:223,31
DA:224,31
DA:225,31
DA:226,31
DA:227,31
DA:228,31
DA:229,31
DA:230,31
DA:231,31
DA:232,31
DA:233,31
DA:234,31
DA:235,31
DA:236,31
DA:237,31
DA:238,31
DA:239,31
DA:240,31
DA:241,31
DA:242,31
DA:243,31
DA:244,31
DA:245,31
DA:246,31
DA:247,31
DA:248,31
DA:249,31
DA:250,31
DA:251,31
DA:252,31
DA:253,31
DA:254,31
DA:255,31
DA:256,31
DA:257,31
DA:258,31
DA:259,31
DA:260,31
DA:261,31
DA:262,31
DA:263,31
DA:264,31
DA:265,31
DA:266,31
DA:267,31
DA:268,31
DA:269,9
DA:270,9
DA:271,9
DA:272,9
DA:273,9
DA:274,9
DA:275,9
DA:276,9
DA:277,9
DA:278,31
DA:279,31
DA:280,31
DA:281,31
DA:282,31
DA:283,31
DA:284,31
DA:285,31
DA:286,31
DA:287,31
DA:288,31
DA:289,31
DA:290,31
DA:291,585
DA:292,585
DA:293,0
DA:294,0
DA:295,585
DA:296,126
DA:297,126
DA:298,126
DA:299,126
DA:300,27
DA:301,27
DA:302,126
DA:303,126
DA:304,31
DA:305,31
DA:306,31
DA:307,31
DA:308,31
DA:309,31
DA:310,31
DA:311,31
DA:312,31
DA:313,31
DA:314,45
DA:315,45
DA:316,0
DA:317,0
DA:318,45
DA:319,0
DA:320,0
DA:321,31
DA:322,31
DA:323,31
DA:324,31
DA:325,31
DA:326,31
DA:327,31
DA:328,31
DA:329,31
DA:330,31
DA:331,31
DA:332,31
DA:333,31
DA:334,31
DA:335,603
DA:336,31
DA:337,31
DA:338,31
DA:339,31
DA:340,31
DA:341,31
DA:342,31
DA:343,31
DA:344,31
DA:345,31
DA:346,31
DA:347,31
DA:348,31
DA:349,31
DA:350,0
DA:351,31
DA:352,31
DA:353,31
DA:354,31
DA:355,31
DA:356,31
DA:357,31
DA:358,31
DA:359,31
DA:360,31
DA:361,31
DA:362,31
DA:363,31
DA:364,31
DA:365,396
DA:366,31
DA:367,31
DA:368,31
DA:369,31
DA:370,31
DA:371,31
DA:372,31
DA:373,31
DA:374,31
DA:375,31
DA:376,31
DA:377,31
DA:378,31
DA:379,31
DA:380,0
DA:381,31
DA:382,31
DA:383,31
DA:384,954
DA:385,954
DA:386,954
DA:387,0
DA:388,0
DA:389,0
DA:390,0
DA:391,0
DA:392,0
DA:393,954
DA:394,954
DA:395,954
DA:396,0
DA:397,0
DA:398,0
DA:399,0
DA:400,0
DA:401,0
DA:402,0
DA:403,0
DA:404,0
DA:405,0
DA:406,0
DA:407,0
DA:408,954
DA:409,31
DA:410,31
DA:411,31
DA:412,31
DA:413,31
DA:414,31
DA:415,31
DA:416,31
DA:417,31
DA:418,31
DA:419,31
DA:420,54
DA:421,54
DA:422,54
DA:423,54
DA:424,54
DA:425,54
DA:426,54
DA:427,9
DA:428,54
DA:429,45
DA:430,45
DA:431,54
DA:432,54
DA:433,45
DA:434,45
DA:435,31
DA:436,31
DA:437,31
DA:438,31
DA:439,31
DA:440,31
DA:441,31
DA:442,31
DA:443,31
DA:444,0
DA:445,0
DA:446,0
DA:447,0
DA:448,0
DA:449,0
DA:450,31
DA:451,31
DA:452,31
DA:453,31
DA:454,31
DA:455,31
DA:456,31
DA:457,31
DA:458,31
DA:459,9
DA:460,9
DA:461,9
DA:462,9
DA:463,9
DA:464,0
DA:465,0
DA:466,9
DA:467,9
DA:468,9
DA:469,9
DA:470,9
DA:471,0
DA:472,0
DA:473,0
DA:474,9
DA:475,9
DA:476,9
DA:477,9
DA:478,9
DA:479,9
DA:480,9
DA:481,9
DA:482,9
DA:483,0
DA:484,0
DA:485,0
DA:486,0
DA:487,0
DA:488,0
DA:489,0
DA:490,0
DA:491,0
DA:492,0
DA:493,0
DA:494,0
DA:495,9
DA:496,9
DA:497,9
DA:498,9
DA:499,9
DA:500,9
DA:501,9
DA:502,9
DA:503,9
DA:504,9
DA:505,9
DA:506,9
DA:507,9
DA:508,9
DA:509,9
DA:510,9
DA:511,0
DA:512,0
DA:513,0
DA:514,0
DA:515,0
DA:516,0
DA:517,0
DA:518,0
DA:519,0
DA:520,0
DA:521,0
DA:522,0
DA:523,0
DA:524,0
DA:525,0
DA:526,0
DA:527,0
DA:528,0
DA:529,0
DA:530,9
DA:531,31
DA:532,31
DA:533,31
DA:534,9
DA:535,9
DA:536,9
DA:537,54
DA:538,54
DA:539,54
DA:540,18
DA:541,54
DA:542,9
DA:543,0
DA:544,0
DA:545,9
DA:546,9
DA:547,9
DA:548,9
DA:549,0
DA:550,0
DA:551,0
DA:552,0
DA:553,0
DA:554,0
DA:555,0
DA:556,0
DA:557,9
DA:558,54
DA:559,54
DA:560,54
DA:561,31
DA:562,31
DA:563,31
DA:564,31
DA:565,31
DA:566,31
DA:567,31
DA:568,31
DA:569,9
DA:570,9
DA:571,9
DA:572,9
DA:573,9
DA:574,9
DA:575,9
DA:576,9
DA:577,9
DA:578,0
DA:579,0
DA:580,9
DA:581,0
DA:582,0
DA:583,9
DA:584,9
DA:585,9
DA:586,9
DA:587,9
DA:588,9
DA:589,9
DA:590,9
DA:591,9
DA:592,0
DA:593,0
DA:594,0
DA:595,0
DA:596,0
DA:597,0
DA:598,0
DA:599,0
DA:600,0
DA:601,0
DA:602,0
DA:603,0
DA:604,0
DA:605,9
DA:606,0
DA:607,0
DA:608,0
DA:609,0
DA:610,0
DA:611,0
DA:612,0
DA:613,0
DA:614,0
DA:615,0
DA:616,0
DA:617,0
DA:618,0
DA:619,0
DA:620,0
DA:621,0
DA:622,0
DA:623,0
DA:624,0
DA:625,0
DA:626,0
DA:627,9
DA:628,9
DA:629,9
DA:630,9
DA:631,9
DA:632,9
DA:633,9
DA:634,9
DA:635,9
DA:636,9
DA:637,9
DA:638,9
DA:639,9
DA:640,9
DA:641,9
DA:642,9
DA:643,9
DA:644,0
DA:645,0
DA:646,9
DA:647,9
DA:648,9
DA:649,9
DA:650,9
DA:651,9
DA:652,31
DA:653,31
DA:654,31
DA:655,31
DA:656,31
DA:657,31
DA:658,31
DA:659,31
DA:660,31
DA:661,9
DA:662,9
DA:663,9
DA:664,9
DA:665,9
DA:666,9
DA:667,9
DA:668,9
DA:669,9
DA:670,9
DA:671,31
DA:672,31
DA:673,31
DA:674,31
DA:675,31
DA:676,31
DA:677,31
DA:678,31
DA:679,0
DA:680,0
DA:681,0
DA:682,0
DA:683,0
DA:684,0
DA:685,0
DA:686,0
DA:687,0
DA:688,31
DA:689,31
DA:690,31
DA:691,31
DA:692,31
DA:693,31
DA:694,31
DA:695,31
DA:696,31
DA:697,31
DA:698,9
DA:699,0
DA:700,0
DA:701,0
DA:702,0
DA:703,0
DA:704,0
DA:705,0
DA:706,0
DA:707,0
DA:708,0
DA:709,0
DA:710,0
DA:711,0
DA:712,0
DA:713,0
DA:714,0
DA:715,0
DA:716,0
DA:717,0
DA:718,0
DA:719,0
DA:720,0
DA:721,0
DA:722,0
DA:723,0
DA:724,0
DA:725,0
DA:726,0
DA:727,0
DA:728,0
DA:729,0
DA:730,0
DA:731,0
DA:732,0
DA:733,0
DA:734,0
DA:735,0
DA:736,0
DA:737,0
DA:738,0
DA:739,0
DA:740,0
DA:741,0
DA:742,0
DA:743,0
DA:744,0
DA:745,0
DA:746,0
DA:747,0
DA:748,0
DA:749,0
DA:750,9
DA:751,31
DA:752,31
DA:753,31
DA:754,0
DA:755,0
DA:756,0
DA:757,0
DA:758,0
DA:759,0
DA:760,0
DA:761,0
DA:762,0
DA:763,0
DA:764,0
DA:765,0
DA:766,0
DA:767,0
DA:768,0
DA:769,0
DA:770,0
DA:771,0
DA:772,0
DA:773,0
DA:774,31
DA:775,31
DA:776,31
DA:777,31
DA:778,31
DA:779,31
DA:780,31
DA:781,31
DA:782,31
DA:783,31
DA:784,36
DA:785,36
DA:786,36
DA:787,36
DA:788,36
DA:789,36
DA:790,36
DA:791,36
DA:792,36
DA:793,36
DA:794,36
DA:795,36
DA:796,36
DA:797,36
DA:798,36
DA:799,36
DA:800,36
DA:801,36
DA:802,36
DA:803,36
DA:804,36
DA:805,36
DA:806,36
DA:807,36
DA:808,36
DA:809,108
DA:810,108
DA:811,0
DA:812,108
DA:813,36
DA:814,36
DA:815,36
DA:816,36
DA:817,36
DA:818,36
DA:819,36
DA:820,36
DA:821,36
DA:822,36
DA:823,36
DA:824,36
DA:825,36
DA:826,36
DA:827,36
DA:828,36
DA:829,36
DA:830,36
DA:831,36
DA:832,36
DA:833,36
DA:834,72
DA:835,72
DA:836,72
DA:837,72
DA:838,72
DA:839,72
DA:840,72
DA:841,72
DA:842,72
DA:843,36
DA:844,36
DA:845,36
DA:846,0
DA:847,0
DA:848,0
DA:849,0
DA:850,36
DA:851,36
DA:852,36
DA:853,36
DA:854,0
DA:855,0
DA:856,0
DA:857,0
DA:858,0
DA:859,0
DA:860,0
DA:861,0
DA:862,0
DA:863,0
DA:864,0
DA:865,0
DA:866,36
DA:867,31
DA:868,31
DA:869,31
DA:870,31
DA:871,31
DA:872,31
DA:873,31
DA:874,31
DA:875,31
DA:876,31
DA:877,45
DA:878,45
DA:879,45
DA:880,45
DA:881,36
DA:882,36
DA:883,45
DA:884,45
DA:885,45
DA:886,45
DA:887,0
DA:888,0
DA:889,45
DA:890,45
DA:891,45
DA:892,45
DA:893,45
DA:894,45
DA:895,45
DA:896,45
DA:897,45
DA:898,0
DA:899,0
DA:900,45
DA:901,45
DA:902,45
DA:903,45
DA:904,45
DA:905,45
DA:906,45
DA:907,45
DA:908,0
DA:909,0
DA:910,45
DA:911,45
DA:912,45
DA:913,31
DA:914,31
DA:915,31
DA:916,153
DA:917,153
DA:918,153
DA:919,31
DA:920,31
DA:921,31
DA:922,31
DA:923,31
DA:924,31
DA:925,31
DA:926,31
DA:927,31
DA:928,31
DA:929,31
DA:930,31
DA:931,31
DA:932,31
DA:933,1458
DA:934,1458
DA:935,612
DA:936,612
DA:937,846
DA:938,1458
DA:939,441
DA:940,441
DA:941,405
DA:942,405
DA:943,405
DA:944,1458
DA:945,837
DA:946,1458
DA:947,1458
DA:948,31
DA:949,31
DA:950,31
DA:951,31
DA:952,31
DA:953,31
DA:954,31
DA:955,36
DA:956,36
DA:957,36
DA:958,0
DA:959,0
DA:960,36
DA:961,36
DA:962,36
DA:963,31
DA:964,31
DA:965,31
DA:966,31
DA:967,31
DA:968,31
DA:969,31
DA:970,31
DA:971,31
DA:972,31
DA:973,1116
DA:974,1116
DA:975,1116
DA:976,1116
DA:977,1116
DA:978,1116
DA:979,1116
DA:980,0
DA:981,1116
DA:982,31
DA:983,31
DA:984,31
DA:985,45
DA:986,45
DA:987,45
DA:988,45
DA:989,162
DA:990,162
DA:991,0
DA:992,0
DA:993,162
DA:994,162
DA:995,45
DA:996,31
DA:997,31
DA:998,31
DA:999,31
DA:1000,31
DA:1001,31
DA:1002,31
DA:1003,31
DA:1004,31
DA:1005,31
DA:1006,31
DA:1007,9
DA:1008,9
DA:1009,9
DA:1010,9
DA:1011,9
DA:1012,9
DA:1013,9
DA:1014,0
DA:1015,0
DA:1016,0
DA:1017,9
DA:1018,9
DA:1019,9
DA:1020,9
DA:1021,36
DA:1022,36
DA:1023,36
DA:1024,36
DA:1025,36
DA:1026,36
DA:1027,36
DA:1028,36
DA:1029,36
DA:1030,36
DA:1031,36
DA:1032,36
DA:1033,1224
DA:1034,36
DA:1035,36
DA:1036,1224
DA:1037,1224
DA:1038,1224
DA:1039,1224
DA:1040,108
DA:1041,108
DA:1042,108
DA:1043,108
DA:1044,1116
DA:1045,1116
DA:1046,1224
DA:1047,0
DA:1048,0
DA:1049,0
DA:1050,1116
DA:1051,1116
DA:1052,1116
DA:1053,1116
DA:1054,1224
DA:1055,1116
DA:1056,1224
DA:1057,0
DA:1058,0
DA:1059,0
DA:1060,0
DA:1061,0
DA:1062,0
DA:1063,0
DA:1064,0
DA:1065,0
DA:1066,0
DA:1067,0
DA:1068,0
DA:1069,0
DA:1070,0
DA:1071,0
DA:1072,0
DA:1073,0
DA:1074,1116
DA:1075,1224
DA:1076,36
DA:1077,36
DA:1078,36
DA:1079,36
DA:1080,36
DA:1081,1080
DA:1082,1080
DA:1083,1224
DA:1084,270
DA:1085,270
DA:1086,270
DA:1087,270
DA:1088,270
DA:1089,270
DA:1090,9
DA:1091,270
DA:1092,9
DA:1093,9
DA:1094,9
DA:1095,9
DA:1096,261
DA:1097,270
DA:1098,0
DA:1099,0
DA:1100,0
DA:1101,0
DA:1102,0
DA:1103,0
DA:1104,270
DA:1105,1071
DA:1106,1071
DA:1107,1071
DA:1108,1224
DA:1109,1224
DA:1110,1224
DA:1111,1224
DA:1112,1224
DA:1113,1224
DA:1114,1224
DA:1115,1224
DA:1116,1224
DA:1117,279
DA:1118,1224
DA:1119,0
DA:1120,0
DA:1121,0
DA:1122,1071
DA:1123,1224
DA:1124,72
DA:1125,72
DA:1126,1071
DA:1127,1071
DA:1128,1224
DA:1129,279
DA:1130,279
DA:1131,279
DA:1132,279
DA:1133,2007
DA:1134,2007
DA:1135,1467
DA:1136,684
DA:1137,1467
DA:1138,207
DA:1139,207
DA:1140,207
DA:1141,207
DA:1142,2007
DA:1143,0
DA:1144,0
DA:1145,0
DA:1146,0
DA:1147,0
DA:1148,2007
DA:1149,2007
DA:1150,279
DA:1151,279
DA:1152,279
DA:1153,279
DA:1154,279
DA:1155,279
DA:1156,207
DA:1157,207
DA:1158,207
DA:1159,207
DA:1160,279
DA:1161,0
DA:1162,0
DA:1163,0
DA:1164,279
DA:1165,1071
DA:1166,1071
DA:1167,36
DA:1168,36
DA:1169,36
DA:1170,36
DA:1171,36
DA:1172,36
DA:1173,36
DA:1174,36
DA:1175,36
DA:1176,279
DA:1177,279
DA:1178,279
DA:1179,279
DA:1180,0
DA:1181,0
DA:1182,279
DA:1183,279
DA:1184,279
DA:1185,279
DA:1186,243
DA:1187,243
DA:1188,36
DA:1189,36
DA:1190,36
DA:1191,279
DA:1192,0
DA:1193,0
DA:1194,36
DA:1195,36
DA:1196,36
DA:1197,36
DA:1198,36
DA:1199,36
DA:1200,36
DA:1201,36
DA:1202,36
DA:1203,36
DA:1204,36
DA:1205,36
DA:1206,36
DA:1207,36
DA:1208,144
DA:1209,144
DA:1210,144
DA:1211,108
DA:1212,144
DA:1213,72
DA:1214,72
DA:1215,72
DA:1216,144
DA:1217,45
DA:1218,45
DA:1219,45
DA:1220,72
DA:1221,72
DA:1222,72
DA:1223,72
DA:1224,72
DA:1225,144
DA:1226,36
DA:1227,36
DA:1228,36
DA:1229,36
DA:1230,0
DA:1231,0
DA:1232,72
DA:1233,36
DA:1234,36
DA:1235,36
DA:1236,36
DA:1237,36
DA:1238,36
DA:1239,36
DA:1240,45
DA:1241,45
DA:1242,45
DA:1243,45
DA:1244,45
DA:1245,45
DA:1246,45
DA:1247,45
DA:1248,45
DA:1249,45
DA:1250,45
DA:1251,45
DA:1252,54
DA:1253,54
DA:1254,54
DA:1255,45
DA:1256,45
DA:1257,0
DA:1258,0
DA:1259,45
DA:1260,45
DA:1261,54
DA:1262,45
DA:1263,36
DA:1264,36
DA:1265,36
DA:1266,36
DA:1267,36
DA:1268,36
DA:1269,36
DA:1270,36
DA:1271,0
DA:1272,0
DA:1273,0
DA:1274,0
DA:1275,0
DA:1276,0
DA:1277,0
DA:1278,0
DA:1279,0
DA:1280,0
DA:1281,0
DA:1282,0
DA:1283,0
DA:1284,36
DA:1285,36
DA:1286,36
DA:1287,36
DA:1288,36
DA:1289,9
DA:1290,9
DA:1291,9
DA:1292,9
DA:1293,0
DA:1294,0
DA:1295,9
DA:1296,36
DA:1297,36
DA:1298,0
DA:1299,0
DA:1300,0
DA:1301,0
DA:1302,0
DA:1303,0
DA:1304,0
DA:1305,0
DA:1306,0
DA:1307,0
DA:1308,0
DA:1309,0
DA:1310,0
DA:1311,0
DA:1312,0
DA:1313,0
DA:1314,0
DA:1315,0
DA:1316,0
DA:1317,0
DA:1318,36
DA:1319,0
DA:1320,0
DA:1321,36
DA:1322,36
DA:1323,36
DA:1324,36
DA:1325,36
DA:1326,36
DA:1327,36
DA:1328,36
DA:1329,36
DA:1330,36
DA:1331,36
DA:1332,36
DA:1333,36
DA:1334,0
DA:1335,0
DA:1336,0
DA:1337,0
DA:1338,0
DA:1339,0
DA:1340,0
DA:1341,0
DA:1342,0
DA:1343,0
DA:1344,0
DA:1345,0
DA:1346,0
DA:1347,0
DA:1348,0
DA:1349,0
DA:1350,36
DA:1351,36
DA:1352,36
DA:1353,36
DA:1354,36
DA:1355,36
DA:1356,0
DA:1357,36
DA:1358,0
DA:1359,0
DA:1360,0
DA:1361,36
DA:1362,0
DA:1363,0
DA:1364,36
DA:1365,36
DA:1366,36
DA:1367,36
DA:1368,36
DA:1369,36
DA:1370,36
DA:1371,36
DA:1372,36
DA:1373,36
DA:1374,36
DA:1375,36
DA:1376,36
DA:1377,36
DA:1378,36
DA:1379,36
DA:1380,72
DA:1381,72
DA:1382,72
DA:1383,72
DA:1384,72
DA:1385,72
DA:1386,72
DA:1387,72
DA:1388,72
DA:1389,72
DA:1390,72
DA:1391,72
DA:1392,72
DA:1393,72
DA:1394,36
DA:1395,36
DA:1396,36
DA:1397,36
DA:1398,36
DA:1399,36
DA:1400,0
DA:1401,0
DA:1402,36
DA:1403,36
DA:1404,36
DA:1405,0
DA:1406,36
DA:1407,0
DA:1408,36
DA:1409,0
DA:1410,0
DA:1411,0
DA:1412,0
DA:1413,0
DA:1414,0
DA:1415,0
DA:1416,0
DA:1417,0
DA:1418,0
DA:1419,0
DA:1420,0
DA:1421,0
DA:1422,0
DA:1423,0
DA:1424,36
DA:1425,72
DA:1426,72
DA:1427,36
DA:1428,36
DA:1429,36
DA:1430,0
DA:1431,0
DA:1432,0
DA:1433,0
DA:1434,0
DA:1435,0
DA:1436,36
DA:1437,36
DA:1438,36
DA:1439,36
DA:1440,36
DA:1441,36
DA:1442,36
DA:1443,36
DA:1444,36
DA:1445,36
DA:1446,36
DA:1447,36
DA:1448,72
DA:1449,36
DA:1450,36
DA:1451,0
DA:1452,0
DA:1453,36
DA:1454,36
DA:1455,36
DA:1456,0
DA:1457,0
DA:1458,36
DA:1459,36
DA:1460,0
DA:1461,0
DA:1462,0
DA:1463,0
DA:1464,0
DA:1465,0
DA:1466,36
DA:1467,36
DA:1468,36
DA:1469,36
DA:1470,36
DA:1471,36
DA:1472,36
DA:1473,36
DA:1474,36
DA:1475,36
DA:1476,36
DA:1477,0
DA:1478,0
DA:1479,36
DA:1480,36
DA:1481,36
DA:1482,36
DA:1483,36
DA:1484,36
DA:1485,36
DA:1486,36
DA:1487,36
DA:1488,36
DA:1489,36
DA:1490,36
DA:1491,36
DA:1492,36
DA:1493,36
DA:1494,36
DA:1495,36
DA:1496,36
DA:1497,36
DA:1498,9
DA:1499,36
DA:1500,9
DA:1501,27
DA:1502,9
DA:1503,9
DA:1504,9
DA:1505,9
DA:1506,36
DA:1507,9
DA:1508,9
DA:1509,9
DA:1510,9
DA:1511,0
DA:1512,0
DA:1513,9
DA:1514,9
DA:1515,9
DA:1516,9
DA:1517,36
DA:1518,36
DA:1519,36
DA:1520,9
DA:1521,9
DA:1522,9
DA:1523,9
DA:1524,9
DA:1525,36
DA:1526,9
DA:1527,9
DA:1528,27
DA:1529,36
DA:1530,0
DA:1531,0
DA:1532,0
DA:1533,27
DA:1534,9
DA:1535,9
DA:1536,9
DA:1537,36
DA:1538,31
DA:1539,31
DA:1540,31
DA:1541,31
DA:1542,31
DA:1543,31
DA:1544,31
DA:1545,31
DA:1546,31
DA:1547,45
DA:1548,36
DA:1549,36
DA:1550,9
DA:1551,9
DA:1552,9
DA:1553,9
DA:1554,0
DA:1555,9
DA:1556,9
DA:1557,0
DA:1558,0
DA:1559,0
DA:1560,0
DA:1561,0
DA:1562,0
DA:1563,0
DA:1564,0
DA:1565,9
DA:1566,31
DA:1567,31
DA:1568,31
DA:1569,31
DA:1570,31
DA:1571,31
DA:1572,31
DA:1573,31
DA:1574,9
DA:1575,9
DA:1576,9
DA:1577,9
DA:1578,9
DA:1579,0
DA:1580,0
DA:1581,0
DA:1582,0
DA:1583,0
DA:1584,0
DA:1585,0
DA:1586,0
DA:1587,0
DA:1588,0
DA:1589,0
DA:1590,0
DA:1591,0
DA:1592,0
DA:1593,0
DA:1594,0
DA:1595,0
DA:1596,0
DA:1597,0
DA:1598,0
DA:1599,0
DA:1600,0
DA:1601,0
DA:1602,0
DA:1603,0
DA:1604,0
DA:1605,0
DA:1606,0
DA:1607,0
DA:1608,0
DA:1609,0
DA:1610,0
DA:1611,0
DA:1612,0
DA:1613,0
DA:1614,0
DA:1615,0
DA:1616,0
DA:1617,0
DA:1618,0
DA:1619,0
DA:1620,0
DA:1621,0
DA:1622,0
DA:1623,0
DA:1624,0
DA:1625,0
DA:1626,0
DA:1627,0
DA:1628,0
DA:1629,0
DA:1630,0
DA:1631,0
DA:1632,0
DA:1633,0
DA:1634,0
DA:1635,0
DA:1636,0
DA:1637,0
DA:1638,0
DA:1639,0
DA:1640,0
DA:1641,0
DA:1642,0
DA:1643,0
DA:1644,0
DA:1645,0
DA:1646,0
DA:1647,0
DA:1648,0
DA:1649,0
DA:1650,0
DA:1651,0
DA:1652,0
DA:1653,0
DA:1654,0
DA:1655,0
DA:1656,0
DA:1657,0
DA:1658,0
DA:1659,0
DA:1660,0
DA:1661,0
DA:1662,0
DA:1663,0
DA:1664,0
DA:1665,0
DA:1666,0
DA:1667,0
DA:1668,0
DA:1669,0
DA:1670,0
DA:1671,0
DA:1672,0
DA:1673,0
DA:1674,0
DA:1675,0
DA:1676,9
DA:1677,9
DA:1678,31
DA:1679,31
DA:1680,31
DA:1681,31
DA:1682,31
DA:1683,31
DA:1684,31
DA:1685,31
DA:1686,31
DA:1687,31
DA:1688,31
DA:1689,9
DA:1690,9
DA:1691,9
DA:1692,9
DA:1693,9
DA:1694,9
DA:1695,9
DA:1696,9
DA:1697,9
DA:1698,9
DA:1699,9
DA:1700,9
DA:1701,9
DA:1702,9
DA:1703,9
DA:1704,9
DA:1705,9
DA:1706,9
DA:1707,0
DA:1708,0
DA:1709,9
DA:1710,9
DA:1711,9
DA:1712,9
DA:1713,0
DA:1714,0
DA:1715,0
DA:1716,0
DA:1717,0
DA:1718,0
DA:1719,0
DA:1720,0
DA:1721,0
DA:1722,9
DA:1723,0
DA:1724,0
DA:1725,0
DA:1726,0
DA:1727,0
DA:1728,0
DA:1729,0
DA:1730,0
DA:1731,9
DA:1732,9
DA:1733,9
DA:1734,9
DA:1735,9
DA:1736,9
DA:1737,9
DA:1738,9
DA:1739,9
DA:1740,9
DA:1741,9
DA:1742,9
DA:1743,9
DA:1744,9
DA:1745,9
DA:1746,9
DA:1747,9
DA:1748,9
DA:1749,9
DA:1750,9
DA:1751,9
DA:1752,9
DA:1753,9
DA:1754,9
DA:1755,9
DA:1756,9
DA:1757,9
DA:1758,9
DA:1759,9
DA:1760,9
DA:1761,9
DA:1762,9
DA:1763,9
DA:1764,9
DA:1765,9
DA:1766,9
DA:1767,9
DA:1768,9
DA:1769,9
DA:1770,9
DA:1771,9
DA:1772,9
DA:1773,9
DA:1774,9
DA:1775,9
DA:1776,9
DA:1777,9
DA:1778,9
DA:1779,9
DA:1780,9
DA:1781,9
DA:1782,9
DA:1783,9
DA:1784,9
DA:1785,9
DA:1786,9
DA:1787,9
DA:1788,9
DA:1789,9
DA:1790,9
DA:1791,9
DA:1792,9
DA:1793,31
DA:1794,31
DA:1795,31
DA:1796,31
DA:1797,31
DA:1798,31
DA:1799,31
DA:1800,31
DA:1801,31
DA:1802,0
DA:1803,0
DA:1804,0
DA:1805,0
DA:1806,0
DA:1807,0
DA:1808,0
DA:1809,0
DA:1810,0
DA:1811,0
DA:1812,31
DA:1813,31
DA:1814,31
DA:1815,31
DA:1816,31
DA:1817,31
DA:1818,31
DA:1819,31
DA:1820,31
DA:1821,31
DA:1822,31
DA:1823,9
DA:1824,9
DA:1825,9
DA:1826,9
DA:1827,0
DA:1828,0
DA:1829,0
DA:1830,0
DA:1831,0
DA:1832,0
DA:1833,0
DA:1834,0
DA:1835,0
DA:1836,0
DA:1837,0
DA:1838,0
DA:1839,0
DA:1840,0
DA:1841,0
DA:1842,0
DA:1843,9
DA:1844,9
DA:1845,9
DA:1846,9
DA:1847,9
DA:1848,0
DA:1849,0
DA:1850,0
DA:1851,0
DA:1852,0
DA:1853,0
DA:1854,0
DA:1855,0
DA:1856,0
DA:1857,0
DA:1858,0
DA:1859,0
DA:1860,0
DA:1861,0
DA:1862,0
DA:1863,0
DA:1864,0
DA:1865,0
DA:1866,0
DA:1867,0
DA:1868,0
DA:1869,0
DA:1870,0
DA:1871,0
DA:1872,0
DA:1873,0
DA:1874,0
DA:1875,0
DA:1876,0
DA:1877,0
DA:1878,0
DA:1879,0
DA:1880,0
DA:1881,0
DA:1882,0
DA:1883,0
DA:1884,0
DA:1885,0
DA:1886,0
DA:1887,0
DA:1888,0
DA:1889,0
DA:1890,0
DA:1891,0
DA:1892,0
DA:1893,0
DA:1894,0
DA:1895,0
DA:1896,9
DA:1897,31
DA:1898,31
DA:1899,31
DA:1900,31
DA:1901,31
DA:1902,31
DA:1903,31
DA:1904,31
DA:1905,9
DA:1906,31
DA:1907,31
DA:1908,31
DA:1909,31
DA:1910,31
DA:1911,31
DA:1912,31
DA:1913,31
DA:1914,31
DA:1915,31
DA:1916,31
DA:1917,297
DA:1918,297
DA:1919,90
DA:1920,90
DA:1921,207
DA:1922,207
DA:1923,207
DA:1924,315
DA:1925,207
DA:1926,31
DA:1927,31
DA:1928,31
DA:1929,288
DA:1930,288
DA:1931,288
DA:1932,36
DA:1933,36
DA:1934,36
DA:1935,288
DA:1936,31
DA:1937,31
DA:1938,31
DA:1939,31
DA:1940,31
DA:1941,31
DA:1942,31
DA:1943,31
DA:1944,180
DA:1945,180
DA:1946,180
DA:1947,31
DA:1948,31
DA:1949,31
DA:1950,31
DA:1951,31
DA:1952,31
DA:1953,31
DA:1954,2007
DA:1955,2007
DA:1956,2007
DA:1957,540
DA:1958,540
DA:1959,2007
DA:1960,31
DA:1961,31
DA:1962,31
DA:1963,783
DA:1964,783
DA:1965,207
DA:1966,783
DA:1967,31
DA:1968,31
DA:1969,31
DA:1970,31
DA:1971,31
DA:1972,31
DA:1973,31
DA:1974,31
DA:1975,31
DA:1976,31
DA:1977,31
DA:1978,972
DA:1979,972
DA:1980,972
DA:1981,972
DA:1982,864
DA:1983,864
DA:1984,108
DA:1985,31
DA:1986,31
DA:1987,31
DA:1988,31
DA:1989,31
DA:1990,31
DA:1991,31
DA:1992,31
DA:1993,31
DA:1994,31
DA:1995,27
DA:1996,27
DA:1997,31
DA:1998,31
DA:1999,31
DA:2000,31
DA:2001,31
DA:2002,31
DA:2003,31
DA:2004,31
DA:2005,31
DA:2006,31
DA:2007,180
DA:2008,0
DA:2009,0
DA:2010,180
DA:2011,180
DA:2012,180
DA:2013,2160
DA:2014,2160
DA:2015,180
DA:2016,180
DA:2017,0
DA:2018,0
DA:2019,0
DA:2020,180
DA:2021,180
DA:2022,180
DA:2023,144
DA:2024,144
DA:2025,144
DA:2026,31
DA:2027,31
DA:2028,31
DA:2029,31
DA:2030,31
DA:2031,31
DA:2032,31
DA:2033,31
DA:2034,31
DA:2035,31
DA:2036,279
DA:2037,279
DA:2038,36
DA:2039,36
DA:2040,243
DA:2041,243
DA:2042,243
DA:2043,243
DA:2044,243
DA:2045,72
DA:2046,72
DA:2047,72
DA:2048,243
DA:2049,243
DA:2050,243
DA:2051,31
DA:2052,31
DA:2053,31
DA:2054,31
DA:2055,31
DA:2056,31
DA:2057,31
DA:2058,31
DA:2059,31
DA:2060,31
DA:2061,72
DA:2062,27
DA:2063,27
DA:2064,45
DA:2065,45
DA:2066,45
DA:2067,45
DA:2068,72
DA:2069,0
DA:2070,0
DA:2071,0
DA:2072,0
DA:2073,0
DA:2074,0
DA:2075,0
DA:2076,0
DA:2077,45
DA:2078,45
DA:2079,72
DA:2080,0
DA:2081,0
DA:2082,0
DA:2083,0
DA:2084,0
DA:2085,0
DA:2086,0
DA:2087,0
DA:2088,45
DA:2089,45
DA:2090,31
DA:2091,31
DA:2092,31
DA:2093,31
DA:2094,31
DA:2095,31
DA:2096,31
DA:2097,31
DA:2098,31
DA:2099,31
DA:2100,31
DA:2101,360
DA:2102,360
DA:2103,360
DA:2104,0
DA:2105,0
DA:2106,0
DA:2107,0
DA:2108,0
DA:2109,0
DA:2110,0
DA:2111,0
DA:2112,0
DA:2113,0
DA:2114,0
DA:2115,0
DA:2116,0
DA:2117,0
DA:2118,0
DA:2119,0
DA:2120,360
DA:2121,31
DA:2122,31
DA:2123,31
DA:2124,31
DA:2125,31
DA:2126,31
DA:2127,31
DA:2128,31
DA:2129,31
DA:2130,31
DA:2131,31
DA:2132,31
DA:2133,99
DA:2134,99
DA:2135,99
DA:2136,99
DA:2137,153
DA:2138,0
DA:2139,0
DA:2140,153
DA:2141,0
DA:2142,0
DA:2143,153
DA:2144,153
DA:2145,153
DA:2146,99
DA:2147,31
DA:2148,31
DA:2149,31
DA:2150,31
DA:2151,31
DA:2152,31
DA:2153,0
DA:2154,0
DA:2155,0
DA:2156,0
DA:2157,0
DA:2158,0
DA:2159,0
DA:2160,0
DA:2161,0
DA:2162,0
DA:2163,0
DA:2164,0
DA:2165,0
DA:2166,0
DA:2167,0
DA:2168,0
DA:2169,0
DA:2170,0
DA:2171,0
DA:2172,0
DA:2173,0
DA:2174,0
DA:2175,0
DA:2176,31
DA:2177,31
DA:2178,31
DA:2179,31
DA:2180,31
DA:2181,31
DA:2182,31
DA:2183,31
DA:2184,36
DA:2185,36
DA:2186,0
DA:2187,0
DA:2188,0
DA:2189,0
DA:2190,0
DA:2191,0
DA:2192,0
DA:2193,0
DA:2194,0
DA:2195,0
DA:2196,0
DA:2197,0
DA:2198,0
DA:2199,0
DA:2200,0
DA:2201,0
DA:2202,0
DA:2203,0
DA:2204,0
DA:2205,0
DA:2206,0
DA:2207,0
DA:2208,0
DA:2209,0
DA:2210,0
DA:2211,0
DA:2212,0
DA:2213,0
DA:2214,0
DA:2215,0
DA:2216,0
DA:2217,0
DA:2218,0
DA:2219,0
DA:2220,0
DA:2221,0
DA:2222,0
DA:2223,0
DA:2224,0
DA:2225,0
DA:2226,0
DA:2227,0
DA:2228,0
DA:2229,0
DA:2230,0
DA:2231,0
DA:2232,0
DA:2233,0
DA:2234,0
DA:2235,0
DA:2236,0
DA:2237,0
DA:2238,0
DA:2239,0
DA:2240,0
DA:2241,31
DA:2242,31
DA:2243,31
DA:2244,31
DA:2245,36
DA:2246,36
DA:2247,36
DA:2248,0
DA:2249,0
DA:2250,0
DA:2251,0
DA:2252,0
DA:2253,0
DA:2254,0
DA:2255,0
DA:2256,0
DA:2257,0
DA:2258,0
DA:2259,0
DA:2260,0
DA:2261,0
DA:2262,0
DA:2263,0
DA:2264,0
DA:2265,0
DA:2266,0
DA:2267,0
DA:2268,0
DA:2269,0
DA:2270,0
DA:2271,0
DA:2272,0
DA:2273,0
DA:2274,0
DA:2275,0
DA:2276,0
DA:2277,0
DA:2278,0
DA:2279,0
DA:2280,0
DA:2281,0
DA:2282,0
DA:2283,0
DA:2284,0
DA:2285,0
DA:2286,0
DA:2287,0
DA:2288,0
DA:2289,0
DA:2290,0
DA:2291,0
DA:2292,0
DA:2293,0
DA:2294,0
DA:2295,0
DA:2296,0
DA:2297,0
DA:2298,0
DA:2299,0
DA:2300,0
DA:2301,0
DA:2302,0
DA:2303,0
DA:2304,0
DA:2305,0
DA:2306,0
DA:2307,0
DA:2308,0
DA:2309,0
DA:2310,0
DA:2311,0
DA:2312,0
DA:2313,0
DA:2314,0
DA:2315,0
DA:2316,0
DA:2317,0
DA:2318,0
DA:2319,36
DA:2320,31
DA:2321,31
DA:2322,31
DA:2323,54
DA:2324,54
DA:2325,0
DA:2326,0
DA:2327,54
DA:2328,54
DA:2329,54
DA:2330,54
DA:2331,54
DA:2332,54
DA:2333,54
DA:2334,31
DA:2335,31
DA:2336,31
DA:2337,31
DA:2338,31
DA:2339,31
DA:2340,31
DA:2341,31
DA:2342,31
DA:2343,180
DA:2344,45
DA:2345,45
DA:2346,135
DA:2347,135
DA:2348,135
DA:2349,135
DA:2350,135
DA:2351,135
DA:2352,135
DA:2353,27
DA:2354,27
DA:2355,0
DA:2356,27
DA:2357,27
DA:2358,27
DA:2359,27
DA:2360,27
DA:2361,27
DA:2362,27
DA:2363,27
DA:2364,27
DA:2365,27
DA:2366,27
DA:2367,0
DA:2368,0
DA:2369,27
DA:2370,27
DA:2371,27
DA:2372,0
DA:2373,0
DA:2374,27
DA:2375,27
DA:2376,0
DA:2377,0
DA:2378,27
DA:2379,27
DA:2380,27
DA:2381,0
DA:2382,0
DA:2383,27
DA:2384,27
DA:2385,27
DA:2386,27
DA:2387,27
DA:2388,27
DA:2389,27
DA:2390,27
DA:2391,0
DA:2392,0
DA:2393,27
DA:2394,27
DA:2395,27
DA:2396,27
DA:2397,27
DA:2398,27
DA:2399,27
DA:2400,27
DA:2401,27
DA:2402,27
DA:2403,27
DA:2404,27
DA:2405,27
DA:2406,27
DA:2407,27
DA:2408,0
DA:2409,0
DA:2410,0
DA:2411,0
DA:2412,0
DA:2413,0
DA:2414,0
DA:2415,0
DA:2416,0
DA:2417,0
DA:2418,0
DA:2419,0
DA:2420,0
DA:2421,0
DA:2422,27
DA:2423,27
DA:2424,27
DA:2425,27
DA:2426,27
DA:2427,0
DA:2428,0
DA:2429,27
DA:2430,27
DA:2431,27
DA:2432,27
DA:2433,27
DA:2434,27
DA:2435,27
DA:2436,27
DA:2437,27
DA:2438,27
DA:2439,27
DA:2440,0
DA:2441,0
DA:2442,27
DA:2443,0
DA:2444,0
DA:2445,27
DA:2446,0
DA:2447,0
DA:2448,27
DA:2449,27
DA:2450,27
DA:2451,27
DA:2452,27
DA:2453,27
DA:2454,0
DA:2455,27
DA:2456,0
DA:2457,0
DA:2458,0
DA:2459,0
DA:2460,27
DA:2461,0
DA:2462,0
DA:2463,27
DA:2464,0
DA:2465,0
DA:2466,27
DA:2467,0
DA:2468,0
DA:2469,0
DA:2470,0
DA:2471,27
DA:2472,0
DA:2473,0
DA:2474,27
DA:2475,27
DA:2476,0
DA:2477,0
DA:2478,0
DA:2479,27
DA:2480,27
DA:2481,27
DA:2482,27
DA:2483,27
DA:2484,27
DA:2485,27
DA:2486,27
DA:2487,0
DA:2488,0
DA:2489,0
DA:2490,0
DA:2491,0
DA:2492,0
DA:2493,0
DA:2494,0
DA:2495,0
DA:2496,0
DA:2497,0
DA:2498,0
DA:2499,0
DA:2500,27
DA:2501,27
DA:2502,0
DA:2503,135
DA:2504,31
DA:2505,31
DA:2506,31
DA:2507,31
DA:2508,31
DA:2509,31
DA:2510,31
DA:2511,31
DA:2512,31
DA:2513,31
DA:2514,36
DA:2515,36
DA:2516,36
DA:2517,108
DA:2518,0
DA:2519,108
DA:2520,108
DA:2521,108
DA:2522,108
DA:2523,31
DA:2524,31
DA:2525,31
DA:2526,31
DA:2527,31
DA:2528,31
DA:2529,31
DA:2530,31
DA:2531,31
DA:2532,36
DA:2533,36
DA:2534,0
DA:2535,0
DA:2536,0
DA:2537,0
DA:2538,0
DA:2539,36
DA:2540,31
DA:2541,31
DA:2542,31
DA:2543,31
DA:2544,31
DA:2545,31
DA:2546,31
DA:2547,31
DA:2548,31
DA:2549,31
DA:2550,252
DA:2551,216
DA:2552,216
DA:2553,36
DA:2554,36
DA:2555,36
DA:2556,31
DA:2557,31
DA:2558,31
DA:2559,369
DA:2560,31
DA:2561,31
DA:2562,31
DA:2563,27
DA:2564,31
DA:2565,31
DA:2566,31
DA:2567,1224
DA:2568,1224
DA:2569,1224
DA:2570,1224
DA:2571,1224
DA:2572,1116
DA:2573,1116
DA:2574,1116
DA:2575,1116
DA:2576,1224
DA:2577,31
DA:2578,31
DA:2579,31
DA:2580,31
DA:2581,31
DA:2582,31
DA:2583,31
DA:2584,31
DA:2585,31
DA:2586,31
DA:2587,31
DA:2588,31
DA:2589,31
DA:2590,31
DA:2591,31
DA:2592,9
DA:2593,9
DA:2594,0
DA:2595,0
DA:2596,0
DA:2597,0
DA:2598,0
DA:2599,9
DA:2600,9
DA:2601,9
DA:2602,9
DA:2603,9
DA:2604,9
DA:2605,9
DA:2606,9
DA:2607,9
DA:2608,9
DA:2609,9
DA:2610,9
DA:2611,9
DA:2612,9
DA:2613,9
DA:2614,9
DA:2615,9
DA:2616,9
DA:2617,0
DA:2618,0
DA:2619,9
DA:2620,9
DA:2621,9
DA:2622,9
DA:2623,9
DA:2624,9
DA:2625,9
DA:2626,9
DA:2627,9
DA:2628,9
DA:2629,9
DA:2630,9
DA:2631,9
DA:2632,9
DA:2633,9
DA:2634,9
DA:2635,9
DA:2636,9
DA:2637,9
DA:2638,9
DA:2639,9
DA:2640,9
DA:2641,9
DA:2642,9
DA:2643,9
DA:2644,9
DA:2645,9
DA:2646,9
DA:2647,31
DA:2648,31
DA:2649,31
DA:2650,31
DA:2651,0
DA:2652,0
DA:2653,0
LF:2653
LH:1763
BRDA:1,0,0,31
BRDA:2650,1,0,0
BRDA:27,2,0,31
BRDA:29,3,0,22
BRDA:29,4,0,22
BRDA:32,5,0,22
BRDA:67,6,0,22
BRDA:55,7,0,31
BRDA:108,8,0,517
BRDA:268,9,0,31
BRDA:290,10,0,607
BRDA:292,11,0,22
BRDA:292,12,0,22
BRDA:295,13,0,148
BRDA:299,14,0,121
BRDA:299,15,0,49
BRDA:313,16,0,67
BRDA:315,17,0,22
BRDA:315,18,0,22
BRDA:318,19,0,22
BRDA:334,20,0,625
BRDA:364,21,0,418
BRDA:383,22,0,976
BRDA:387,23,0,22
BRDA:393,24,0,22
BRDA:395,25,0,22
BRDA:408,26,0,22
BRDA:419,27,0,76
BRDA:421,28,0,67
BRDA:426,29,0,31
BRDA:428,30,0,67
BRDA:432,31,0,67
BRDA:423,32,0,76
BRDA:458,33,0,31
BRDA:461,34,0,31
BRDA:463,35,0,22
BRDA:470,36,0,22
BRDA:477,37,0,31
BRDA:482,38,0,22
BRDA:533,39,0,31
BRDA:536,40,0,76
BRDA:538,41,0,67
BRDA:539,42,0,40
BRDA:541,43,0,31
BRDA:542,44,0,22
BRDA:548,45,0,22
BRDA:568,46,0,31
BRDA:577,47,0,22
BRDA:580,48,0,22
BRDA:591,49,0,22
BRDA:605,50,0,22
BRDA:643,51,0,22
BRDA:585,52,0,31
BRDA:660,53,0,31
BRDA:697,54,0,31
BRDA:783,55,0,58
BRDA:807,56,0,58
BRDA:808,57,0,130
BRDA:810,58,0,22
BRDA:833,59,0,94
BRDA:876,60,0,67
BRDA:880,61,0,58
BRDA:884,62,0,22
BRDA:885,63,0,22
BRDA:886,64,0,22
BRDA:890,65,0,22
BRDA:891,66,0,22
BRDA:892,67,0,22
BRDA:893,68,0,22
BRDA:894,69,0,22
BRDA:895,70,0,22
BRDA:896,71,0,22
BRDA:897,72,0,22
BRDA:901,73,0,22
BRDA:902,74,0,22
BRDA:903,75,0,22
BRDA:904,76,0,22
BRDA:905,77,0,22
BRDA:906,78,0,22
BRDA:907,79,0,22
BRDA:915,80,0,175
BRDA:932,81,0,1480
BRDA:934,82,0,1291
BRDA:934,83,0,634
BRDA:937,84,0,868
BRDA:938,85,0,463
BRDA:941,86,0,427
BRDA:944,87,0,859
BRDA:946,88,0,427
BRDA:946,89,0,742
BRDA:947,90,0,310
BRDA:954,91,0,58
BRDA:957,92,0,22
BRDA:960,93,0,94
BRDA:972,94,0,1138
BRDA:978,95,0,22
BRDA:978,96,0,22
BRDA:979,97,0,22
BRDA:984,98,0,67
BRDA:985,99,0,31
BRDA:988,100,0,184
BRDA:990,101,0,166
BRDA:990,102,0,22
BRDA:1006,103,0,31
BRDA:1010,104,0,22
BRDA:1013,105,0,22
BRDA:1020,106,0,58
BRDA:1032,107,0,1246
BRDA:1033,108,0,58
BRDA:1039,109,0,130
BRDA:1044,110,0,1138
BRDA:1046,111,0,22
BRDA:1046,112,0,22
BRDA:1050,113,0,1138
BRDA:1054,114,0,1138
BRDA:1056,115,0,22
BRDA:1074,116,0,1138
BRDA:1075,117,0,274
BRDA:1075,118,0,58
BRDA:1081,119,0,1102
BRDA:1083,120,0,292
BRDA:1085,121,0,31
BRDA:1086,122,0,31
BRDA:1087,123,0,31
BRDA:1088,124,0,31
BRDA:1089,125,0,31
BRDA:1091,126,0,31
BRDA:1096,127,0,283
BRDA:1097,128,0,22
BRDA:1105,129,0,1093
BRDA:1108,130,0,814
BRDA:1109,131,0,814
BRDA:1110,132,0,814
BRDA:1111,133,0,814
BRDA:1112,134,0,814
BRDA:1113,135,0,814
BRDA:1114,136,0,814
BRDA:1115,137,0,814
BRDA:1116,138,0,301
BRDA:1118,139,0,22
BRDA:1122,140,0,1093
BRDA:1123,141,0,94
BRDA:1126,142,0,1093
BRDA:1128,143,0,301
BRDA:1132,144,0,2029
BRDA:1134,145,0,1489
BRDA:1135,146,0,706
BRDA:1137,147,0,805
BRDA:1137,148,0,229
BRDA:1142,149,0,562
BRDA:1142,150,0,22
BRDA:1155,151,0,229
BRDA:1155,152,0,229
BRDA:1160,153,0,94
BRDA:1160,154,0,22
BRDA:1165,155,0,1093
BRDA:1239,156,0,67
BRDA:1251,157,0,76
BRDA:1254,158,0,31
BRDA:1254,159,0,67
BRDA:1256,160,0,22
BRDA:1264,161,0,22
BRDA:1270,162,0,22
BRDA:1288,163,0,31
BRDA:1292,164,0,22
BRDA:1297,165,0,22
BRDA:1318,166,0,22
BRDA:1333,167,0,22
BRDA:1355,168,0,22
BRDA:1357,169,0,22
BRDA:1361,170,0,22
BRDA:1379,171,0,94
BRDA:1386,172,0,58
BRDA:1386,173,0,58
BRDA:1390,174,0,58
BRDA:1390,175,0,58
BRDA:1393,176,0,58
BRDA:1399,177,0,22
BRDA:1404,178,0,22
BRDA:1406,179,0,22
BRDA:1408,180,0,22
BRDA:1426,181,0,58
BRDA:1429,182,0,22
BRDA:1450,183,0,22
BRDA:1455,184,0,22
BRDA:1459,185,0,22
BRDA:1476,186,0,22
BRDA:1497,187,0,31
BRDA:1499,188,0,49
BRDA:1499,189,0,31
BRDA:1501,190,0,40
BRDA:1501,191,0,31
BRDA:1510,192,0,22
BRDA:1519,193,0,31
BRDA:1175,194,0,301
BRDA:1179,195,0,22
BRDA:1185,196,0,265
BRDA:1188,197,0,58
BRDA:1191,198,0,22
BRDA:1194,199,0,58
BRDA:1207,200,0,166
BRDA:1209,201,0,130
BRDA:1210,202,0,130
BRDA:1212,203,0,94
BRDA:1216,204,0,67
BRDA:1220,205,0,94
BRDA:1225,206,0,58
BRDA:1229,207,0,22
BRDA:1232,208,0,94
BRDA:1505,209,0,58
BRDA:1524,210,0,58
BRDA:1525,211,0,31
BRDA:1528,212,0,49
BRDA:1529,213,0,22
BRDA:1533,214,0,49
BRDA:1546,215,0,67
BRDA:1547,216,0,58
BRDA:1550,217,0,31
BRDA:1573,218,0,31
BRDA:1677,219,0,22
BRDA:1688,220,0,31
BRDA:1750,221,0,22
BRDA:1751,222,0,22
BRDA:1702,223,0,31
BRDA:1706,224,0,22
BRDA:1712,225,0,22
BRDA:1722,226,0,22
BRDA:1822,227,0,31
BRDA:1904,228,0,31
BRDA:1916,229,0,319
BRDA:1918,230,0,229
BRDA:1918,231,0,112
BRDA:1921,232,0,229
BRDA:1923,233,0,337
BRDA:1924,234,0,130
BRDA:1928,235,0,310
BRDA:1931,236,0,58
BRDA:1943,237,0,202
BRDA:1944,238,0,202
BRDA:1945,239,0,130
BRDA:1953,240,0,2029
BRDA:1955,241,0,958
BRDA:1956,242,0,562
BRDA:1957,243,0,22
BRDA:1962,244,0,805
BRDA:1964,245,0,697
BRDA:1964,246,0,229
BRDA:1965,247,0,130
BRDA:1977,248,0,994
BRDA:1978,249,0,742
BRDA:1978,250,0,274
BRDA:1981,251,0,886
BRDA:1984,252,0,130
BRDA:1994,253,0,49
BRDA:1995,254,0,22
BRDA:2006,255,0,202
BRDA:2007,256,0,22
BRDA:2012,257,0,2182
BRDA:2016,258,0,22
BRDA:2022,259,0,166
BRDA:2035,260,0,301
BRDA:2037,261,0,58
BRDA:2040,262,0,265
BRDA:2044,263,0,94
BRDA:2046,264,0,22
BRDA:2060,265,0,94
BRDA:2061,266,0,49
BRDA:2064,267,0,67
BRDA:2068,268,0,22
BRDA:2077,269,0,67
BRDA:2079,270,0,22
BRDA:2088,271,0,67
BRDA:2100,272,0,382
BRDA:2132,273,0,121
BRDA:2133,274,0,94
BRDA:2136,275,0,175
BRDA:2137,276,0,148
BRDA:2137,277,0,22
BRDA:2140,278,0,22
BRDA:2140,279,0,22
BRDA:2183,280,0,58
BRDA:2185,281,0,22
BRDA:2244,282,0,58
BRDA:2322,283,0,76
BRDA:2324,284,0,22
BRDA:2331,285,0,76
BRDA:2342,286,0,202
BRDA:2343,287,0,67
BRDA:2346,288,0,157
BRDA:2352,289,0,49
BRDA:2366,290,0,22
BRDA:2366,291,0,22
BRDA:2371,292,0,22
BRDA:2375,293,0,22
BRDA:2380,294,0,22
BRDA:2390,295,0,22
BRDA:2407,296,0,22
BRDA:2426,297,0,22
BRDA:2486,298,0,22
BRDA:2486,299,0,22
BRDA:2502,300,0,22
BRDA:2437,301,0,49
BRDA:2439,302,0,22
BRDA:2439,303,0,22
BRDA:2442,304,0,22
BRDA:2445,305,0,22
BRDA:2452,306,0,22
BRDA:2453,307,0,22
BRDA:2455,308,0,22
BRDA:2460,309,0,22
BRDA:2463,310,0,22
BRDA:2463,311,0,22
BRDA:2466,312,0,22
BRDA:2466,313,0,22
BRDA:2471,314,0,22
BRDA:2475,315,0,22
BRDA:2513,316,0,58
BRDA:2516,317,0,130
BRDA:2516,318,0,130
BRDA:2517,319,0,22
BRDA:2531,320,0,58
BRDA:2549,321,0,274
BRDA:2550,322,0,238
BRDA:2550,323,0,238
BRDA:2553,324,0,58
BRDA:2558,325,0,391
BRDA:2562,326,0,49
BRDA:2566,327,0,1246
BRDA:2569,328,0,1138
BRDA:2570,329,0,1138
BRDA:2571,330,0,1138
BRDA:2573,331,0,22
BRDA:2574,332,0,22
BRDA:2591,333,0,31
BRDA:2593,334,0,22
BRDA:2604,335,0,22
BRDA:2616,336,0,22
BRF:337
BRH:336
end_of_record
TN:
SF:popup/popup.js
FN:29,checkPageStatus
FN:44,updateUIForSavedPage
FN:64,updateUIForUnsavedPage
FNF:3
FNH:2
FNDA:10,checkPageStatus
FNDA:10,updateUIForSavedPage
FNDA:0,updateUIForUnsavedPage
DA:1,20
DA:2,20
DA:3,20
DA:4,20
DA:5,20
DA:6,20
DA:7,20
DA:8,20
DA:9,20
DA:10,20
DA:11,20
DA:12,20
DA:13,20
DA:14,20
DA:15,20
DA:16,20
DA:17,20
DA:18,20
DA:19,10
DA:20,10
DA:21,10
DA:22,20
DA:23,10
DA:24,10
DA:25,10
DA:26,20
DA:27,20
DA:28,20
DA:29,20
DA:30,10
DA:31,10
DA:32,10
DA:33,10
DA:34,10
DA:35,10
DA:36,0
DA:37,0
DA:38,0
DA:39,10
DA:40,10
DA:41,10
DA:42,20
DA:43,20
DA:44,20
DA:45,10
DA:46,10
DA:47,10
DA:48,10
DA:49,10
DA:50,10
DA:51,10
DA:52,10
DA:53,10
DA:54,10
DA:55,10
DA:56,10
DA:57,10
DA:58,10
DA:59,10
DA:60,10
DA:61,10
DA:62,20
DA:63,20
DA:64,20
DA:65,0
DA:66,0
DA:67,0
DA:68,0
DA:69,0
DA:70,0
DA:71,0
DA:72,0
DA:73,0
DA:74,0
DA:75,0
DA:76,0
DA:77,0
DA:78,0
DA:79,0
DA:80,0
DA:81,0
DA:82,0
DA:83,0
DA:84,0
DA:85,0
DA:86,0
DA:87,0
DA:88,20
DA:89,20
DA:90,20
DA:91,0
DA:92,0
DA:93,0
DA:94,0
DA:95,0
DA:96,0
DA:97,0
DA:98,0
DA:99,0
DA:100,0
DA:101,0
DA:102,0
DA:103,0
DA:104,0
DA:105,0
DA:106,0
DA:107,0
DA:108,20
DA:109,20
DA:110,20
DA:111,20
DA:112,20
DA:113,10
DA:114,10
DA:115,10
DA:116,10
DA:117,0
DA:118,0
DA:119,0
DA:120,0
DA:121,0
DA:122,0
DA:123,0
DA:124,0
DA:125,0
DA:126,10
DA:127,10
DA:128,10
DA:129,10
DA:130,10
DA:131,10
DA:132,10
DA:133,0
DA:134,0
DA:135,10
DA:136,10
DA:137,10
DA:138,0
DA:139,10
DA:140,10
DA:141,0
DA:142,0
DA:143,0
DA:144,0
DA:145,0
DA:146,0
DA:147,10
DA:148,10
DA:149,0
DA:150,10
DA:151,10
DA:152,10
DA:153,10
DA:154,20
DA:155,20
DA:156,20
DA:157,20
DA:158,0
DA:159,20
DA:160,20
DA:161,20
DA:162,0
DA:163,0
DA:164,0
DA:165,0
DA:166,0
DA:167,0
DA:168,0
DA:169,0
DA:170,0
DA:171,0
DA:172,0
DA:173,0
DA:174,0
DA:175,0
DA:176,0
DA:177,0
DA:178,0
DA:179,0
DA:180,0
DA:181,0
DA:182,0
DA:183,0
DA:184,0
DA:185,0
DA:186,0
DA:187,0
DA:188,0
DA:189,0
DA:190,0
DA:191,0
DA:192,0
DA:193,0
DA:194,0
DA:195,0
DA:196,0
DA:197,0
DA:198,0
DA:199,0
DA:200,0
DA:201,0
DA:202,0
DA:203,0
DA:204,0
DA:205,0
DA:206,0
DA:207,0
DA:208,0
DA:209,0
DA:210,0
DA:211,0
DA:212,0
DA:213,0
DA:214,0
DA:215,0
DA:216,0
DA:217,0
DA:218,0
DA:219,0
DA:220,0
DA:221,0
DA:222,0
DA:223,0
DA:224,0
DA:225,0
DA:226,0
DA:227,0
DA:228,0
DA:229,0
DA:230,0
DA:231,0
DA:232,0
DA:233,0
DA:234,0
DA:235,0
DA:236,0
DA:237,0
DA:238,0
DA:239,0
DA:240,0
DA:241,0
DA:242,0
DA:243,0
DA:244,0
DA:245,0
DA:246,0
DA:247,0
DA:248,20
DA:249,20
DA:250,20
DA:251,20
DA:252,0
DA:253,0
DA:254,20
DA:255,20
DA:256,20
DA:257,0
DA:258,0
DA:259,0
DA:260,0
DA:261,0
DA:262,0
DA:263,0
DA:264,0
DA:265,0
DA:266,0
DA:267,0
DA:268,0
DA:269,0
DA:270,0
DA:271,0
DA:272,0
DA:273,0
DA:274,0
DA:275,0
DA:276,0
DA:277,0
DA:278,0
DA:279,0
DA:280,0
DA:281,0
DA:282,0
DA:283,0
DA:284,0
DA:285,0
DA:286,0
DA:287,0
DA:288,0
DA:289,0
DA:290,0
DA:291,0
DA:292,0
DA:293,0
DA:294,0
DA:295,0
DA:296,0
DA:297,0
DA:298,0
DA:299,0
DA:300,0
DA:301,0
DA:302,0
DA:303,0
DA:304,0
DA:305,0
DA:306,0
DA:307,0
DA:308,0
DA:309,0
DA:310,0
DA:311,0
DA:312,20
DA:313,20
LF:313
LH:107
BRDA:1,0,0,20
BRDA:2,1,0,20
BRDA:16,2,0,20
BRDA:18,3,0,10
BRDA:22,4,0,10
BRDA:18,5,0,10
BRDA:29,6,0,20
BRDA:30,7,0,20
BRDA:35,8,0,10
BRDA:44,9,0,20
BRDA:112,10,0,20
BRDA:114,11,0,20
BRDA:116,12,0,10
BRDA:131,13,0,20
BRDA:132,14,0,10
BRDA:140,15,0,10
BRF:16
BRH:16
end_of_record
TN:
SF:scripts/background/handlers/MessageHandler.js
FN:23,(anonymous_0)
FN:29,(anonymous_1)
FN:40,(anonymous_2)
FN:51,(anonymous_3)
FN:52,(anonymous_4)
FN:64,(anonymous_5)
FN:83,(anonymous_6)
FN:104,(anonymous_7)
FN:129,(anonymous_8)
FN:131,(anonymous_9)
FN:142,(anonymous_10)
FNF:11
FNH:10
FNDA:38,(anonymous_0)
FNDA:2,(anonymous_1)
FNDA:204,(anonymous_2)
FNDA:25,(anonymous_3)
FNDA:195,(anonymous_4)
FNDA:28,(anonymous_5)
FNDA:0,(anonymous_6)
FNDA:3,(anonymous_7)
FNDA:24,(anonymous_8)
FNDA:21,(anonymous_9)
FNDA:1,(anonymous_10)
DA:24,38
DA:25,38
DA:28,38
DA:29,1
DA:30,2
DA:41,204
DA:42,1
DA:44,203
DA:52,25
DA:53,195
DA:65,28
DA:67,28
DA:69,28
DA:71,4
DA:72,3
DA:73,3
DA:76,1
DA:77,1
DA:80,24
DA:83,24
DA:84,0
DA:85,0
DA:86,0
DA:92,23
DA:94,1
DA:95,1
DA:96,1
DA:105,3
DA:106,3
DA:107,3
DA:108,3
DA:109,3
DA:111,3
DA:112,1
DA:113,2
DA:114,1
DA:115,1
DA:116,0
DA:118,1
DA:120,3
DA:122,0
DA:130,24
DA:131,24
DA:132,21
DA:134,23
DA:143,1
DA:151,25
DA:152,25
DA:156,25
DA:157,25
LF:50
LH:45
BRDA:23,0,0,0
BRDA:24,1,0,38
BRDA:24,1,1,1
BRDA:28,2,0,1
BRDA:28,2,1,37
BRDA:41,3,0,1
BRDA:41,3,1,203
BRDA:69,4,0,4
BRDA:69,4,1,24
BRDA:71,5,0,3
BRDA:71,5,1,1
BRDA:86,6,0,0
BRDA:86,6,1,0
BRDA:106,7,0,3
BRDA:106,7,1,0
BRDA:107,8,0,3
BRDA:107,8,1,0
BRDA:108,9,0,1
BRDA:108,9,1,2
BRDA:111,10,0,1
BRDA:111,10,1,2
BRDA:113,11,0,1
BRDA:113,11,1,1
BRDA:115,12,0,0
BRDA:115,12,1,1
BRDA:130,13,0,24
BRDA:130,13,1,0
BRDA:130,14,0,24
BRDA:130,14,1,24
BRDA:151,15,0,25
BRDA:151,15,1,0
BRDA:151,16,0,25
BRDA:151,16,1,25
BRDA:156,17,0,25
BRDA:156,17,1,0
BRF:35
BRH:26
end_of_record
TN:
SF:scripts/background/handlers/actionHandlers.js
FN:23,processContentResult
FN:47,createActionHandlers
FN:53,clearPageHighlights
FN:56,(anonymous_3)
FN:69,determineAndExecuteSaveAction
FN:81,(anonymous_5)
FN:215,(anonymous_6)
FN:217,(anonymous_7)
FN:310,(anonymous_8)
FN:340,(anonymous_9)
FN:358,(anonymous_10)
FN:384,(anonymous_11)
FN:386,(anonymous_12)
FN:473,(anonymous_13)
FN:475,(anonymous_14)
FN:496,(anonymous_15)
FN:500,(anonymous_16)
FN:535,(anonymous_17)
FN:537,(anonymous_18)
FN:591,(anonymous_19)
FN:593,(anonymous_20)
FN:662,(anonymous_21)
FNF:22
FNH:21
FNDA:20,processContentResult
FNDA:46,createActionHandlers
FNDA:1,clearPageHighlights
FNDA:0,(anonymous_3)
FNDA:10,determineAndExecuteSaveAction
FNDA:12,(anonymous_5)
FNDA:16,(anonymous_6)
FNDA:16,(anonymous_7)
FNDA:5,(anonymous_8)
FNDA:3,(anonymous_9)
FNDA:4,(anonymous_10)
FNDA:1,(anonymous_11)
FNDA:1,(anonymous_12)
FNDA:4,(anonymous_13)
FNDA:4,(anonymous_14)
FNDA:2,(anonymous_15)
FNDA:2,(anonymous_16)
FNDA:3,(anonymous_17)
FNDA:3,(anonymous_18)
FNDA:6,(anonymous_19)
FNDA:6,(anonymous_20)
FNDA:4,(anonymous_21)
DA:25,20
DA:26,20
DA:27,20
DA:30,20
DA:31,4
DA:32,4
DA:35,20
DA:48,46
DA:54,1
DA:55,1
DA:56,1
DA:57,0
DA:58,0
DA:62,0
DA:79,10
DA:81,12
DA:84,10
DA:85,7
DA:87,7
DA:88,1
DA:91,1
DA:96,1
DA:99,6
DA:101,5
DA:103,1
DA:104,1
DA:109,1
DA:110,1
DA:111,1
DA:113,1
DA:118,1
DA:121,4
DA:127,3
DA:128,1
DA:129,1
DA:130,1
DA:132,1
DA:137,3
DA:141,1
DA:142,1
DA:143,1
DA:146,1
DA:155,1
DA:160,1
DA:162,1
DA:169,1
DA:170,1
DA:171,1
DA:172,1
DA:174,1
DA:178,3
DA:187,3
DA:192,3
DA:194,2
DA:201,2
DA:202,2
DA:203,2
DA:205,3
DA:211,46
DA:216,16
DA:217,16
DA:218,16
DA:221,16
DA:222,16
DA:223,2
DA:224,2
DA:227,14
DA:234,14
DA:235,14
DA:237,14
DA:239,14
DA:240,2
DA:241,2
DA:245,12
DA:247,12
DA:248,12
DA:251,12
DA:252,12
DA:254,12
DA:257,12
DA:259,12
DA:260,12
DA:261,10
DA:263,2
DA:266,12
DA:267,2
DA:271,2
DA:272,2
DA:273,2
DA:274,0
DA:275,0
DA:276,0
DA:277,0
DA:280,2
DA:284,2
DA:288,10
DA:291,10
DA:302,0
DA:303,0
DA:311,5
DA:312,5
DA:313,5
DA:314,1
DA:315,1
DA:318,4
DA:319,4
DA:321,4
DA:322,1
DA:326,1
DA:329,3
DA:330,3
DA:331,1
DA:332,1
DA:335,3
DA:336,0
DA:337,0
DA:340,3
DA:341,3
DA:342,1
DA:343,1
DA:345,2
DA:346,2
DA:350,0
DA:351,0
DA:359,4
DA:360,4
DA:361,4
DA:362,2
DA:363,2
DA:366,2
DA:367,2
DA:368,1
DA:369,1
DA:372,1
DA:373,1
DA:375,1
DA:377,0
DA:385,1
DA:386,1
DA:387,1
DA:389,1
DA:391,1
DA:392,0
DA:393,0
DA:396,1
DA:397,1
DA:399,1
DA:402,1
DA:403,1
DA:404,1
DA:405,1
DA:407,1
DA:409,1
DA:416,1
DA:420,0
DA:421,0
DA:422,0
DA:425,0
DA:427,0
DA:429,0
DA:432,0
DA:433,0
DA:438,0
DA:439,0
DA:441,0
DA:443,0
DA:444,0
DA:445,0
DA:451,0
DA:459,0
DA:465,0
DA:466,0
DA:474,4
DA:475,4
DA:476,4
DA:478,4
DA:480,4
DA:481,2
DA:482,2
DA:486,2
DA:487,0
DA:491,0
DA:495,2
DA:496,2
DA:497,2
DA:501,2
DA:503,1
DA:505,1
DA:511,1
DA:512,1
DA:513,1
DA:517,1
DA:520,1
DA:521,0
DA:522,0
DA:524,0
DA:527,1
DA:528,1
DA:536,3
DA:537,3
DA:538,3
DA:540,3
DA:542,3
DA:543,0
DA:544,0
DA:547,3
DA:548,3
DA:549,1
DA:550,1
DA:553,2
DA:555,2
DA:556,2
DA:558,2
DA:559,1
DA:563,1
DA:566,1
DA:569,1
DA:572,1
DA:577,1
DA:578,1
DA:579,1
DA:581,1
DA:583,0
DA:584,0
DA:592,6
DA:593,6
DA:594,6
DA:597,6
DA:598,6
DA:599,1
DA:600,1
DA:603,5
DA:605,5
DA:606,1
DA:607,1
DA:610,4
DA:612,4
DA:613,4
DA:615,4
DA:616,2
DA:620,2
DA:623,2
DA:624,2
DA:626,2
DA:627,1
DA:632,1
DA:636,1
DA:639,1
DA:644,1
DA:645,1
DA:646,1
DA:647,1
DA:649,0
DA:651,1
DA:653,0
DA:654,0
DA:663,4
DA:664,4
DA:665,4
DA:666,4
DA:667,4
DA:670,4
DA:671,1
DA:672,3
DA:673,1
DA:674,2
DA:675,1
DA:677,1
DA:680,4
DA:683,0
LF:270
LH:223
BRDA:25,0,0,20
BRDA:25,0,1,3
BRDA:26,1,0,20
BRDA:26,1,1,14
BRDA:27,2,0,17
BRDA:27,2,1,3
BRDA:30,3,0,4
BRDA:30,3,1,16
BRDA:30,4,0,20
BRDA:30,4,1,18
BRDA:57,5,0,0
BRDA:57,5,1,0
BRDA:84,6,0,7
BRDA:84,6,1,3
BRDA:87,7,0,1
BRDA:87,7,1,6
BRDA:99,8,0,5
BRDA:99,8,1,1
BRDA:101,9,0,1
BRDA:101,9,1,4
BRDA:109,10,0,1
BRDA:109,10,1,0
BRDA:127,11,0,1
BRDA:127,11,1,2
BRDA:160,12,0,1
BRDA:160,12,1,0
BRDA:192,13,0,2
BRDA:192,13,1,1
BRDA:222,14,0,2
BRDA:222,14,1,14
BRDA:222,15,0,16
BRDA:222,15,1,14
BRDA:234,16,0,14
BRDA:234,16,1,2
BRDA:235,17,0,14
BRDA:235,17,1,14
BRDA:239,18,0,2
BRDA:239,18,1,12
BRDA:239,19,0,14
BRDA:239,19,1,12
BRDA:247,20,0,12
BRDA:247,20,1,0
BRDA:266,21,0,2
BRDA:266,21,1,10
BRDA:266,22,0,12
BRDA:266,22,1,10
BRDA:266,22,2,10
BRDA:272,23,0,2
BRDA:272,23,1,0
BRDA:274,24,0,0
BRDA:274,24,1,0
BRDA:276,25,0,0
BRDA:276,25,1,0
BRDA:313,26,0,1
BRDA:313,26,1,4
BRDA:321,27,0,1
BRDA:321,27,1,3
BRDA:321,28,0,4
BRDA:321,28,1,3
BRDA:330,29,0,1
BRDA:330,29,1,2
BRDA:330,30,0,3
BRDA:330,30,1,1
BRDA:335,31,0,0
BRDA:335,31,1,3
BRDA:341,32,0,1
BRDA:341,32,1,2
BRDA:361,33,0,2
BRDA:361,33,1,2
BRDA:367,34,0,1
BRDA:367,34,1,1
BRDA:391,35,0,0
BRDA:391,35,1,1
BRDA:391,36,0,1
BRDA:391,36,1,1
BRDA:396,37,0,1
BRDA:396,37,1,0
BRDA:399,38,0,1
BRDA:399,38,1,0
BRDA:403,39,0,1
BRDA:403,39,1,0
BRDA:407,40,0,1
BRDA:407,40,1,0
BRDA:421,41,0,0
BRDA:421,41,1,0
BRDA:427,42,0,0
BRDA:427,42,1,0
BRDA:439,43,0,0
BRDA:439,43,1,0
BRDA:444,44,0,0
BRDA:444,44,1,0
BRDA:480,45,0,2
BRDA:480,45,1,2
BRDA:480,46,0,4
BRDA:480,46,1,2
BRDA:486,47,0,0
BRDA:486,47,1,2
BRDA:501,48,0,1
BRDA:501,48,1,1
BRDA:511,49,0,1
BRDA:511,49,1,0
BRDA:521,50,0,0
BRDA:521,50,1,0
BRDA:542,51,0,0
BRDA:542,51,1,3
BRDA:542,52,0,3
BRDA:542,52,1,3
BRDA:548,53,0,1
BRDA:548,53,1,2
BRDA:555,54,0,2
BRDA:555,54,1,0
BRDA:558,55,0,1
BRDA:558,55,1,1
BRDA:558,56,0,2
BRDA:558,56,1,1
BRDA:577,57,0,1
BRDA:577,57,1,0
BRDA:598,58,0,1
BRDA:598,58,1,5
BRDA:598,59,0,6
BRDA:598,59,1,5
BRDA:605,60,0,1
BRDA:605,60,1,4
BRDA:612,61,0,4
BRDA:612,61,1,0
BRDA:615,62,0,2
BRDA:615,62,1,2
BRDA:615,63,0,4
BRDA:615,63,1,2
BRDA:623,64,0,2
BRDA:623,64,1,0
BRDA:626,65,0,1
BRDA:626,65,1,1
BRDA:644,66,0,1
BRDA:644,66,1,0
BRDA:664,67,0,4
BRDA:664,67,1,1
BRDA:665,68,0,4
BRDA:665,68,1,0
BRDA:666,69,0,0
BRDA:666,69,1,4
BRDA:670,70,0,1
BRDA:670,70,1,3
BRDA:672,71,0,1
BRDA:672,71,1,2
BRDA:674,72,0,1
BRDA:674,72,1,1
BRF:147
BRH:111
end_of_record
TN:
SF:scripts/background/services/ImageService.js
FN:31,(anonymous_0)
FN:44,(anonymous_1)
FN:73,(anonymous_2)
FN:95,(anonymous_3)
FN:107,(anonymous_4)
FN:136,(anonymous_5)
FN:150,(anonymous_6)
FN:169,(anonymous_7)
FN:183,(anonymous_8)
FN:193,(anonymous_9)
FN:211,(anonymous_10)
FN:225,(anonymous_11)
FN:268,(anonymous_12)
FN:275,(anonymous_13)
FN:283,(anonymous_14)
FN:288,(anonymous_15)
FN:296,(anonymous_16)
FNF:17
FNH:16
FNDA:31,(anonymous_0)
FNDA:42,(anonymous_1)
FNDA:45,(anonymous_2)
FNDA:3,(anonymous_3)
FNDA:2,(anonymous_4)
FNDA:5,(anonymous_5)
FNDA:8,(anonymous_6)
FNDA:23,(anonymous_7)
FNDA:1,(anonymous_8)
FNDA:16,(anonymous_9)
FNDA:192,(anonymous_10)
FNDA:31,(anonymous_11)
FNDA:2,(anonymous_12)
FNDA:7,(anonymous_13)
FNDA:3,(anonymous_14)
FNDA:0,(anonymous_15)
FNDA:18,(anonymous_16)
DA:18,1
DA:19,1
DA:20,1
DA:32,31
DA:33,31
DA:34,31
DA:35,31
DA:36,31
DA:45,42
DA:46,42
DA:47,31
DA:48,31
DA:52,11
DA:53,1
DA:54,1
DA:55,1
DA:56,1
DA:57,1
DA:61,10
DA:62,10
DA:64,10
DA:65,10
DA:75,45
DA:76,0
DA:80,45
DA:81,3
DA:85,45
DA:89,45
DA:96,3
DA:97,3
DA:98,3
DA:99,3
DA:100,3
DA:108,2
DA:109,2
DA:110,3
DA:113,3
DA:114,0
DA:115,0
DA:119,3
DA:120,2
DA:121,2
DA:122,2
DA:127,1
DA:137,5
DA:138,5
DA:139,5
DA:151,8
DA:152,8
DA:153,8
DA:170,23
DA:174,23
DA:175,23
DA:176,23
DA:184,1
DA:194,16
DA:195,0
DA:198,16
DA:199,16
DA:202,15
DA:203,2
DA:207,13
DA:208,13
DA:211,192
DA:214,13
DA:216,1
DA:227,31
DA:228,3
DA:231,28
DA:232,28
DA:233,0
DA:237,28
DA:238,28
DA:239,3
DA:242,25
DA:244,25
DA:246,25
DA:247,9
DA:250,16
DA:251,16
DA:255,24
DA:256,24
DA:258,1
DA:259,1
DA:260,1
DA:269,2
DA:276,7
DA:284,3
DA:285,1
DA:288,2
DA:289,0
DA:297,18
DA:298,2
DA:299,2
DA:308,1
DA:309,1
DA:313,1
DA:314,1
DA:315,1
LF:99
LH:93
BRDA:31,0,0,0
BRDA:31,1,0,0
BRDA:46,2,0,31
BRDA:46,2,1,11
BRDA:52,3,0,1
BRDA:52,3,1,10
BRDA:75,4,0,0
BRDA:75,4,1,45
BRDA:80,5,0,3
BRDA:80,5,1,42
BRDA:97,6,0,3
BRDA:97,6,1,0
BRDA:113,7,0,0
BRDA:113,7,1,3
BRDA:119,8,0,2
BRDA:119,8,1,1
BRDA:138,9,0,3
BRDA:138,9,1,2
BRDA:169,10,0,0
BRDA:171,11,0,23
BRDA:171,11,1,6
BRDA:172,12,0,23
BRDA:172,12,1,6
BRDA:174,13,0,23
BRDA:174,13,1,6
BRDA:175,14,0,23
BRDA:175,14,1,0
BRDA:194,15,0,0
BRDA:194,15,1,16
BRDA:194,16,0,16
BRDA:194,16,1,16
BRDA:194,16,2,16
BRDA:202,17,0,2
BRDA:202,17,1,13
BRDA:202,18,0,15
BRDA:202,18,1,15
BRDA:214,19,0,13
BRDA:214,19,1,6
BRDA:227,20,0,3
BRDA:227,20,1,28
BRDA:227,21,0,31
BRDA:227,21,1,29
BRDA:232,22,0,0
BRDA:232,22,1,28
BRDA:238,23,0,3
BRDA:238,23,1,25
BRDA:246,24,0,9
BRDA:246,24,1,16
BRDA:283,25,0,0
BRDA:284,26,0,1
BRDA:284,26,1,2
BRDA:297,27,0,2
BRDA:297,27,1,16
BRDA:308,28,0,1
BRDA:308,28,1,0
BRDA:308,29,0,1
BRDA:308,29,1,1
BRDA:313,30,0,1
BRDA:313,30,1,0
BRF:59
BRH:47
end_of_record
TN:
SF:scripts/background/services/InjectionService.js
FN:20,isRestrictedInjectionUrl
FN:37,(anonymous_1)
FN:56,(anonymous_2)
FN:76,getRuntimeErrorMessage
FN:103,isRecoverableInjectionError
FN:126,(anonymous_5)
FN:137,(anonymous_6)
FN:146,(anonymous_7)
FN:178,(anonymous_8)
FN:189,(anonymous_9)
FN:195,(anonymous_10)
FN:221,(anonymous_11)
FN:227,(anonymous_12)
FN:270,(anonymous_13)
FN:275,(anonymous_14)
FN:279,(anonymous_15)
FN:284,(anonymous_16)
FN:321,(anonymous_17)
FN:326,(anonymous_18)
FN:345,(anonymous_19)
FN:350,(anonymous_20)
FN:366,(anonymous_21)
FN:380,(anonymous_22)
FN:413,(anonymous_23)
FNF:24
FNH:16
FNDA:8,isRestrictedInjectionUrl
FNDA:31,(anonymous_1)
FNDA:12,(anonymous_2)
FNDA:4,getRuntimeErrorMessage
FNDA:9,isRecoverableInjectionError
FNDA:94,(anonymous_5)
FNDA:35,(anonymous_6)
FNDA:8,(anonymous_7)
FNDA:30,(anonymous_8)
FNDA:17,(anonymous_9)
FNDA:17,(anonymous_10)
FNDA:20,(anonymous_11)
FNDA:20,(anonymous_12)
FNDA:8,(anonymous_13)
FNDA:0,(anonymous_14)
FNDA:0,(anonymous_15)
FNDA:0,(anonymous_16)
FNDA:6,(anonymous_17)
FNDA:0,(anonymous_18)
FNDA:0,(anonymous_19)
FNDA:0,(anonymous_20)
FNDA:0,(anonymous_21)
FNDA:6,(anonymous_22)
FNDA:0,(anonymous_23)
DA:22,8
DA:23,2
DA:26,6
DA:28,6
DA:37,31
DA:38,1
DA:42,5
DA:43,1
DA:47,4
DA:50,4
DA:56,4
DA:57,12
DA:58,12
DA:60,0
DA:61,0
DA:63,0
DA:66,0
DA:67,0
DA:77,4
DA:78,0
DA:81,4
DA:82,0
DA:85,4
DA:86,4
DA:89,0
DA:90,0
DA:92,0
DA:93,0
DA:104,9
DA:105,0
DA:108,9
DA:126,94
DA:138,35
DA:147,8
DA:148,0
DA:152,8
DA:154,8
DA:155,8
DA:156,8
DA:157,7
DA:158,3
DA:159,3
DA:167,5
DA:184,30
DA:186,30
DA:188,30
DA:189,17
DA:190,17
DA:196,17
DA:197,3
DA:198,3
DA:199,3
DA:200,3
DA:201,1
DA:203,2
DA:206,3
DA:207,1
DA:208,1
DA:210,2
DA:212,14
DA:220,28
DA:221,20
DA:222,20
DA:228,20
DA:229,1
DA:230,1
DA:231,1
DA:232,1
DA:233,0
DA:235,1
DA:238,1
DA:239,0
DA:240,0
DA:242,1
DA:244,19
DA:245,19
DA:247,19
DA:248,19
DA:255,8
DA:257,2
DA:258,2
DA:260,2
DA:271,8
DA:272,8
DA:279,0
DA:280,0
DA:281,0
DA:282,0
DA:284,0
DA:285,0
DA:286,0
DA:287,0
DA:289,0
DA:290,0
DA:291,0
DA:294,0
DA:296,0
DA:297,0
DA:298,0
DA:301,0
DA:304,0
DA:323,6
DA:327,0
DA:328,0
DA:330,0
DA:347,0
DA:351,0
DA:352,0
DA:367,0
DA:381,6
DA:383,6
DA:384,6
DA:388,6
DA:389,6
DA:393,0
DA:395,0
DA:398,0
DA:400,0
DA:402,0
DA:414,0
DA:415,0
DA:420,0
DA:421,0
DA:435,26
DA:436,26
DA:445,26
DA:446,26
DA:447,26
DA:448,26
DA:449,26
LF:130
LH:81
BRDA:22,0,0,2
BRDA:22,0,1,6
BRDA:37,1,0,1
BRDA:37,1,1,5
BRDA:42,2,0,1
BRDA:42,2,1,4
BRDA:57,3,0,12
BRDA:57,3,1,0
BRDA:60,4,0,0
BRDA:60,4,1,0
BRDA:77,5,0,0
BRDA:77,5,1,4
BRDA:81,6,0,0
BRDA:81,6,1,4
BRDA:85,7,0,4
BRDA:85,7,1,0
BRDA:104,8,0,0
BRDA:104,8,1,9
BRDA:137,9,0,0
BRDA:138,10,0,35
BRDA:138,10,1,0
BRDA:147,11,0,0
BRDA:147,11,1,8
BRDA:157,12,0,3
BRDA:157,12,1,2
BRDA:178,13,0,0
BRDA:178,14,0,3
BRDA:178,15,0,3
BRDA:180,16,0,16
BRDA:181,17,0,22
BRDA:182,18,0,18
BRDA:183,19,0,9
BRDA:188,20,0,17
BRDA:188,20,1,13
BRDA:196,21,0,3
BRDA:196,21,1,14
BRDA:199,22,0,3
BRDA:199,22,1,0
BRDA:200,23,0,1
BRDA:200,23,1,2
BRDA:206,24,0,1
BRDA:206,24,1,2
BRDA:210,25,0,2
BRDA:210,25,1,0
BRDA:220,26,0,20
BRDA:220,26,1,8
BRDA:228,27,0,1
BRDA:228,27,1,19
BRDA:231,28,0,1
BRDA:231,28,1,0
BRDA:232,29,0,0
BRDA:232,29,1,1
BRDA:238,30,0,0
BRDA:238,30,1,1
BRDA:239,31,0,0
BRDA:239,31,1,0
BRDA:242,32,0,1
BRDA:242,32,1,0
BRDA:244,33,0,19
BRDA:244,33,1,0
BRDA:244,34,0,19
BRDA:244,34,1,19
BRDA:247,35,0,18
BRDA:247,35,1,1
BRDA:247,36,0,19
BRDA:247,36,1,19
BRDA:247,36,2,19
BRDA:257,37,0,2
BRDA:257,37,1,0
BRDA:285,38,0,0
BRDA:285,38,1,0
BRDA:287,39,0,0
BRDA:287,39,1,0
BRDA:294,40,0,0
BRDA:294,40,1,0
BRDA:327,41,0,0
BRDA:327,41,1,0
BRDA:351,42,0,0
BRDA:351,42,1,0
BRDA:380,43,0,0
BRDA:383,44,0,6
BRDA:383,44,1,0
BRDA:383,45,0,6
BRDA:383,45,1,6
BRDA:388,46,0,6
BRDA:388,46,1,0
BRDA:393,47,0,0
BRDA:393,47,1,0
BRDA:393,48,0,0
BRDA:393,48,1,0
BRDA:413,49,0,0
BRDA:435,50,0,26
BRDA:435,50,1,0
BRDA:435,51,0,26
BRDA:435,51,1,26
BRDA:445,52,0,26
BRDA:445,52,1,0
BRF:97
BRH:56
end_of_record
TN:
SF:scripts/background/services/NotionService.js
FN:32,fetchWithRetry
FN:63,(anonymous_1)
FN:74,(anonymous_2)
FN:98,(anonymous_3)
FN:108,(anonymous_4)
FN:117,(anonymous_5)
FN:132,(anonymous_6)
FN:139,(anonymous_7)
FN:143,(anonymous_8)
FN:222,(anonymous_9)
FN:261,(anonymous_10)
FN:307,(anonymous_11)
FN:327,(anonymous_12)
FN:371,(anonymous_13)
FN:388,(anonymous_14)
FN:422,(anonymous_15)
FN:478,(anonymous_16)
FN:504,(anonymous_17)
FN:560,(anonymous_18)
FN:607,(anonymous_19)
FN:622,(anonymous_20)
FN:691,(anonymous_21)
FNF:22
FNH:18
FNDA:38,fetchWithRetry
FNDA:5,(anonymous_1)
FNDA:2,(anonymous_2)
FNDA:62,(anonymous_3)
FNDA:11,(anonymous_4)
FNDA:33,(anonymous_5)
FNDA:28,(anonymous_6)
FNDA:3,(anonymous_7)
FNDA:176,(anonymous_8)
FNDA:8,(anonymous_9)
FNDA:6,(anonymous_10)
FNDA:2,(anonymous_11)
FNDA:4,(anonymous_12)
FNDA:0,(anonymous_13)
FNDA:4,(anonymous_14)
FNDA:6,(anonymous_15)
FNDA:4,(anonymous_16)
FNDA:8,(anonymous_17)
FNDA:7,(anonymous_18)
FNDA:0,(anonymous_19)
FNDA:0,(anonymous_20)
FNDA:0,(anonymous_21)
DA:16,25
DA:36,38
DA:38,38
DA:39,38
DA:41,38
DA:42,44
DA:43,44
DA:45,41
DA:46,28
DA:50,13
DA:51,13
DA:52,13
DA:53,6
DA:58,13
DA:59,13
DA:61,13
DA:62,5
DA:63,5
DA:64,4
DA:65,4
DA:69,8
DA:71,3
DA:72,3
DA:73,2
DA:74,2
DA:75,2
DA:76,2
DA:78,1
DA:82,0
DA:83,0
DA:85,0
DA:99,62
DA:100,62
DA:101,62
DA:109,11
DA:118,33
DA:133,28
DA:134,3
DA:137,25
DA:138,1
DA:139,3
DA:140,1
DA:143,24
DA:145,176
DA:146,0
DA:147,0
DA:150,176
DA:151,161
DA:154,15
DA:155,15
DA:156,2
DA:157,2
DA:162,13
DA:164,13
DA:165,1
DA:168,1
DA:172,12
DA:173,12
DA:174,3
DA:177,3
DA:181,9
DA:182,9
DA:185,8
DA:186,4
DA:187,4
DA:191,4
DA:192,1
DA:193,1
DA:196,1
DA:200,1
DA:203,3
DA:204,3
DA:207,24
DA:208,24
DA:209,8
DA:214,24
DA:223,8
DA:224,1
DA:227,7
DA:228,7
DA:237,7
DA:238,5
DA:239,5
DA:242,2
DA:243,1
DA:247,1
DA:249,0
DA:250,0
DA:262,6
DA:263,0
DA:266,6
DA:267,6
DA:268,6
DA:270,6
DA:271,1
DA:274,5
DA:276,5
DA:277,5
DA:278,7
DA:279,7
DA:280,7
DA:282,7
DA:284,7
DA:294,6
DA:295,3
DA:296,3
DA:297,3
DA:300,3
DA:301,3
DA:306,3
DA:307,2
DA:311,1
DA:312,1
DA:314,3
DA:315,3
DA:328,4
DA:329,0
DA:332,4
DA:334,4
DA:335,4
DA:345,4
DA:346,2
DA:347,2
DA:354,2
DA:355,0
DA:358,0
DA:359,0
DA:361,0
DA:362,0
DA:368,2
DA:371,2
DA:372,2
DA:377,0
DA:378,0
DA:389,4
DA:390,0
DA:393,4
DA:394,4
DA:410,4
DA:412,0
DA:413,0
DA:423,6
DA:424,0
DA:427,6
DA:429,6
DA:430,6
DA:431,6
DA:433,6
DA:434,7
DA:438,7
DA:447,7
DA:448,0
DA:451,7
DA:452,7
DA:453,7
DA:455,7
DA:456,7
DA:459,6
DA:460,4
DA:464,2
DA:465,2
DA:466,4
DA:467,4
DA:475,4
DA:478,4
DA:480,0
DA:484,2
DA:486,0
DA:487,0
DA:513,8
DA:516,8
DA:520,8
DA:525,8
DA:539,8
DA:540,1
DA:546,8
DA:561,7
DA:563,7
DA:565,7
DA:568,7
DA:569,4
DA:570,4
DA:571,0
DA:576,7
DA:577,6
DA:578,1
DA:586,5
DA:588,4
DA:596,1
DA:597,1
DA:608,0
DA:609,0
DA:612,0
DA:621,0
DA:622,0
DA:623,0
DA:629,0
DA:630,0
DA:633,0
DA:634,0
DA:636,0
DA:637,0
DA:639,0
DA:643,0
DA:644,0
DA:645,0
DA:646,0
DA:647,0
DA:649,0
DA:650,0
DA:656,0
DA:657,0
DA:658,0
DA:659,0
DA:668,0
DA:669,0
DA:672,0
DA:676,0
DA:679,0
DA:680,0
DA:690,0
DA:691,0
DA:692,0
DA:699,0
DA:700,0
DA:702,0
DA:709,0
DA:711,0
DA:712,0
DA:721,25
DA:722,25
DA:726,25
DA:727,25
DA:728,25
DA:729,25
LF:235
LH:171
BRDA:21,0,0,25
BRDA:21,0,1,0
BRDA:22,1,0,25
BRDA:22,1,1,0
BRDA:32,2,0,1
BRDA:34,3,0,1
BRDA:35,4,0,1
BRDA:45,5,0,28
BRDA:45,5,1,13
BRDA:53,6,0,6
BRDA:53,6,1,6
BRDA:58,7,0,13
BRDA:58,7,1,6
BRDA:58,7,2,6
BRDA:61,8,0,5
BRDA:61,8,1,8
BRDA:61,9,0,13
BRDA:61,9,1,11
BRDA:61,9,2,6
BRDA:72,10,0,2
BRDA:72,10,1,1
BRDA:82,11,0,0
BRDA:82,11,1,0
BRDA:98,12,0,0
BRDA:99,13,0,62
BRDA:99,13,1,24
BRDA:100,14,0,62
BRDA:100,14,1,0
BRDA:132,15,0,12
BRDA:133,16,0,3
BRDA:133,16,1,25
BRDA:133,17,0,28
BRDA:133,17,1,26
BRDA:137,18,0,1
BRDA:137,18,1,24
BRDA:145,19,0,0
BRDA:145,19,1,176
BRDA:145,20,0,176
BRDA:145,20,1,176
BRDA:145,20,2,176
BRDA:145,20,3,176
BRDA:150,21,0,161
BRDA:150,21,1,15
BRDA:155,22,0,2
BRDA:155,22,1,13
BRDA:164,23,0,1
BRDA:164,23,1,12
BRDA:173,24,0,3
BRDA:173,24,1,9
BRDA:185,25,0,4
BRDA:185,25,1,4
BRDA:185,26,0,8
BRDA:185,26,1,8
BRDA:191,27,0,1
BRDA:191,27,1,3
BRDA:191,28,0,4
BRDA:191,28,1,4
BRDA:208,29,0,8
BRDA:208,29,1,16
BRDA:223,30,0,1
BRDA:223,30,1,7
BRDA:237,31,0,5
BRDA:237,31,1,2
BRDA:242,32,0,1
BRDA:242,32,1,1
BRDA:261,33,0,3
BRDA:262,34,0,0
BRDA:262,34,1,6
BRDA:270,35,0,1
BRDA:270,35,1,5
BRDA:294,36,0,3
BRDA:294,36,1,3
BRDA:306,37,0,2
BRDA:306,37,1,1
BRDA:327,38,0,2
BRDA:328,39,0,0
BRDA:328,39,1,4
BRDA:332,40,0,2
BRDA:332,41,0,2
BRDA:345,42,0,2
BRDA:345,42,1,2
BRDA:354,43,0,0
BRDA:354,43,1,2
BRDA:354,44,0,2
BRDA:354,44,1,1
BRDA:361,45,0,0
BRDA:361,45,1,0
BRDA:374,46,0,2
BRDA:374,46,1,0
BRDA:389,47,0,0
BRDA:389,47,1,4
BRDA:423,48,0,0
BRDA:423,48,1,6
BRDA:434,49,0,1
BRDA:434,49,1,6
BRDA:447,50,0,0
BRDA:447,50,1,7
BRDA:452,51,0,7
BRDA:452,51,1,1
BRDA:459,52,0,4
BRDA:459,52,1,2
BRDA:509,53,0,4
BRDA:510,54,0,1
BRDA:511,55,0,5
BRDA:512,56,0,8
BRDA:520,57,0,1
BRDA:520,57,1,7
BRDA:529,58,0,8
BRDA:529,58,1,1
BRDA:532,59,0,8
BRDA:532,59,1,1
BRDA:539,60,0,1
BRDA:539,60,1,7
BRDA:560,61,0,3
BRDA:561,62,0,7
BRDA:561,63,0,3
BRDA:561,64,0,3
BRDA:568,65,0,4
BRDA:568,65,1,3
BRDA:568,66,0,7
BRDA:568,66,1,4
BRDA:570,67,0,0
BRDA:570,67,1,4
BRDA:577,68,0,1
BRDA:577,68,1,5
BRDA:621,69,0,0
BRDA:621,69,1,0
BRDA:625,70,0,0
BRDA:625,70,1,0
BRDA:639,71,0,0
BRDA:639,71,1,0
BRDA:640,72,0,0
BRDA:640,72,1,0
BRDA:645,73,0,0
BRDA:645,73,1,0
BRDA:646,74,0,0
BRDA:646,74,1,0
BRDA:649,75,0,0
BRDA:649,75,1,0
BRDA:668,76,0,0
BRDA:668,76,1,0
BRDA:679,77,0,0
BRDA:679,77,1,0
BRDA:690,78,0,0
BRDA:690,78,1,0
BRDA:695,79,0,0
BRDA:695,79,1,0
BRDA:700,80,0,0
BRDA:700,80,1,0
BRDA:705,81,0,0
BRDA:705,81,1,0
BRDA:721,82,0,25
BRDA:721,82,1,0
BRDA:721,83,0,25
BRDA:721,83,1,25
BRDA:726,84,0,25
BRDA:726,84,1,0
BRF:157
BRH:112
end_of_record
TN:
SF:scripts/background/services/PageContentService.js
FN:39,(anonymous_0)
FN:51,(anonymous_1)
FN:62,(anonymous_2)
FN:167,(anonymous_3)
FNF:4
FNH:3
FNDA:40,(anonymous_0)
FNDA:13,(anonymous_1)
FNDA:0,(anonymous_2)
FNDA:2,(anonymous_3)
DA:23,25
DA:40,40
DA:41,40
DA:52,13
DA:54,13
DA:55,1
DA:58,12
DA:60,12
DA:64,0
DA:66,0
DA:67,0
DA:70,0
DA:71,0
DA:73,0
DA:74,0
DA:79,0
DA:89,0
DA:90,0
DA:109,0
DA:110,0
DA:135,10
DA:136,7
DA:139,7
DA:143,3
DA:144,3
DA:158,2
DA:159,2
DA:168,2
DA:176,25
DA:177,25
DA:184,25
DA:185,25
DA:186,25
LF:33
LH:21
BRDA:39,0,0,0
BRDA:41,1,0,40
BRDA:41,1,1,1
BRDA:51,2,0,13
BRDA:54,3,0,1
BRDA:54,3,1,12
BRDA:64,4,0,0
BRDA:64,4,1,0
BRDA:70,5,0,0
BRDA:70,5,1,0
BRDA:73,6,0,0
BRDA:73,6,1,0
BRDA:80,7,0,0
BRDA:80,7,1,0
BRDA:80,7,2,0
BRDA:83,8,0,0
BRDA:83,8,1,0
BRDA:83,8,2,0
BRDA:91,9,0,0
BRDA:91,9,1,0
BRDA:111,10,0,0
BRDA:111,10,1,0
BRDA:135,11,0,7
BRDA:135,11,1,3
BRDA:135,12,0,10
BRDA:135,12,1,8
BRDA:176,13,0,25
BRDA:176,13,1,0
BRDA:176,14,0,25
BRDA:176,14,1,25
BRDA:184,15,0,25
BRDA:184,15,1,0
BRF:32
BRH:13
end_of_record
TN:
SF:scripts/background/services/StorageService.js
FN:33,(anonymous_0)
FN:43,(anonymous_1)
FN:51,(anonymous_2)
FN:52,(anonymous_3)
FN:68,(anonymous_4)
FN:76,(anonymous_5)
FN:84,(anonymous_6)
FN:100,(anonymous_7)
FN:109,(anonymous_8)
FN:110,(anonymous_9)
FN:126,(anonymous_10)
FN:131,(anonymous_11)
FN:132,(anonymous_12)
FN:147,(anonymous_13)
FN:152,(anonymous_14)
FN:153,(anonymous_15)
FN:167,(anonymous_16)
FN:172,(anonymous_17)
FN:173,(anonymous_18)
FN:178,(anonymous_19)
FN:179,(anonymous_20)
FNF:21
FNH:21
FNDA:34,(anonymous_0)
FNDA:17,(anonymous_1)
FNDA:16,(anonymous_2)
FNDA:16,(anonymous_3)
FNDA:2,(anonymous_4)
FNDA:2,(anonymous_5)
FNDA:2,(anonymous_6)
FNDA:1,(anonymous_7)
FNDA:1,(anonymous_8)
FNDA:1,(anonymous_9)
FNDA:14,(anonymous_10)
FNDA:14,(anonymous_11)
FNDA:14,(anonymous_12)
FNDA:1,(anonymous_13)
FNDA:1,(anonymous_14)
FNDA:1,(anonymous_15)
FNDA:1,(anonymous_16)
FNDA:1,(anonymous_17)
FNDA:1,(anonymous_18)
FNDA:4,(anonymous_19)
FNDA:2,(anonymous_20)
DA:22,25
DA:34,34
DA:35,34
DA:44,17
DA:45,1
DA:48,16
DA:49,16
DA:51,16
DA:52,16
DA:53,16
DA:54,0
DA:56,16
DA:69,2
DA:70,0
DA:73,2
DA:74,2
DA:76,2
DA:77,2
DA:85,2
DA:86,0
DA:88,2
DA:101,1
DA:102,0
DA:105,1
DA:106,1
DA:107,1
DA:109,1
DA:110,1
DA:111,1
DA:112,0
DA:114,1
DA:115,1
DA:127,14
DA:128,0
DA:131,14
DA:132,14
DA:133,14
DA:134,0
DA:136,14
DA:148,1
DA:149,0
DA:152,1
DA:153,1
DA:154,1
DA:155,0
DA:157,1
DA:168,1
DA:169,0
DA:172,1
DA:173,1
DA:174,1
DA:175,0
DA:177,1
DA:178,4
DA:179,2
DA:180,1
DA:191,25
DA:192,25
DA:196,25
DA:197,25
DA:198,25
LF:61
LH:50
BRDA:33,0,0,0
BRDA:34,1,0,34
BRDA:34,1,1,25
BRDA:34,2,0,24
BRDA:34,2,1,1
BRDA:35,3,0,34
BRDA:35,3,1,1
BRDA:44,4,0,1
BRDA:44,4,1,16
BRDA:53,5,0,0
BRDA:53,5,1,16
BRDA:56,6,0,16
BRDA:56,6,1,8
BRDA:69,7,0,0
BRDA:69,7,1,2
BRDA:85,8,0,0
BRDA:85,8,1,2
BRDA:101,9,0,0
BRDA:101,9,1,1
BRDA:111,10,0,0
BRDA:111,10,1,1
BRDA:127,11,0,0
BRDA:127,11,1,14
BRDA:133,12,0,0
BRDA:133,12,1,14
BRDA:148,13,0,0
BRDA:148,13,1,1
BRDA:154,14,0,0
BRDA:154,14,1,1
BRDA:168,15,0,0
BRDA:168,15,1,1
BRDA:174,16,0,0
BRDA:174,16,1,1
BRDA:191,17,0,25
BRDA:191,17,1,0
BRDA:191,18,0,25
BRDA:191,18,1,25
BRDA:196,19,0,25
BRDA:196,19,1,0
BRF:39
BRH:25
end_of_record
TN:
SF:scripts/background/services/TabService.js
FN:27,(anonymous_0)
FN:30,(anonymous_1)
FN:31,(anonymous_2)
FN:32,(anonymous_3)
FN:33,(anonymous_4)
FN:41,(anonymous_5)
FN:60,(anonymous_6)
FN:82,(anonymous_7)
FN:84,(anonymous_8)
FN:87,(anonymous_9)
FN:94,(anonymous_10)
FN:95,(anonymous_11)
FN:109,(anonymous_12)
FN:122,(anonymous_13)
FN:128,(anonymous_14)
FN:135,(anonymous_15)
FN:152,(anonymous_16)
FN:215,(anonymous_17)
FNF:18
FNH:7
FNDA:44,(anonymous_0)
FNDA:0,(anonymous_1)
FNDA:0,(anonymous_2)
FNDA:0,(anonymous_3)
FNDA:0,(anonymous_4)
FNDA:12,(anonymous_5)
FNDA:6,(anonymous_6)
FNDA:25,(anonymous_7)
FNDA:0,(anonymous_8)
FNDA:0,(anonymous_9)
FNDA:0,(anonymous_10)
FNDA:0,(anonymous_11)
FNDA:11,(anonymous_12)
FNDA:1,(anonymous_13)
FNDA:0,(anonymous_14)
FNDA:0,(anonymous_15)
FNDA:0,(anonymous_16)
FNDA:1,(anonymous_17)
DA:28,44
DA:29,44
DA:30,44
DA:31,44
DA:32,44
DA:33,44
DA:42,12
DA:43,5
DA:46,7
DA:47,7
DA:49,7
DA:51,7
DA:52,6
DA:53,2
DA:54,2
DA:56,4
DA:60,6
DA:61,6
DA:63,6
DA:64,2
DA:65,2
DA:69,2
DA:72,4
DA:75,1
DA:84,25
DA:85,0
DA:87,0
DA:88,0
DA:94,25
DA:95,0
DA:96,0
DA:97,0
DA:110,11
DA:111,2
DA:112,2
DA:115,9
DA:116,1
DA:117,1
DA:120,8
DA:122,8
DA:123,5
DA:124,2
DA:125,2
DA:128,3
DA:129,0
DA:135,0
DA:136,0
DA:137,0
DA:138,0
DA:139,0
DA:152,0
DA:153,0
DA:154,0
DA:156,0
DA:158,0
DA:162,0
DA:163,0
DA:164,0
DA:165,0
DA:166,0
DA:169,0
DA:170,0
DA:171,0
DA:173,0
DA:174,0
DA:175,0
DA:180,0
DA:181,0
DA:182,0
DA:183,0
DA:184,0
DA:185,0
DA:186,0
DA:191,0
DA:192,0
DA:193,0
DA:194,0
DA:195,0
DA:196,0
DA:199,0
DA:203,0
DA:205,0
DA:209,1
DA:210,1
DA:211,1
DA:215,1
DA:216,1
DA:219,1
DA:220,1
DA:224,5
DA:225,5
DA:226,1
DA:228,4
DA:238,25
DA:239,25
DA:243,25
DA:244,25
LF:97
LH:53
BRDA:27,0,0,1
BRDA:28,1,0,44
BRDA:28,1,1,1
BRDA:30,2,0,44
BRDA:30,2,1,1
BRDA:31,3,0,44
BRDA:31,3,1,1
BRDA:32,4,0,44
BRDA:32,4,1,1
BRDA:33,5,0,44
BRDA:33,5,1,1
BRDA:42,6,0,5
BRDA:42,6,1,7
BRDA:42,7,0,12
BRDA:42,7,1,10
BRDA:42,7,2,7
BRDA:52,8,0,2
BRDA:52,8,1,4
BRDA:63,9,0,2
BRDA:63,9,1,4
BRDA:63,10,0,6
BRDA:63,10,1,2
BRDA:64,11,0,2
BRDA:64,11,1,0
BRDA:85,12,0,0
BRDA:85,12,1,0
BRDA:85,13,0,0
BRDA:85,13,1,0
BRDA:85,13,2,0
BRDA:96,14,0,0
BRDA:96,14,1,0
BRDA:110,15,0,2
BRDA:110,15,1,9
BRDA:110,16,0,11
BRDA:110,16,1,10
BRDA:115,17,0,1
BRDA:115,17,1,8
BRDA:123,18,0,2
BRDA:123,18,1,3
BRDA:123,19,0,5
BRDA:123,19,1,4
BRDA:123,19,2,4
BRDA:153,20,0,0
BRDA:153,20,1,0
BRDA:153,21,0,0
BRDA:153,21,1,0
BRDA:158,22,0,0
BRDA:158,22,1,0
BRDA:170,23,0,0
BRDA:170,23,1,0
BRDA:174,24,0,0
BRDA:174,24,1,0
BRDA:180,25,0,0
BRDA:180,25,1,0
BRDA:183,26,0,0
BRDA:183,26,1,0
BRDA:191,27,0,0
BRDA:191,27,1,0
BRDA:194,28,0,0
BRDA:194,28,1,0
BRDA:194,29,0,0
BRDA:194,29,1,0
BRDA:210,30,0,1
BRDA:210,30,1,0
BRDA:210,31,0,1
BRDA:210,31,1,1
BRDA:210,31,2,1
BRDA:224,32,0,5
BRDA:224,32,1,0
BRDA:225,33,0,1
BRDA:225,33,1,4
BRDA:238,34,0,25
BRDA:238,34,1,0
BRDA:238,35,0,25
BRDA:238,35,1,25
BRDA:243,36,0,25
BRDA:243,36,1,0
BRF:77
BRH:45
end_of_record
TN:
SF:scripts/background/utils/BlockBuilder.js
FN:34,createRichText
FN:81,createParagraph
FN:97,createHeading
FN:116,createImage
FN:139,createCodeBlock
FN:155,createBulletItem
FN:170,createNumberedItem
FN:185,createQuote
FN:199,createDivider
FN:214,splitTextForHighlight
FN:254,(anonymous_10)
FN:263,buildHighlightBlocks
FN:270,(anonymous_12)
FN:275,(anonymous_13)
FN:294,textToParagraphs
FN:303,(anonymous_15)
FN:304,(anonymous_16)
FN:306,(anonymous_17)
FN:314,createFallbackBlocks
FN:323,isValidBlock
FNF:20
FNH:20
FNDA:54,createRichText
FNDA:24,createParagraph
FNDA:17,createHeading
FNDA:3,createImage
FNDA:2,createCodeBlock
FNDA:1,createBulletItem
FNDA:1,createNumberedItem
FNDA:1,createQuote
FNDA:2,createDivider
FNDA:47,splitTextForHighlight
FNDA:84,(anonymous_10)
FNDA:16,buildHighlightBlocks
FNDA:14,(anonymous_12)
FNDA:16,(anonymous_13)
FNDA:4,textToParagraphs
FNDA:4,(anonymous_15)
FNDA:4,(anonymous_16)
FNDA:3,(anonymous_17)
FNDA:2,createFallbackBlocks
FNDA:8,isValidBlock
DA:19,28
DA:35,54
DA:37,54
DA:43,54
DA:44,1
DA:48,54
DA:49,54
DA:50,15
DA:52,54
DA:53,2
DA:55,54
DA:56,1
DA:58,54
DA:59,0
DA:61,54
DA:62,0
DA:64,54
DA:65,1
DA:68,54
DA:69,17
DA:72,54
DA:82,24
DA:98,17
DA:99,17
DA:101,17
DA:117,3
DA:126,3
DA:127,1
DA:130,3
DA:140,2
DA:156,1
DA:171,1
DA:186,1
DA:200,2
DA:215,47
DA:216,20
DA:219,27
DA:220,27
DA:222,27
DA:223,84
DA:224,26
DA:225,26
DA:229,58
DA:230,58
DA:232,58
DA:233,390
DA:234,390
DA:236,15
DA:237,15
DA:242,58
DA:243,43
DA:244,43
DA:246,15
DA:250,58
DA:251,58
DA:254,84
DA:264,16
DA:265,5
DA:268,11
DA:270,11
DA:271,14
DA:273,14
DA:275,14
DA:276,16
DA:284,11
DA:295,4
DA:297,4
DA:298,2
DA:301,2
DA:303,4
DA:304,4
DA:306,3
DA:315,2
DA:324,8
DA:325,2
DA:327,6
LF:76
LH:74
BRDA:19,0,0,28
BRDA:19,0,1,0
BRDA:34,1,0,27
BRDA:35,2,0,54
BRDA:35,2,1,3
BRDA:43,3,0,1
BRDA:43,3,1,53
BRDA:49,4,0,15
BRDA:49,4,1,39
BRDA:49,5,0,54
BRDA:49,5,1,17
BRDA:52,6,0,2
BRDA:52,6,1,52
BRDA:55,7,0,1
BRDA:55,7,1,53
BRDA:58,8,0,0
BRDA:58,8,1,54
BRDA:61,9,0,0
BRDA:61,9,1,54
BRDA:64,10,0,1
BRDA:64,10,1,53
BRDA:68,11,0,17
BRDA:68,11,1,37
BRDA:81,12,0,7
BRDA:97,13,0,2
BRDA:116,14,0,1
BRDA:126,15,0,1
BRDA:126,15,1,2
BRDA:139,16,0,1
BRDA:214,17,0,5
BRDA:215,18,0,20
BRDA:215,18,1,27
BRDA:215,19,0,47
BRDA:215,19,1,43
BRDA:223,20,0,26
BRDA:223,20,1,58
BRDA:234,21,0,15
BRDA:234,21,1,375
BRDA:242,22,0,43
BRDA:242,22,1,15
BRDA:244,23,0,15
BRDA:244,23,1,28
BRDA:244,24,0,43
BRDA:244,24,1,28
BRDA:263,25,0,15
BRDA:264,26,0,5
BRDA:264,26,1,11
BRDA:264,27,0,16
BRDA:264,27,1,13
BRDA:271,28,0,14
BRDA:271,28,1,1
BRDA:278,29,0,16
BRDA:278,29,1,2
BRDA:294,30,0,3
BRDA:295,31,0,3
BRDA:297,32,0,2
BRDA:297,32,1,2
BRDA:297,33,0,4
BRDA:297,33,1,2
BRDA:314,34,0,1
BRDA:324,35,0,2
BRDA:324,35,1,6
BRDA:324,36,0,8
BRDA:324,36,1,6
BRDA:327,37,0,6
BRDA:327,37,1,4
BRF:66
BRH:63
end_of_record
TN:
SF:scripts/background.js
FN:65,(anonymous_0)
FN:82,(anonymous_1)
FN:96,handleExtensionUpdate
FN:109,handleExtensionInstall
FN:117,shouldShowUpdateNotification
FN:144,isImportantUpdate
FN:158,showUpdateNotification
FN:167,(anonymous_7)
FN:176,(anonymous_8)
FN:194,(anonymous_9)
FN:206,(anonymous_10)
FN:219,(anonymous_11)
FN:225,(anonymous_12)
FN:230,(anonymous_13)
FNF:14
FNH:8
FNDA:2,(anonymous_0)
FNDA:1,(anonymous_1)
FNDA:1,handleExtensionUpdate
FNDA:0,handleExtensionInstall
FNDA:1,shouldShowUpdateNotification
FNDA:0,isImportantUpdate
FNDA:1,showUpdateNotification
FNDA:1,(anonymous_7)
FNDA:1,(anonymous_8)
FNDA:0,(anonymous_9)
FNDA:0,(anonymous_10)
FNDA:1,(anonymous_11)
FNDA:0,(anonymous_12)
FNDA:0,(anonymous_13)
DA:32,24
DA:33,24
DA:37,24
DA:38,24
DA:41,24
DA:44,24
DA:51,24
DA:55,24
DA:56,24
DA:61,24
DA:65,2
DA:74,24
DA:75,23
DA:82,23
DA:83,1
DA:86,1
DA:87,1
DA:88,0
DA:89,0
DA:97,1
DA:98,1
DA:101,1
DA:102,1
DA:110,0
DA:119,1
DA:120,0
DA:124,1
DA:125,1
DA:128,1
DA:129,1
DA:133,0
DA:135,0
DA:138,0
DA:146,0
DA:152,0
DA:159,1
DA:161,1
DA:167,1
DA:168,1
DA:169,1
DA:170,1
DA:176,1
DA:177,1
DA:178,1
DA:180,1
DA:181,1
DA:183,1
DA:184,1
DA:194,1
DA:195,0
DA:196,0
DA:197,0
DA:206,1
DA:207,0
DA:208,0
DA:209,0
DA:213,1
DA:214,1
DA:217,1
DA:220,1
DA:221,1
DA:222,1
DA:230,1
DA:231,0
DA:232,0
DA:237,1
DA:243,1
DA:246,0
DA:254,23
DA:255,23
LF:70
LH:52
BRDA:55,0,0,24
BRDA:55,0,1,0
BRDA:86,1,0,1
BRDA:86,1,1,0
BRDA:88,2,0,0
BRDA:88,2,1,0
BRDA:101,3,0,1
BRDA:101,3,1,0
BRDA:119,4,0,0
BRDA:119,4,1,1
BRDA:119,5,0,1
BRDA:119,5,1,1
BRDA:128,6,0,1
BRDA:128,6,1,0
BRDA:128,7,0,1
BRDA:128,7,1,1
BRDA:133,8,0,0
BRDA:133,8,1,0
BRDA:177,9,0,1
BRDA:177,9,1,0
BRDA:180,10,0,1
BRDA:180,10,1,0
BRDA:183,11,0,1
BRDA:183,11,1,0
BRDA:195,12,0,0
BRDA:195,12,1,0
BRDA:195,13,0,0
BRDA:195,13,1,0
BRDA:207,14,0,0
BRDA:207,14,1,0
BRDA:220,15,0,1
BRDA:220,15,1,0
BRDA:254,16,0,23
BRDA:254,16,1,0
BRDA:254,17,0,23
BRDA:254,17,1,23
BRF:36
BRH:16
end_of_record
TN:
SF:scripts/config/constants.js
FNF:0
FNH:0
DA:1,38
DA:2,38
DA:3,38
DA:4,38
DA:5,38
DA:6,38
DA:7,38
DA:8,38
DA:9,38
DA:10,38
DA:11,38
DA:12,38
DA:13,38
DA:14,38
DA:15,80
DA:16,118
DA:17,118
DA:18,118
DA:19,118
DA:20,118
DA:21,118
DA:22,118
DA:23,38
DA:24,38
DA:25,118
DA:26,38
DA:27,38
DA:28,38
DA:29,80
DA:30,118
DA:31,118
DA:32,118
DA:33,118
DA:34,118
DA:35,38
DA:36,38
DA:37,38
DA:38,38
DA:39,38
DA:40,38
DA:41,38
DA:42,38
DA:43,38
DA:44,38
DA:45,38
DA:46,38
DA:47,38
DA:48,38
DA:49,38
DA:50,80
DA:51,118
DA:52,118
DA:53,118
DA:54,38
DA:55,38
DA:56,38
DA:57,38
DA:58,38
DA:59,38
DA:60,38
DA:61,38
DA:62,80
DA:63,118
DA:64,118
DA:65,118
DA:66,118
DA:67,118
DA:68,118
DA:69,38
DA:70,38
DA:71,38
DA:72,38
DA:73,38
DA:74,80
DA:75,118
DA:76,118
DA:77,118
DA:78,118
DA:79,118
DA:80,118
DA:81,118
DA:82,38
DA:83,38
DA:84,38
DA:85,38
DA:86,38
DA:87,38
DA:88,80
DA:89,118
DA:90,118
DA:91,118
DA:92,118
DA:93,118
DA:94,118
DA:95,118
DA:96,118
DA:97,118
DA:98,118
DA:99,118
DA:100,118
DA:101,118
DA:102,118
DA:103,118
DA:104,118
DA:105,38
DA:106,38
DA:107,38
DA:108,38
DA:109,38
DA:110,38
DA:111,38
DA:112,38
DA:113,38
DA:114,80
DA:115,118
DA:116,118
DA:117,118
DA:118,118
DA:119,118
DA:120,38
DA:121,38
DA:122,38
DA:123,38
DA:124,38
DA:125,38
DA:126,80
DA:127,118
DA:128,118
DA:129,38
DA:130,38
DA:131,38
DA:132,38
DA:133,38
DA:134,38
DA:135,80
DA:136,118
DA:137,118
DA:138,118
DA:139,118
DA:140,118
DA:141,118
DA:142,118
DA:143,118
DA:144,118
DA:145,118
DA:146,118
DA:147,118
DA:148,118
DA:149,38
LF:149
LH:149
BRF:0
BRH:0
end_of_record
TN:
SF:scripts/config/env.js
FN:17,isExtensionContext
FN:26,isBackgroundContext
FN:35,isContentContext
FN:43,isNodeEnvironment
FN:52,isDevelopment
FN:71,isProduction
FN:79,getEnvironment
FN:99,selectByEnvironment
FN:107,(anonymous_8)
FN:110,(anonymous_9)
FN:113,(anonymous_10)
FN:116,(anonymous_11)
FN:119,(anonymous_12)
FN:122,(anonymous_13)
FNF:14
FNH:14
FNDA:56,isExtensionContext
FNDA:9,isBackgroundContext
FNDA:9,isContentContext
FNDA:9,isNodeEnvironment
FNDA:29,isDevelopment
FNDA:10,isProduction
FNDA:4,getEnvironment
FNDA:7,selectByEnvironment
FNDA:2,(anonymous_8)
FNDA:2,(anonymous_9)
FNDA:2,(anonymous_10)
FNDA:2,(anonymous_11)
FNDA:2,(anonymous_12)
FNDA:2,(anonymous_13)
DA:18,56
DA:27,9
DA:36,9
DA:44,9
DA:53,29
DA:54,0
DA:57,29
DA:58,29
DA:59,29
DA:60,29
DA:62,0
DA:63,0
DA:72,10
DA:80,4
DA:100,7
DA:106,33
DA:108,2
DA:111,2
DA:114,2
DA:117,2
DA:120,2
DA:123,2
LF:22
LH:19
BRDA:18,0,0,56
BRDA:18,0,1,56
BRDA:18,0,2,56
BRDA:27,1,0,9
BRDA:27,1,1,9
BRDA:36,2,0,9
BRDA:36,2,1,9
BRDA:44,3,0,9
BRDA:44,3,1,9
BRDA:44,3,2,9
BRDA:53,4,0,0
BRDA:53,4,1,29
BRDA:59,5,0,29
BRDA:59,5,1,29
BRDA:59,5,2,0
BRDA:100,6,0,0
BRDA:100,6,1,7
BRF:17
BRH:14
end_of_record
TN:
SF:scripts/config/features.js
FNF:0
FNH:0
DA:28,32
DA:60,32
DA:81,32
LF:3
LH:3
BRF:0
BRH:0
end_of_record
TN:
SF:scripts/config/index.js
FNF:0
FNH:0
LF:0
LH:0
BRF:0
BRH:0
end_of_record
TN:
SF:scripts/config/patterns.js
FNF:0
FNH:0
DA:1,38
DA:2,38
DA:3,38
DA:4,38
DA:5,38
DA:6,38
DA:7,38
DA:8,38
DA:9,38
DA:10,38
DA:11,38
DA:12,38
DA:13,38
DA:14,38
DA:15,38
DA:16,38
DA:17,73
DA:18,73
DA:19,73
DA:20,73
DA:21,73
DA:22,73
DA:23,38
DA:24,38
DA:25,38
DA:26,38
DA:27,38
DA:28,38
DA:29,73
DA:30,73
DA:31,38
DA:32,38
DA:33,38
DA:34,38
DA:35,38
DA:36,38
DA:37,38
DA:38,38
DA:39,38
DA:40,38
DA:41,73
DA:42,73
DA:43,73
DA:44,73
DA:45,73
DA:46,73
DA:47,73
DA:48,73
DA:49,73
DA:50,73
DA:51,73
DA:52,73
DA:53,73
DA:54,73
DA:55,73
DA:56,73
DA:57,73
DA:58,73
DA:59,73
DA:60,73
DA:61,73
DA:62,73
DA:63,73
DA:64,73
DA:65,73
DA:66,73
DA:67,38
DA:68,38
DA:69,38
DA:70,38
DA:71,38
DA:72,38
DA:73,38
DA:74,73
DA:75,38
DA:76,38
DA:77,73
DA:78,73
DA:79,73
DA:80,73
DA:81,73
DA:82,73
DA:83,73
DA:84,73
DA:85,73
DA:86,73
DA:87,73
DA:88,73
DA:89,73
DA:90,73
DA:91,73
DA:92,73
DA:93,73
DA:94,73
DA:95,38
DA:96,38
DA:97,38
DA:98,73
DA:99,73
DA:100,73
DA:101,73
DA:102,73
DA:103,73
DA:104,73
DA:105,38
DA:106,38
DA:107,38
DA:108,38
DA:109,38
DA:110,38
DA:111,73
DA:112,73
DA:113,73
DA:114,38
DA:115,38
DA:116,38
DA:117,38
DA:118,38
DA:119,38
DA:120,38
DA:121,38
DA:122,38
DA:123,38
DA:124,73
DA:125,73
DA:126,73
DA:127,73
DA:128,73
DA:129,73
DA:130,73
DA:131,73
DA:132,73
DA:133,73
DA:134,73
DA:135,73
DA:136,73
DA:137,73
DA:138,73
DA:139,73
DA:140,73
DA:141,73
DA:142,73
DA:143,73
DA:144,73
DA:145,73
DA:146,73
DA:147,73
DA:148,73
DA:149,73
DA:150,73
DA:151,73
DA:152,73
DA:153,73
DA:154,73
DA:155,73
DA:156,73
DA:157,73
DA:158,73
DA:159,73
DA:160,73
DA:161,73
DA:162,73
DA:163,73
DA:164,73
DA:165,73
DA:166,73
DA:167,73
DA:168,73
DA:169,73
DA:170,73
DA:171,73
DA:172,73
DA:173,73
DA:174,73
DA:175,73
DA:176,73
DA:177,73
DA:178,73
DA:179,73
DA:180,73
DA:181,73
DA:182,73
DA:183,73
DA:184,73
DA:185,73
DA:186,73
DA:187,73
DA:188,73
DA:189,73
DA:190,73
DA:191,73
DA:192,73
DA:193,73
DA:194,73
DA:195,38
DA:196,38
DA:197,38
DA:198,38
DA:199,38
DA:200,38
DA:201,38
DA:202,38
DA:203,38
DA:204,38
DA:205,73
DA:206,73
DA:207,73
DA:208,73
DA:209,73
DA:210,73
DA:211,73
DA:212,38
LF:212
LH:212
BRF:0
BRH:0
end_of_record
TN:
SF:scripts/config/selectors.js
FNF:0
FNH:0
DA:1,38
DA:2,38
DA:3,38
DA:4,38
DA:5,38
DA:6,38
DA:7,38
DA:8,38
DA:9,38
DA:10,38
DA:11,38
DA:12,38
DA:13,38
DA:14,38
DA:15,38
DA:16,38
DA:17,74
DA:18,74
DA:19,74
DA:20,74
DA:21,74
DA:22,74
DA:23,74
DA:24,74
DA:25,74
DA:26,74
DA:27,74
DA:28,74
DA:29,74
DA:30,74
DA:31,74
DA:32,74
DA:33,74
DA:34,74
DA:35,74
DA:36,74
DA:37,74
DA:38,74
DA:39,74
DA:40,74
DA:41,74
DA:42,74
DA:43,38
DA:44,38
DA:45,38
DA:46,38
DA:47,38
DA:48,38
DA:49,38
DA:50,38
DA:51,38
DA:52,38
DA:53,74
DA:54,74
DA:55,74
DA:56,74
DA:57,74
DA:58,74
DA:59,74
DA:60,74
DA:61,38
DA:62,38
DA:63,38
DA:64,38
DA:65,38
DA:66,38
DA:67,38
DA:68,74
DA:69,74
DA:70,74
DA:71,74
DA:72,74
DA:73,74
DA:74,74
DA:75,74
DA:76,74
DA:77,74
DA:78,74
DA:79,74
DA:80,74
DA:81,74
DA:82,74
DA:83,74
DA:84,74
DA:85,74
DA:86,74
DA:87,74
DA:88,74
DA:89,74
DA:90,74
DA:91,74
DA:92,74
DA:93,74
DA:94,74
DA:95,74
DA:96,74
DA:97,74
DA:98,74
DA:99,74
DA:100,74
DA:101,74
DA:102,74
DA:103,74
DA:104,74
DA:105,74
DA:106,38
DA:107,38
DA:108,38
DA:109,38
DA:110,38
DA:111,38
DA:112,38
DA:113,38
DA:114,38
DA:115,38
DA:116,74
DA:117,74
DA:118,74
DA:119,74
DA:120,74
DA:121,74
DA:122,74
DA:123,74
DA:124,74
DA:125,74
DA:126,74
DA:127,74
DA:128,74
DA:129,74
DA:130,74
DA:131,74
DA:132,74
DA:133,74
DA:134,74
DA:135,74
DA:136,74
DA:137,74
DA:138,74
DA:139,74
DA:140,74
DA:141,38
DA:142,38
DA:143,38
DA:144,38
DA:145,38
DA:146,38
DA:147,74
DA:148,74
DA:149,74
DA:150,38
DA:151,38
DA:152,38
DA:153,38
DA:154,38
DA:155,38
DA:156,74
DA:157,74
DA:158,74
DA:159,74
DA:160,74
DA:161,74
DA:162,74
DA:163,74
DA:164,74
DA:165,74
DA:166,74
DA:167,74
DA:168,74
DA:169,74
DA:170,74
DA:171,74
DA:172,74
DA:173,74
DA:174,74
DA:175,74
DA:176,74
DA:177,74
DA:178,74
DA:179,74
DA:180,74
DA:181,74
DA:182,74
DA:183,74
DA:184,74
DA:185,74
DA:186,38
DA:187,38
DA:188,38
DA:189,38
DA:190,38
DA:191,38
DA:192,38
DA:193,38
DA:194,38
DA:195,38
DA:196,74
DA:197,74
DA:198,74
DA:199,38
DA:200,38
DA:201,38
DA:202,38
DA:203,38
DA:204,38
DA:205,38
DA:206,74
DA:207,74
DA:208,74
DA:209,74
DA:210,74
DA:211,74
DA:212,74
DA:213,74
DA:214,74
DA:215,38
DA:216,38
DA:217,38
DA:218,38
DA:219,38
DA:220,38
DA:221,74
DA:222,74
DA:223,74
DA:224,74
DA:225,74
DA:226,74
DA:227,74
DA:228,74
DA:229,74
DA:230,74
DA:231,38
DA:232,38
DA:233,38
DA:234,38
DA:235,38
DA:236,38
DA:237,38
DA:238,38
DA:239,38
DA:240,38
DA:241,38
DA:242,38
DA:243,38
DA:244,38
DA:245,74
DA:246,74
DA:247,74
DA:248,74
DA:249,74
DA:250,74
DA:251,74
DA:252,38
DA:253,20
DA:254,20
DA:255,20
DA:256,20
DA:257,20
DA:258,20
DA:259,20
DA:260,20
DA:261,20
DA:262,20
DA:263,20
DA:264,20
DA:265,20
DA:266,20
DA:267,20
DA:268,20
DA:269,20
DA:270,20
DA:271,36
DA:272,56
DA:273,56
DA:274,56
DA:275,56
DA:276,56
DA:277,56
DA:278,56
DA:279,56
DA:280,56
DA:281,56
DA:282,56
DA:283,56
DA:284,56
DA:285,56
DA:286,56
DA:287,56
DA:288,56
DA:289,56
DA:290,56
DA:291,20
LF:291
LH:291
BRF:0
BRH:0
end_of_record
TN:
SF:scripts/content/converters/ContentBridge.js
FN:37,bridgeContentToBlocks
FN:114,(anonymous_1)
FN:148,createFallbackResult
FN:169,createTextBlocks
FN:184,(anonymous_4)
FN:230,extractAndBridge
FNF:6
FNH:5
FNDA:11,bridgeContentToBlocks
FNDA:2,(anonymous_1)
FNDA:2,createFallbackResult
FNDA:7,createTextBlocks
FNDA:6,(anonymous_4)
FNDA:0,extractAndBridge
DA:38,11
DA:41,11
DA:42,1
DA:43,1
DA:46,10
DA:50,10
DA:54,10
DA:57,10
DA:59,10
DA:60,10
DA:61,10
DA:62,10
DA:67,10
DA:71,10
DA:72,10
DA:74,0
DA:75,0
DA:78,0
DA:79,0
DA:82,1
DA:83,1
DA:88,10
DA:89,4
DA:90,4
DA:106,10
DA:109,10
DA:110,2
DA:113,2
DA:114,2
DA:117,2
DA:118,1
DA:126,1
DA:128,1
DA:133,10
DA:135,10
DA:149,2
DA:170,7
DA:171,2
DA:175,5
DA:176,5
DA:177,5
DA:179,5
DA:180,0
DA:184,6
DA:185,5
DA:187,5
DA:188,5
DA:189,6
DA:190,6
DA:191,0
DA:195,6
DA:196,5
DA:205,1
DA:206,2
DA:219,5
DA:233,0
DA:235,0
DA:236,0
DA:237,0
DA:241,0
DA:242,0
DA:245,0
DA:249,1
DA:250,1
DA:251,1
DA:252,1
DA:256,1
DA:257,1
LF:68
LH:55
BRDA:37,0,0,1
BRDA:38,1,0,8
BRDA:41,2,0,1
BRDA:41,2,1,10
BRDA:46,3,0,0
BRDA:50,4,0,10
BRDA:50,4,1,1
BRDA:50,4,2,0
BRDA:50,4,3,0
BRDA:52,5,0,0
BRDA:52,5,1,0
BRDA:59,6,0,10
BRDA:59,6,1,0
BRDA:61,7,0,10
BRDA:61,7,1,0
BRDA:61,8,0,10
BRDA:61,8,1,0
BRDA:67,9,0,10
BRDA:67,9,1,0
BRDA:67,9,2,0
BRDA:69,10,0,0
BRDA:69,10,1,0
BRDA:71,11,0,10
BRDA:71,11,1,0
BRDA:88,12,0,4
BRDA:88,12,1,6
BRDA:88,13,0,10
BRDA:88,13,1,10
BRDA:109,14,0,2
BRDA:109,14,1,8
BRDA:109,15,0,10
BRDA:109,15,1,9
BRDA:114,16,0,2
BRDA:114,16,1,1
BRDA:117,17,0,1
BRDA:117,17,1,1
BRDA:133,18,0,10
BRDA:133,18,1,9
BRDA:133,18,2,8
BRDA:170,19,0,2
BRDA:170,19,1,5
BRDA:170,20,0,7
BRDA:170,20,1,6
BRDA:177,21,0,5
[...]
DA:570,24
DA:571,24
DA:572,20
DA:573,20
DA:574,20
DA:575,24
DA:576,24
DA:577,20
DA:578,20
DA:579,32
DA:580,32
DA:581,32
DA:582,32
DA:583,32
DA:584,32
DA:585,32
DA:586,32
DA:587,32
DA:588,20
DA:589,20
DA:590,20
DA:591,20
DA:592,20
DA:593,20
DA:594,0
DA:595,0
DA:596,0
DA:597,0
DA:598,0
DA:599,0
DA:600,12
DA:601,12
DA:602,12
DA:603,12
DA:604,12
DA:605,12
DA:606,12
DA:607,0
DA:608,0
DA:609,0
DA:610,0
DA:611,0
DA:612,0
DA:613,0
DA:614,0
DA:615,0
DA:616,0
DA:617,0
DA:618,12
DA:619,12
DA:620,12
DA:621,12
DA:622,12
DA:623,12
DA:624,12
DA:625,12
DA:626,12
DA:627,12
DA:628,12
DA:629,12
DA:630,12
DA:631,12
DA:632,12
DA:633,12
DA:634,12
DA:635,12
DA:636,12
DA:637,12
DA:638,12
DA:639,30
DA:640,30
DA:641,12
DA:642,30
DA:643,36
LF:643
LH:545
BRDA:21,0,0,16
BRDA:21,0,1,0
BRDA:61,1,0,218
BRDA:62,2,0,60
BRDA:62,2,1,194
BRDA:62,3,0,248
BRDA:62,3,1,206
BRDA:67,4,0,36
BRDA:67,4,1,194
BRDA:86,5,0,21
BRDA:86,5,1,8
BRDA:86,5,2,8
BRDA:86,5,3,8
BRDA:91,6,0,19
BRDA:91,6,1,2
BRDA:95,7,0,13
BRDA:95,7,1,1
BRDA:111,8,0,27
BRDA:111,8,1,172
BRDA:111,9,0,199
BRDA:111,9,1,173
BRDA:113,10,0,24
BRDA:113,10,1,3
BRDA:122,11,0,70
BRDA:122,11,1,7
BRDA:128,12,0,13
BRDA:128,12,1,174
BRDA:148,13,0,24
BRDA:148,13,1,153
BRDA:148,14,0,177
BRDA:148,14,1,156
BRDA:153,15,0,13
BRDA:153,15,1,152
BRDA:153,16,0,165
BRDA:153,16,1,152
BRDA:169,17,0,12
BRDA:169,17,1,152
BRDA:175,18,0,15
BRDA:175,18,1,149
BRDA:184,19,0,18
BRDA:184,19,1,143
BRDA:184,20,0,161
BRDA:184,20,1,7
BRDA:189,21,0,17
BRDA:189,21,1,138
BRDA:195,22,0,149
BRDA:195,22,1,1
BRDA:217,23,0,102
BRDA:217,23,1,48
BRDA:254,24,0,36
BRDA:254,24,1,24
BRDA:270,25,0,12
BRDA:270,25,1,7
BRDA:276,26,0,19
BRDA:276,26,1,0
BRDA:280,27,0,12
BRDA:280,27,1,7
BRDA:280,28,0,19
BRDA:280,28,1,7
BRDA:287,29,0,16
BRDA:287,29,1,3
BRDA:293,30,0,13
BRDA:293,30,1,2
BRDA:311,31,0,16
BRDA:311,31,1,19
BRDA:311,32,0,35
BRDA:311,32,1,19
BRDA:319,33,0,31
BRDA:319,33,1,0
BRDA:321,34,0,12
BRDA:321,34,1,0
BRDA:325,35,0,12
BRDA:325,35,1,19
BRDA:325,36,0,31
BRDA:325,36,1,0
BRDA:331,37,0,12
BRDA:331,37,1,0
BRDA:344,38,0,12
BRDA:344,38,1,19
BRDA:353,39,0,40
BRDA:353,39,1,10
BRDA:353,40,0,50
BRDA:353,40,1,30
BRDA:358,41,0,19
BRDA:358,41,1,21
BRDA:360,42,0,22
BRDA:360,42,1,11
BRDA:367,43,0,38
BRDA:367,43,1,2
BRDA:374,44,0,15
BRDA:374,44,1,16
BRDA:376,45,0,12
BRDA:376,45,1,3
BRDA:378,46,0,12
BRDA:378,46,1,0
BRDA:392,47,0,26
BRDA:392,47,1,10
BRDA:392,47,2,9
BRDA:396,48,0,17
BRDA:396,48,1,9
BRDA:398,49,0,16
BRDA:398,49,1,1
BRDA:413,50,0,18
BRDA:413,50,1,158
BRDA:413,51,0,176
BRDA:413,51,1,10
BRDA:413,51,2,8
BRDA:427,52,0,17
BRDA:427,52,1,4
BRDA:434,53,0,14
BRDA:434,53,1,2
BRDA:436,54,0,14
BRDA:436,54,1,0
BRDA:451,55,0,12
BRDA:451,55,1,8
BRDA:451,56,0,20
BRDA:451,56,1,8
BRDA:457,57,0,19
BRDA:457,57,1,2
BRDA:459,58,0,16
BRDA:459,58,1,3
BRDA:459,59,0,19
BRDA:459,59,1,5
BRDA:462,60,0,14
BRDA:462,60,1,2
BRDA:463,61,0,16
BRDA:463,61,1,3
BRDA:463,61,2,2
BRDA:473,62,0,17
BRDA:473,62,1,0
BRDA:476,63,0,17
BRDA:476,63,1,5
BRDA:478,64,0,12
BRDA:478,64,1,5
BRDA:478,65,0,17
BRDA:478,65,1,0
BRDA:480,66,0,12
BRDA:480,66,1,0
BRDA:481,67,0,12
BRDA:481,67,1,0
BRDA:481,67,2,0
BRDA:504,68,0,28
BRDA:504,68,1,15
BRDA:505,69,0,20
BRDA:505,69,1,8
BRDA:508,70,0,14
BRDA:508,70,1,6
BRDA:508,71,0,20
BRDA:508,71,1,4
BRDA:527,72,0,16
BRDA:527,72,1,10
BRDA:532,73,0,22
BRDA:532,73,1,8
BRDA:532,73,2,5
BRDA:532,73,3,4
BRDA:532,73,4,3
BRDA:546,74,0,14
BRDA:546,74,1,2
BRDA:550,75,0,14
BRDA:550,75,1,0
BRDA:551,76,0,14
BRDA:551,76,1,1
BRDA:552,77,0,14
BRDA:552,77,1,1
BRDA:553,78,0,14
BRDA:553,78,1,1
BRDA:575,79,0,16
BRDA:575,79,1,0
BRDA:1,80,0,18
BRDA:8,81,0,36
BRDA:13,82,0,30
BRDA:13,83,0,30
BRDA:35,84,0,0
BRDA:36,85,0,30
BRDA:67,86,0,18
BRDA:67,87,0,30
BRDA:10,88,0,24
BRDA:13,89,0,18
BRDA:67,90,0,18
BRDA:21,91,0,16
BRDA:8,92,0,36
BRDA:13,93,0,18
BRDA:14,94,0,18
BRDA:67,95,0,18
BRDA:68,96,0,12
BRDA:640,97,0,12
BRDA:21,98,0,13
BRF:187
BRH:171
end_of_record
TN:
SF:scripts/utils/imageUtils.module.js
FNF:0
FNH:0
DA:1,18
DA:2,18
DA:3,18
DA:4,18
DA:5,18
DA:6,18
DA:7,0
DA:8,0
DA:9,18
DA:10,18
DA:11,18
DA:12,18
DA:13,0
DA:14,18
DA:15,18
DA:16,18
DA:17,18
DA:18,18
DA:19,18
DA:20,18
DA:21,18
DA:22,18
DA:23,18
DA:24,18
DA:25,18
DA:26,18
DA:27,18
DA:28,18
DA:29,18
DA:30,18
DA:31,18
DA:32,18
DA:33,18
DA:34,18
DA:35,18
DA:36,18
DA:37,18
DA:38,18
LF:38
LH:35
BRDA:6,0,0,0
BRDA:6,1,0,0
BRDA:12,2,0,0
BRDA:36,3,0,0
BRF:4
BRH:0
end_of_record
TN:
SF:scripts/utils/pageComplexityDetector.js
FN:21,isDocumentationSite
FN:65,(anonymous_1)
FN:66,(anonymous_2)
FN:79,isTechnicalDoc
FN:112,(anonymous_4)
FN:113,(anonymous_5)
FN:125,countElements
FN:139,hasTechnicalFeatures
FN:143,(anonymous_8)
FN:166,detectPageComplexity
FN:255,selectExtractor
FN:324,calculateConfidence
FN:367,shouldUseFallback
FN:379,getAnalysisReport
FN:408,generateRecommendations
FN:429,logAnalysis
FN:21,isDocumentationSite
FN:125,countElements
FN:139,hasTechnicalFeatures
FN:166,detectPageComplexity
FN:255,selectExtractor
FN:324,calculateConfidence
FN:367,shouldUseFallback
FN:166,T
FN:327,v
FN:370,_
FNF:26
FNH:26
FNDA:24,isDocumentationSite
FNDA:116,(anonymous_1)
FNDA:150,(anonymous_2)
FNDA:7,isTechnicalDoc
FNDA:47,(anonymous_4)
FNDA:38,(anonymous_5)
FNDA:168,countElements
FNDA:17,hasTechnicalFeatures
FNDA:871,(anonymous_8)
FNDA:24,detectPageComplexity
FNDA:26,selectExtractor
FNDA:25,calculateConfidence
FNDA:25,shouldUseFallback
FNDA:1,getAnalysisReport
FNDA:1,generateRecommendations
FNDA:1,logAnalysis
FNDA:9,isDocumentationSite
FNDA:63,countElements
FNDA:3,hasTechnicalFeatures
FNDA:9,detectPageComplexity
FNDA:3,selectExtractor
FNDA:3,calculateConfidence
FNDA:3,shouldUseFallback
FNDA:6,T
FNDA:6,v
FNDA:6,_
DA:1,38
DA:2,38
DA:3,38
DA:4,38
DA:5,38
DA:6,38
DA:7,38
DA:8,38
DA:9,38
DA:10,38
DA:11,38
DA:12,38
DA:13,38
DA:14,38
DA:15,38
DA:16,38
DA:17,38
DA:18,38
DA:19,38
DA:20,38
DA:21,9
DA:22,24
DA:23,24
DA:24,9
DA:25,15
DA:26,21
DA:27,0
DA:28,0
DA:29,0
DA:30,0
DA:31,0
DA:32,0
DA:33,0
DA:34,24
DA:35,24
DA:36,24
DA:37,24
DA:38,9
DA:39,9
DA:40,15
DA:41,24
DA:42,24
DA:43,24
DA:44,24
DA:45,24
DA:46,24
DA:47,24
DA:48,24
DA:49,9
DA:50,9
DA:51,9
DA:52,15
DA:53,24
DA:54,24
DA:55,24
DA:56,24
DA:57,24
DA:58,24
DA:59,24
DA:60,24
DA:61,24
DA:62,24
DA:63,9
DA:64,9
DA:65,116
DA:66,150
DA:67,9
DA:68,24
DA:69,9
DA:70,38
DA:71,38
DA:72,38
DA:73,38
DA:74,38
DA:75,38
DA:76,38
DA:77,38
DA:78,38
DA:79,38
DA:80,38
DA:81,45
DA:82,38
DA:83,38
DA:84,45
DA:85,38
DA:86,38
DA:87,38
DA:88,38
DA:89,45
DA:90,45
DA:91,45
DA:92,45
DA:93,45
DA:94,45
DA:95,45
DA:96,45
DA:97,45
DA:98,45
DA:99,38
DA:100,38
DA:101,38
DA:102,38
DA:103,45
DA:104,45
DA:105,45
DA:106,45
DA:107,45
DA:108,45
DA:109,45
DA:110,38
DA:111,38
DA:112,85
DA:113,76
DA:114,38
DA:115,38
DA:116,45
DA:117,45
DA:118,45
DA:119,45
DA:120,38
DA:121,38
DA:122,38
DA:123,38
DA:124,38
DA:125,63
DA:126,105
DA:127,168
DA:128,168
DA:129,168
DA:130,105
DA:131,105
DA:132,105
DA:133,63
DA:134,38
DA:135,38
DA:136,38
DA:137,38
DA:138,38
DA:139,28
DA:140,42
DA:141,28
DA:142,28
DA:143,28
DA:144,591
DA:145,1445
DA:146,1445
DA:147,1445
DA:148,1445
DA:149,28
DA:150,28
DA:151,28
DA:152,42
DA:153,42
DA:154,28
DA:155,28
DA:156,42
DA:157,42
DA:158,42
DA:159,42
DA:160,28
DA:161,38
DA:162,38
DA:163,38
DA:164,38
DA:165,38
DA:166,38
DA:167,15
DA:168,24
DA:169,24
DA:170,24
DA:171,24
DA:172,24
DA:173,24
DA:174,24
DA:175,24
DA:176,24
DA:177,24
DA:178,24
DA:179,24
DA:180,24
DA:181,24
DA:182,24
DA:183,24
DA:184,24
DA:185,24
DA:186,24
DA:187,24
DA:188,24
DA:189,24
DA:190,24
DA:191,24
DA:192,24
DA:193,24
DA:194,24
DA:195,24
DA:196,24
DA:197,23
DA:198,23
DA:199,23
DA:200,23
DA:201,23
DA:202,23
DA:203,23
DA:204,23
DA:205,23
DA:206,23
DA:207,23
DA:208,23
DA:209,23
DA:210,23
DA:211,23
DA:212,23
DA:213,23
DA:214,23
DA:215,23
DA:216,23
DA:217,23
DA:218,23
DA:219,24
DA:220,24
DA:221,24
DA:222,24
DA:223,21
DA:224,21
DA:225,21
DA:226,1
DA:227,1
DA:228,1
DA:229,1
DA:230,1
DA:231,1
DA:232,1
DA:233,1
DA:234,1
DA:235,15
DA:236,15
DA:237,3
DA:238,20
DA:239,20
DA:240,26
DA:241,38
DA:242,38
DA:243,38
DA:244,38
DA:245,38
DA:246,38
DA:247,38
DA:248,38
DA:249,38
DA:250,38
DA:251,38
DA:252,38
DA:253,38
DA:254,38
DA:255,38
DA:256,51
DA:257,28
DA:258,28
DA:259,28
DA:260,28
DA:261,48
DA:262,26
DA:263,26
DA:264,26
DA:265,20
DA:266,35
DA:267,42
DA:268,22
DA:269,28
DA:270,28
DA:271,28
DA:272,32
DA:273,28
DA:274,28
DA:275,28
DA:276,28
DA:277,32
DA:278,28
DA:279,32
DA:280,28
DA:281,28
DA:282,50
DA:283,50
DA:284,36
DA:285,40
DA:286,50
DA:287,30
DA:288,36
DA:289,40
DA:290,44
DA:291,33
DA:292,39
DA:293,50
DA:294,36
DA:295,30
DA:296,26
DA:297,26
DA:298,30
DA:299,26
DA:300,26
DA:301,30
DA:302,26
DA:303,26
DA:304,30
DA:305,23
DA:306,23
DA:307,23
DA:308,23
DA:309,23
DA:310,23
DA:311,22
DA:312,22
DA:313,50
DA:314,50
DA:315,50
DA:316,50
DA:317,50
DA:318,28
DA:319,38
DA:320,38
DA:321,38
DA:322,38
DA:323,38
DA:324,21
DA:325,25
DA:326,21
DA:327,22
DA:328,31
DA:329,21
DA:330,28
DA:331,31
DA:332,15
DA:333,21
DA:334,31
DA:335,18
DA:336,24
DA:337,31
DA:338,21
DA:339,31
DA:340,31
DA:341,15
DA:342,28
DA:343,31
DA:344,22
DA:345,7
DA:346,22
DA:347,22
DA:348,7
DA:349,7
DA:350,22
DA:351,7
DA:352,7
DA:353,22
DA:354,7
DA:355,7
DA:356,22
DA:357,7
DA:358,22
DA:359,22
DA:360,3
DA:361,25
DA:362,9
DA:363,26
DA:364,26
DA:365,26
DA:366,38
DA:367,21
DA:368,21
DA:369,22
DA:370,31
DA:371,31
DA:372,31
DA:373,9
DA:374,26
DA:375,26
DA:376,26
DA:377,38
DA:378,38
DA:379,38
DA:380,38
DA:381,39
DA:382,39
DA:383,39
DA:384,39
DA:385,39
DA:386,39
DA:387,39
DA:388,39
DA:389,39
DA:390,39
DA:391,39
DA:392,39
DA:393,39
DA:394,39
DA:395,39
DA:396,39
DA:397,39
DA:398,39
DA:399,39
DA:400,38
DA:401,38
DA:402,39
DA:403,38
DA:404,38
DA:405,38
DA:406,38
DA:407,38
DA:408,38
DA:409,38
DA:410,38
DA:411,38
DA:412,39
DA:413,39
DA:414,38
DA:415,38
DA:416,39
DA:417,39
DA:418,38
DA:419,38
DA:420,39
DA:421,39
DA:422,38
DA:423,39
DA:424,38
DA:425,38
DA:426,38
DA:427,38
DA:428,38
DA:429,38
DA:430,38
DA:431,39
DA:432,39
DA:433,38
DA:434,38
DA:435,39
DA:436,39
DA:437,39
DA:438,39
DA:439,39
DA:440,39
DA:441,39
DA:442,38
DA:443,38
DA:444,38
DA:445,38
DA:446,39
DA:447,39
DA:448,38
DA:449,38
DA:450,38
DA:451,38
DA:452,38
DA:453,38
DA:454,38
DA:455,38
DA:456,38
DA:457,38
DA:458,18
DA:459,18
DA:460,18
LF:460
LH:453
BRDA:21,0,0,9
BRDA:25,1,0,9
BRDA:25,1,1,15
BRDA:35,2,0,24
BRDA:35,2,1,4
BRDA:36,3,0,24
BRDA:36,3,1,0
BRDA:68,4,0,24
BRDA:68,4,1,13
BRDA:79,5,0,0
BRDA:81,6,0,7
BRDA:81,6,1,1
BRDA:81,7,0,1
BRDA:81,7,1,0
BRDA:84,8,0,7
BRDA:84,8,1,4
BRDA:84,9,0,4
BRDA:84,9,1,0
BRDA:116,10,0,7
BRDA:116,10,1,4
BRDA:128,11,0,161
BRDA:128,11,1,0
BRDA:140,12,0,23
BRDA:140,12,1,3
BRDA:148,13,0,573
BRDA:148,13,1,853
BRDA:158,14,0,23
BRDA:158,14,1,10
BRDA:166,15,0,9
BRDA:171,16,0,24
BRDA:171,16,1,1
BRDA:171,16,2,1
BRDA:189,17,0,24
BRDA:189,17,1,3
BRDA:199,18,0,23
BRDA:199,18,1,12
BRDA:199,18,2,11
BRDA:199,18,3,10
BRDA:203,19,0,23
BRDA:203,19,1,13
BRDA:209,20,0,23
BRDA:209,20,1,13
BRDA:209,20,2,8
BRDA:214,21,0,23
BRDA:214,21,1,14
BRDA:260,22,0,10
BRDA:260,22,1,22
BRDA:272,23,0,31
BRDA:272,23,1,13
BRDA:272,23,2,12
BRDA:277,24,0,31
BRDA:277,24,1,18
BRDA:277,24,2,16
BRDA:281,25,0,20
BRDA:281,25,1,11
BRDA:281,26,0,31
BRDA:281,26,1,12
BRDA:283,27,0,18
BRDA:283,27,1,2
BRDA:286,28,0,13
BRDA:286,28,1,7
BRDA:290,29,0,15
BRDA:290,29,1,5
BRDA:293,30,0,13
BRDA:293,30,1,4
BRDA:295,31,0,4
BRDA:295,31,1,3
BRDA:298,32,0,4
BRDA:298,32,1,3
BRDA:301,33,0,2
BRDA:301,33,1,5
BRDA:304,34,0,0
BRDA:304,34,1,4
BRDA:327,35,0,24
BRDA:327,35,1,7
BRDA:328,36,0,18
BRDA:328,36,1,6
BRDA:331,37,0,13
BRDA:331,37,1,11
BRDA:334,38,0,15
BRDA:334,38,1,9
BRDA:337,39,0,9
BRDA:337,39,1,15
BRDA:340,40,0,9
BRDA:340,40,1,15
BRDA:344,41,0,10
BRDA:344,41,1,3
BRDA:347,42,0,4
BRDA:347,42,1,3
BRDA:350,43,0,2
BRDA:350,43,1,5
BRDA:353,44,0,1
BRDA:353,44,1,6
BRDA:356,45,0,0
BRDA:356,45,1,7
BRDA:356,46,0,7
BRDA:356,46,1,0
BRDA:370,47,0,31
BRDA:370,47,1,11
BRDA:370,47,2,4
BRDA:387,48,0,1
BRDA:387,48,1,0
BRDA:411,49,0,0
BRDA:411,49,1,1
BRDA:415,50,0,0
BRDA:415,50,1,1
BRDA:415,51,0,1
BRDA:415,51,1,1
BRDA:419,52,0,0
BRDA:419,52,1,1
BRDA:419,53,0,1
BRDA:419,53,1,0
BRDA:430,54,0,0
BRDA:430,54,1,1
BRDA:445,55,0,1
BRDA:445,55,1,0
BRDA:21,56,0,9
BRDA:26,57,0,0
BRDA:35,58,0,3
BRDA:36,59,0,3
BRDA:65,60,0,51
BRDA:66,61,0,63
BRDA:125,62,0,63
BRDA:128,63,0,21
BRDA:129,64,0,0
BRDA:166,65,0,6
BRDA:171,66,0,18
BRDA:192,67,0,3
BRDA:213,68,0,3
BRDA:225,69,0,0
BRDA:139,70,0,9
BRDA:140,71,0,3
BRDA:158,72,0,3
BRDA:143,73,0,558
BRDA:148,74,0,207
BRDA:148,75,0,552
BRDA:327,76,0,6
BRDA:331,77,0,7
BRDA:334,78,0,9
BRDA:340,79,0,3
BRDA:343,80,0,15
BRDA:344,81,0,3
BRDA:370,82,0,6
BRDA:374,83,0,0
BRDA:258,84,0,6
BRDA:264,85,0,3
BRDA:286,86,0,7
BRDA:289,87,0,14
BRDA:294,88,0,3
BRDA:25,89,0,6
BRDA:35,90,0,0
BRDA:36,91,0,0
BRDA:65,92,0,72
BRDA:66,93,0,90
BRDA:128,94,0,0
BRDA:140,95,0,0
BRDA:158,96,0,0
BRDA:143,97,0,192
BRDA:148,98,0,24
BRDA:148,99,0,549
BRDA:166,100,0,9
BRDA:171,101,0,15
BRDA:171,102,0,15
BRDA:189,103,0,21
BRDA:210,104,0,20
BRDA:222,105,0,6
BRDA:255,106,0,3
BRDA:260,107,0,7
BRDA:283,108,0,15
BRDA:286,109,0,10
BRDA:293,110,0,17
BRDA:324,111,0,3
BRDA:328,112,0,15
BRDA:331,113,0,10
BRDA:337,114,0,6
BRDA:340,115,0,6
BRDA:343,116,0,21
BRDA:367,117,0,3
BRDA:371,118,0,28
BRF:179
BRH:155
end_of_record
TN:
SF:scripts/utils/urlUtils.js
FN:12,(anonymous_0)
FN:15,(anonymous_1)
FN:18,(anonymous_2)
FN:21,(anonymous_3)
FN:24,(anonymous_4)
FN:38,normalizeUrl
FN:63,(anonymous_6)
FN:12,log
FN:15,warn
FN:18,error
FN:21,debug
FN:24,info
FN:38,normalizeUrl
FN:12,log
FN:15,warn
FN:18,error
FN:21,debug
FN:24,info
FNF:18
FNH:3
FNDA:0,(anonymous_0)
FNDA:0,(anonymous_1)
FNDA:0,(anonymous_2)
FNDA:0,(anonymous_3)
FNDA:0,(anonymous_4)
FNDA:188,normalizeUrl
FNDA:1536,(anonymous_6)
FNDA:0,log
FNDA:0,warn
FNDA:0,error
FNDA:0,debug
FNDA:0,info
FNDA:40,normalizeUrl
FNDA:0,log
FNDA:0,warn
FNDA:0,error
FNDA:0,debug
FNDA:0,info
DA:1,20
DA:2,20
DA:3,20
DA:4,20
DA:5,20
DA:6,20
DA:7,20
DA:8,20
DA:9,20
DA:10,20
DA:11,62
DA:12,62
DA:13,62
DA:14,62
DA:15,62
DA:16,62
DA:17,62
DA:18,62
DA:19,62
DA:20,62
DA:21,62
DA:22,62
DA:23,62
DA:24,62
DA:25,69
DA:26,69
DA:27,20
DA:28,20
DA:29,20
DA:30,82
DA:31,20
DA:32,20
DA:33,20
DA:34,20
DA:35,20
DA:36,20
DA:37,20
DA:38,20
DA:39,40
DA:40,148
DA:41,168
DA:42,168
DA:43,40
DA:44,40
DA:45,143
DA:46,143
DA:47,163
DA:48,40
DA:49,40
DA:50,143
DA:51,163
DA:52,163
DA:53,40
DA:54,136
DA:55,176
DA:56,176
DA:57,176
DA:58,176
DA:59,136
DA:60,156
DA:61,176
DA:62,176
DA:63,176
DA:64,1496
DA:65,1496
DA:66,1516
DA:67,176
DA:68,176
DA:69,176
DA:70,176
DA:71,136
DA:72,156
DA:73,176
DA:74,176
DA:75,176
DA:76,136
DA:77,136
DA:78,136
DA:79,40
LF:79
LH:79
BRDA:11,0,0,62
BRDA:11,0,1,62
BRDA:11,0,2,0
BRDA:40,1,0,45
BRDA:40,1,1,143
BRDA:45,2,0,44
BRDA:45,2,1,139
BRDA:50,3,0,47
BRDA:50,3,1,136
BRDA:58,4,0,50
BRDA:58,4,1,126
BRDA:64,5,0,277
BRDA:64,5,1,1459
BRDA:70,6,0,48
BRDA:70,6,1,128
BRDA:70,7,0,176
BRDA:70,7,1,83
BRDA:77,8,0,0
BRDA:77,8,1,0
BRDA:11,9,0,62
BRDA:11,10,0,62
BRDA:38,11,0,40
BRDA:41,12,0,5
BRDA:45,13,0,24
BRDA:51,14,0,7
BRDA:58,15,0,30
BRDA:70,16,0,28
BRDA:75,17,0,0
BRDA:63,18,0,440
BRDA:64,19,0,257
BRDA:40,20,0,25
BRDA:45,21,0,24
BRDA:50,22,0,27
BRDA:58,23,0,30
BRDA:70,24,0,8
BRDA:70,25,0,28
BRDA:63,26,0,240
BRDA:64,27,0,57
BRF:38
BRH:34
end_of_record
TN:
SF:scripts/utils.js
FN:63,normalizeUrl
FN:156,saveHighlights
FN:207,loadHighlights
FN:293,clearHighlights
FN:343,_clearFromChromeStorage
FN:369,_clearFromLocalStorage
FN:384,debugListAllKeys
FNF:7
FNH:5
FNDA:84,normalizeUrl
FNDA:0,saveHighlights
FNDA:12,loadHighlights
FNDA:12,clearHighlights
FNDA:12,_clearFromChromeStorage
FNDA:12,_clearFromLocalStorage
FNDA:0,debugListAllKeys
DA:1,18
DA:2,18
DA:3,18
DA:4,18
DA:5,18
DA:6,18
DA:7,6
DA:8,18
DA:9,12
DA:10,12
DA:11,12
DA:12,12
DA:13,12
DA:14,12
DA:15,12
DA:16,12
DA:17,12
DA:18,12
DA:19,12
DA:20,12
DA:21,12
DA:22,12
DA:23,12
DA:24,12
DA:25,12
DA:26,12
DA:27,12
DA:28,12
DA:29,12
DA:30,12
DA:31,12
DA:32,12
DA:33,12
DA:34,12
DA:35,0
DA:36,0
DA:37,0
DA:38,0
DA:39,0
DA:40,0
DA:41,0
DA:42,0
DA:43,0
DA:44,12
DA:45,12
DA:46,12
DA:47,12
DA:48,12
DA:49,12
DA:50,12
DA:51,12
DA:52,12
DA:53,12
DA:54,12
DA:55,12
DA:56,12
DA:57,12
DA:58,12
DA:59,12
DA:60,12
DA:61,12
DA:62,12
DA:63,12
DA:64,84
DA:65,84
DA:66,0
DA:67,0
DA:68,84
DA:69,84
DA:70,84
DA:71,84
DA:72,0
DA:73,0
DA:74,84
DA:75,84
DA:76,84
DA:77,84
DA:78,84
DA:79,84
DA:80,84
DA:81,84
DA:82,0
DA:83,0
DA:84,0
DA:85,84
DA:86,84
DA:87,84
DA:88,84
DA:89,84
DA:90,924
DA:91,0
DA:92,0
DA:93,0
DA:94,84
DA:95,84
DA:96,0
DA:97,0
DA:98,84
DA:99,84
DA:100,84
DA:101,0
DA:102,0
DA:103,0
DA:104,84
DA:105,84
DA:106,84
DA:107,84
DA:108,84
DA:109,84
DA:110,0
DA:111,0
DA:112,0
DA:113,0
DA:114,0
DA:115,0
DA:116,0
DA:117,0
DA:118,0
DA:119,0
DA:120,0
DA:121,0
DA:122,84
DA:123,12
DA:124,12
DA:125,12
DA:126,12
DA:127,12
DA:128,12
DA:129,12
DA:130,12
DA:131,12
DA:132,12
DA:133,12
DA:134,12
DA:135,0
DA:136,0
DA:137,0
DA:138,0
DA:139,0
DA:140,0
DA:141,0
DA:142,0
DA:143,12
DA:144,12
DA:145,12
DA:146,12
DA:147,12
DA:148,12
DA:149,12
DA:150,12
DA:151,12
DA:152,12
DA:153,12
DA:154,12
DA:155,12
DA:156,12
DA:157,0
DA:158,0
DA:159,0
DA:160,0
DA:161,0
DA:162,0
DA:163,0
DA:164,0
DA:165,0
DA:166,0
DA:167,0
DA:168,0
DA:169,0
DA:170,0
DA:171,0
DA:172,0
DA:173,0
DA:174,0
DA:175,0
DA:176,0
DA:177,0
DA:178,0
DA:179,0
DA:180,0
DA:181,0
DA:182,0
DA:183,0
DA:184,0
DA:185,0
DA:186,0
DA:187,0
DA:188,0
DA:189,0
DA:190,0
DA:191,0
DA:192,0
DA:193,0
DA:194,0
DA:195,0
DA:196,0
DA:197,0
DA:198,0
DA:199,0
DA:200,0
DA:201,0
DA:202,12
DA:203,12
DA:204,12
DA:205,12
DA:206,12
DA:207,12
DA:208,12
DA:209,12
DA:210,12
DA:211,12
DA:212,12
DA:213,12
DA:214,12
DA:215,12
DA:216,12
DA:217,12
DA:218,12
DA:219,12
DA:220,12
DA:221,12
DA:222,0
DA:223,0
DA:224,0
DA:225,0
DA:226,0
DA:227,0
DA:228,0
DA:229,0
DA:230,0
DA:231,0
DA:232,0
DA:233,0
DA:234,0
DA:235,12
DA:236,12
DA:237,12
DA:238,12
DA:239,0
DA:240,0
DA:241,0
DA:242,0
DA:243,0
DA:244,0
DA:245,0
DA:246,0
DA:247,0
DA:248,0
DA:249,0
DA:250,0
DA:251,0
DA:252,0
DA:253,0
DA:254,0
DA:255,0
DA:256,12
DA:257,12
DA:258,12
DA:259,12
DA:260,0
DA:261,0
DA:262,12
DA:263,0
DA:264,0
DA:265,0
DA:266,0
DA:267,0
DA:268,0
DA:269,0
DA:270,0
DA:271,0
DA:272,0
DA:273,0
DA:274,0
DA:275,0
DA:276,0
DA:277,0
DA:278,0
DA:279,0
DA:280,0
DA:281,0
DA:282,0
DA:283,0
DA:284,0
DA:285,12
DA:286,12
DA:287,12
DA:288,12
DA:289,12
DA:290,12
DA:291,12
DA:292,12
DA:293,12
DA:294,12
DA:295,12
DA:296,0
DA:297,0
DA:298,0
DA:299,0
DA:300,0
DA:301,0
DA:302,0
DA:303,12
DA:304,12
DA:305,12
DA:306,12
DA:307,12
DA:308,12
DA:309,12
DA:310,12
DA:311,12
DA:312,12
DA:313,12
DA:314,12
DA:315,12
DA:316,12
DA:317,12
DA:318,0
DA:319,0
DA:320,0
DA:321,0
DA:322,0
DA:323,0
DA:324,0
DA:325,0
DA:326,12
DA:327,12
DA:328,0
DA:329,0
DA:330,0
DA:331,0
DA:332,12
DA:333,12
DA:334,12
DA:335,12
DA:336,12
DA:337,12
DA:338,12
DA:339,12
DA:340,12
DA:341,12
DA:342,12
DA:343,12
DA:344,12
DA:345,0
DA:346,0
DA:347,12
DA:348,12
DA:349,12
DA:350,12
DA:351,12
DA:352,0
DA:353,12
DA:354,12
DA:355,12
DA:356,12
DA:357,12
DA:358,0
DA:359,0
DA:360,12
DA:361,12
DA:362,12
DA:363,12
DA:364,12
DA:365,12
DA:366,12
DA:367,12
DA:368,12
DA:369,12
DA:370,12
DA:371,12
DA:372,12
DA:373,12
DA:374,12
DA:375,0
DA:376,0
DA:377,12
DA:378,12
DA:379,12
DA:380,12
DA:381,12
DA:382,12
DA:383,12
DA:384,12
DA:385,0
DA:386,0
DA:387,0
DA:388,0
DA:389,0
DA:390,0
DA:391,0
DA:392,0
DA:393,0
DA:394,0
DA:395,0
DA:396,0
DA:397,0
DA:398,0
DA:399,0
DA:400,0
DA:401,0
DA:402,0
DA:403,0
DA:404,0
DA:405,0
DA:406,0
DA:407,0
DA:408,0
DA:409,12
DA:410,12
DA:411,12
DA:412,12
DA:413,12
DA:414,12
DA:415,12
DA:416,12
DA:417,12
DA:418,12
DA:419,12
DA:420,0
DA:421,0
DA:422,12
DA:423,12
LF:423
LH:228
BRDA:1,0,0,18
BRDA:6,1,0,6
BRDA:14,2,0,12
BRDA:34,3,0,0
BRDA:34,4,0,0
BRDA:134,5,0,0
BRDA:419,6,0,0
BRDA:63,7,0,84
BRDA:65,8,0,0
BRDA:71,9,0,0
BRDA:81,10,0,0
BRDA:95,11,0,0
BRDA:100,12,0,0
BRDA:100,13,0,0
BRDA:109,14,0,0
BRDA:89,15,0,924
BRDA:90,16,0,0
BRDA:207,17,0,12
BRDA:216,18,0,12
BRDA:259,19,0,0
BRDA:262,20,0,0
BRDA:219,21,0,12
BRDA:221,22,0,0
BRDA:238,23,0,0
BRDA:293,24,0,12
BRDA:295,25,0,0
BRDA:308,26,0,0
BRDA:317,27,0,0
BRDA:327,28,0,0
BRDA:333,29,0,0
BRDA:316,30,0,24
BRDA:343,31,0,12
BRDA:344,32,0,0
BRDA:348,33,0,12
BRDA:357,34,0,0
BRDA:350,35,0,12
BRDA:351,36,0,0
BRDA:369,37,0,12
BRDA:370,38,0,12
BRDA:374,39,0,0
BRDA:8,40,0,12
BRF:41
BRH:16
end_of_record
