TN:
SF:lib/Readability.js
FN:27,Readability
FN:268,_postProcessContent
FN:290,_removeNodes
FN:313,_replaceNodeTags
FN:334,_forEachNode
FN:349,_findNode
FN:364,_someNode
FN:379,_everyNode
FN:383,_getAllNodesWithTag
FN:419,_cleanClasses
FN:443,_isUrl
FN:458,_fixRelativeUris
FN:533,_simplifyNestedElements
FN:568,_getArticleTitle
FN:660,_prepDocument
FN:678,_nextNode
FN:697,_replaceBrs
FN:753,_setNodeTag
FN:783,_prepArticle
FN:876,_initializeNode
FN:915,_removeAndGetNext
FN:932,_getNextNode
FN:954,_textSimilarity
FN:972,_isValidByline
FN:984,_getNodeAncestors
FN:1006,_grabArticle
FN:1546,_unescapeHtmlEntities
FN:1573,_getJSONLD
FN:1688,_getArticleMetadata
FN:1801,_isSingleImage
FN:1822,_unwrapNoscriptImages
FN:1904,_removeScripts
FN:1916,_hasSingleTagInsideElement
FN:1928,_isElementWithoutContent
FN:1943,_hasChildBlockElement
FN:1953,_isPhrasingContent
FN:1962,_isWhitespace
FN:1977,_getInnerText
FN:1994,_getCharCount
FN:2006,_cleanStyles
FN:2035,_getLinkDensity
FN:2060,_getClassWeight
FN:2100,_clean
FN:2132,_hasAncestorTag
FN:2152,_getRowAndColumnCount
FN:2183,_markDataTables
FN:2244,_fixLazyImages
FN:2322,_getTextDensity
FN:2342,_cleanConditionally
FN:2513,_cleanMatchedNodes
FN:2531,_cleanHeaders
FN:2549,_headerDuplicatesTitle
FN:2558,_flagIsActive
FN:2562,_removeFlag
FN:2566,_isProbablyVisible
FN:2591,parse
FN:55,Readability._serializer
FN:73,logNode
FN:83,Readability.log
FN:108,Readability.log
FN:461,toAbsoluteURI
FN:585,wordCount
FN:2211,descendantExists
FN:2354,isDataTable
FN:2437,shouldRemoveNode
FNF:65
FNH:54
FNDA:3,Readability
FNDA:3,_postProcessContent
FNDA:195,_removeNodes
FNDA:15,_replaceNodeTags
FNDA:201,_forEachNode
FNDA:0,_findNode
FNDA:132,_someNode
FNDA:0,_everyNode
FNDA:318,_getAllNodesWithTag
FNDA:18,_cleanClasses
FNDA:0,_isUrl
FNDA:3,_fixRelativeUris
FNDA:3,_simplifyNestedElements
FNDA:3,_getArticleTitle
FNDA:3,_prepDocument
FNDA:0,_nextNode
FNDA:3,_replaceBrs
FNDA:0,_setNodeTag
FNDA:12,_prepArticle
FNDA:15,_initializeNode
FNDA:51,_removeAndGetNext
FNDA:486,_getNextNode
FNDA:12,_textSimilarity
FNDA:372,_isValidByline
FNDA:15,_getNodeAncestors
FNDA:3,_grabArticle
FNDA:15,_unescapeHtmlEntities
FNDA:3,_getJSONLD
FNDA:3,_getArticleMetadata
FNDA:0,_isSingleImage
FNDA:3,_unwrapNoscriptImages
FNDA:3,_removeScripts
FNDA:99,_hasSingleTagInsideElement
FNDA:96,_isElementWithoutContent
FNDA:60,_hasChildBlockElement
FNDA:669,_isPhrasingContent
FNDA:261,_isWhitespace
FNDA:324,_getInnerText
FNDA:9,_getCharCount
FNDA:60,_cleanStyles
FNDA:93,_getLinkDensity
FNDA:24,_getClassWeight
FNDA:120,_clean
FNDA:33,_hasAncestorTag
FNDA:0,_getRowAndColumnCount
FNDA:12,_markDataTables
FNDA:12,_fixLazyImages
FNDA:18,_getTextDensity
FNDA:60,_cleanConditionally
FNDA:12,_cleanMatchedNodes
FNDA:12,_cleanHeaders
FNDA:84,_headerDuplicatesTitle
FNDA:123,_flagIsActive
FNDA:9,_removeFlag
FNDA:408,_isProbablyVisible
FNDA:3,parse
FNDA:3,Readability._serializer
FNDA:0,logNode
FNDA:0,Readability.log
FNDA:165,Readability.log
FNDA:3,toAbsoluteURI
FNDA:3,wordCount
FNDA:0,descendantExists
FNDA:0,isDataTable
FNDA:9,shouldRemoveNode
DA:1,9
DA:2,9
DA:3,9
DA:4,9
DA:5,9
DA:6,9
DA:7,9
DA:8,9
DA:9,9
DA:10,9
DA:11,9
DA:12,9
DA:13,9
DA:14,9
DA:15,9
DA:16,9
DA:17,9
DA:18,9
DA:19,9
DA:20,9
DA:21,9
DA:22,9
DA:23,9
DA:24,9
DA:25,9
DA:26,9
DA:27,3
DA:28,3
DA:29,3
DA:30,0
DA:31,0
DA:32,3
DA:33,0
DA:34,0
DA:35,3
DA:36,3
DA:37,3
DA:38,3
DA:39,3
DA:40,3
DA:41,3
DA:42,3
DA:43,3
DA:44,3
DA:45,3
DA:46,3
DA:47,3
DA:48,3
DA:49,3
DA:50,3
DA:51,3
DA:52,3
DA:53,3
DA:54,3
DA:55,3
DA:56,3
DA:57,3
DA:58,3
DA:59,3
DA:60,3
DA:61,3
DA:62,3
DA:63,3
DA:64,3
DA:65,3
DA:66,3
DA:67,3
DA:68,0
DA:69,0
DA:70,0
DA:71,0
DA:72,0
DA:73,0
DA:74,0
DA:75,0
DA:76,0
DA:77,0
DA:78,0
DA:79,0
DA:80,0
DA:81,0
DA:82,0
DA:83,0
DA:84,0
DA:85,0
DA:86,0
DA:87,0
DA:88,0
DA:89,0
DA:90,0
DA:91,0
DA:92,0
DA:93,0
DA:94,0
DA:95,0
DA:96,0
DA:97,0
DA:98,0
DA:99,0
DA:100,0
DA:101,0
DA:102,0
DA:103,0
DA:104,0
DA:105,0
DA:106,0
DA:107,3
DA:108,3
DA:109,3
DA:110,3
DA:111,9
DA:112,9
DA:113,9
DA:114,9
DA:115,9
DA:116,9
DA:117,9
DA:118,9
DA:119,9
DA:120,9
DA:121,9
DA:122,9
DA:123,9
DA:124,9
DA:125,9
DA:126,9
DA:127,9
DA:128,9
DA:129,9
DA:130,9
DA:131,9
DA:132,9
DA:133,9
DA:134,9
DA:135,9
DA:136,9
DA:137,9
DA:138,9
DA:139,9
DA:140,9
DA:141,9
DA:142,9
DA:143,9
DA:144,9
DA:145,9
DA:146,9
DA:147,9
DA:148,9
DA:149,9
DA:150,9
DA:151,9
DA:152,9
DA:153,9
DA:154,9
DA:155,9
DA:156,9
DA:157,9
DA:158,9
DA:159,9
DA:160,9
DA:161,9
DA:162,9
DA:163,9
DA:164,9
DA:165,9
DA:166,9
DA:167,9
DA:168,9
DA:169,9
DA:170,9
DA:171,9
DA:172,9
DA:173,9
DA:174,9
DA:175,9
DA:176,9
DA:177,9
DA:178,9
DA:179,9
DA:180,9
DA:181,9
DA:182,9
DA:183,9
DA:184,9
DA:185,9
DA:186,9
DA:187,9
DA:188,9
DA:189,9
DA:190,9
DA:191,9
DA:192,9
DA:193,9
DA:194,9
DA:195,9
DA:196,9
DA:197,9
DA:198,9
DA:199,9
DA:200,9
DA:201,9
DA:202,9
DA:203,9
DA:204,9
DA:205,9
DA:206,9
DA:207,9
DA:208,9
DA:209,9
DA:210,9
DA:211,9
DA:212,9
DA:213,9
DA:214,9
DA:215,9
DA:216,9
DA:217,9
DA:218,9
DA:219,9
DA:220,9
DA:221,9
DA:222,9
DA:223,9
DA:224,9
DA:225,9
DA:226,9
DA:227,9
DA:228,9
DA:229,9
DA:230,9
DA:231,9
DA:232,9
DA:233,9
DA:234,9
DA:235,9
DA:236,9
DA:237,9
DA:238,9
DA:239,9
DA:240,9
DA:241,9
DA:242,9
DA:243,9
DA:244,9
DA:245,9
DA:246,9
DA:247,9
DA:248,9
DA:249,9
DA:250,9
DA:251,9
DA:252,9
DA:253,9
DA:254,9
DA:255,9
DA:256,9
DA:257,9
DA:258,9
DA:259,9
DA:260,9
DA:261,9
DA:262,9
DA:263,9
DA:264,9
DA:265,9
DA:266,9
DA:267,9
DA:268,9
DA:269,3
DA:270,3
DA:271,3
DA:272,3
DA:273,3
DA:274,3
DA:275,3
DA:276,3
DA:277,3
DA:278,9
DA:279,9
DA:280,9
DA:281,9
DA:282,9
DA:283,9
DA:284,9
DA:285,9
DA:286,9
DA:287,9
DA:288,9
DA:289,9
DA:290,9
DA:291,195
DA:292,195
DA:293,0
DA:294,0
DA:295,195
DA:296,42
DA:297,42
DA:298,42
DA:299,42
DA:300,9
DA:301,9
DA:302,42
DA:303,42
DA:304,9
DA:305,9
DA:306,9
DA:307,9
DA:308,9
DA:309,9
DA:310,9
DA:311,9
DA:312,9
DA:313,9
DA:314,15
DA:315,15
DA:316,0
DA:317,0
DA:318,15
DA:319,0
DA:320,0
DA:321,9
DA:322,9
DA:323,9
DA:324,9
DA:325,9
DA:326,9
DA:327,9
DA:328,9
DA:329,9
DA:330,9
DA:331,9
DA:332,9
DA:333,9
DA:334,9
DA:335,201
DA:336,9
DA:337,9
DA:338,9
DA:339,9
DA:340,9
DA:341,9
DA:342,9
DA:343,9
DA:344,9
DA:345,9
DA:346,9
DA:347,9
DA:348,9
DA:349,9
DA:350,0
DA:351,9
DA:352,9
DA:353,9
DA:354,9
DA:355,9
DA:356,9
DA:357,9
DA:358,9
DA:359,9
DA:360,9
DA:361,9
DA:362,9
DA:363,9
DA:364,9
DA:365,132
DA:366,9
DA:367,9
DA:368,9
DA:369,9
DA:370,9
DA:371,9
DA:372,9
DA:373,9
DA:374,9
DA:375,9
DA:376,9
DA:377,9
DA:378,9
DA:379,9
DA:380,0
DA:381,9
DA:382,9
DA:383,9
DA:384,318
DA:385,318
DA:386,318
DA:387,0
DA:388,0
DA:389,0
DA:390,0
DA:391,0
DA:392,0
DA:393,318
DA:394,318
DA:395,318
DA:396,0
DA:397,0
DA:398,0
DA:399,0
DA:400,0
DA:401,0
DA:402,0
DA:403,0
DA:404,0
DA:405,0
DA:406,0
DA:407,0
DA:408,318
DA:409,9
DA:410,9
DA:411,9
DA:412,9
DA:413,9
DA:414,9
DA:415,9
DA:416,9
DA:417,9
DA:418,9
DA:419,9
DA:420,18
DA:421,18
DA:422,18
DA:423,18
DA:424,18
DA:425,18
DA:426,18
DA:427,3
DA:428,18
DA:429,15
DA:430,15
DA:431,18
DA:432,18
DA:433,15
DA:434,15
DA:435,9
DA:436,9
DA:437,9
DA:438,9
DA:439,9
DA:440,9
DA:441,9
DA:442,9
DA:443,9
DA:444,0
DA:445,0
DA:446,0
DA:447,0
DA:448,0
DA:449,0
DA:450,9
DA:451,9
DA:452,9
DA:453,9
DA:454,9
DA:455,9
DA:456,9
DA:457,9
DA:458,9
DA:459,3
DA:460,3
DA:461,3
DA:462,3
DA:463,3
DA:464,0
DA:465,0
DA:466,3
DA:467,3
DA:468,3
DA:469,3
DA:470,3
DA:471,0
DA:472,0
DA:473,0
DA:474,3
DA:475,3
DA:476,3
DA:477,3
DA:478,3
DA:479,3
DA:480,3
DA:481,3
DA:482,3
DA:483,0
DA:484,0
DA:485,0
DA:486,0
DA:487,0
DA:488,0
DA:489,0
DA:490,0
DA:491,0
DA:492,0
DA:493,0
DA:494,0
DA:495,3
DA:496,3
DA:497,3
DA:498,3
DA:499,3
DA:500,3
DA:501,3
DA:502,3
DA:503,3
DA:504,3
DA:505,3
DA:506,3
DA:507,3
DA:508,3
DA:509,3
DA:510,3
DA:511,0
DA:512,0
DA:513,0
DA:514,0
DA:515,0
DA:516,0
DA:517,0
DA:518,0
DA:519,0
DA:520,0
DA:521,0
DA:522,0
DA:523,0
DA:524,0
DA:525,0
DA:526,0
DA:527,0
DA:528,0
DA:529,0
DA:530,3
DA:531,9
DA:532,9
DA:533,9
DA:534,3
DA:535,3
DA:536,3
DA:537,18
DA:538,18
DA:539,18
DA:540,6
DA:541,18
DA:542,3
DA:543,0
DA:544,0
DA:545,3
DA:546,3
DA:547,3
DA:548,3
DA:549,0
DA:550,0
DA:551,0
DA:552,0
DA:553,0
DA:554,0
DA:555,0
DA:556,0
DA:557,3
DA:558,18
DA:559,18
DA:560,18
DA:561,9
DA:562,9
DA:563,9
DA:564,9
DA:565,9
DA:566,9
DA:567,9
DA:568,9
DA:569,3
DA:570,3
DA:571,3
DA:572,3
DA:573,3
DA:574,3
DA:575,3
DA:576,3
DA:577,3
DA:578,0
DA:579,0
DA:580,3
DA:581,0
DA:582,0
DA:583,3
DA:584,3
DA:585,3
DA:586,3
DA:587,3
DA:588,3
DA:589,3
DA:590,3
DA:591,3
DA:592,0
DA:593,0
DA:594,0
DA:595,0
DA:596,0
DA:597,0
DA:598,0
DA:599,0
DA:600,0
DA:601,0
DA:602,0
DA:603,0
DA:604,0
DA:605,3
DA:606,0
DA:607,0
DA:608,0
DA:609,0
DA:610,0
DA:611,0
DA:612,0
DA:613,0
DA:614,0
DA:615,0
DA:616,0
DA:617,0
DA:618,0
DA:619,0
DA:620,0
DA:621,0
DA:622,0
DA:623,0
DA:624,0
DA:625,0
DA:626,0
DA:627,3
DA:628,3
DA:629,3
DA:630,3
DA:631,3
DA:632,3
DA:633,3
DA:634,3
DA:635,3
DA:636,3
DA:637,3
DA:638,3
DA:639,3
DA:640,3
DA:641,3
DA:642,3
DA:643,3
DA:644,0
DA:645,0
DA:646,3
DA:647,3
DA:648,3
DA:649,3
DA:650,3
DA:651,3
DA:652,9
DA:653,9
DA:654,9
DA:655,9
DA:656,9
DA:657,9
DA:658,9
DA:659,9
DA:660,9
DA:661,3
DA:662,3
DA:663,3
DA:664,3
DA:665,3
DA:666,3
DA:667,3
DA:668,3
DA:669,3
DA:670,3
DA:671,9
DA:672,9
DA:673,9
DA:674,9
DA:675,9
DA:676,9
DA:677,9
DA:678,9
DA:679,0
DA:680,0
DA:681,0
DA:682,0
DA:683,0
DA:684,0
DA:685,0
DA:686,0
DA:687,0
DA:688,9
DA:689,9
DA:690,9
DA:691,9
DA:692,9
DA:693,9
DA:694,9
DA:695,9
DA:696,9
DA:697,9
DA:698,3
DA:699,0
DA:700,0
DA:701,0
DA:702,0
DA:703,0
DA:704,0
DA:705,0
DA:706,0
DA:707,0
DA:708,0
DA:709,0
DA:710,0
DA:711,0
DA:712,0
DA:713,0
DA:714,0
DA:715,0
DA:716,0
DA:717,0
DA:718,0
DA:719,0
DA:720,0
DA:721,0
DA:722,0
DA:723,0
DA:724,0
DA:725,0
DA:726,0
DA:727,0
DA:728,0
DA:729,0
DA:730,0
DA:731,0
DA:732,0
DA:733,0
DA:734,0
DA:735,0
DA:736,0
DA:737,0
DA:738,0
DA:739,0
DA:740,0
DA:741,0
DA:742,0
DA:743,0
DA:744,0
DA:745,0
DA:746,0
DA:747,0
DA:748,0
DA:749,0
DA:750,3
DA:751,9
DA:752,9
DA:753,9
DA:754,0
DA:755,0
DA:756,0
DA:757,0
DA:758,0
DA:759,0
DA:760,0
DA:761,0
DA:762,0
DA:763,0
DA:764,0
DA:765,0
DA:766,0
DA:767,0
DA:768,0
DA:769,0
DA:770,0
DA:771,0
DA:772,0
DA:773,0
DA:774,9
DA:775,9
DA:776,9
DA:777,9
DA:778,9
DA:779,9
DA:780,9
DA:781,9
DA:782,9
DA:783,9
DA:784,12
DA:785,12
DA:786,12
DA:787,12
DA:788,12
DA:789,12
DA:790,12
DA:791,12
DA:792,12
DA:793,12
DA:794,12
DA:795,12
DA:796,12
DA:797,12
DA:798,12
DA:799,12
DA:800,12
DA:801,12
DA:802,12
DA:803,12
DA:804,12
DA:805,12
DA:806,12
DA:807,12
DA:808,12
DA:809,36
DA:810,36
DA:811,0
DA:812,36
DA:813,12
DA:814,12
DA:815,12
DA:816,12
DA:817,12
DA:818,12
DA:819,12
DA:820,12
DA:821,12
DA:822,12
DA:823,12
DA:824,12
DA:825,12
DA:826,12
DA:827,12
DA:828,12
DA:829,12
DA:830,12
DA:831,12
DA:832,12
DA:833,12
DA:834,24
DA:835,24
DA:836,24
DA:837,24
DA:838,24
DA:839,24
DA:840,24
DA:841,24
DA:842,24
DA:843,12
DA:844,12
DA:845,12
DA:846,0
DA:847,0
DA:848,0
DA:849,0
DA:850,12
DA:851,12
DA:852,12
DA:853,12
DA:854,0
DA:855,0
DA:856,0
DA:857,0
DA:858,0
DA:859,0
DA:860,0
DA:861,0
DA:862,0
DA:863,0
DA:864,0
DA:865,0
DA:866,12
DA:867,9
DA:868,9
DA:869,9
DA:870,9
DA:871,9
DA:872,9
DA:873,9
DA:874,9
DA:875,9
DA:876,9
DA:877,15
DA:878,15
DA:879,15
DA:880,15
DA:881,12
DA:882,12
DA:883,15
DA:884,15
DA:885,15
DA:886,15
DA:887,0
DA:888,0
DA:889,15
DA:890,15
DA:891,15
DA:892,15
DA:893,15
DA:894,15
DA:895,15
DA:896,15
DA:897,15
DA:898,0
DA:899,0
DA:900,15
DA:901,15
DA:902,15
DA:903,15
DA:904,15
DA:905,15
DA:906,15
DA:907,15
DA:908,0
DA:909,0
DA:910,15
DA:911,15
DA:912,15
DA:913,9
DA:914,9
DA:915,9
DA:916,51
DA:917,51
DA:918,51
DA:919,9
DA:920,9
DA:921,9
DA:922,9
DA:923,9
DA:924,9
DA:925,9
DA:926,9
DA:927,9
DA:928,9
DA:929,9
DA:930,9
DA:931,9
DA:932,9
DA:933,486
DA:934,486
DA:935,204
DA:936,204
DA:937,282
DA:938,486
DA:939,147
DA:940,147
DA:941,135
DA:942,135
DA:943,135
DA:944,486
DA:945,279
DA:946,486
DA:947,486
DA:948,9
DA:949,9
DA:950,9
DA:951,9
DA:952,9
DA:953,9
DA:954,9
DA:955,12
DA:956,12
DA:957,12
DA:958,0
DA:959,0
DA:960,12
DA:961,12
DA:962,12
DA:963,9
DA:964,9
DA:965,9
DA:966,9
DA:967,9
DA:968,9
DA:969,9
DA:970,9
DA:971,9
DA:972,9
DA:973,372
DA:974,372
DA:975,372
DA:976,372
DA:977,372
DA:978,372
DA:979,372
DA:980,0
DA:981,372
DA:982,9
DA:983,9
DA:984,9
DA:985,15
DA:986,15
DA:987,15
DA:988,15
DA:989,54
DA:990,54
DA:991,0
DA:992,0
DA:993,54
DA:994,54
DA:995,15
DA:996,9
DA:997,9
DA:998,9
DA:999,9
DA:1000,9
DA:1001,9
DA:1002,9
DA:1003,9
DA:1004,9
DA:1005,9
DA:1006,9
DA:1007,3
DA:1008,3
DA:1009,3
DA:1010,3
DA:1011,3
DA:1012,3
DA:1013,3
DA:1014,0
DA:1015,0
DA:1016,0
DA:1017,3
DA:1018,3
DA:1019,3
DA:1020,3
DA:1021,12
DA:1022,12
DA:1023,12
DA:1024,12
DA:1025,12
DA:1026,12
DA:1027,12
DA:1028,12
DA:1029,12
DA:1030,12
DA:1031,12
DA:1032,12
DA:1033,408
DA:1034,12
DA:1035,12
DA:1036,408
DA:1037,408
DA:1038,408
DA:1039,408
DA:1040,36
DA:1041,36
DA:1042,36
DA:1043,36
DA:1044,372
DA:1045,372
DA:1046,408
DA:1047,0
DA:1048,0
DA:1049,0
DA:1050,372
DA:1051,372
DA:1052,372
DA:1053,372
DA:1054,408
DA:1055,372
DA:1056,408
DA:1057,0
DA:1058,0
DA:1059,0
DA:1060,0
DA:1061,0
DA:1062,0
DA:1063,0
DA:1064,0
DA:1065,0
DA:1066,0
DA:1067,0
DA:1068,0
DA:1069,0
DA:1070,0
DA:1071,0
DA:1072,0
DA:1073,0
DA:1074,372
DA:1075,408
DA:1076,12
DA:1077,12
DA:1078,12
DA:1079,12
DA:1080,12
DA:1081,360
DA:1082,360
DA:1083,408
DA:1084,90
DA:1085,90
DA:1086,90
DA:1087,90
DA:1088,90
DA:1089,90
DA:1090,3
DA:1091,90
DA:1092,3
DA:1093,3
DA:1094,3
DA:1095,3
DA:1096,87
DA:1097,90
DA:1098,0
DA:1099,0
DA:1100,0
DA:1101,0
DA:1102,0
DA:1103,0
DA:1104,90
DA:1105,357
DA:1106,357
DA:1107,357
DA:1108,408
DA:1109,408
DA:1110,408
DA:1111,408
DA:1112,408
DA:1113,408
DA:1114,408
DA:1115,408
DA:1116,408
DA:1117,93
DA:1118,408
DA:1119,0
DA:1120,0
DA:1121,0
DA:1122,357
DA:1123,408
DA:1124,24
DA:1125,24
DA:1126,357
DA:1127,357
DA:1128,408
DA:1129,93
DA:1130,93
DA:1131,93
DA:1132,93
DA:1133,669
DA:1134,669
DA:1135,489
DA:1136,228
DA:1137,489
DA:1138,69
DA:1139,69
DA:1140,69
DA:1141,69
DA:1142,669
DA:1143,0
DA:1144,0
DA:1145,0
DA:1146,0
DA:1147,0
DA:1148,669
DA:1149,669
DA:1150,93
DA:1151,93
DA:1152,93
DA:1153,93
DA:1154,93
DA:1155,93
DA:1156,69
DA:1157,69
DA:1158,69
DA:1159,69
DA:1160,93
DA:1161,0
DA:1162,0
DA:1163,0
DA:1164,93
DA:1165,357
DA:1166,357
DA:1167,12
DA:1168,12
DA:1169,12
DA:1170,12
DA:1171,12
DA:1172,12
DA:1173,12
DA:1174,12
DA:1175,12
DA:1176,93
DA:1177,93
DA:1178,93
DA:1179,93
DA:1180,0
DA:1181,0
DA:1182,93
DA:1183,93
DA:1184,93
DA:1185,93
DA:1186,81
DA:1187,81
DA:1188,12
DA:1189,12
DA:1190,12
DA:1191,93
DA:1192,0
DA:1193,0
DA:1194,12
DA:1195,12
DA:1196,12
DA:1197,12
DA:1198,12
DA:1199,12
DA:1200,12
DA:1201,12
DA:1202,12
DA:1203,12
DA:1204,12
DA:1205,12
DA:1206,12
DA:1207,12
DA:1208,48
DA:1209,48
DA:1210,48
DA:1211,36
DA:1212,48
DA:1213,24
DA:1214,24
DA:1215,24
DA:1216,48
DA:1217,15
DA:1218,15
DA:1219,15
DA:1220,24
DA:1221,24
DA:1222,24
DA:1223,24
DA:1224,24
DA:1225,48
DA:1226,12
DA:1227,12
DA:1228,12
DA:1229,12
DA:1230,0
DA:1231,0
DA:1232,24
DA:1233,12
DA:1234,12
DA:1235,12
DA:1236,12
DA:1237,12
DA:1238,12
DA:1239,12
DA:1240,15
DA:1241,15
DA:1242,15
DA:1243,15
DA:1244,15
DA:1245,15
DA:1246,15
DA:1247,15
DA:1248,15
DA:1249,15
DA:1250,15
DA:1251,15
DA:1252,18
DA:1253,18
DA:1254,18
DA:1255,15
DA:1256,15
DA:1257,0
DA:1258,0
DA:1259,15
DA:1260,15
DA:1261,18
DA:1262,15
DA:1263,12
DA:1264,12
DA:1265,12
DA:1266,12
DA:1267,12
DA:1268,12
DA:1269,12
DA:1270,12
DA:1271,0
DA:1272,0
DA:1273,0
DA:1274,0
DA:1275,0
DA:1276,0
DA:1277,0
DA:1278,0
DA:1279,0
DA:1280,0
DA:1281,0
DA:1282,0
DA:1283,0
DA:1284,12
DA:1285,12
DA:1286,12
DA:1287,12
DA:1288,12
DA:1289,3
DA:1290,3
DA:1291,3
DA:1292,3
DA:1293,0
DA:1294,0
DA:1295,3
DA:1296,12
DA:1297,12
DA:1298,0
DA:1299,0
DA:1300,0
DA:1301,0
DA:1302,0
DA:1303,0
DA:1304,0
DA:1305,0
DA:1306,0
DA:1307,0
DA:1308,0
DA:1309,0
DA:1310,0
DA:1311,0
DA:1312,0
DA:1313,0
DA:1314,0
DA:1315,0
DA:1316,0
DA:1317,0
DA:1318,12
DA:1319,0
DA:1320,0
DA:1321,12
DA:1322,12
DA:1323,12
DA:1324,12
DA:1325,12
DA:1326,12
DA:1327,12
DA:1328,12
DA:1329,12
DA:1330,12
DA:1331,12
DA:1332,12
DA:1333,12
DA:1334,0
DA:1335,0
DA:1336,0
DA:1337,0
DA:1338,0
DA:1339,0
DA:1340,0
DA:1341,0
DA:1342,0
DA:1343,0
DA:1344,0
DA:1345,0
DA:1346,0
DA:1347,0
DA:1348,0
DA:1349,0
DA:1350,12
DA:1351,12
DA:1352,12
DA:1353,12
DA:1354,12
DA:1355,12
DA:1356,0
DA:1357,12
DA:1358,0
DA:1359,0
DA:1360,0
DA:1361,12
DA:1362,0
DA:1363,0
DA:1364,12
DA:1365,12
DA:1366,12
DA:1367,12
DA:1368,12
DA:1369,12
DA:1370,12
DA:1371,12
DA:1372,12
DA:1373,12
DA:1374,12
DA:1375,12
DA:1376,12
DA:1377,12
DA:1378,12
DA:1379,12
DA:1380,24
DA:1381,24
DA:1382,24
DA:1383,24
DA:1384,24
DA:1385,24
DA:1386,24
DA:1387,24
DA:1388,24
DA:1389,24
DA:1390,24
DA:1391,24
DA:1392,24
DA:1393,24
DA:1394,12
DA:1395,12
DA:1396,12
DA:1397,12
DA:1398,12
DA:1399,12
DA:1400,0
DA:1401,0
DA:1402,12
DA:1403,12
DA:1404,12
DA:1405,0
DA:1406,12
DA:1407,0
DA:1408,12
DA:1409,0
DA:1410,0
DA:1411,0
DA:1412,0
DA:1413,0
DA:1414,0
DA:1415,0
DA:1416,0
DA:1417,0
DA:1418,0
DA:1419,0
DA:1420,0
DA:1421,0
DA:1422,0
DA:1423,0
DA:1424,12
DA:1425,24
DA:1426,24
DA:1427,12
DA:1428,12
DA:1429,12
DA:1430,0
DA:1431,0
DA:1432,0
DA:1433,0
DA:1434,0
DA:1435,0
DA:1436,12
DA:1437,12
DA:1438,12
DA:1439,12
DA:1440,12
DA:1441,12
DA:1442,12
DA:1443,12
DA:1444,12
DA:1445,12
DA:1446,12
DA:1447,12
DA:1448,24
DA:1449,12
DA:1450,12
DA:1451,0
DA:1452,0
DA:1453,12
DA:1454,12
DA:1455,12
DA:1456,0
DA:1457,0
DA:1458,12
DA:1459,12
DA:1460,0
DA:1461,0
DA:1462,0
DA:1463,0
DA:1464,0
DA:1465,0
DA:1466,12
DA:1467,12
DA:1468,12
DA:1469,12
DA:1470,12
DA:1471,12
DA:1472,12
DA:1473,12
DA:1474,12
DA:1475,12
DA:1476,12
DA:1477,0
DA:1478,0
DA:1479,12
DA:1480,12
DA:1481,12
DA:1482,12
DA:1483,12
DA:1484,12
DA:1485,12
DA:1486,12
DA:1487,12
DA:1488,12
DA:1489,12
DA:1490,12
DA:1491,12
DA:1492,12
DA:1493,12
DA:1494,12
DA:1495,12
DA:1496,12
DA:1497,12
DA:1498,3
DA:1499,12
DA:1500,3
DA:1501,9
DA:1502,3
DA:1503,3
DA:1504,3
DA:1505,3
DA:1506,12
DA:1507,3
DA:1508,3
DA:1509,3
DA:1510,3
DA:1511,0
DA:1512,0
DA:1513,3
DA:1514,3
DA:1515,3
DA:1516,3
DA:1517,12
DA:1518,12
DA:1519,12
DA:1520,3
DA:1521,3
DA:1522,3
DA:1523,3
DA:1524,3
DA:1525,12
DA:1526,3
DA:1527,3
DA:1528,9
DA:1529,12
DA:1530,0
DA:1531,0
DA:1532,0
DA:1533,9
DA:1534,3
DA:1535,3
DA:1536,3
DA:1537,12
DA:1538,9
DA:1539,9
DA:1540,9
DA:1541,9
DA:1542,9
DA:1543,9
DA:1544,9
DA:1545,9
DA:1546,9
DA:1547,15
DA:1548,12
DA:1549,12
DA:1550,3
DA:1551,3
DA:1552,3
DA:1553,3
DA:1554,0
DA:1555,3
DA:1556,3
DA:1557,0
DA:1558,0
DA:1559,0
DA:1560,0
DA:1561,0
DA:1562,0
DA:1563,0
DA:1564,0
DA:1565,3
DA:1566,9
DA:1567,9
DA:1568,9
DA:1569,9
DA:1570,9
DA:1571,9
DA:1572,9
DA:1573,9
DA:1574,3
DA:1575,3
DA:1576,3
DA:1577,3
DA:1578,3
DA:1579,0
DA:1580,0
DA:1581,0
DA:1582,0
DA:1583,0
DA:1584,0
DA:1585,0
DA:1586,0
DA:1587,0
DA:1588,0
DA:1589,0
DA:1590,0
DA:1591,0
DA:1592,0
DA:1593,0
DA:1594,0
DA:1595,0
DA:1596,0
DA:1597,0
DA:1598,0
DA:1599,0
DA:1600,0
DA:1601,0
DA:1602,0
DA:1603,0
DA:1604,0
DA:1605,0
DA:1606,0
DA:1607,0
DA:1608,0
DA:1609,0
DA:1610,0
DA:1611,0
DA:1612,0
DA:1613,0
DA:1614,0
DA:1615,0
DA:1616,0
DA:1617,0
DA:1618,0
DA:1619,0
DA:1620,0
DA:1621,0
DA:1622,0
DA:1623,0
DA:1624,0
DA:1625,0
DA:1626,0
DA:1627,0
DA:1628,0
DA:1629,0
DA:1630,0
DA:1631,0
DA:1632,0
DA:1633,0
DA:1634,0
DA:1635,0
DA:1636,0
DA:1637,0
DA:1638,0
DA:1639,0
DA:1640,0
DA:1641,0
DA:1642,0
DA:1643,0
DA:1644,0
DA:1645,0
DA:1646,0
DA:1647,0
DA:1648,0
DA:1649,0
DA:1650,0
DA:1651,0
DA:1652,0
DA:1653,0
DA:1654,0
DA:1655,0
DA:1656,0
DA:1657,0
DA:1658,0
DA:1659,0
DA:1660,0
DA:1661,0
DA:1662,0
DA:1663,0
DA:1664,0
DA:1665,0
DA:1666,0
DA:1667,0
DA:1668,0
DA:1669,0
DA:1670,0
DA:1671,0
DA:1672,0
DA:1673,0
DA:1674,0
DA:1675,0
DA:1676,3
DA:1677,3
DA:1678,9
DA:1679,9
DA:1680,9
DA:1681,9
DA:1682,9
DA:1683,9
DA:1684,9
DA:1685,9
DA:1686,9
DA:1687,9
DA:1688,9
DA:1689,3
DA:1690,3
DA:1691,3
DA:1692,3
DA:1693,3
DA:1694,3
DA:1695,3
DA:1696,3
DA:1697,3
DA:1698,3
DA:1699,3
DA:1700,3
DA:1701,3
DA:1702,3
DA:1703,3
DA:1704,3
DA:1705,3
DA:1706,3
DA:1707,0
DA:1708,0
DA:1709,3
DA:1710,3
DA:1711,3
DA:1712,3
DA:1713,0
DA:1714,0
DA:1715,0
DA:1716,0
DA:1717,0
DA:1718,0
DA:1719,0
DA:1720,0
DA:1721,0
DA:1722,3
DA:1723,0
DA:1724,0
DA:1725,0
DA:1726,0
DA:1727,0
DA:1728,0
DA:1729,0
DA:1730,0
DA:1731,3
DA:1732,3
DA:1733,3
DA:1734,3
DA:1735,3
DA:1736,3
DA:1737,3
DA:1738,3
DA:1739,3
DA:1740,3
DA:1741,3
DA:1742,3
DA:1743,3
DA:1744,3
DA:1745,3
DA:1746,3
DA:1747,3
DA:1748,3
DA:1749,3
DA:1750,3
DA:1751,3
DA:1752,3
DA:1753,3
DA:1754,3
DA:1755,3
DA:1756,3
DA:1757,3
DA:1758,3
DA:1759,3
DA:1760,3
DA:1761,3
DA:1762,3
DA:1763,3
DA:1764,3
DA:1765,3
DA:1766,3
DA:1767,3
DA:1768,3
DA:1769,3
DA:1770,3
DA:1771,3
DA:1772,3
DA:1773,3
DA:1774,3
DA:1775,3
DA:1776,3
DA:1777,3
DA:1778,3
DA:1779,3
DA:1780,3
DA:1781,3
DA:1782,3
DA:1783,3
DA:1784,3
DA:1785,3
DA:1786,3
DA:1787,3
DA:1788,3
DA:1789,3
DA:1790,3
DA:1791,3
DA:1792,3
DA:1793,9
DA:1794,9
DA:1795,9
DA:1796,9
DA:1797,9
DA:1798,9
DA:1799,9
DA:1800,9
DA:1801,9
DA:1802,0
DA:1803,0
DA:1804,0
DA:1805,0
DA:1806,0
DA:1807,0
DA:1808,0
DA:1809,0
DA:1810,0
DA:1811,0
DA:1812,9
DA:1813,9
DA:1814,9
DA:1815,9
DA:1816,9
DA:1817,9
DA:1818,9
DA:1819,9
DA:1820,9
DA:1821,9
DA:1822,9
DA:1823,3
DA:1824,3
DA:1825,3
DA:1826,3
DA:1827,0
DA:1828,0
DA:1829,0
DA:1830,0
DA:1831,0
DA:1832,0
DA:1833,0
DA:1834,0
DA:1835,0
DA:1836,0
DA:1837,0
DA:1838,0
DA:1839,0
DA:1840,0
DA:1841,0
DA:1842,0
DA:1843,3
DA:1844,3
DA:1845,3
DA:1846,3
DA:1847,3
DA:1848,0
DA:1849,0
DA:1850,0
DA:1851,0
DA:1852,0
DA:1853,0
DA:1854,0
DA:1855,0
DA:1856,0
DA:1857,0
DA:1858,0
DA:1859,0
DA:1860,0
DA:1861,0
DA:1862,0
DA:1863,0
DA:1864,0
DA:1865,0
DA:1866,0
DA:1867,0
DA:1868,0
DA:1869,0
DA:1870,0
DA:1871,0
DA:1872,0
DA:1873,0
DA:1874,0
DA:1875,0
DA:1876,0
DA:1877,0
DA:1878,0
DA:1879,0
DA:1880,0
DA:1881,0
DA:1882,0
DA:1883,0
DA:1884,0
DA:1885,0
DA:1886,0
DA:1887,0
DA:1888,0
DA:1889,0
DA:1890,0
DA:1891,0
DA:1892,0
DA:1893,0
DA:1894,0
DA:1895,0
DA:1896,3
DA:1897,9
DA:1898,9
DA:1899,9
DA:1900,9
DA:1901,9
DA:1902,9
DA:1903,9
DA:1904,9
DA:1905,3
DA:1906,9
DA:1907,9
DA:1908,9
DA:1909,9
DA:1910,9
DA:1911,9
DA:1912,9
DA:1913,9
DA:1914,9
DA:1915,9
DA:1916,9
DA:1917,99
DA:1918,99
DA:1919,30
DA:1920,30
DA:1921,69
DA:1922,69
DA:1923,69
DA:1924,105
DA:1925,69
DA:1926,9
DA:1927,9
DA:1928,9
DA:1929,96
DA:1930,96
DA:1931,96
DA:1932,12
DA:1933,12
DA:1934,12
DA:1935,96
DA:1936,9
DA:1937,9
DA:1938,9
DA:1939,9
DA:1940,9
DA:1941,9
DA:1942,9
DA:1943,9
DA:1944,60
DA:1945,60
DA:1946,60
DA:1947,9
DA:1948,9
DA:1949,9
DA:1950,9
DA:1951,9
DA:1952,9
DA:1953,9
DA:1954,669
DA:1955,669
DA:1956,669
DA:1957,180
DA:1958,180
DA:1959,669
DA:1960,9
DA:1961,9
DA:1962,9
DA:1963,261
DA:1964,261
DA:1965,69
DA:1966,261
DA:1967,9
DA:1968,9
DA:1969,9
DA:1970,9
DA:1971,9
DA:1972,9
DA:1973,9
DA:1974,9
DA:1975,9
DA:1976,9
DA:1977,9
DA:1978,324
DA:1979,324
DA:1980,324
DA:1981,324
DA:1982,288
DA:1983,288
DA:1984,36
DA:1985,9
DA:1986,9
DA:1987,9
DA:1988,9
DA:1989,9
DA:1990,9
DA:1991,9
DA:1992,9
DA:1993,9
DA:1994,9
DA:1995,9
DA:1996,9
DA:1997,9
DA:1998,9
DA:1999,9
DA:2000,9
DA:2001,9
DA:2002,9
DA:2003,9
DA:2004,9
DA:2005,9
DA:2006,9
DA:2007,60
DA:2008,0
DA:2009,0
DA:2010,60
DA:2011,60
DA:2012,60
DA:2013,720
DA:2014,720
DA:2015,60
DA:2016,60
DA:2017,0
DA:2018,0
DA:2019,0
DA:2020,60
DA:2021,60
DA:2022,60
DA:2023,48
DA:2024,48
DA:2025,48
DA:2026,9
DA:2027,9
DA:2028,9
DA:2029,9
DA:2030,9
DA:2031,9
DA:2032,9
DA:2033,9
DA:2034,9
DA:2035,9
DA:2036,93
DA:2037,93
DA:2038,12
DA:2039,12
DA:2040,81
DA:2041,81
DA:2042,81
DA:2043,81
DA:2044,81
DA:2045,24
DA:2046,24
DA:2047,24
DA:2048,81
DA:2049,81
DA:2050,81
DA:2051,9
DA:2052,9
DA:2053,9
DA:2054,9
DA:2055,9
DA:2056,9
DA:2057,9
DA:2058,9
DA:2059,9
DA:2060,9
DA:2061,24
DA:2062,9
DA:2063,9
DA:2064,15
DA:2065,15
DA:2066,15
DA:2067,15
DA:2068,24
DA:2069,0
DA:2070,0
DA:2071,0
DA:2072,0
DA:2073,0
DA:2074,0
DA:2075,0
DA:2076,0
DA:2077,15
DA:2078,15
DA:2079,24
DA:2080,0
DA:2081,0
DA:2082,0
DA:2083,0
DA:2084,0
DA:2085,0
DA:2086,0
DA:2087,0
DA:2088,15
DA:2089,15
DA:2090,9
DA:2091,9
DA:2092,9
DA:2093,9
DA:2094,9
DA:2095,9
DA:2096,9
DA:2097,9
DA:2098,9
DA:2099,9
DA:2100,9
DA:2101,120
DA:2102,120
DA:2103,120
DA:2104,0
DA:2105,0
DA:2106,0
DA:2107,0
DA:2108,0
DA:2109,0
DA:2110,0
DA:2111,0
DA:2112,0
DA:2113,0
DA:2114,0
DA:2115,0
DA:2116,0
DA:2117,0
DA:2118,0
DA:2119,0
DA:2120,120
DA:2121,9
DA:2122,9
DA:2123,9
DA:2124,9
DA:2125,9
DA:2126,9
DA:2127,9
DA:2128,9
DA:2129,9
DA:2130,9
DA:2131,9
DA:2132,9
DA:2133,33
DA:2134,33
DA:2135,33
DA:2136,33
DA:2137,51
DA:2138,0
DA:2139,0
DA:2140,51
DA:2141,0
DA:2142,0
DA:2143,51
DA:2144,51
DA:2145,51
DA:2146,33
DA:2147,9
DA:2148,9
DA:2149,9
DA:2150,9
DA:2151,9
DA:2152,9
DA:2153,0
DA:2154,0
DA:2155,0
DA:2156,0
DA:2157,0
DA:2158,0
DA:2159,0
DA:2160,0
DA:2161,0
DA:2162,0
DA:2163,0
DA:2164,0
DA:2165,0
DA:2166,0
DA:2167,0
DA:2168,0
DA:2169,0
DA:2170,0
DA:2171,0
DA:2172,0
DA:2173,0
DA:2174,0
DA:2175,0
DA:2176,9
DA:2177,9
DA:2178,9
DA:2179,9
DA:2180,9
DA:2181,9
DA:2182,9
DA:2183,9
DA:2184,12
DA:2185,12
DA:2186,0
DA:2187,0
DA:2188,0
DA:2189,0
DA:2190,0
DA:2191,0
DA:2192,0
DA:2193,0
DA:2194,0
DA:2195,0
DA:2196,0
DA:2197,0
DA:2198,0
DA:2199,0
DA:2200,0
DA:2201,0
DA:2202,0
DA:2203,0
DA:2204,0
DA:2205,0
DA:2206,0
DA:2207,0
DA:2208,0
DA:2209,0
DA:2210,0
DA:2211,0
DA:2212,0
DA:2213,0
DA:2214,0
DA:2215,0
DA:2216,0
DA:2217,0
DA:2218,0
DA:2219,0
DA:2220,0
DA:2221,0
DA:2222,0
DA:2223,0
DA:2224,0
DA:2225,0
DA:2226,0
DA:2227,0
DA:2228,0
DA:2229,0
DA:2230,0
DA:2231,0
DA:2232,0
DA:2233,0
DA:2234,0
DA:2235,0
DA:2236,0
DA:2237,0
DA:2238,0
DA:2239,0
DA:2240,0
DA:2241,9
DA:2242,9
DA:2243,9
DA:2244,9
DA:2245,12
DA:2246,12
DA:2247,12
DA:2248,0
DA:2249,0
DA:2250,0
DA:2251,0
DA:2252,0
DA:2253,0
DA:2254,0
DA:2255,0
DA:2256,0
DA:2257,0
DA:2258,0
DA:2259,0
DA:2260,0
DA:2261,0
DA:2262,0
DA:2263,0
DA:2264,0
DA:2265,0
DA:2266,0
DA:2267,0
DA:2268,0
DA:2269,0
DA:2270,0
DA:2271,0
DA:2272,0
DA:2273,0
DA:2274,0
DA:2275,0
DA:2276,0
DA:2277,0
DA:2278,0
DA:2279,0
DA:2280,0
DA:2281,0
DA:2282,0
DA:2283,0
DA:2284,0
DA:2285,0
DA:2286,0
DA:2287,0
DA:2288,0
DA:2289,0
DA:2290,0
DA:2291,0
DA:2292,0
DA:2293,0
DA:2294,0
DA:2295,0
DA:2296,0
DA:2297,0
DA:2298,0
DA:2299,0
DA:2300,0
DA:2301,0
DA:2302,0
DA:2303,0
DA:2304,0
DA:2305,0
DA:2306,0
DA:2307,0
DA:2308,0
DA:2309,0
DA:2310,0
DA:2311,0
DA:2312,0
DA:2313,0
DA:2314,0
DA:2315,0
DA:2316,0
DA:2317,0
DA:2318,0
DA:2319,12
DA:2320,9
DA:2321,9
DA:2322,9
DA:2323,18
DA:2324,18
DA:2325,0
DA:2326,0
DA:2327,18
DA:2328,18
DA:2329,18
DA:2330,18
DA:2331,18
DA:2332,18
DA:2333,18
DA:2334,9
DA:2335,9
DA:2336,9
DA:2337,9
DA:2338,9
DA:2339,9
DA:2340,9
DA:2341,9
DA:2342,9
DA:2343,60
DA:2344,15
DA:2345,15
DA:2346,45
DA:2347,45
DA:2348,45
DA:2349,45
DA:2350,45
DA:2351,45
DA:2352,45
DA:2353,9
DA:2354,9
DA:2355,0
DA:2356,9
DA:2357,9
DA:2358,9
DA:2359,9
DA:2360,9
DA:2361,9
DA:2362,9
DA:2363,9
DA:2364,9
DA:2365,9
DA:2366,9
DA:2367,0
DA:2368,0
DA:2369,9
DA:2370,9
DA:2371,9
DA:2372,0
DA:2373,0
DA:2374,9
DA:2375,9
DA:2376,0
DA:2377,0
DA:2378,9
DA:2379,9
DA:2380,9
DA:2381,0
DA:2382,0
DA:2383,9
DA:2384,9
DA:2385,9
DA:2386,9
DA:2387,9
DA:2388,9
DA:2389,9
DA:2390,9
DA:2391,0
DA:2392,0
DA:2393,9
DA:2394,9
DA:2395,9
DA:2396,9
DA:2397,9
DA:2398,9
DA:2399,9
DA:2400,9
DA:2401,9
DA:2402,9
DA:2403,9
DA:2404,9
DA:2405,9
DA:2406,9
DA:2407,9
DA:2408,0
DA:2409,0
DA:2410,0
DA:2411,0
DA:2412,0
DA:2413,0
DA:2414,0
DA:2415,0
DA:2416,0
DA:2417,0
DA:2418,0
DA:2419,0
DA:2420,0
DA:2421,0
DA:2422,9
DA:2423,9
DA:2424,9
DA:2425,9
DA:2426,9
DA:2427,0
DA:2428,0
DA:2429,9
DA:2430,9
DA:2431,9
DA:2432,9
DA:2433,9
DA:2434,9
DA:2435,9
DA:2436,9
DA:2437,9
DA:2438,9
DA:2439,9
DA:2440,0
DA:2441,0
DA:2442,9
DA:2443,0
DA:2444,0
DA:2445,9
DA:2446,0
DA:2447,0
DA:2448,9
DA:2449,9
DA:2450,9
DA:2451,9
DA:2452,9
DA:2453,9
DA:2454,0
DA:2455,9
DA:2456,0
DA:2457,0
DA:2458,0
DA:2459,0
DA:2460,9
DA:2461,0
DA:2462,0
DA:2463,9
DA:2464,0
DA:2465,0
DA:2466,9
DA:2467,0
DA:2468,0
DA:2469,0
DA:2470,0
DA:2471,9
DA:2472,0
DA:2473,0
DA:2474,9
DA:2475,9
DA:2476,0
DA:2477,0
DA:2478,0
DA:2479,9
DA:2480,9
DA:2481,9
DA:2482,9
DA:2483,9
DA:2484,9
DA:2485,9
DA:2486,9
DA:2487,0
DA:2488,0
DA:2489,0
DA:2490,0
DA:2491,0
DA:2492,0
DA:2493,0
DA:2494,0
DA:2495,0
DA:2496,0
DA:2497,0
DA:2498,0
DA:2499,0
DA:2500,9
DA:2501,9
DA:2502,0
DA:2503,45
DA:2504,9
DA:2505,9
DA:2506,9
DA:2507,9
DA:2508,9
DA:2509,9
DA:2510,9
DA:2511,9
DA:2512,9
DA:2513,9
DA:2514,12
DA:2515,12
DA:2516,12
DA:2517,36
DA:2518,0
DA:2519,36
DA:2520,36
DA:2521,36
DA:2522,36
DA:2523,9
DA:2524,9
DA:2525,9
DA:2526,9
DA:2527,9
DA:2528,9
DA:2529,9
DA:2530,9
DA:2531,9
DA:2532,12
DA:2533,12
DA:2534,0
DA:2535,0
DA:2536,0
DA:2537,0
DA:2538,0
DA:2539,12
DA:2540,9
DA:2541,9
DA:2542,9
DA:2543,9
DA:2544,9
DA:2545,9
DA:2546,9
DA:2547,9
DA:2548,9
DA:2549,9
DA:2550,84
DA:2551,72
DA:2552,72
DA:2553,12
DA:2554,12
DA:2555,12
DA:2556,9
DA:2557,9
DA:2558,9
DA:2559,123
DA:2560,9
DA:2561,9
DA:2562,9
DA:2563,9
DA:2564,9
DA:2565,9
DA:2566,9
DA:2567,408
DA:2568,408
DA:2569,408
DA:2570,408
DA:2571,408
DA:2572,372
DA:2573,372
DA:2574,372
DA:2575,372
DA:2576,408
DA:2577,9
DA:2578,9
DA:2579,9
DA:2580,9
DA:2581,9
DA:2582,9
DA:2583,9
DA:2584,9
DA:2585,9
DA:2586,9
DA:2587,9
DA:2588,9
DA:2589,9
DA:2590,9
DA:2591,9
DA:2592,3
DA:2593,3
DA:2594,0
DA:2595,0
DA:2596,0
DA:2597,0
DA:2598,0
DA:2599,3
DA:2600,3
DA:2601,3
DA:2602,3
DA:2603,3
DA:2604,3
DA:2605,3
DA:2606,3
DA:2607,3
DA:2608,3
DA:2609,3
DA:2610,3
DA:2611,3
DA:2612,3
DA:2613,3
DA:2614,3
DA:2615,3
DA:2616,3
DA:2617,0
DA:2618,0
DA:2619,3
DA:2620,3
DA:2621,3
DA:2622,3
DA:2623,3
DA:2624,3
DA:2625,3
DA:2626,3
DA:2627,3
DA:2628,3
DA:2629,3
DA:2630,3
DA:2631,3
DA:2632,3
DA:2633,3
DA:2634,3
DA:2635,3
DA:2636,3
DA:2637,3
DA:2638,3
DA:2639,3
DA:2640,3
DA:2641,3
DA:2642,3
DA:2643,3
DA:2644,3
DA:2645,3
DA:2646,3
DA:2647,9
DA:2648,9
DA:2649,9
DA:2650,9
DA:2651,0
DA:2652,0
DA:2653,0
LF:2653
LH:1763
BRDA:1,0,0,9
BRDA:2650,1,0,0
BRDA:27,2,0,9
BRDA:29,3,0,6
BRDA:29,4,0,6
BRDA:32,5,0,6
BRDA:67,6,0,6
BRDA:55,7,0,9
BRDA:108,8,0,171
BRDA:268,9,0,9
BRDA:290,10,0,201
BRDA:292,11,0,6
BRDA:292,12,0,6
BRDA:295,13,0,48
BRDA:299,14,0,39
BRDA:299,15,0,15
BRDA:313,16,0,21
BRDA:315,17,0,6
BRDA:315,18,0,6
BRDA:318,19,0,6
BRDA:334,20,0,207
BRDA:364,21,0,138
BRDA:383,22,0,324
BRDA:387,23,0,6
BRDA:393,24,0,6
BRDA:395,25,0,6
BRDA:408,26,0,6
BRDA:419,27,0,24
BRDA:421,28,0,21
BRDA:426,29,0,9
BRDA:428,30,0,21
BRDA:432,31,0,21
BRDA:423,32,0,24
BRDA:458,33,0,9
BRDA:461,34,0,9
BRDA:463,35,0,6
BRDA:470,36,0,6
BRDA:477,37,0,9
BRDA:482,38,0,6
BRDA:533,39,0,9
BRDA:536,40,0,24
BRDA:538,41,0,21
BRDA:539,42,0,12
BRDA:541,43,0,9
BRDA:542,44,0,6
BRDA:548,45,0,6
BRDA:568,46,0,9
BRDA:577,47,0,6
BRDA:580,48,0,6
BRDA:591,49,0,6
BRDA:605,50,0,6
BRDA:643,51,0,6
BRDA:585,52,0,9
BRDA:660,53,0,9
BRDA:697,54,0,9
BRDA:783,55,0,18
BRDA:807,56,0,18
BRDA:808,57,0,42
BRDA:810,58,0,6
BRDA:833,59,0,30
BRDA:876,60,0,21
BRDA:880,61,0,18
BRDA:884,62,0,6
BRDA:885,63,0,6
BRDA:886,64,0,6
BRDA:890,65,0,6
BRDA:891,66,0,6
BRDA:892,67,0,6
BRDA:893,68,0,6
BRDA:894,69,0,6
BRDA:895,70,0,6
BRDA:896,71,0,6
BRDA:897,72,0,6
BRDA:901,73,0,6
BRDA:902,74,0,6
BRDA:903,75,0,6
BRDA:904,76,0,6
BRDA:905,77,0,6
BRDA:906,78,0,6
BRDA:907,79,0,6
BRDA:915,80,0,57
BRDA:932,81,0,492
BRDA:934,82,0,429
BRDA:934,83,0,210
BRDA:937,84,0,288
BRDA:938,85,0,153
BRDA:941,86,0,141
BRDA:944,87,0,285
BRDA:946,88,0,141
BRDA:946,89,0,246
BRDA:947,90,0,102
BRDA:954,91,0,18
BRDA:957,92,0,6
BRDA:960,93,0,30
BRDA:972,94,0,378
BRDA:978,95,0,6
BRDA:978,96,0,6
BRDA:979,97,0,6
BRDA:984,98,0,21
BRDA:985,99,0,9
BRDA:988,100,0,60
BRDA:990,101,0,54
BRDA:990,102,0,6
BRDA:1006,103,0,9
BRDA:1010,104,0,6
BRDA:1013,105,0,6
BRDA:1020,106,0,18
BRDA:1032,107,0,414
BRDA:1033,108,0,18
BRDA:1039,109,0,42
BRDA:1044,110,0,378
BRDA:1046,111,0,6
BRDA:1046,112,0,6
BRDA:1050,113,0,378
BRDA:1054,114,0,378
BRDA:1056,115,0,6
BRDA:1074,116,0,378
BRDA:1075,117,0,90
BRDA:1075,118,0,18
BRDA:1081,119,0,366
BRDA:1083,120,0,96
BRDA:1085,121,0,9
BRDA:1086,122,0,9
BRDA:1087,123,0,9
BRDA:1088,124,0,9
BRDA:1089,125,0,9
BRDA:1091,126,0,9
BRDA:1096,127,0,93
BRDA:1097,128,0,6
BRDA:1105,129,0,363
BRDA:1108,130,0,270
BRDA:1109,131,0,270
BRDA:1110,132,0,270
BRDA:1111,133,0,270
BRDA:1112,134,0,270
BRDA:1113,135,0,270
BRDA:1114,136,0,270
BRDA:1115,137,0,270
BRDA:1116,138,0,99
BRDA:1118,139,0,6
BRDA:1122,140,0,363
BRDA:1123,141,0,30
BRDA:1126,142,0,363
BRDA:1128,143,0,99
BRDA:1132,144,0,675
BRDA:1134,145,0,495
BRDA:1135,146,0,234
BRDA:1137,147,0,267
BRDA:1137,148,0,75
BRDA:1142,149,0,186
BRDA:1142,150,0,6
BRDA:1155,151,0,75
BRDA:1155,152,0,75
BRDA:1160,153,0,30
BRDA:1160,154,0,6
BRDA:1165,155,0,363
BRDA:1239,156,0,21
BRDA:1251,157,0,24
BRDA:1254,158,0,9
BRDA:1254,159,0,21
BRDA:1256,160,0,6
BRDA:1264,161,0,6
BRDA:1270,162,0,6
BRDA:1288,163,0,9
BRDA:1292,164,0,6
BRDA:1297,165,0,6
BRDA:1318,166,0,6
BRDA:1333,167,0,6
BRDA:1355,168,0,6
BRDA:1357,169,0,6
BRDA:1361,170,0,6
BRDA:1379,171,0,30
BRDA:1386,172,0,18
BRDA:1386,173,0,18
BRDA:1390,174,0,18
BRDA:1390,175,0,18
BRDA:1393,176,0,18
BRDA:1399,177,0,6
BRDA:1404,178,0,6
BRDA:1406,179,0,6
BRDA:1408,180,0,6
BRDA:1426,181,0,18
BRDA:1429,182,0,6
BRDA:1450,183,0,6
BRDA:1455,184,0,6
BRDA:1459,185,0,6
BRDA:1476,186,0,6
BRDA:1497,187,0,9
BRDA:1499,188,0,15
BRDA:1499,189,0,9
BRDA:1501,190,0,12
BRDA:1501,191,0,9
BRDA:1510,192,0,6
BRDA:1519,193,0,9
BRDA:1175,194,0,99
BRDA:1179,195,0,6
BRDA:1185,196,0,87
BRDA:1188,197,0,18
BRDA:1191,198,0,6
BRDA:1194,199,0,18
BRDA:1207,200,0,54
BRDA:1209,201,0,42
BRDA:1210,202,0,42
BRDA:1212,203,0,30
BRDA:1216,204,0,21
BRDA:1220,205,0,30
BRDA:1225,206,0,18
BRDA:1229,207,0,6
BRDA:1232,208,0,30
BRDA:1505,209,0,18
BRDA:1524,210,0,18
BRDA:1525,211,0,9
BRDA:1528,212,0,15
BRDA:1529,213,0,6
BRDA:1533,214,0,15
BRDA:1546,215,0,21
BRDA:1547,216,0,18
BRDA:1550,217,0,9
BRDA:1573,218,0,9
BRDA:1677,219,0,6
BRDA:1688,220,0,9
BRDA:1750,221,0,6
BRDA:1751,222,0,6
BRDA:1702,223,0,9
BRDA:1706,224,0,6
BRDA:1712,225,0,6
BRDA:1722,226,0,6
BRDA:1822,227,0,9
BRDA:1904,228,0,9
BRDA:1916,229,0,105
BRDA:1918,230,0,75
BRDA:1918,231,0,36
BRDA:1921,232,0,75
BRDA:1923,233,0,111
BRDA:1924,234,0,42
BRDA:1928,235,0,102
BRDA:1931,236,0,18
BRDA:1943,237,0,66
BRDA:1944,238,0,66
BRDA:1945,239,0,42
BRDA:1953,240,0,675
BRDA:1955,241,0,318
BRDA:1956,242,0,186
BRDA:1957,243,0,6
BRDA:1962,244,0,267
BRDA:1964,245,0,231
BRDA:1964,246,0,75
BRDA:1965,247,0,42
BRDA:1977,248,0,330
BRDA:1978,249,0,246
BRDA:1978,250,0,90
BRDA:1981,251,0,294
BRDA:1984,252,0,42
BRDA:1994,253,0,15
BRDA:1995,254,0,6
BRDA:2006,255,0,66
BRDA:2007,256,0,6
BRDA:2012,257,0,726
BRDA:2016,258,0,6
BRDA:2022,259,0,54
BRDA:2035,260,0,99
BRDA:2037,261,0,18
BRDA:2040,262,0,87
BRDA:2044,263,0,30
BRDA:2046,264,0,6
BRDA:2060,265,0,30
BRDA:2061,266,0,15
BRDA:2064,267,0,21
BRDA:2068,268,0,6
BRDA:2077,269,0,21
BRDA:2079,270,0,6
BRDA:2088,271,0,21
BRDA:2100,272,0,126
BRDA:2132,273,0,39
BRDA:2133,274,0,30
BRDA:2136,275,0,57
BRDA:2137,276,0,48
BRDA:2137,277,0,6
BRDA:2140,278,0,6
BRDA:2140,279,0,6
BRDA:2183,280,0,18
BRDA:2185,281,0,6
BRDA:2244,282,0,18
BRDA:2322,283,0,24
BRDA:2324,284,0,6
BRDA:2331,285,0,24
BRDA:2342,286,0,66
BRDA:2343,287,0,21
BRDA:2346,288,0,51
BRDA:2352,289,0,15
BRDA:2366,290,0,6
BRDA:2366,291,0,6
BRDA:2371,292,0,6
BRDA:2375,293,0,6
BRDA:2380,294,0,6
BRDA:2390,295,0,6
BRDA:2407,296,0,6
BRDA:2426,297,0,6
BRDA:2486,298,0,6
BRDA:2486,299,0,6
BRDA:2502,300,0,6
BRDA:2437,301,0,15
BRDA:2439,302,0,6
BRDA:2439,303,0,6
BRDA:2442,304,0,6
BRDA:2445,305,0,6
BRDA:2452,306,0,6
BRDA:2453,307,0,6
BRDA:2455,308,0,6
BRDA:2460,309,0,6
BRDA:2463,310,0,6
BRDA:2463,311,0,6
BRDA:2466,312,0,6
BRDA:2466,313,0,6
BRDA:2471,314,0,6
BRDA:2475,315,0,6
BRDA:2513,316,0,18
BRDA:2516,317,0,42
BRDA:2516,318,0,42
BRDA:2517,319,0,6
BRDA:2531,320,0,18
BRDA:2549,321,0,90
BRDA:2550,322,0,78
BRDA:2550,323,0,78
BRDA:2553,324,0,18
BRDA:2558,325,0,129
BRDA:2562,326,0,15
BRDA:2566,327,0,414
BRDA:2569,328,0,378
BRDA:2570,329,0,378
BRDA:2571,330,0,378
BRDA:2573,331,0,6
BRDA:2574,332,0,6
BRDA:2591,333,0,9
BRDA:2593,334,0,6
BRDA:2604,335,0,6
BRDA:2616,336,0,6
BRF:337
BRH:336
end_of_record
TN:
SF:options/options.js
FN:12,(anonymous_0)
FN:36,(anonymous_1)
FN:46,(anonymous_2)
FN:53,(anonymous_3)
FN:65,saveSettings
FN:98,(anonymous_5)
FN:120,setupTemplatePreview
FN:126,(anonymous_7)
FN:155,formatTitle
FN:156,(anonymous_9)
FNF:10
FNH:6
FNDA:0,(anonymous_0)
FNDA:0,(anonymous_1)
FNDA:0,(anonymous_2)
FNDA:0,(anonymous_3)
FNDA:4,saveSettings
FNDA:2,(anonymous_5)
FNDA:1,setupTemplatePreview
FNDA:1,(anonymous_7)
FNDA:3,formatTitle
FNDA:4,(anonymous_9)
DA:12,1
DA:14,0
DA:15,0
DA:16,0
DA:17,0
DA:18,0
DA:21,0
DA:24,0
DA:28,0
DA:29,0
DA:30,0
DA:33,0
DA:36,0
DA:37,0
DA:38,0
DA:39,0
DA:40,0
DA:41,0
DA:46,0
DA:47,0
DA:51,0
DA:52,0
DA:53,0
DA:57,0
DA:66,4
DA:67,4
DA:68,4
DA:69,4
DA:70,4
DA:73,4
DA:74,1
DA:75,1
DA:78,3
DA:79,1
DA:80,1
DA:84,2
DA:99,2
DA:100,1
DA:102,1
DA:105,1
DA:108,1
DA:109,1
DA:110,1
DA:121,1
DA:122,1
DA:123,1
DA:125,1
DA:126,1
DA:127,1
DA:128,1
DA:130,1
DA:139,1
DA:141,1
DA:145,1
DA:156,3
DA:157,4
LF:56
LH:33
BRDA:37,0,0,0
BRDA:37,0,1,0
BRDA:40,1,0,0
BRDA:40,1,1,0
BRDA:52,2,0,0
BRDA:52,2,1,0
BRDA:73,3,0,1
BRDA:73,3,1,3
BRDA:78,4,0,1
BRDA:78,4,1,2
BRDA:99,5,0,1
BRDA:99,5,1,1
BRDA:109,6,0,1
BRDA:109,6,1,0
BRDA:109,7,0,1
BRDA:109,7,1,1
BRDA:125,8,0,1
BRDA:125,8,1,0
BRDA:125,9,0,1
BRDA:125,9,1,1
BRDA:125,9,2,1
BRDA:157,10,0,4
BRDA:157,10,1,1
BRF:23
BRH:15
end_of_record
TN:
SF:popup/popup.js
FN:29,checkPageStatus
FN:44,updateUIForSavedPage
FN:64,updateUIForUnsavedPage
FNF:3
FNH:2
FNDA:1,checkPageStatus
FNDA:1,updateUIForSavedPage
FNDA:0,updateUIForUnsavedPage
DA:1,6
DA:2,6
DA:3,6
DA:4,6
DA:5,6
DA:6,6
DA:7,6
DA:8,6
DA:9,6
DA:10,6
DA:11,6
DA:12,6
DA:13,6
DA:14,6
DA:15,6
DA:16,6
DA:17,6
DA:18,6
DA:19,5
DA:20,5
DA:21,5
DA:22,6
DA:23,5
DA:24,5
DA:25,5
DA:26,6
DA:27,6
DA:28,6
DA:29,6
DA:30,5
DA:31,5
DA:32,5
DA:33,5
DA:34,5
DA:35,5
DA:36,4
DA:37,2
DA:38,2
DA:39,3
DA:40,3
DA:41,3
DA:42,4
DA:43,4
DA:44,4
DA:45,5
DA:46,3
DA:47,3
DA:48,3
DA:49,1
DA:50,1
DA:51,3
DA:52,3
DA:53,3
DA:54,3
DA:55,3
DA:56,3
DA:57,1
DA:58,1
DA:59,1
DA:60,1
DA:61,1
DA:62,2
DA:63,2
DA:64,2
DA:65,0
DA:66,0
DA:67,0
DA:68,0
DA:69,0
DA:70,0
DA:71,0
DA:72,0
DA:73,0
DA:74,0
DA:75,0
DA:76,0
DA:77,0
DA:78,0
DA:79,2
DA:80,2
DA:81,2
DA:82,2
DA:83,2
DA:84,2
DA:85,2
DA:86,2
DA:87,0
DA:88,2
DA:89,2
DA:90,2
DA:91,0
DA:92,0
DA:93,2
DA:94,2
DA:95,2
DA:96,2
DA:97,2
DA:98,2
DA:99,2
DA:100,2
DA:101,2
DA:102,2
DA:103,0
DA:104,2
DA:105,2
DA:106,0
DA:107,0
DA:108,2
DA:109,4
DA:110,4
DA:111,2
DA:112,4
DA:113,3
DA:114,3
DA:115,3
DA:116,3
DA:117,0
DA:118,0
DA:119,0
DA:120,0
DA:121,0
DA:122,0
DA:123,0
DA:124,0
DA:125,2
DA:126,3
DA:127,3
DA:128,3
DA:129,1
DA:130,3
DA:131,3
DA:132,3
DA:133,2
DA:134,0
DA:135,3
DA:136,3
DA:137,3
DA:138,2
DA:139,1
DA:140,1
DA:141,0
DA:142,0
DA:143,0
DA:144,0
DA:145,0
DA:146,0
DA:147,1
DA:148,1
DA:149,0
DA:150,1
DA:151,1
DA:152,1
DA:153,1
DA:154,2
DA:155,2
DA:156,2
DA:157,2
DA:158,0
DA:159,2
DA:160,2
DA:161,2
DA:162,0
DA:163,2
DA:164,4
DA:165,0
DA:166,0
DA:167,0
DA:168,0
DA:169,0
DA:170,0
DA:171,0
DA:172,0
DA:173,0
DA:174,0
DA:175,0
DA:176,0
DA:177,0
DA:178,0
DA:179,0
DA:180,0
DA:181,0
DA:182,0
DA:183,0
DA:184,0
DA:185,0
DA:186,0
DA:187,0
DA:188,0
DA:189,0
DA:190,0
DA:191,0
DA:192,0
DA:193,0
DA:194,0
DA:195,0
DA:196,0
DA:197,0
DA:198,0
DA:199,0
DA:200,0
DA:201,0
DA:202,0
DA:203,0
DA:204,0
DA:205,0
DA:206,0
DA:207,0
DA:208,0
DA:209,0
DA:210,0
DA:211,0
DA:212,0
DA:213,0
DA:214,0
DA:215,0
DA:216,0
DA:217,0
DA:218,0
DA:219,0
DA:220,0
DA:221,0
DA:222,0
DA:223,0
DA:224,0
DA:225,0
DA:226,0
DA:227,0
DA:228,0
DA:229,0
DA:230,0
DA:231,0
DA:232,0
DA:233,0
DA:234,0
DA:235,0
DA:236,0
DA:237,0
DA:238,0
DA:239,0
DA:240,0
DA:241,0
DA:242,0
DA:243,0
DA:244,0
DA:245,0
DA:246,0
DA:247,0
DA:248,2
DA:249,2
DA:250,2
DA:251,2
DA:252,0
DA:253,0
DA:254,2
DA:255,2
DA:256,2
DA:257,0
DA:258,0
DA:259,0
DA:260,0
DA:261,0
DA:262,0
DA:263,0
DA:264,0
DA:265,0
DA:266,0
DA:267,0
DA:268,0
DA:269,0
DA:270,0
DA:271,0
DA:272,0
DA:273,0
DA:274,0
DA:275,0
DA:276,0
DA:277,0
DA:278,0
DA:279,0
DA:280,0
DA:281,0
DA:282,0
DA:283,0
DA:284,0
DA:285,0
DA:286,0
DA:287,0
DA:288,0
DA:289,0
DA:290,0
DA:291,0
DA:292,0
DA:293,0
DA:294,0
DA:295,0
DA:296,0
DA:297,0
DA:298,0
DA:299,0
DA:300,0
DA:301,0
DA:302,0
DA:303,0
DA:304,0
DA:305,0
DA:306,0
DA:307,0
DA:308,0
DA:309,0
DA:310,0
DA:311,0
DA:312,2
DA:313,2
LF:313
LH:135
BRDA:1,0,0,6
BRDA:30,1,0,6
BRDA:36,2,0,4
BRDA:48,3,0,2
BRDA:82,4,0,4
BRDA:86,5,0,2
BRDA:105,6,0,2
BRDA:1,7,0,2
BRDA:2,8,0,2
BRDA:16,9,0,6
BRDA:18,10,0,5
BRDA:22,11,0,5
BRDA:18,12,0,5
BRDA:29,13,0,5
BRDA:30,14,0,6
BRDA:35,15,0,5
BRDA:44,16,0,6
BRDA:112,17,0,4
BRDA:114,18,0,4
BRDA:116,19,0,3
BRDA:131,20,0,4
BRDA:132,21,0,3
BRDA:140,22,0,3
BRDA:42,23,0,4
BRDA:45,24,0,4
BRF:25
BRH:25
end_of_record
TN:
SF:popup/popupActions.js
FN:16,checkSettings
FN:39,checkPageStatus
FN:51,savePage
FN:67,startHighlight
FN:84,openNotionPage
FN:100,getActiveTab
FN:114,clearHighlights
FN:143,clearHighlightsInPage
FNF:8
FNH:3
FNDA:4,checkSettings
FNDA:4,checkPageStatus
FNDA:0,savePage
FNDA:2,startHighlight
FNDA:0,openNotionPage
FNDA:0,getActiveTab
FNDA:0,clearHighlights
FNDA:0,clearHighlightsInPage
DA:1,4
DA:2,4
DA:3,4
DA:4,4
DA:5,4
DA:6,4
DA:7,4
DA:8,4
DA:9,4
DA:10,4
DA:11,4
DA:12,4
DA:13,4
DA:14,4
DA:15,4
DA:16,4
DA:17,4
DA:18,4
DA:19,4
DA:20,4
DA:21,4
DA:22,4
DA:23,4
DA:24,4
DA:25,4
DA:26,4
DA:27,4
DA:28,4
DA:29,4
DA:30,0
DA:31,0
DA:32,0
DA:33,4
DA:34,4
DA:35,4
DA:36,4
DA:37,4
DA:38,4
DA:39,4
DA:40,4
DA:41,4
DA:42,4
DA:43,4
DA:44,4
DA:45,4
DA:46,4
DA:47,4
DA:48,4
DA:49,4
DA:50,4
DA:51,4
DA:52,0
DA:53,0
DA:54,0
DA:55,0
DA:56,0
DA:57,0
DA:58,0
DA:59,0
DA:60,0
DA:61,0
DA:62,4
DA:63,4
DA:64,4
DA:65,4
DA:66,4
DA:67,4
DA:68,2
DA:69,2
DA:70,2
DA:71,0
DA:72,2
DA:73,2
DA:74,2
DA:75,2
DA:76,2
DA:77,2
DA:78,4
DA:79,4
DA:80,4
DA:81,4
DA:82,4
DA:83,4
DA:84,4
DA:85,0
DA:86,0
DA:87,0
DA:88,0
DA:89,0
DA:90,0
DA:91,0
DA:92,0
DA:93,0
DA:94,0
DA:95,4
DA:96,4
DA:97,4
DA:98,4
DA:99,4
DA:100,4
DA:101,0
DA:102,0
DA:103,0
DA:104,0
DA:105,0
DA:106,0
DA:107,4
DA:108,4
DA:109,4
DA:110,4
DA:111,4
DA:112,4
DA:113,4
DA:114,4
DA:115,0
DA:116,0
DA:117,0
DA:118,0
DA:119,0
DA:120,0
DA:121,0
DA:122,0
DA:123,0
DA:124,0
DA:125,0
DA:126,0
DA:127,0
DA:128,0
DA:129,0
DA:130,0
DA:131,0
DA:132,0
DA:133,0
DA:134,0
DA:135,4
DA:136,4
DA:137,4
DA:138,4
DA:139,4
DA:140,4
DA:141,4
DA:142,4
DA:143,0
DA:144,0
DA:145,0
DA:146,0
DA:147,0
DA:148,0
DA:149,0
DA:150,0
DA:151,0
DA:152,0
DA:153,0
DA:154,0
DA:155,0
DA:156,0
DA:157,0
DA:158,0
DA:159,0
DA:160,0
DA:161,0
DA:162,0
DA:163,0
DA:164,0
DA:165,0
DA:166,0
LF:166
LH:92
BRDA:1,0,0,4
BRDA:16,1,0,4
BRDA:25,2,0,2
BRDA:29,3,0,0
BRDA:39,4,0,6
BRDA:40,5,0,6
BRDA:41,6,0,6
BRDA:42,7,0,2
BRDA:67,8,0,4
BRDA:68,9,0,4
BRDA:69,10,0,4
BRDA:70,11,0,2
BRDA:73,12,0,2
BRF:13
BRH:12
end_of_record
TN:
SF:popup/popupUI.js
FN:26,getElements
FN:46,setStatus
FN:58,setButtonState
FN:70,updateUIForSavedPage
FN:103,updateUIForUnsavedPage
FN:138,showModal
FN:151,hideModal
FN:164,formatCount
FN:173,formatSaveSuccessMessage
FNF:9
FNH:4
FNDA:4,getElements
FNDA:8,setStatus
FNDA:6,setButtonState
FNDA:2,updateUIForSavedPage
FNDA:0,updateUIForUnsavedPage
FNDA:0,showModal
FNDA:0,hideModal
FNDA:0,formatCount
FNDA:0,formatSaveSuccessMessage
DA:1,4
DA:2,4
DA:3,4
DA:4,4
DA:5,4
DA:6,4
DA:7,4
DA:8,4
DA:9,4
DA:10,4
DA:11,4
DA:12,4
DA:13,4
DA:14,4
DA:15,4
DA:16,4
DA:17,4
DA:18,4
DA:19,4
DA:20,4
DA:21,4
DA:22,4
DA:23,4
DA:24,4
DA:25,4
DA:26,4
DA:27,4
DA:28,4
DA:29,4
DA:30,4
DA:31,4
DA:32,4
DA:33,4
DA:34,4
DA:35,4
DA:36,4
DA:37,4
DA:38,4
DA:39,4
DA:40,4
DA:41,4
DA:42,4
DA:43,4
DA:44,4
DA:45,4
DA:46,4
DA:47,8
DA:48,8
DA:49,8
DA:50,8
DA:51,8
DA:52,4
DA:53,4
DA:54,4
DA:55,4
DA:56,4
DA:57,4
DA:58,4
DA:59,6
DA:60,6
DA:61,6
DA:62,6
DA:63,4
DA:64,4
DA:65,4
DA:66,4
DA:67,4
DA:68,4
DA:69,4
DA:70,4
DA:71,2
DA:72,2
DA:73,2
DA:74,2
DA:75,2
DA:76,2
DA:77,2
DA:78,2
DA:79,2
DA:80,2
DA:81,2
DA:82,2
DA:83,2
DA:84,2
DA:85,2
DA:86,2
DA:87,2
DA:88,2
DA:89,2
DA:90,2
DA:91,2
DA:92,2
DA:93,2
DA:94,2
DA:95,2
DA:96,4
DA:97,4
DA:98,4
DA:99,4
DA:100,4
DA:101,4
DA:102,4
DA:103,4
DA:104,0
DA:105,0
DA:106,0
DA:107,0
DA:108,0
DA:109,0
DA:110,0
DA:111,0
DA:112,0
DA:113,0
DA:114,0
DA:115,0
DA:116,0
DA:117,0
DA:118,0
DA:119,0
DA:120,0
DA:121,0
DA:122,0
DA:123,0
DA:124,0
DA:125,0
DA:126,0
DA:127,0
DA:128,0
DA:129,0
DA:130,0
DA:131,0
DA:132,4
DA:133,4
DA:134,4
DA:135,4
DA:136,4
DA:137,4
DA:138,4
DA:139,0
DA:140,0
DA:141,0
DA:142,0
DA:143,0
DA:144,0
DA:145,0
DA:146,4
DA:147,4
DA:148,4
DA:149,4
DA:150,4
DA:151,4
DA:152,0
DA:153,0
DA:154,0
DA:155,0
DA:156,4
DA:157,4
DA:158,4
DA:159,4
DA:160,4
DA:161,4
DA:162,4
DA:163,4
DA:164,0
DA:165,0
DA:166,0
DA:167,4
DA:168,4
DA:169,4
DA:170,4
DA:171,4
DA:172,4
DA:173,4
DA:174,0
DA:175,0
DA:176,0
DA:177,0
DA:178,0
DA:179,0
DA:180,0
DA:181,0
DA:182,0
DA:183,0
DA:184,0
DA:185,0
DA:186,0
DA:187,0
DA:188,0
DA:189,0
DA:190,0
DA:191,0
DA:192,0
DA:193,0
DA:194,0
DA:195,0
DA:196,0
DA:197,0
DA:198,0
DA:199,0
DA:200,0
DA:201,0
DA:202,0
DA:203,0
DA:204,0
DA:205,0
LF:205
LH:131
BRDA:1,0,0,4
BRDA:26,1,0,4
BRDA:46,2,0,8
BRDA:58,3,0,6
BRDA:70,4,0,4
BRF:5
BRH:5
end_of_record
TN:
SF:scripts/background/handlers/MessageHandler.js
FN:23,(anonymous_0)
FN:29,(anonymous_1)
FN:40,(anonymous_2)
FN:51,(anonymous_3)
FN:52,(anonymous_4)
FN:64,(anonymous_5)
FN:83,(anonymous_6)
FN:104,(anonymous_7)
FN:129,(anonymous_8)
FN:131,(anonymous_9)
FN:142,(anonymous_10)
FNF:11
FNH:10
FNDA:38,(anonymous_0)
FNDA:2,(anonymous_1)
FNDA:252,(anonymous_2)
FNDA:25,(anonymous_3)
FNDA:243,(anonymous_4)
FNDA:28,(anonymous_5)
FNDA:0,(anonymous_6)
FNDA:3,(anonymous_7)
FNDA:24,(anonymous_8)
FNDA:21,(anonymous_9)
FNDA:1,(anonymous_10)
DA:24,38
DA:25,38
DA:28,38
DA:29,1
DA:30,2
DA:41,252
DA:42,1
DA:44,251
DA:52,25
DA:53,243
DA:65,28
DA:67,28
DA:69,28
DA:71,4
DA:72,3
DA:73,3
DA:76,1
DA:77,1
DA:80,24
DA:83,24
DA:84,0
DA:85,0
DA:86,0
DA:92,23
DA:94,1
DA:95,1
DA:96,1
DA:105,3
DA:106,3
DA:107,3
DA:108,3
DA:109,3
DA:111,3
DA:112,1
DA:113,2
DA:114,1
DA:115,1
DA:116,0
DA:118,1
DA:120,3
DA:122,0
DA:130,24
DA:131,24
DA:132,21
DA:134,23
DA:143,1
DA:151,25
DA:152,25
DA:156,25
DA:157,25
LF:50
LH:45
BRDA:23,0,0,0
BRDA:24,1,0,38
BRDA:24,1,1,1
BRDA:28,2,0,1
BRDA:28,2,1,37
BRDA:41,3,0,1
BRDA:41,3,1,251
BRDA:69,4,0,4
BRDA:69,4,1,24
BRDA:71,5,0,3
BRDA:71,5,1,1
BRDA:86,6,0,0
BRDA:86,6,1,0
BRDA:106,7,0,3
BRDA:106,7,1,0
BRDA:107,8,0,3
BRDA:107,8,1,0
BRDA:108,9,0,1
BRDA:108,9,1,2
BRDA:111,10,0,1
BRDA:111,10,1,2
BRDA:113,11,0,1
BRDA:113,11,1,1
BRDA:115,12,0,0
BRDA:115,12,1,1
BRDA:130,13,0,24
BRDA:130,13,1,0
BRDA:130,14,0,24
BRDA:130,14,1,24
BRDA:151,15,0,25
BRDA:151,15,1,0
BRDA:151,16,0,25
BRDA:151,16,1,25
BRDA:156,17,0,25
BRDA:156,17,1,0
BRF:35
BRH:26
end_of_record
TN:
SF:scripts/background/handlers/actionHandlers.js
FN:23,processContentResult
FN:47,createActionHandlers
FN:53,clearPageHighlights
FN:56,(anonymous_3)
FN:69,determineAndExecuteSaveAction
FN:81,(anonymous_5)
FN:215,(anonymous_6)
FN:217,(anonymous_7)
FN:310,(anonymous_8)
FN:340,(anonymous_9)
FN:358,(anonymous_10)
FN:384,(anonymous_11)
FN:386,(anonymous_12)
FN:473,(anonymous_13)
FN:475,(anonymous_14)
FN:496,(anonymous_15)
FN:500,(anonymous_16)
FN:535,(anonymous_17)
FN:537,(anonymous_18)
FN:591,(anonymous_19)
FN:593,(anonymous_20)
FN:663,(anonymous_21)
FN:703,(anonymous_22)
FN:711,(anonymous_23)
FN:725,(anonymous_24)
FN:736,(anonymous_25)
FN:744,(anonymous_26)
FN:750,(anonymous_27)
FN:760,(anonymous_28)
FN:770,(anonymous_29)
FN:806,(anonymous_30)
FN:834,(anonymous_31)
FN:856,(anonymous_32)
FN:895,(anonymous_33)
FNF:34
FNH:21
FNDA:20,processContentResult
FNDA:46,createActionHandlers
FNDA:1,clearPageHighlights
FNDA:0,(anonymous_3)
FNDA:10,determineAndExecuteSaveAction
FNDA:12,(anonymous_5)
FNDA:16,(anonymous_6)
FNDA:16,(anonymous_7)
FNDA:5,(anonymous_8)
FNDA:3,(anonymous_9)
FNDA:4,(anonymous_10)
FNDA:1,(anonymous_11)
FNDA:1,(anonymous_12)
FNDA:4,(anonymous_13)
FNDA:4,(anonymous_14)
FNDA:2,(anonymous_15)
FNDA:2,(anonymous_16)
FNDA:3,(anonymous_17)
FNDA:3,(anonymous_18)
FNDA:6,(anonymous_19)
FNDA:6,(anonymous_20)
FNDA:0,(anonymous_21)
FNDA:0,(anonymous_22)
FNDA:0,(anonymous_23)
FNDA:0,(anonymous_24)
FNDA:0,(anonymous_25)
FNDA:0,(anonymous_26)
FNDA:0,(anonymous_27)
FNDA:0,(anonymous_28)
FNDA:0,(anonymous_29)
FNDA:0,(anonymous_30)
FNDA:0,(anonymous_31)
FNDA:0,(anonymous_32)
FNDA:4,(anonymous_33)
DA:25,20
DA:26,20
DA:27,20
DA:30,20
DA:31,4
DA:32,4
DA:35,20
DA:48,46
DA:54,1
DA:55,1
DA:56,1
DA:57,0
DA:58,0
DA:62,0
DA:79,10
DA:81,12
DA:84,10
DA:85,7
DA:87,7
DA:88,1
DA:91,1
DA:96,1
DA:99,6
DA:101,5
DA:103,1
DA:104,1
DA:109,1
DA:110,1
DA:111,1
DA:113,1
DA:118,1
DA:121,4
DA:127,3
DA:128,1
DA:129,1
DA:130,1
DA:132,1
DA:137,3
DA:141,1
DA:142,1
DA:143,1
DA:146,1
DA:155,1
DA:160,1
DA:162,1
DA:169,1
DA:170,1
DA:171,1
DA:172,1
DA:174,1
DA:178,3
DA:187,3
DA:192,3
DA:194,2
DA:201,2
DA:202,2
DA:203,2
DA:205,3
DA:211,46
DA:216,16
DA:217,16
DA:218,16
DA:221,16
DA:222,16
DA:223,2
DA:224,2
DA:227,14
DA:234,14
DA:235,14
DA:237,14
DA:239,14
DA:240,2
DA:241,2
DA:245,12
DA:247,12
DA:248,12
DA:251,12
DA:252,12
DA:254,12
DA:257,12
DA:259,12
DA:260,12
DA:261,10
DA:263,2
DA:266,12
DA:267,2
DA:271,2
DA:272,2
DA:273,2
DA:274,0
DA:275,0
DA:276,0
DA:277,0
DA:280,2
DA:284,2
DA:288,10
DA:291,10
DA:302,0
DA:303,0
DA:311,5
DA:312,5
DA:313,5
DA:314,1
DA:315,1
DA:318,4
DA:319,4
DA:321,4
DA:322,1
DA:326,1
DA:329,3
DA:330,3
DA:331,1
DA:332,1
DA:335,3
DA:336,0
DA:337,0
DA:340,3
DA:341,3
DA:342,1
DA:343,1
DA:345,2
DA:346,2
DA:350,0
DA:351,0
DA:359,4
DA:360,4
DA:361,4
DA:362,2
DA:363,2
DA:366,2
DA:367,2
DA:368,1
DA:369,1
DA:372,1
DA:373,1
DA:375,1
DA:377,0
DA:385,1
DA:386,1
DA:387,1
DA:389,1
DA:391,1
DA:392,0
DA:393,0
DA:396,1
DA:397,1
DA:399,1
DA:402,1
DA:403,1
DA:404,1
DA:405,1
DA:407,1
DA:409,1
DA:416,1
DA:420,0
DA:421,0
DA:422,0
DA:425,0
DA:427,0
DA:429,0
DA:432,0
DA:433,0
DA:438,0
DA:439,0
DA:441,0
DA:443,0
DA:444,0
DA:445,0
DA:451,0
DA:459,0
DA:465,0
DA:466,0
DA:474,4
DA:475,4
DA:476,4
DA:478,4
DA:480,4
DA:481,2
DA:482,2
DA:486,2
DA:487,0
DA:491,0
DA:495,2
DA:496,2
DA:497,2
DA:501,2
DA:503,1
DA:505,1
DA:511,1
DA:512,1
DA:513,1
DA:517,1
DA:520,1
DA:521,0
DA:522,0
DA:524,0
DA:527,1
DA:528,1
DA:536,3
DA:537,3
DA:538,3
DA:540,3
DA:542,3
DA:543,0
DA:544,0
DA:547,3
DA:548,3
DA:549,1
DA:550,1
DA:553,2
DA:555,2
DA:556,2
DA:558,2
DA:559,1
DA:563,1
DA:566,1
DA:569,1
DA:572,1
DA:577,1
DA:578,1
DA:579,1
DA:581,1
DA:583,0
DA:584,0
DA:592,6
DA:593,6
DA:594,6
DA:597,6
DA:598,6
DA:599,1
DA:600,1
DA:603,5
DA:605,5
DA:606,1
DA:607,1
DA:610,4
DA:612,4
DA:613,4
DA:615,4
DA:616,2
DA:620,2
DA:623,2
DA:624,2
DA:626,2
DA:627,1
DA:632,1
DA:636,1
DA:639,1
DA:644,1
DA:645,1
DA:646,1
DA:647,1
DA:649,0
DA:651,1
DA:653,0
DA:654,0
DA:664,0
DA:666,0
DA:667,0
DA:668,0
DA:669,0
DA:670,0
DA:673,0
DA:676,0
DA:677,0
DA:678,0
DA:680,0
DA:681,0
DA:682,0
DA:686,0
DA:687,0
DA:689,0
DA:691,0
DA:692,0
DA:695,0
DA:699,0
DA:700,0
DA:703,0
DA:704,0
DA:705,0
DA:706,0
DA:711,0
DA:712,0
DA:713,0
DA:715,0
DA:716,0
DA:725,0
DA:726,0
DA:727,0
DA:728,0
DA:733,0
DA:736,0
DA:737,0
DA:738,0
DA:742,0
DA:745,0
DA:746,0
DA:747,0
DA:752,0
DA:753,0
DA:759,0
DA:760,0
DA:761,0
DA:767,0
DA:768,0
DA:772,0
DA:773,0
DA:776,0
DA:777,0
DA:780,0
DA:781,0
DA:784,0
DA:785,0
DA:787,0
DA:795,0
DA:797,0
DA:798,0
DA:802,0
DA:803,0
DA:804,0
DA:806,0
DA:807,0
DA:808,0
DA:811,0
DA:813,0
DA:818,0
DA:819,0
DA:821,0
DA:828,0
DA:831,0
DA:832,0
DA:834,0
DA:835,0
DA:836,0
DA:839,0
DA:844,0
DA:848,0
DA:857,0
DA:858,0
DA:859,0
DA:860,0
DA:861,0
DA:864,0
DA:866,0
DA:869,0
DA:870,0
DA:872,0
DA:873,0
DA:874,0
DA:878,0
DA:880,0
DA:881,0
DA:886,0
DA:887,0
DA:896,4
DA:897,4
DA:898,4
DA:899,4
DA:900,4
DA:903,4
DA:904,1
DA:905,3
DA:906,1
DA:907,2
DA:908,1
DA:910,1
DA:913,4
DA:916,0
LF:368
LH:223
BRDA:25,0,0,20
BRDA:25,0,1,3
BRDA:26,1,0,20
BRDA:26,1,1,14
BRDA:27,2,0,17
BRDA:27,2,1,3
BRDA:30,3,0,4
BRDA:30,3,1,16
BRDA:30,4,0,20
BRDA:30,4,1,18
BRDA:57,5,0,0
BRDA:57,5,1,0
BRDA:84,6,0,7
BRDA:84,6,1,3
BRDA:87,7,0,1
BRDA:87,7,1,6
BRDA:99,8,0,5
BRDA:99,8,1,1
BRDA:101,9,0,1
BRDA:101,9,1,4
BRDA:109,10,0,1
BRDA:109,10,1,0
BRDA:127,11,0,1
BRDA:127,11,1,2
BRDA:160,12,0,1
BRDA:160,12,1,0
BRDA:192,13,0,2
BRDA:192,13,1,1
BRDA:222,14,0,2
BRDA:222,14,1,14
BRDA:222,15,0,16
BRDA:222,15,1,14
BRDA:234,16,0,14
BRDA:234,16,1,2
BRDA:235,17,0,14
BRDA:235,17,1,14
BRDA:239,18,0,2
BRDA:239,18,1,12
BRDA:239,19,0,14
BRDA:239,19,1,12
BRDA:247,20,0,12
BRDA:247,20,1,0
BRDA:266,21,0,2
BRDA:266,21,1,10
BRDA:266,22,0,12
BRDA:266,22,1,10
BRDA:266,22,2,10
BRDA:272,23,0,2
BRDA:272,23,1,0
BRDA:274,24,0,0
BRDA:274,24,1,0
BRDA:276,25,0,0
BRDA:276,25,1,0
BRDA:313,26,0,1
BRDA:313,26,1,4
BRDA:321,27,0,1
BRDA:321,27,1,3
BRDA:321,28,0,4
BRDA:321,28,1,3
BRDA:330,29,0,1
BRDA:330,29,1,2
BRDA:330,30,0,3
BRDA:330,30,1,1
BRDA:335,31,0,0
BRDA:335,31,1,3
BRDA:341,32,0,1
BRDA:341,32,1,2
BRDA:361,33,0,2
BRDA:361,33,1,2
BRDA:367,34,0,1
BRDA:367,34,1,1
BRDA:391,35,0,0
BRDA:391,35,1,1
BRDA:391,36,0,1
BRDA:391,36,1,1
BRDA:396,37,0,1
BRDA:396,37,1,0
BRDA:399,38,0,1
BRDA:399,38,1,0
BRDA:403,39,0,1
BRDA:403,39,1,0
BRDA:407,40,0,1
BRDA:407,40,1,0
BRDA:421,41,0,0
BRDA:421,41,1,0
BRDA:427,42,0,0
BRDA:427,42,1,0
BRDA:439,43,0,0
BRDA:439,43,1,0
BRDA:444,44,0,0
BRDA:444,44,1,0
BRDA:480,45,0,2
BRDA:480,45,1,2
BRDA:480,46,0,4
BRDA:480,46,1,2
BRDA:486,47,0,0
BRDA:486,47,1,2
BRDA:501,48,0,1
BRDA:501,48,1,1
BRDA:511,49,0,1
BRDA:511,49,1,0
BRDA:521,50,0,0
BRDA:521,50,1,0
BRDA:542,51,0,0
BRDA:542,51,1,3
BRDA:542,52,0,3
BRDA:542,52,1,3
BRDA:548,53,0,1
BRDA:548,53,1,2
BRDA:555,54,0,2
BRDA:555,54,1,0
BRDA:558,55,0,1
BRDA:558,55,1,1
BRDA:558,56,0,2
BRDA:558,56,1,1
BRDA:577,57,0,1
BRDA:577,57,1,0
BRDA:598,58,0,1
BRDA:598,58,1,5
BRDA:598,59,0,6
BRDA:598,59,1,5
BRDA:605,60,0,1
BRDA:605,60,1,4
BRDA:612,61,0,4
BRDA:612,61,1,0
BRDA:615,62,0,2
BRDA:615,62,1,2
BRDA:615,63,0,4
BRDA:615,63,1,2
BRDA:623,64,0,2
BRDA:623,64,1,0
BRDA:626,65,0,1
BRDA:626,65,1,1
BRDA:644,66,0,1
BRDA:644,66,1,0
BRDA:668,67,0,0
BRDA:668,67,1,0
BRDA:680,68,0,0
BRDA:680,68,1,0
BRDA:689,69,0,0
BRDA:689,69,1,0
BRDA:712,70,0,0
BRDA:712,70,1,0
BRDA:712,71,0,0
BRDA:712,71,1,0
BRDA:715,72,0,0
BRDA:715,72,1,0
BRDA:726,73,0,0
BRDA:726,73,1,0
BRDA:726,74,0,0
BRDA:726,74,1,0
BRDA:745,75,0,0
BRDA:745,75,1,0
BRDA:745,76,0,0
BRDA:745,76,1,0
BRDA:772,77,0,0
BRDA:772,77,1,0
BRDA:776,78,0,0
BRDA:776,78,1,0
BRDA:797,79,0,0
BRDA:797,79,1,0
BRDA:802,80,0,0
BRDA:802,80,1,0
BRDA:807,81,0,0
BRDA:807,81,1,0
BRDA:818,82,0,0
BRDA:818,82,1,0
BRDA:823,83,0,0
BRDA:823,83,1,0
BRDA:824,84,0,0
BRDA:824,84,1,0
BRDA:831,85,0,0
BRDA:831,85,1,0
BRDA:835,86,0,0
BRDA:835,86,1,0
BRDA:859,87,0,0
BRDA:859,87,1,0
BRDA:872,88,0,0
BRDA:872,88,1,0
BRDA:897,89,0,4
BRDA:897,89,1,1
BRDA:898,90,0,4
BRDA:898,90,1,0
BRDA:899,91,0,0
BRDA:899,91,1,4
BRDA:903,92,0,1
BRDA:903,92,1,3
BRDA:905,93,0,1
BRDA:905,93,1,2
BRDA:907,94,0,1
BRDA:907,94,1,1
BRF:191
BRH:111
end_of_record
TN:
SF:scripts/background/services/ImageService.js
FN:31,(anonymous_0)
FN:44,(anonymous_1)
FN:73,(anonymous_2)
FN:95,(anonymous_3)
FN:107,(anonymous_4)
FN:136,(anonymous_5)
FN:150,(anonymous_6)
FN:169,(anonymous_7)
FN:183,(anonymous_8)
FN:193,(anonymous_9)
FN:211,(anonymous_10)
FN:225,(anonymous_11)
FN:268,(anonymous_12)
FN:275,(anonymous_13)
FN:283,(anonymous_14)
FN:288,(anonymous_15)
FN:296,(anonymous_16)
FNF:17
FNH:16
FNDA:31,(anonymous_0)
FNDA:42,(anonymous_1)
FNDA:45,(anonymous_2)
FNDA:3,(anonymous_3)
FNDA:2,(anonymous_4)
FNDA:5,(anonymous_5)
FNDA:8,(anonymous_6)
FNDA:23,(anonymous_7)
FNDA:1,(anonymous_8)
FNDA:16,(anonymous_9)
FNDA:192,(anonymous_10)
FNDA:31,(anonymous_11)
FNDA:2,(anonymous_12)
FNDA:7,(anonymous_13)
FNDA:3,(anonymous_14)
FNDA:0,(anonymous_15)
FNDA:18,(anonymous_16)
DA:18,1
DA:19,1
DA:20,1
DA:32,31
DA:33,31
DA:34,31
DA:35,31
DA:36,31
DA:45,42
DA:46,42
DA:47,31
DA:48,31
DA:52,11
DA:53,1
DA:54,1
DA:55,1
DA:56,1
DA:57,1
DA:61,10
DA:62,10
DA:64,10
DA:65,10
DA:75,45
DA:76,0
DA:80,45
DA:81,3
DA:85,45
DA:89,45
DA:96,3
DA:97,3
DA:98,3
DA:99,3
DA:100,3
DA:108,2
DA:109,2
DA:110,3
DA:113,3
DA:114,0
DA:115,0
DA:119,3
DA:120,2
DA:121,2
DA:122,2
DA:127,1
DA:137,5
DA:138,5
DA:139,5
DA:151,8
DA:152,8
DA:153,8
DA:170,23
DA:174,23
DA:175,23
DA:176,23
DA:184,1
DA:194,16
DA:195,0
DA:198,16
DA:199,16
DA:202,15
DA:203,2
DA:207,13
DA:208,13
DA:211,192
DA:214,13
DA:216,1
DA:227,31
DA:228,3
DA:231,28
DA:232,28
DA:233,0
DA:237,28
DA:238,28
DA:239,3
DA:242,25
DA:244,25
DA:246,25
DA:247,9
DA:250,16
DA:251,16
DA:255,24
DA:256,24
DA:258,1
DA:259,1
DA:260,1
DA:269,2
DA:276,7
DA:284,3
DA:285,1
DA:288,2
DA:289,0
DA:297,18
DA:298,2
DA:299,2
DA:308,1
DA:309,1
DA:313,1
DA:314,1
DA:315,1
LF:99
LH:93
BRDA:31,0,0,0
BRDA:31,1,0,0
BRDA:46,2,0,31
BRDA:46,2,1,11
BRDA:52,3,0,1
BRDA:52,3,1,10
BRDA:75,4,0,0
BRDA:75,4,1,45
BRDA:80,5,0,3
BRDA:80,5,1,42
BRDA:97,6,0,3
BRDA:97,6,1,0
BRDA:113,7,0,0
BRDA:113,7,1,3
BRDA:119,8,0,2
BRDA:119,8,1,1
BRDA:138,9,0,3
BRDA:138,9,1,2
BRDA:169,10,0,0
BRDA:171,11,0,23
BRDA:171,11,1,6
BRDA:172,12,0,23
BRDA:172,12,1,6
BRDA:174,13,0,23
BRDA:174,13,1,6
BRDA:175,14,0,23
BRDA:175,14,1,0
BRDA:194,15,0,0
BRDA:194,15,1,16
BRDA:194,16,0,16
BRDA:194,16,1,16
BRDA:194,16,2,16
BRDA:202,17,0,2
BRDA:202,17,1,13
BRDA:202,18,0,15
BRDA:202,18,1,15
BRDA:214,19,0,13
BRDA:214,19,1,6
BRDA:227,20,0,3
BRDA:227,20,1,28
BRDA:227,21,0,31
BRDA:227,21,1,29
BRDA:232,22,0,0
BRDA:232,22,1,28
BRDA:238,23,0,3
BRDA:238,23,1,25
BRDA:246,24,0,9
BRDA:246,24,1,16
BRDA:283,25,0,0
BRDA:284,26,0,1
BRDA:284,26,1,2
BRDA:297,27,0,2
BRDA:297,27,1,16
BRDA:308,28,0,1
BRDA:308,28,1,0
BRDA:308,29,0,1
BRDA:308,29,1,1
BRDA:313,30,0,1
BRDA:313,30,1,0
BRF:59
BRH:47
end_of_record
TN:
SF:scripts/background/services/InjectionService.js
FN:20,isRestrictedInjectionUrl
FN:37,(anonymous_1)
FN:56,(anonymous_2)
FN:76,getRuntimeErrorMessage
FN:103,isRecoverableInjectionError
FN:126,(anonymous_5)
FN:137,(anonymous_6)
FN:146,(anonymous_7)
FN:178,(anonymous_8)
FN:189,(anonymous_9)
FN:195,(anonymous_10)
FN:221,(anonymous_11)
FN:227,(anonymous_12)
FN:270,(anonymous_13)
FN:275,(anonymous_14)
FN:279,(anonymous_15)
FN:284,(anonymous_16)
FN:321,(anonymous_17)
FN:326,(anonymous_18)
FN:345,(anonymous_19)
FN:350,(anonymous_20)
FN:366,(anonymous_21)
FN:380,(anonymous_22)
FN:413,(anonymous_23)
FNF:24
FNH:16
FNDA:8,isRestrictedInjectionUrl
FNDA:31,(anonymous_1)
FNDA:12,(anonymous_2)
FNDA:4,getRuntimeErrorMessage
FNDA:9,isRecoverableInjectionError
FNDA:94,(anonymous_5)
FNDA:35,(anonymous_6)
FNDA:8,(anonymous_7)
FNDA:30,(anonymous_8)
FNDA:17,(anonymous_9)
FNDA:17,(anonymous_10)
FNDA:20,(anonymous_11)
FNDA:20,(anonymous_12)
FNDA:8,(anonymous_13)
FNDA:0,(anonymous_14)
FNDA:0,(anonymous_15)
FNDA:0,(anonymous_16)
FNDA:6,(anonymous_17)
FNDA:0,(anonymous_18)
FNDA:0,(anonymous_19)
FNDA:0,(anonymous_20)
FNDA:0,(anonymous_21)
FNDA:6,(anonymous_22)
FNDA:0,(anonymous_23)
DA:22,8
DA:23,2
DA:26,6
DA:28,6
DA:37,31
DA:38,1
DA:42,5
DA:43,1
DA:47,4
DA:50,4
DA:56,4
DA:57,12
DA:58,12
DA:60,0
DA:61,0
DA:63,0
DA:66,0
DA:67,0
DA:77,4
DA:78,0
DA:81,4
DA:82,0
DA:85,4
DA:86,4
DA:89,0
DA:90,0
DA:92,0
DA:93,0
DA:104,9
DA:105,0
DA:108,9
DA:126,94
DA:138,35
DA:147,8
DA:148,0
DA:152,8
DA:154,8
DA:155,8
DA:156,8
DA:157,7
DA:158,3
DA:159,3
DA:167,5
DA:184,30
DA:186,30
DA:188,30
DA:189,17
DA:190,17
DA:196,17
DA:197,3
DA:198,3
DA:199,3
DA:200,3
DA:201,1
DA:203,2
DA:206,3
DA:207,1
DA:208,1
DA:210,2
DA:212,14
DA:220,28
DA:221,20
DA:222,20
DA:228,20
DA:229,1
DA:230,1
DA:231,1
DA:232,1
DA:233,0
DA:235,1
DA:238,1
DA:239,0
DA:240,0
DA:242,1
DA:244,19
DA:245,19
DA:247,19
DA:248,19
DA:255,8
DA:257,2
DA:258,2
DA:260,2
DA:271,8
DA:272,8
DA:279,0
DA:280,0
DA:281,0
DA:282,0
DA:284,0
DA:285,0
DA:286,0
DA:287,0
DA:289,0
DA:290,0
DA:291,0
DA:294,0
DA:296,0
DA:297,0
DA:298,0
DA:301,0
DA:304,0
DA:323,6
DA:327,0
DA:328,0
DA:330,0
DA:347,0
DA:351,0
DA:352,0
DA:367,0
DA:381,6
DA:383,6
DA:384,6
DA:388,6
DA:389,6
DA:393,0
DA:395,0
DA:398,0
DA:400,0
DA:402,0
DA:414,0
DA:415,0
DA:420,0
DA:421,0
DA:435,26
DA:436,26
DA:445,26
DA:446,26
DA:447,26
DA:448,26
DA:449,26
LF:130
LH:81
BRDA:22,0,0,2
BRDA:22,0,1,6
BRDA:37,1,0,1
BRDA:37,1,1,5
BRDA:42,2,0,1
BRDA:42,2,1,4
BRDA:57,3,0,12
BRDA:57,3,1,0
BRDA:60,4,0,0
BRDA:60,4,1,0
BRDA:77,5,0,0
BRDA:77,5,1,4
BRDA:81,6,0,0
BRDA:81,6,1,4
BRDA:85,7,0,4
BRDA:85,7,1,0
BRDA:104,8,0,0
BRDA:104,8,1,9
BRDA:137,9,0,0
BRDA:138,10,0,35
BRDA:138,10,1,0
BRDA:147,11,0,0
BRDA:147,11,1,8
BRDA:157,12,0,3
BRDA:157,12,1,2
BRDA:178,13,0,0
BRDA:178,14,0,3
BRDA:178,15,0,3
BRDA:180,16,0,16
BRDA:181,17,0,22
BRDA:182,18,0,18
BRDA:183,19,0,9
BRDA:188,20,0,17
BRDA:188,20,1,13
BRDA:196,21,0,3
BRDA:196,21,1,14
BRDA:199,22,0,3
BRDA:199,22,1,0
BRDA:200,23,0,1
BRDA:200,23,1,2
BRDA:206,24,0,1
BRDA:206,24,1,2
BRDA:210,25,0,2
BRDA:210,25,1,0
BRDA:220,26,0,20
BRDA:220,26,1,8
BRDA:228,27,0,1
BRDA:228,27,1,19
BRDA:231,28,0,1
BRDA:231,28,1,0
BRDA:232,29,0,0
BRDA:232,29,1,1
BRDA:238,30,0,0
BRDA:238,30,1,1
BRDA:239,31,0,0
BRDA:239,31,1,0
BRDA:242,32,0,1
BRDA:242,32,1,0
BRDA:244,33,0,19
BRDA:244,33,1,0
BRDA:244,34,0,19
BRDA:244,34,1,19
BRDA:247,35,0,18
BRDA:247,35,1,1
BRDA:247,36,0,19
BRDA:247,36,1,19
BRDA:247,36,2,19
BRDA:257,37,0,2
BRDA:257,37,1,0
BRDA:285,38,0,0
BRDA:285,38,1,0
BRDA:287,39,0,0
BRDA:287,39,1,0
BRDA:294,40,0,0
BRDA:294,40,1,0
BRDA:327,41,0,0
BRDA:327,41,1,0
BRDA:351,42,0,0
BRDA:351,42,1,0
BRDA:380,43,0,0
BRDA:383,44,0,6
BRDA:383,44,1,0
BRDA:383,45,0,6
BRDA:383,45,1,6
BRDA:388,46,0,6
BRDA:388,46,1,0
BRDA:393,47,0,0
BRDA:393,47,1,0
BRDA:393,48,0,0
BRDA:393,48,1,0
BRDA:413,49,0,0
BRDA:435,50,0,26
BRDA:435,50,1,0
BRDA:435,51,0,26
BRDA:435,51,1,26
BRDA:445,52,0,26
BRDA:445,52,1,0
BRF:97
BRH:56
end_of_record
TN:
SF:scripts/background/services/NotionService.js
FN:32,fetchWithRetry
FN:63,(anonymous_1)
FN:74,(anonymous_2)
FN:98,(anonymous_3)
FN:108,(anonymous_4)
FN:117,(anonymous_5)
FN:132,(anonymous_6)
FN:139,(anonymous_7)
FN:143,(anonymous_8)
FN:222,(anonymous_9)
FN:261,(anonymous_10)
FN:307,(anonymous_11)
FN:327,(anonymous_12)
FN:371,(anonymous_13)
FN:388,(anonymous_14)
FN:422,(anonymous_15)
FN:478,(anonymous_16)
FN:504,(anonymous_17)
FN:560,(anonymous_18)
FN:607,(anonymous_19)
FN:622,(anonymous_20)
FN:691,(anonymous_21)
FNF:22
FNH:18
FNDA:38,fetchWithRetry
FNDA:5,(anonymous_1)
FNDA:2,(anonymous_2)
FNDA:62,(anonymous_3)
FNDA:11,(anonymous_4)
FNDA:33,(anonymous_5)
FNDA:28,(anonymous_6)
FNDA:3,(anonymous_7)
FNDA:176,(anonymous_8)
FNDA:8,(anonymous_9)
FNDA:6,(anonymous_10)
FNDA:2,(anonymous_11)
FNDA:4,(anonymous_12)
FNDA:0,(anonymous_13)
FNDA:4,(anonymous_14)
FNDA:6,(anonymous_15)
FNDA:4,(anonymous_16)
FNDA:8,(anonymous_17)
FNDA:7,(anonymous_18)
FNDA:0,(anonymous_19)
FNDA:0,(anonymous_20)
FNDA:0,(anonymous_21)
DA:16,25
DA:36,38
DA:38,38
DA:39,38
DA:41,38
DA:42,44
DA:43,44
DA:45,41
DA:46,28
DA:50,13
DA:51,13
DA:52,13
DA:53,6
DA:58,13
DA:59,13
DA:61,13
DA:62,5
DA:63,5
DA:64,4
DA:65,4
DA:69,8
DA:71,3
DA:72,3
DA:73,2
DA:74,2
DA:75,2
DA:76,2
DA:78,1
DA:82,0
DA:83,0
DA:85,0
DA:99,62
DA:100,62
DA:101,62
DA:109,11
DA:118,33
DA:133,28
DA:134,3
DA:137,25
DA:138,1
DA:139,3
DA:140,1
DA:143,24
DA:145,176
DA:146,0
DA:147,0
DA:150,176
DA:151,161
DA:154,15
DA:155,15
DA:156,2
DA:157,2
DA:162,13
DA:164,13
DA:165,1
DA:168,1
DA:172,12
DA:173,12
DA:174,3
DA:177,3
DA:181,9
DA:182,9
DA:185,8
DA:186,4
DA:187,4
DA:191,4
DA:192,1
DA:193,1
DA:196,1
DA:200,1
DA:203,3
DA:204,3
DA:207,24
DA:208,24
DA:209,8
DA:214,24
DA:223,8
DA:224,1
DA:227,7
DA:228,7
DA:237,7
DA:238,5
DA:239,5
DA:242,2
DA:243,1
DA:247,1
DA:249,0
DA:250,0
DA:262,6
DA:263,0
DA:266,6
DA:267,6
DA:268,6
DA:270,6
DA:271,1
DA:274,5
DA:276,5
DA:277,5
DA:278,7
DA:279,7
DA:280,7
DA:282,7
DA:284,7
DA:294,6
DA:295,3
DA:296,3
DA:297,3
DA:300,3
DA:301,3
DA:306,3
DA:307,2
DA:311,1
DA:312,1
DA:314,3
DA:315,3
DA:328,4
DA:329,0
DA:332,4
DA:334,4
DA:335,4
DA:345,4
DA:346,2
DA:347,2
DA:354,2
DA:355,0
DA:358,0
DA:359,0
DA:361,0
DA:362,0
DA:368,2
DA:371,2
DA:372,2
DA:377,0
DA:378,0
DA:389,4
DA:390,0
DA:393,4
DA:394,4
DA:410,4
DA:412,0
DA:413,0
DA:423,6
DA:424,0
DA:427,6
DA:429,6
DA:430,6
DA:431,6
DA:433,6
DA:434,7
DA:438,7
DA:447,7
DA:448,0
DA:451,7
DA:452,7
DA:453,7
DA:455,7
DA:456,7
DA:459,6
DA:460,4
DA:464,2
DA:465,2
DA:466,4
DA:467,4
DA:475,4
DA:478,4
DA:480,0
DA:484,2
DA:486,0
DA:487,0
DA:513,8
DA:516,8
DA:520,8
DA:525,8
DA:539,8
DA:540,1
DA:546,8
DA:561,7
DA:563,7
DA:565,7
DA:568,7
DA:569,4
DA:570,4
DA:571,0
DA:576,7
DA:577,6
DA:578,1
DA:586,5
DA:588,4
DA:596,1
DA:597,1
DA:608,0
DA:609,0
DA:612,0
DA:621,0
DA:622,0
DA:623,0
DA:629,0
DA:630,0
DA:633,0
DA:634,0
DA:636,0
DA:637,0
DA:639,0
DA:643,0
DA:644,0
DA:645,0
DA:646,0
DA:647,0
DA:649,0
DA:650,0
DA:656,0
DA:657,0
DA:658,0
DA:659,0
DA:668,0
DA:669,0
DA:672,0
DA:676,0
DA:679,0
DA:680,0
DA:690,0
DA:691,0
DA:692,0
DA:699,0
DA:700,0
DA:702,0
DA:709,0
DA:711,0
DA:712,0
DA:721,25
DA:722,25
DA:726,25
DA:727,25
DA:728,25
DA:729,25
LF:235
LH:171
BRDA:21,0,0,25
BRDA:21,0,1,0
BRDA:22,1,0,25
BRDA:22,1,1,0
BRDA:32,2,0,1
BRDA:34,3,0,1
BRDA:35,4,0,1
BRDA:45,5,0,28
BRDA:45,5,1,13
BRDA:53,6,0,6
BRDA:53,6,1,6
BRDA:58,7,0,13
BRDA:58,7,1,6
BRDA:58,7,2,6
BRDA:61,8,0,5
BRDA:61,8,1,8
BRDA:61,9,0,13
BRDA:61,9,1,11
BRDA:61,9,2,6
BRDA:72,10,0,2
BRDA:72,10,1,1
BRDA:82,11,0,0
BRDA:82,11,1,0
BRDA:98,12,0,0
BRDA:99,13,0,62
BRDA:99,13,1,24
BRDA:100,14,0,62
BRDA:100,14,1,0
BRDA:132,15,0,12
BRDA:133,16,0,3
BRDA:133,16,1,25
BRDA:133,17,0,28
BRDA:133,17,1,26
BRDA:137,18,0,1
BRDA:137,18,1,24
BRDA:145,19,0,0
BRDA:145,19,1,176
BRDA:145,20,0,176
BRDA:145,20,1,176
BRDA:145,20,2,176
BRDA:145,20,3,176
BRDA:150,21,0,161
BRDA:150,21,1,15
BRDA:155,22,0,2
BRDA:155,22,1,13
BRDA:164,23,0,1
BRDA:164,23,1,12
BRDA:173,24,0,3
BRDA:173,24,1,9
BRDA:185,25,0,4
BRDA:185,25,1,4
BRDA:185,26,0,8
BRDA:185,26,1,8
BRDA:191,27,0,1
BRDA:191,27,1,3
BRDA:191,28,0,4
BRDA:191,28,1,4
BRDA:208,29,0,8
BRDA:208,29,1,16
BRDA:223,30,0,1
BRDA:223,30,1,7
BRDA:237,31,0,5
BRDA:237,31,1,2
BRDA:242,32,0,1
BRDA:242,32,1,1
BRDA:261,33,0,3
BRDA:262,34,0,0
BRDA:262,34,1,6
BRDA:270,35,0,1
BRDA:270,35,1,5
BRDA:294,36,0,3
BRDA:294,36,1,3
BRDA:306,37,0,2
BRDA:306,37,1,1
BRDA:327,38,0,2
BRDA:328,39,0,0
BRDA:328,39,1,4
BRDA:332,40,0,2
BRDA:332,41,0,2
BRDA:345,42,0,2
BRDA:345,42,1,2
BRDA:354,43,0,0
BRDA:354,43,1,2
BRDA:354,44,0,2
BRDA:354,44,1,1
BRDA:361,45,0,0
BRDA:361,45,1,0
BRDA:374,46,0,2
BRDA:374,46,1,0
BRDA:389,47,0,0
BRDA:389,47,1,4
BRDA:423,48,0,0
BRDA:423,48,1,6
BRDA:434,49,0,1
BRDA:434,49,1,6
BRDA:447,50,0,0
BRDA:447,50,1,7
BRDA:452,51,0,7
BRDA:452,51,1,1
BRDA:459,52,0,4
BRDA:459,52,1,2
BRDA:509,53,0,4
BRDA:510,54,0,1
BRDA:511,55,0,5
BRDA:512,56,0,8
BRDA:520,57,0,1
BRDA:520,57,1,7
BRDA:529,58,0,8
BRDA:529,58,1,1
BRDA:532,59,0,8
BRDA:532,59,1,1
BRDA:539,60,0,1
BRDA:539,60,1,7
BRDA:560,61,0,3
BRDA:561,62,0,7
BRDA:561,63,0,3
BRDA:561,64,0,3
BRDA:568,65,0,4
BRDA:568,65,1,3
BRDA:568,66,0,7
BRDA:568,66,1,4
BRDA:570,67,0,0
BRDA:570,67,1,4
BRDA:577,68,0,1
BRDA:577,68,1,5
BRDA:621,69,0,0
BRDA:621,69,1,0
BRDA:625,70,0,0
BRDA:625,70,1,0
BRDA:639,71,0,0
BRDA:639,71,1,0
BRDA:640,72,0,0
BRDA:640,72,1,0
BRDA:645,73,0,0
BRDA:645,73,1,0
BRDA:646,74,0,0
BRDA:646,74,1,0
BRDA:649,75,0,0
BRDA:649,75,1,0
BRDA:668,76,0,0
BRDA:668,76,1,0
BRDA:679,77,0,0
BRDA:679,77,1,0
BRDA:690,78,0,0
BRDA:690,78,1,0
BRDA:695,79,0,0
BRDA:695,79,1,0
BRDA:700,80,0,0
BRDA:700,80,1,0
BRDA:705,81,0,0
BRDA:705,81,1,0
BRDA:721,82,0,25
BRDA:721,82,1,0
BRDA:721,83,0,25
BRDA:721,83,1,25
BRDA:726,84,0,25
BRDA:726,84,1,0
BRF:157
BRH:112
end_of_record
TN:
SF:scripts/background/services/PageContentService.js
FN:39,(anonymous_0)
FN:51,(anonymous_1)
FN:62,(anonymous_2)
FN:167,(anonymous_3)
FNF:4
FNH:3
FNDA:40,(anonymous_0)
FNDA:13,(anonymous_1)
FNDA:0,(anonymous_2)
FNDA:2,(anonymous_3)
DA:23,25
DA:40,40
DA:41,40
DA:52,13
DA:54,13
DA:55,1
DA:58,12
DA:60,12
DA:64,0
DA:66,0
DA:67,0
DA:70,0
DA:71,0
DA:73,0
DA:74,0
DA:79,0
DA:89,0
DA:90,0
DA:109,0
DA:110,0
DA:135,10
DA:136,7
DA:139,7
DA:143,3
DA:144,3
DA:158,2
DA:159,2
DA:168,2
DA:176,25
DA:177,25
DA:184,25
DA:185,25
DA:186,25
LF:33
LH:21
BRDA:39,0,0,0
BRDA:41,1,0,40
BRDA:41,1,1,1
BRDA:51,2,0,13
BRDA:54,3,0,1
BRDA:54,3,1,12
BRDA:64,4,0,0
BRDA:64,4,1,0
BRDA:70,5,0,0
BRDA:70,5,1,0
BRDA:73,6,0,0
BRDA:73,6,1,0
BRDA:80,7,0,0
BRDA:80,7,1,0
BRDA:80,7,2,0
BRDA:83,8,0,0
BRDA:83,8,1,0
BRDA:83,8,2,0
BRDA:91,9,0,0
BRDA:91,9,1,0
BRDA:111,10,0,0
BRDA:111,10,1,0
BRDA:135,11,0,7
BRDA:135,11,1,3
BRDA:135,12,0,10
BRDA:135,12,1,8
BRDA:176,13,0,25
BRDA:176,13,1,0
BRDA:176,14,0,25
BRDA:176,14,1,25
BRDA:184,15,0,25
BRDA:184,15,1,0
BRF:32
BRH:13
end_of_record
TN:
SF:scripts/background/services/StorageService.js
FN:33,(anonymous_0)
FN:43,(anonymous_1)
FN:51,(anonymous_2)
FN:52,(anonymous_3)
FN:68,(anonymous_4)
FN:76,(anonymous_5)
FN:84,(anonymous_6)
FN:100,(anonymous_7)
FN:109,(anonymous_8)
FN:110,(anonymous_9)
FN:126,(anonymous_10)
FN:131,(anonymous_11)
FN:132,(anonymous_12)
FN:147,(anonymous_13)
FN:152,(anonymous_14)
FN:153,(anonymous_15)
FN:167,(anonymous_16)
FN:172,(anonymous_17)
FN:173,(anonymous_18)
FN:178,(anonymous_19)
FN:179,(anonymous_20)
FNF:21
FNH:21
FNDA:34,(anonymous_0)
FNDA:17,(anonymous_1)
FNDA:16,(anonymous_2)
FNDA:16,(anonymous_3)
FNDA:2,(anonymous_4)
FNDA:2,(anonymous_5)
FNDA:2,(anonymous_6)
FNDA:1,(anonymous_7)
FNDA:1,(anonymous_8)
FNDA:1,(anonymous_9)
FNDA:14,(anonymous_10)
FNDA:14,(anonymous_11)
FNDA:14,(anonymous_12)
FNDA:1,(anonymous_13)
FNDA:1,(anonymous_14)
FNDA:1,(anonymous_15)
FNDA:1,(anonymous_16)
FNDA:1,(anonymous_17)
FNDA:1,(anonymous_18)
FNDA:4,(anonymous_19)
FNDA:2,(anonymous_20)
DA:22,25
DA:34,34
DA:35,34
DA:44,17
DA:45,1
DA:48,16
DA:49,16
DA:51,16
DA:52,16
DA:53,16
DA:54,0
DA:56,16
DA:69,2
DA:70,0
DA:73,2
DA:74,2
DA:76,2
DA:77,2
DA:85,2
DA:86,0
DA:88,2
DA:101,1
DA:102,0
DA:105,1
DA:106,1
DA:107,1
DA:109,1
DA:110,1
DA:111,1
DA:112,0
DA:114,1
DA:115,1
DA:127,14
DA:128,0
DA:131,14
DA:132,14
DA:133,14
DA:134,0
DA:136,14
DA:148,1
DA:149,0
DA:152,1
DA:153,1
DA:154,1
DA:155,0
DA:157,1
DA:168,1
DA:169,0
DA:172,1
DA:173,1
DA:174,1
DA:175,0
DA:177,1
DA:178,4
DA:179,2
DA:180,1
DA:191,25
DA:192,25
DA:196,25
DA:197,25
DA:198,25
LF:61
LH:50
BRDA:33,0,0,0
BRDA:34,1,0,34
BRDA:34,1,1,25
BRDA:34,2,0,24
BRDA:34,2,1,1
BRDA:35,3,0,34
BRDA:35,3,1,1
BRDA:44,4,0,1
BRDA:44,4,1,16
BRDA:53,5,0,0
BRDA:53,5,1,16
BRDA:56,6,0,16
BRDA:56,6,1,8
BRDA:69,7,0,0
BRDA:69,7,1,2
BRDA:85,8,0,0
BRDA:85,8,1,2
BRDA:101,9,0,0
BRDA:101,9,1,1
BRDA:111,10,0,0
BRDA:111,10,1,1
BRDA:127,11,0,0
BRDA:127,11,1,14
BRDA:133,12,0,0
BRDA:133,12,1,14
BRDA:148,13,0,0
BRDA:148,13,1,1
BRDA:154,14,0,0
BRDA:154,14,1,1
BRDA:168,15,0,0
BRDA:168,15,1,1
BRDA:174,16,0,0
BRDA:174,16,1,1
BRDA:191,17,0,25
BRDA:191,17,1,0
BRDA:191,18,0,25
BRDA:191,18,1,25
BRDA:196,19,0,25
BRDA:196,19,1,0
BRF:39
BRH:25
end_of_record
TN:
SF:scripts/background/services/TabService.js
FN:27,(anonymous_0)
FN:30,(anonymous_1)
FN:31,(anonymous_2)
FN:32,(anonymous_3)
FN:33,(anonymous_4)
FN:41,(anonymous_5)
FN:60,(anonymous_6)
FN:82,(anonymous_7)
FN:84,(anonymous_8)
FN:87,(anonymous_9)
FN:94,(anonymous_10)
FN:95,(anonymous_11)
FN:109,(anonymous_12)
FN:122,(anonymous_13)
FN:128,(anonymous_14)
FN:135,(anonymous_15)
FN:152,(anonymous_16)
FN:215,(anonymous_17)
FNF:18
FNH:7
FNDA:44,(anonymous_0)
FNDA:0,(anonymous_1)
FNDA:0,(anonymous_2)
FNDA:0,(anonymous_3)
FNDA:0,(anonymous_4)
FNDA:12,(anonymous_5)
FNDA:6,(anonymous_6)
FNDA:25,(anonymous_7)
FNDA:0,(anonymous_8)
FNDA:0,(anonymous_9)
FNDA:0,(anonymous_10)
FNDA:0,(anonymous_11)
FNDA:11,(anonymous_12)
FNDA:1,(anonymous_13)
FNDA:0,(anonymous_14)
FNDA:0,(anonymous_15)
FNDA:0,(anonymous_16)
FNDA:1,(anonymous_17)
DA:28,44
DA:29,44
DA:30,44
DA:31,44
DA:32,44
DA:33,44
DA:42,12
DA:43,5
DA:46,7
DA:47,7
DA:49,7
DA:51,7
DA:52,6
DA:53,2
DA:54,2
DA:56,4
DA:60,6
DA:61,6
DA:63,6
DA:64,2
DA:65,2
DA:69,2
DA:72,4
DA:75,1
DA:84,25
DA:85,0
DA:87,0
DA:88,0
DA:94,25
DA:95,0
DA:96,0
DA:97,0
DA:110,11
DA:111,2
DA:112,2
DA:115,9
DA:116,1
DA:117,1
DA:120,8
DA:122,8
DA:123,5
DA:124,2
DA:125,2
DA:128,3
DA:129,0
DA:135,0
DA:136,0
DA:137,0
DA:138,0
DA:139,0
DA:152,0
DA:153,0
DA:154,0
DA:156,0
DA:158,0
DA:162,0
DA:163,0
DA:164,0
DA:165,0
DA:166,0
DA:169,0
DA:170,0
DA:171,0
DA:173,0
DA:174,0
DA:175,0
DA:180,0
DA:181,0
DA:182,0
DA:183,0
DA:184,0
DA:185,0
DA:186,0
DA:191,0
DA:192,0
DA:193,0
DA:194,0
DA:195,0
DA:196,0
DA:199,0
DA:203,0
DA:205,0
DA:209,1
DA:210,1
DA:211,1
DA:215,1
DA:216,1
DA:219,1
DA:220,1
DA:224,5
DA:225,5
DA:226,1
DA:228,4
DA:238,25
DA:239,25
DA:243,25
DA:244,25
LF:97
LH:53
BRDA:27,0,0,1
BRDA:28,1,0,44
BRDA:28,1,1,1
BRDA:30,2,0,44
BRDA:30,2,1,1
BRDA:31,3,0,44
BRDA:31,3,1,1
BRDA:32,4,0,44
BRDA:32,4,1,1
BRDA:33,5,0,44
BRDA:33,5,1,1
BRDA:42,6,0,5
BRDA:42,6,1,7
BRDA:42,7,0,12
BRDA:42,7,1,10
BRDA:42,7,2,7
BRDA:52,8,0,2
BRDA:52,8,1,4
BRDA:63,9,0,2
BRDA:63,9,1,4
BRDA:63,10,0,6
BRDA:63,10,1,2
BRDA:64,11,0,2
BRDA:64,11,1,0
BRDA:85,12,0,0
BRDA:85,12,1,0
BRDA:85,13,0,0
BRDA:85,13,1,0
BRDA:85,13,2,0
BRDA:96,14,0,0
BRDA:96,14,1,0
BRDA:110,15,0,2
BRDA:110,15,1,9
BRDA:110,16,0,11
BRDA:110,16,1,10
BRDA:115,17,0,1
BRDA:115,17,1,8
BRDA:123,18,0,2
BRDA:123,18,1,3
BRDA:123,19,0,5
BRDA:123,19,1,4
BRDA:123,19,2,4
BRDA:153,20,0,0
BRDA:153,20,1,0
BRDA:153,21,0,0
BRDA:153,21,1,0
BRDA:158,22,0,0
BRDA:158,22,1,0
BRDA:170,23,0,0
BRDA:170,23,1,0
BRDA:174,24,0,0
BRDA:174,24,1,0
BRDA:180,25,0,0
BRDA:180,25,1,0
BRDA:183,26,0,0
BRDA:183,26,1,0
BRDA:191,27,0,0
BRDA:191,27,1,0
BRDA:194,28,0,0
BRDA:194,28,1,0
BRDA:194,29,0,0
BRDA:194,29,1,0
BRDA:210,30,0,1
BRDA:210,30,1,0
BRDA:210,31,0,1
BRDA:210,31,1,1
BRDA:210,31,2,1
BRDA:224,32,0,5
BRDA:224,32,1,0
BRDA:225,33,0,1
BRDA:225,33,1,4
BRDA:238,34,0,25
BRDA:238,34,1,0
BRDA:238,35,0,25
BRDA:238,35,1,25
BRDA:243,36,0,25
BRDA:243,36,1,0
BRF:77
BRH:45
end_of_record
TN:
SF:scripts/background/utils/BlockBuilder.js
FN:34,createRichText
FN:81,createParagraph
FN:97,createHeading
FN:116,createImage
FN:139,createCodeBlock
FN:155,createBulletItem
FN:170,createNumberedItem
FN:185,createQuote
FN:199,createDivider
FN:214,splitTextForHighlight
FN:254,(anonymous_10)
FN:263,buildHighlightBlocks
FN:270,(anonymous_12)
FN:275,(anonymous_13)
FN:294,textToParagraphs
FN:303,(anonymous_15)
FN:304,(anonymous_16)
FN:306,(anonymous_17)
FN:314,createFallbackBlocks
FN:323,isValidBlock
FNF:20
FNH:20
FNDA:54,createRichText
FNDA:24,createParagraph
FNDA:17,createHeading
FNDA:3,createImage
FNDA:2,createCodeBlock
FNDA:1,createBulletItem
FNDA:1,createNumberedItem
FNDA:1,createQuote
FNDA:2,createDivider
FNDA:47,splitTextForHighlight
FNDA:84,(anonymous_10)
FNDA:16,buildHighlightBlocks
FNDA:14,(anonymous_12)
FNDA:16,(anonymous_13)
FNDA:4,textToParagraphs
FNDA:4,(anonymous_15)
FNDA:4,(anonymous_16)
FNDA:3,(anonymous_17)
FNDA:2,createFallbackBlocks
FNDA:8,isValidBlock
DA:19,28
DA:35,54
DA:37,54
DA:43,54
DA:44,1
DA:48,54
DA:49,54
DA:50,15
DA:52,54
DA:53,2
DA:55,54
DA:56,1
DA:58,54
DA:59,0
DA:61,54
DA:62,0
DA:64,54
DA:65,1
DA:68,54
DA:69,17
DA:72,54
DA:82,24
DA:98,17
DA:99,17
DA:101,17
DA:117,3
DA:126,3
DA:127,1
DA:130,3
DA:140,2
DA:156,1
DA:171,1
DA:186,1
DA:200,2
DA:215,47
DA:216,20
DA:219,27
DA:220,27
DA:222,27
DA:223,84
DA:224,26
DA:225,26
DA:229,58
DA:230,58
DA:232,58
DA:233,390
DA:234,390
DA:236,15
DA:237,15
DA:242,58
DA:243,43
DA:244,43
DA:246,15
DA:250,58
DA:251,58
DA:254,84
DA:264,16
DA:265,5
DA:268,11
DA:270,11
DA:271,14
DA:273,14
DA:275,14
DA:276,16
DA:284,11
DA:295,4
DA:297,4
DA:298,2
DA:301,2
DA:303,4
DA:304,4
DA:306,3
DA:315,2
DA:324,8
DA:325,2
DA:327,6
LF:76
LH:74
BRDA:19,0,0,28
BRDA:19,0,1,0
BRDA:34,1,0,27
BRDA:35,2,0,54
BRDA:35,2,1,3
BRDA:43,3,0,1
BRDA:43,3,1,53
BRDA:49,4,0,15
BRDA:49,4,1,39
BRDA:49,5,0,54
BRDA:49,5,1,17
BRDA:52,6,0,2
BRDA:52,6,1,52
BRDA:55,7,0,1
BRDA:55,7,1,53
BRDA:58,8,0,0
BRDA:58,8,1,54
BRDA:61,9,0,0
BRDA:61,9,1,54
BRDA:64,10,0,1
BRDA:64,10,1,53
BRDA:68,11,0,17
BRDA:68,11,1,37
BRDA:81,12,0,7
BRDA:97,13,0,2
BRDA:116,14,0,1
BRDA:126,15,0,1
BRDA:126,15,1,2
BRDA:139,16,0,1
BRDA:214,17,0,5
BRDA:215,18,0,20
BRDA:215,18,1,27
BRDA:215,19,0,47
BRDA:215,19,1,43
BRDA:223,20,0,26
BRDA:223,20,1,58
BRDA:234,21,0,15
BRDA:234,21,1,375
BRDA:242,22,0,43
BRDA:242,22,1,15
BRDA:244,23,0,15
BRDA:244,23,1,28
BRDA:244,24,0,43
BRDA:244,24,1,28
BRDA:263,25,0,15
BRDA:264,26,0,5
BRDA:264,26,1,11
BRDA:264,27,0,16
BRDA:264,27,1,13
BRDA:271,28,0,14
BRDA:271,28,1,1
BRDA:278,29,0,16
BRDA:278,29,1,2
BRDA:294,30,0,3
BRDA:295,31,0,3
BRDA:297,32,0,2
BRDA:297,32,1,2
BRDA:297,33,0,4
BRDA:297,33,1,2
BRDA:314,34,0,1
BRDA:324,35,0,2
BRDA:324,35,1,6
BRDA:324,36,0,8
BRDA:324,36,1,6
BRDA:327,37,0,6
BRDA:327,37,1,4
BRF:66
BRH:63
end_of_record
TN:
SF:scripts/background.js
FN:65,(anonymous_0)
FN:82,(anonymous_1)
FN:96,handleExtensionUpdate
FN:109,handleExtensionInstall
FN:117,shouldShowUpdateNotification
FN:144,isImportantUpdate
FN:158,showUpdateNotification
FN:167,(anonymous_7)
FN:176,(anonymous_8)
FN:194,(anonymous_9)
FN:206,(anonymous_10)
FN:219,(anonymous_11)
FN:225,(anonymous_12)
FN:230,(anonymous_13)
FNF:14
FNH:8
FNDA:2,(anonymous_0)
FNDA:1,(anonymous_1)
FNDA:1,handleExtensionUpdate
FNDA:0,handleExtensionInstall
FNDA:1,shouldShowUpdateNotification
FNDA:0,isImportantUpdate
FNDA:1,showUpdateNotification
FNDA:1,(anonymous_7)
FNDA:1,(anonymous_8)
FNDA:0,(anonymous_9)
FNDA:0,(anonymous_10)
FNDA:1,(anonymous_11)
FNDA:0,(anonymous_12)
FNDA:0,(anonymous_13)
DA:32,24
DA:33,24
DA:37,24
DA:38,24
DA:41,24
DA:44,24
DA:51,24
DA:55,24
DA:56,24
DA:61,24
DA:65,2
DA:74,24
DA:75,23
DA:82,23
DA:83,1
DA:86,1
DA:87,1
DA:88,0
DA:89,0
DA:97,1
DA:98,1
DA:101,1
DA:102,1
DA:110,0
DA:119,1
DA:120,0
DA:124,1
DA:125,1
DA:128,1
DA:129,1
DA:133,0
DA:135,0
DA:138,0
DA:146,0
DA:152,0
DA:159,1
DA:161,1
DA:167,1
DA:168,1
DA:169,1
DA:170,1
DA:176,1
DA:177,1
DA:178,1
DA:180,1
DA:181,1
DA:183,1
DA:184,1
DA:194,1
DA:195,0
DA:196,0
DA:197,0
DA:206,1
DA:207,0
DA:208,0
DA:209,0
DA:213,1
DA:214,1
DA:217,1
DA:220,1
DA:221,1
DA:222,1
DA:230,1
DA:231,0
DA:232,0
DA:237,1
DA:243,1
DA:246,0
DA:254,23
DA:255,23
LF:70
LH:52
BRDA:55,0,0,24
BRDA:55,0,1,0
BRDA:86,1,0,1
BRDA:86,1,1,0
BRDA:88,2,0,0
BRDA:88,2,1,0
BRDA:101,3,0,1
BRDA:101,3,1,0
BRDA:119,4,0,0
BRDA:119,4,1,1
BRDA:119,5,0,1
BRDA:119,5,1,1
BRDA:128,6,0,1
BRDA:128,6,1,0
BRDA:128,7,0,1
BRDA:128,7,1,1
BRDA:133,8,0,0
BRDA:133,8,1,0
BRDA:177,9,0,1
BRDA:177,9,1,0
BRDA:180,10,0,1
BRDA:180,10,1,0
BRDA:183,11,0,1
BRDA:183,11,1,0
BRDA:195,12,0,0
BRDA:195,12,1,0
BRDA:195,13,0,0
BRDA:195,13,1,0
BRDA:207,14,0,0
BRDA:207,14,1,0
BRDA:220,15,0,1
BRDA:220,15,1,0
BRDA:254,16,0,23
BRDA:254,16,1,0
BRDA:254,17,0,23
BRDA:254,17,1,23
BRF:36
BRH:16
end_of_record
TN:
SF:scripts/config/constants.js
FNF:0
FNH:0
DA:1,19
DA:2,19
DA:3,19
DA:4,19
DA:5,19
DA:6,19
DA:7,19
DA:8,19
DA:9,19
DA:10,19
DA:11,19
DA:12,19
DA:13,19
DA:14,19
DA:15,80
DA:16,99
DA:17,99
DA:18,99
DA:19,99
DA:20,99
DA:21,99
DA:22,99
DA:23,19
DA:24,19
DA:25,99
DA:26,19
DA:27,19
DA:28,19
DA:29,80
DA:30,99
DA:31,99
DA:32,99
DA:33,99
DA:34,99
DA:35,19
DA:36,19
DA:37,19
DA:38,19
DA:39,19
DA:40,19
DA:41,19
DA:42,19
DA:43,19
DA:44,19
DA:45,19
DA:46,19
DA:47,19
DA:48,19
DA:49,19
DA:50,80
DA:51,99
DA:52,99
DA:53,99
DA:54,19
DA:55,19
DA:56,19
DA:57,19
DA:58,19
DA:59,19
DA:60,19
DA:61,19
DA:62,80
DA:63,99
DA:64,99
DA:65,99
DA:66,99
DA:67,99
DA:68,99
DA:69,19
DA:70,19
DA:71,19
DA:72,19
DA:73,19
DA:74,80
DA:75,99
DA:76,99
DA:77,99
DA:78,99
DA:79,99
DA:80,99
DA:81,99
DA:82,19
DA:83,19
DA:84,19
DA:85,19
DA:86,19
DA:87,19
DA:88,80
DA:89,99
DA:90,99
DA:91,99
DA:92,99
DA:93,99
DA:94,99
DA:95,99
DA:96,99
DA:97,99
DA:98,99
DA:99,99
DA:100,99
DA:101,99
DA:102,99
DA:103,99
DA:104,99
DA:105,19
DA:106,19
DA:107,19
DA:108,19
DA:109,19
DA:110,19
DA:111,19
DA:112,19
DA:113,19
DA:114,80
DA:115,99
DA:116,99
DA:117,99
DA:118,99
DA:119,99
DA:120,19
DA:121,19
DA:122,19
DA:123,19
DA:124,19
DA:125,19
DA:126,80
DA:127,99
DA:128,99
DA:129,19
DA:130,19
DA:131,19
DA:132,19
DA:133,19
DA:134,19
DA:135,80
DA:136,99
DA:137,99
DA:138,99
DA:139,99
DA:140,99
DA:141,99
DA:142,99
DA:143,99
DA:144,99
DA:145,99
DA:146,99
DA:147,99
DA:148,99
DA:149,19
LF:149
LH:149
BRDA:1,0,0,4
BRF:1
BRH:1
end_of_record
TN:
SF:scripts/config/env.js
FN:17,isExtensionContext
FN:26,isBackgroundContext
FN:35,isContentContext
FN:43,isNodeEnvironment
FN:52,isDevelopment
FN:71,isProduction
FN:79,getEnvironment
FN:99,selectByEnvironment
FN:107,(anonymous_8)
FN:110,(anonymous_9)
FN:113,(anonymous_10)
FN:116,(anonymous_11)
FN:119,(anonymous_12)
FN:122,(anonymous_13)
FNF:14
FNH:14
FNDA:56,isExtensionContext
FNDA:9,isBackgroundContext
FNDA:9,isContentContext
FNDA:9,isNodeEnvironment
FNDA:29,isDevelopment
FNDA:10,isProduction
FNDA:4,getEnvironment
FNDA:7,selectByEnvironment
FNDA:2,(anonymous_8)
FNDA:2,(anonymous_9)
FNDA:2,(anonymous_10)
FNDA:2,(anonymous_11)
FNDA:2,(anonymous_12)
FNDA:2,(anonymous_13)
DA:18,56
DA:27,9
DA:36,9
DA:44,9
DA:53,29
DA:54,0
DA:57,29
DA:58,29
DA:59,29
DA:60,29
DA:62,0
DA:63,0
DA:72,10
DA:80,4
DA:100,7
DA:106,33
DA:108,2
DA:111,2
DA:114,2
DA:117,2
DA:120,2
DA:123,2
LF:22
LH:19
BRDA:18,0,0,56
BRDA:18,0,1,56
BRDA:18,0,2,56
BRDA:27,1,0,9
BRDA:27,1,1,9
BRDA:36,2,0,9
BRDA:36,2,1,9
BRDA:44,3,0,9
BRDA:44,3,1,9
BRDA:44,3,2,9
BRDA:53,4,0,0
BRDA:53,4,1,29
BRDA:59,5,0,29
BRDA:59,5,1,29
BRDA:59,5,2,0
BRDA:100,6,0,0
BRDA:100,6,1,7
BRF:17
BRH:14
end_of_record
TN:
SF:scripts/config/features.js
FNF:0
FNH:0
DA:28,32
DA:60,32
DA:81,32
LF:3
LH:3
BRF:0
BRH:0
end_of_record
TN:
SF:scripts/config/index.js
FNF:0
FNH:0
LF:0
LH:0
BRF:0
BRH:0
end_of_record
TN:
SF:scripts/config/patterns.js
FNF:0
FNH:0
DA:1,15
DA:2,15
DA:3,15
DA:4,15
DA:5,15
DA:6,15
DA:7,15
DA:8,15
DA:9,15
DA:10,15
DA:11,15
DA:12,15
DA:13,15
DA:14,15
DA:15,15
[...]
BRDA:175,42,0,0
BRDA:184,43,0,16
BRDA:185,44,0,0
BRDA:61,45,0,9
BRDA:96,46,0,0
BRDA:89,47,0,9
BRDA:194,48,0,9
BRF:82
BRH:72
end_of_record
TN:
SF:scripts/utils/imageUtils.js
FN:61,cleanImageUrl
FN:147,isValidImageUrl
FN:169,(anonymous_2)
FN:214,(anonymous_3)
FN:254,(anonymous_4)
FN:258,(anonymous_5)
FN:269,isNotionCompatibleImageUrl
FN:310,extractBestUrlFromSrcset
FN:343,(anonymous_8)
FN:375,(anonymous_9)
FN:390,extractFromSrcset
FN:410,extractFromAttributes
FN:425,extractFromPicture
FN:449,extractFromBackgroundImage
FN:500,extractFromNoscript
FN:526,extractImageSrc
FN:545,generateImageCacheKey
FN:61,G
FN:147,Q
FN:269,X
FN:310,V
FN:390,K
FN:410,Y
FN:425,J
FN:449,Z
FN:500,tt
FN:526,et
FN:545,generateImageCacheKey
FNF:28
FNH:17
FNDA:218,cleanImageUrl
FNDA:165,isValidImageUrl
FNDA:1064,(anonymous_2)
FNDA:915,(anonymous_3)
FNDA:205,(anonymous_4)
FNDA:137,(anonymous_5)
FNDA:7,isNotionCompatibleImageUrl
FNDA:23,extractBestUrlFromSrcset
FNDA:38,(anonymous_8)
FNDA:7,(anonymous_9)
FNDA:14,extractFromSrcset
FNDA:12,extractFromAttributes
FNDA:9,extractFromPicture
FNDA:8,extractFromBackgroundImage
FNDA:9,extractFromNoscript
FNDA:14,extractImageSrc
FNDA:4,generateImageCacheKey
FNDA:0,G
FNDA:0,Q
FNDA:0,X
FNDA:0,V
FNDA:0,K
FNDA:0,Y
FNDA:0,J
FNDA:0,Z
FNDA:0,tt
FNDA:0,et
FNDA:0,generateImageCacheKey
DA:1,15
DA:2,15
DA:3,15
DA:4,15
DA:5,15
DA:6,15
DA:7,15
DA:8,15
DA:9,15
DA:10,15
DA:11,15
DA:12,15
DA:13,19
DA:14,19
DA:15,19
DA:16,19
DA:17,19
DA:18,19
DA:19,15
DA:20,15
DA:21,19
DA:22,15
DA:23,15
DA:24,15
DA:25,15
DA:26,15
DA:27,19
DA:28,19
DA:29,19
DA:30,19
DA:31,19
DA:32,19
DA:33,19
DA:34,19
DA:35,19
DA:36,19
DA:37,19
DA:38,19
DA:39,19
DA:40,19
DA:41,19
DA:42,19
DA:43,19
DA:44,19
DA:45,19
DA:46,19
DA:47,19
DA:48,19
DA:49,19
DA:50,19
DA:51,19
DA:52,19
DA:53,15
DA:54,15
DA:55,15
DA:56,15
DA:57,15
DA:58,15
DA:59,15
DA:60,15
DA:61,0
DA:62,218
DA:63,218
DA:64,218
DA:65,0
DA:66,0
DA:67,194
DA:68,194
DA:69,0
DA:70,0
DA:71,194
DA:72,194
DA:73,0
DA:74,194
DA:75,194
DA:76,0
DA:77,194
DA:78,194
DA:79,194
DA:80,194
DA:81,194
DA:82,9
DA:83,9
DA:84,9
DA:85,9
DA:86,9
DA:87,9
DA:88,9
DA:89,9
DA:90,9
DA:91,9
DA:92,9
DA:93,9
DA:94,9
DA:95,9
DA:96,2
DA:97,2
DA:98,2
DA:99,2
DA:100,2
DA:101,2
DA:102,2
DA:103,9
DA:104,9
DA:105,9
DA:106,9
DA:107,194
DA:108,0
DA:109,187
DA:110,187
DA:111,187
DA:112,187
DA:113,187
DA:114,15
DA:115,15
DA:116,15
DA:117,187
DA:118,187
DA:119,187
DA:120,187
DA:121,187
DA:122,175
DA:123,65
DA:124,65
DA:125,175
DA:126,187
DA:127,187
DA:128,187
DA:129,175
DA:130,175
DA:131,175
DA:132,175
DA:133,175
DA:134,187
DA:135,187
DA:136,187
DA:137,187
DA:138,187
DA:139,0
DA:140,15
DA:141,15
DA:142,15
DA:143,15
DA:144,15
DA:145,15
DA:146,15
DA:147,0
DA:148,165
DA:149,165
DA:150,165
DA:151,0
DA:152,0
DA:153,153
DA:154,153
DA:155,153
DA:156,0
DA:157,0
DA:158,152
DA:159,152
DA:160,152
DA:161,152
DA:162,152
DA:163,152
DA:164,152
DA:165,152
DA:166,0
DA:167,0
DA:168,152
DA:169,1064
DA:170,152
DA:171,152
DA:172,0
DA:173,0
DA:174,152
DA:175,152
DA:176,152
DA:177,152
DA:178,0
DA:179,0
DA:180,149
DA:181,0
DA:182,149
DA:183,0
DA:184,149
DA:185,149
DA:186,149
DA:187,0
DA:188,0
DA:189,143
DA:190,143
DA:191,143
DA:192,0
DA:193,138
DA:194,138
DA:195,138
DA:196,138
DA:197,138
DA:198,138
DA:199,138
DA:200,138
DA:201,138
DA:202,138
DA:203,138
DA:204,138
DA:205,138
DA:206,138
DA:207,138
DA:208,138
DA:209,138
DA:210,138
DA:211,138
DA:212,138
DA:213,138
DA:214,915
DA:215,138
DA:216,138
DA:217,138
DA:218,138
DA:219,138
DA:220,138
DA:221,138
DA:222,138
DA:223,48
DA:224,48
DA:225,48
DA:226,48
DA:227,48
DA:228,48
DA:229,48
DA:230,48
DA:231,48
DA:232,48
DA:233,48
DA:234,48
DA:235,48
DA:236,48
DA:237,48
DA:238,48
DA:239,48
DA:240,48
DA:241,138
DA:242,138
DA:243,138
DA:244,138
DA:245,48
DA:246,48
DA:247,48
DA:248,48
DA:249,48
DA:250,48
DA:251,48
DA:252,138
DA:253,138
DA:254,205
DA:255,48
DA:256,48
DA:257,138
DA:258,138
DA:259,138
DA:260,138
DA:261,138
DA:262,0
DA:263,15
DA:264,15
DA:265,15
DA:266,15
DA:267,15
DA:268,15
DA:269,0
DA:270,7
DA:271,7
DA:272,7
DA:273,0
DA:274,7
DA:275,7
DA:276,7
DA:277,7
DA:278,7
DA:279,7
DA:280,7
DA:281,7
DA:282,7
DA:283,7
DA:284,7
DA:285,7
DA:286,7
DA:287,7
DA:288,7
DA:289,7
DA:290,7
DA:291,7
DA:292,7
DA:293,7
DA:294,3
DA:295,3
DA:296,3
DA:297,7
DA:298,7
DA:299,7
DA:300,7
DA:301,7
DA:302,0
DA:303,15
DA:304,15
DA:305,15
DA:306,15
DA:307,15
DA:308,15
DA:309,15
DA:310,0
DA:311,23
DA:312,23
DA:313,23
DA:314,0
DA:315,0
DA:316,0
DA:317,0
DA:318,0
DA:319,19
DA:320,19
DA:321,19
DA:322,19
DA:323,0
DA:324,0
DA:325,19
DA:326,19
DA:327,0
DA:328,0
DA:329,0
DA:330,0
DA:331,0
DA:332,0
DA:333,0
DA:334,0
DA:335,0
DA:336,0
DA:337,0
DA:338,0
DA:339,0
DA:340,19
DA:341,0
DA:342,0
DA:343,38
DA:344,19
DA:345,19
DA:346,19
DA:347,0
DA:348,19
DA:349,19
DA:350,0
DA:351,19
DA:352,38
DA:353,38
DA:354,38
DA:355,38
DA:356,38
DA:357,38
DA:358,38
DA:359,28
DA:360,28
DA:361,21
DA:362,21
DA:363,21
DA:364,21
DA:365,21
DA:366,38
DA:367,38
DA:368,28
DA:369,28
DA:370,28
DA:371,38
DA:372,19
DA:373,0
DA:374,19
DA:375,19
DA:376,19
DA:377,3
DA:378,3
DA:379,3
DA:380,19
DA:381,0
DA:382,19
DA:383,0
DA:384,15
DA:385,15
DA:386,15
DA:387,15
DA:388,15
DA:389,15
DA:390,0
DA:391,0
DA:392,14
DA:393,14
DA:394,0
DA:395,0
DA:396,14
DA:397,14
DA:398,14
DA:399,5
DA:400,5
DA:401,14
DA:402,10
DA:403,0
DA:404,15
DA:405,15
DA:406,15
DA:407,15
DA:408,15
DA:409,15
DA:410,0
DA:411,12
DA:412,164
DA:413,164
DA:414,164
DA:415,164
DA:416,12
DA:417,6
DA:418,0
DA:419,15
DA:420,15
DA:421,15
DA:422,15
DA:423,15
DA:424,15
DA:425,0
DA:426,9
DA:427,9
DA:428,9
DA:429,9
DA:430,0
DA:431,4
DA:432,4
DA:433,4
DA:434,4
DA:435,4
DA:436,4
DA:437,2
DA:438,2
DA:439,4
DA:440,4
DA:441,2
DA:442,0
DA:443,15
DA:444,15
DA:445,15
DA:446,15
DA:447,15
DA:448,15
DA:449,0
DA:450,8
DA:451,8
DA:452,8
DA:453,8
DA:454,8
DA:455,8
DA:456,8
DA:457,8
DA:458,8
DA:459,8
DA:460,7
DA:461,7
DA:462,7
DA:463,4
DA:464,4
DA:465,4
DA:466,4
DA:467,4
DA:468,4
DA:469,7
DA:470,8
DA:471,8
DA:472,8
DA:473,8
DA:474,5
DA:475,5
DA:476,5
DA:477,5
DA:478,5
DA:479,5
DA:480,5
DA:481,0
DA:482,0
DA:483,0
DA:484,0
DA:485,0
DA:486,0
DA:487,5
DA:488,5
DA:489,8
DA:490,8
DA:491,8
DA:492,6
DA:493,0
DA:494,15
DA:495,15
DA:496,15
DA:497,15
DA:498,15
DA:499,15
DA:500,0
DA:501,9
DA:502,9
DA:503,9
DA:504,16
DA:505,16
DA:506,16
DA:507,16
DA:508,16
DA:509,8
DA:510,8
DA:511,16
DA:512,9
DA:513,9
DA:514,9
DA:515,9
DA:516,7
DA:517,0
DA:518,15
DA:519,15
DA:520,15
DA:521,15
DA:522,15
DA:523,15
DA:524,15
DA:525,15
DA:526,0
DA:527,14
DA:528,14
DA:529,14
DA:530,0
DA:531,10
DA:532,10
DA:533,10
DA:534,10
DA:535,10
DA:536,10
DA:537,10
DA:538,0
DA:539,15
DA:540,15
DA:541,15
DA:542,15
DA:543,15
DA:544,15
DA:545,0
DA:546,4
DA:547,4
DA:548,4
DA:549,0
DA:550,2
DA:551,2
DA:552,2
DA:553,2
DA:554,0
DA:555,2
DA:556,0
DA:557,15
DA:558,15
DA:559,19
DA:560,19
DA:561,19
DA:562,19
DA:563,19
DA:564,19
DA:565,19
DA:566,19
DA:567,19
DA:568,19
DA:569,19
DA:570,19
DA:571,19
DA:572,15
DA:573,15
DA:574,15
DA:575,19
DA:576,19
DA:577,19
DA:578,15
DA:579,15
DA:580,15
DA:581,15
DA:582,15
DA:583,15
DA:584,15
DA:585,15
DA:586,15
DA:587,15
DA:588,15
DA:589,15
DA:590,15
DA:591,15
DA:592,15
DA:593,15
LF:593
LH:509
BRDA:21,0,0,4
BRDA:21,0,1,0
BRDA:61,1,0,206
BRDA:62,2,0,24
BRDA:62,2,1,194
BRDA:62,3,0,218
BRDA:62,3,1,206
BRDA:67,4,0,0
BRDA:67,4,1,194
BRDA:86,5,0,9
BRDA:86,5,1,8
BRDA:86,5,2,8
BRDA:86,5,3,8
BRDA:91,6,0,7
BRDA:91,6,1,2
BRDA:95,7,0,1
BRDA:95,7,1,1
BRDA:111,8,0,15
BRDA:111,8,1,172
BRDA:111,9,0,187
BRDA:111,9,1,173
BRDA:113,10,0,12
BRDA:113,10,1,3
BRDA:122,11,0,58
BRDA:122,11,1,7
BRDA:128,12,0,1
BRDA:128,12,1,174
BRDA:148,13,0,12
BRDA:148,13,1,153
BRDA:148,14,0,165
BRDA:148,14,1,156
BRDA:153,15,0,1
BRDA:153,15,1,152
BRDA:153,16,0,153
BRDA:153,16,1,152
BRDA:169,17,0,0
BRDA:169,17,1,152
BRDA:175,18,0,3
BRDA:175,18,1,149
BRDA:184,19,0,6
BRDA:184,19,1,143
BRDA:184,20,0,149
BRDA:184,20,1,7
BRDA:189,21,0,5
BRDA:189,21,1,138
BRDA:195,22,0,137
BRDA:195,22,1,1
BRDA:217,23,0,90
BRDA:217,23,1,48
BRDA:254,24,0,24
BRDA:254,24,1,24
BRDA:270,25,0,0
BRDA:270,25,1,7
BRDA:276,26,0,7
BRDA:276,26,1,0
BRDA:280,27,0,0
BRDA:280,27,1,7
BRDA:280,28,0,7
BRDA:280,28,1,7
BRDA:287,29,0,4
BRDA:287,29,1,3
BRDA:293,30,0,1
BRDA:293,30,1,2
BRDA:311,31,0,4
BRDA:311,31,1,19
BRDA:311,32,0,23
BRDA:311,32,1,19
BRDA:319,33,0,19
BRDA:319,33,1,0
BRDA:321,34,0,0
BRDA:321,34,1,0
BRDA:325,35,0,0
BRDA:325,35,1,19
BRDA:325,36,0,19
BRDA:325,36,1,0
BRDA:331,37,0,0
BRDA:331,37,1,0
BRDA:344,38,0,0
BRDA:344,38,1,19
BRDA:353,39,0,28
BRDA:353,39,1,10
BRDA:353,40,0,38
BRDA:353,40,1,30
BRDA:358,41,0,7
BRDA:358,41,1,21
BRDA:360,42,0,10
BRDA:360,42,1,11
BRDA:367,43,0,26
BRDA:367,43,1,2
BRDA:374,44,0,3
BRDA:374,44,1,16
BRDA:376,45,0,0
BRDA:376,45,1,3
BRDA:378,46,0,0
BRDA:378,46,1,0
BRDA:392,47,0,14
BRDA:392,47,1,10
BRDA:392,47,2,9
BRDA:396,48,0,5
BRDA:396,48,1,9
BRDA:398,49,0,4
BRDA:398,49,1,1
BRDA:413,50,0,6
BRDA:413,50,1,158
BRDA:413,51,0,164
BRDA:413,51,1,10
BRDA:413,51,2,8
BRDA:427,52,0,5
BRDA:427,52,1,4
BRDA:434,53,0,2
BRDA:434,53,1,2
BRDA:436,54,0,2
BRDA:436,54,1,0
BRDA:451,55,0,0
BRDA:451,55,1,8
BRDA:451,56,0,8
BRDA:451,56,1,8
BRDA:457,57,0,7
BRDA:457,57,1,2
BRDA:459,58,0,4
BRDA:459,58,1,3
BRDA:459,59,0,7
BRDA:459,59,1,5
BRDA:462,60,0,2
BRDA:462,60,1,2
BRDA:463,61,0,4
BRDA:463,61,1,3
BRDA:463,61,2,2
BRDA:473,62,0,5
BRDA:473,62,1,0
BRDA:476,63,0,5
BRDA:476,63,1,5
BRDA:478,64,0,0
BRDA:478,64,1,5
BRDA:478,65,0,5
BRDA:478,65,1,0
BRDA:480,66,0,0
BRDA:480,66,1,0
BRDA:481,67,0,0
BRDA:481,67,1,0
BRDA:481,67,2,0
BRDA:504,68,0,16
BRDA:504,68,1,15
BRDA:505,69,0,8
BRDA:505,69,1,8
BRDA:508,70,0,2
BRDA:508,70,1,6
BRDA:508,71,0,8
BRDA:508,71,1,4
BRDA:527,72,0,4
BRDA:527,72,1,10
BRDA:532,73,0,10
BRDA:532,73,1,8
BRDA:532,73,2,5
BRDA:532,73,3,4
BRDA:532,73,4,3
BRDA:546,74,0,2
BRDA:546,74,1,2
BRDA:550,75,0,2
BRDA:550,75,1,0
BRDA:551,76,0,2
BRDA:551,76,1,1
BRDA:552,77,0,2
BRDA:552,77,1,1
BRDA:553,78,0,2
BRDA:553,78,1,1
BRDA:575,79,0,4
BRDA:575,79,1,0
BRDA:21,80,0,0
BRF:169
BRH:139
end_of_record
TN:
SF:scripts/utils/pageComplexityDetector.js
FN:35,isDocumentation
FN:55,(anonymous_1)
FN:56,(anonymous_2)
FN:59,(anonymous_3)
FN:60,(anonymous_4)
FN:90,countElements
FN:104,hasTechnicalFeatures
FN:108,(anonymous_7)
FN:131,detectPageComplexity
FN:223,selectExtractor
FN:292,calculateConfidence
FN:335,shouldUseFallback
FN:347,getAnalysisReport
FN:376,generateRecommendations
FN:397,logAnalysis
FN:35,$
FN:90,P
FN:131,D
FN:292,z
FN:335,q
FN:21,A
FN:125,M
FN:166,H
FN:324,N
FN:367,$
FNF:25
FNH:25
FNDA:27,isDocumentation
FNDA:177,(anonymous_1)
FNDA:213,(anonymous_2)
FNDA:215,(anonymous_3)
FNDA:161,(anonymous_4)
FNDA:119,countElements
FNDA:14,hasTechnicalFeatures
FNDA:868,(anonymous_7)
FNDA:17,detectPageComplexity
FNDA:23,selectExtractor
FNDA:24,calculateConfidence
FNDA:25,shouldUseFallback
FNDA:1,getAnalysisReport
FNDA:1,generateRecommendations
FNDA:1,logAnalysis
FNDA:2,$
FNDA:14,P
FNDA:2,D
FNDA:2,z
FNDA:3,q
FNDA:1,A
FNDA:7,M
FNDA:1,H
FNDA:1,N
FNDA:1,$
DA:1,15
DA:2,15
DA:3,15
DA:4,15
DA:5,15
DA:6,15
DA:7,15
DA:8,15
DA:9,15
DA:10,15
DA:11,15
DA:12,15
DA:13,15
DA:14,15
DA:15,15
DA:16,15
DA:17,15
DA:18,15
DA:19,15
DA:20,15
DA:21,11
DA:22,11
DA:23,11
DA:24,11
DA:25,11
DA:26,11
DA:27,10
DA:28,10
DA:29,10
DA:30,10
DA:31,10
DA:32,10
DA:33,10
DA:34,11
DA:35,11
DA:36,27
DA:37,25
DA:38,28
DA:39,3
DA:40,3
DA:41,28
DA:42,27
DA:43,3
DA:44,25
DA:45,28
DA:46,28
DA:47,28
DA:48,28
DA:49,26
DA:50,1
DA:51,26
DA:52,26
DA:53,3
DA:54,3
DA:55,176
DA:56,212
DA:57,3
DA:58,3
DA:59,214
DA:60,160
DA:61,3
DA:62,27
DA:63,27
DA:64,3
DA:65,25
DA:66,28
DA:67,28
DA:68,28
DA:69,28
DA:70,32
DA:71,32
DA:72,32
DA:73,32
DA:74,32
DA:75,7
DA:76,15
DA:77,15
DA:78,15
DA:79,15
DA:80,15
DA:81,15
DA:82,15
DA:83,15
DA:84,15
DA:85,15
DA:86,15
DA:87,15
DA:88,15
DA:89,15
DA:90,19
DA:91,105
DA:92,124
DA:93,124
DA:94,124
DA:95,110
DA:96,110
DA:97,110
DA:98,19
DA:99,15
DA:100,15
DA:101,15
DA:102,15
DA:103,15
DA:104,15
DA:105,24
DA:106,15
DA:107,15
DA:108,15
DA:109,151
DA:110,1000
DA:111,1000
DA:112,1005
DA:113,1005
DA:114,15
DA:115,15
DA:116,15
DA:117,24
DA:118,24
DA:119,15
DA:120,15
DA:121,29
DA:122,29
DA:123,29
DA:124,29
DA:125,17
DA:126,17
DA:127,17
DA:128,17
DA:129,17
DA:130,10
DA:131,10
DA:132,15
DA:133,24
DA:134,22
DA:135,22
DA:136,22
DA:137,22
DA:138,22
DA:139,22
DA:140,22
DA:141,22
DA:142,22
DA:143,22
DA:144,83
DA:145,83
DA:146,83
DA:147,83
DA:148,83
DA:149,22
DA:150,22
DA:151,22
DA:152,22
DA:153,22
DA:154,22
DA:155,22
DA:156,22
DA:157,22
DA:158,22
DA:159,22
DA:160,22
DA:161,22
DA:162,22
DA:163,22
DA:164,22
DA:165,21
DA:166,21
DA:167,17
DA:168,17
DA:169,17
DA:170,17
DA:171,17
DA:172,17
DA:173,17
DA:174,17
DA:175,17
DA:176,17
DA:177,17
DA:178,17
DA:179,17
DA:180,17
DA:181,17
DA:182,17
DA:183,17
DA:184,17
DA:185,17
DA:186,17
DA:187,18
DA:188,18
DA:189,18
DA:190,18
DA:191,16
DA:192,16
DA:193,16
DA:194,2
DA:195,2
DA:196,2
DA:197,2
DA:198,2
DA:199,2
DA:200,2
DA:201,2
DA:202,2
DA:203,16
DA:204,16
DA:205,3
DA:206,11
DA:207,11
DA:208,11
DA:209,11
DA:210,11
DA:211,11
DA:212,11
DA:213,11
DA:214,11
DA:215,11
DA:216,11
DA:217,11
DA:218,11
DA:219,11
DA:220,11
DA:221,11
DA:222,11
DA:223,10
DA:224,33
DA:225,10
DA:226,10
DA:227,10
DA:228,23
DA:229,33
DA:230,9
DA:231,9
DA:232,9
DA:233,9
DA:234,23
DA:235,33
DA:236,10
DA:237,11
DA:238,15
DA:239,15
DA:240,32
DA:241,15
DA:242,15
DA:243,15
DA:244,15
DA:245,32
DA:246,15
DA:247,32
DA:248,15
DA:249,22
DA:250,37
DA:251,37
DA:252,24
DA:253,27
DA:254,37
DA:255,24
DA:256,24
DA:257,26
DA:258,37
DA:259,26
DA:260,27
DA:261,35
DA:262,23
DA:263,23
DA:264,19
DA:265,19
DA:266,24
DA:267,20
DA:268,20
DA:269,24
DA:270,20
DA:271,20
DA:272,24
DA:273,17
DA:274,17
DA:275,17
DA:276,17
DA:277,17
DA:278,19
DA:279,15
DA:280,22
DA:281,37
DA:282,37
DA:283,37
DA:284,36
DA:285,37
DA:286,15
DA:287,14
DA:288,14
DA:289,15
DA:290,15
DA:291,15
DA:292,6
DA:293,28
DA:294,6
DA:295,22
DA:296,28
DA:297,19
DA:298,26
DA:299,28
DA:300,19
DA:301,26
DA:302,28
DA:303,21
DA:304,26
DA:305,28
DA:306,19
DA:307,28
DA:308,28
DA:309,19
DA:310,20
DA:311,27
DA:312,27
DA:313,12
DA:314,27
DA:315,27
DA:316,12
DA:317,12
DA:318,27
DA:319,12
DA:320,12
DA:321,27
DA:322,12
DA:323,12
DA:324,23
DA:325,8
DA:326,25
DA:327,25
DA:328,3
DA:329,24
DA:330,3
DA:331,11
DA:332,10
DA:333,11
DA:334,11
DA:335,3
DA:336,3
DA:337,22
DA:338,24
DA:339,25
DA:340,25
DA:341,2
DA:342,10
DA:343,10
DA:344,10
DA:345,10
DA:346,10
DA:347,10
DA:348,10
DA:349,11
DA:350,11
DA:351,11
DA:352,11
DA:353,11
DA:354,11
DA:355,11
DA:356,11
DA:357,11
DA:358,12
DA:359,12
DA:360,12
DA:361,12
DA:362,12
DA:363,16
DA:364,16
DA:365,16
DA:366,16
DA:367,12
DA:368,11
DA:369,11
DA:370,12
DA:371,11
DA:372,11
DA:373,11
DA:374,15
DA:375,15
DA:376,15
DA:377,15
DA:378,15
DA:379,15
DA:380,16
DA:381,16
DA:382,15
DA:383,15
DA:384,16
DA:385,16
DA:386,15
DA:387,15
DA:388,16
DA:389,16
DA:390,15
DA:391,15
DA:392,15
DA:393,15
DA:394,15
DA:395,15
DA:396,15
DA:397,15
DA:398,15
DA:399,16
DA:400,16
DA:401,15
DA:402,15
DA:403,16
DA:404,16
DA:405,16
DA:406,16
DA:407,16
DA:408,16
DA:409,16
DA:410,15
DA:411,15
DA:412,15
DA:413,15
DA:414,16
DA:415,16
DA:416,15
DA:417,15
DA:418,15
DA:419,15
DA:420,15
DA:421,15
DA:422,15
DA:423,15
DA:424,15
DA:425,15
DA:426,5
DA:427,5
DA:428,5
DA:429,5
DA:430,5
DA:431,5
DA:432,5
DA:433,5
DA:434,5
DA:435,5
DA:436,5
DA:437,5
DA:438,5
DA:439,5
DA:440,5
DA:441,5
DA:442,5
DA:443,5
DA:444,5
DA:445,5
DA:446,5
DA:447,5
DA:448,5
DA:449,5
DA:450,5
DA:451,5
DA:452,5
DA:453,5
DA:454,5
DA:455,5
DA:456,5
DA:457,5
LF:457
LH:457
BRDA:35,0,0,2
BRDA:36,1,0,28
BRDA:36,1,1,1
BRDA:36,2,0,2
BRDA:36,2,1,0
BRDA:38,3,0,28
BRDA:38,3,1,21
BRDA:38,4,0,22
BRDA:38,4,1,0
BRDA:49,5,0,1
BRDA:49,5,1,0
BRDA:49,6,0,1
BRDA:49,6,1,0
BRDA:62,7,0,28
BRDA:62,7,1,20
BRDA:63,8,0,28
BRDA:63,8,1,21
BRDA:63,8,2,17
BRDA:93,9,0,112
BRDA:93,9,1,0
BRDA:105,10,0,16
BRDA:105,10,1,3
BRDA:113,11,0,139
BRDA:113,11,1,853
BRDA:123,12,0,16
BRDA:123,12,1,10
BRDA:131,13,0,2
BRDA:137,14,0,17
BRDA:137,14,1,1
BRDA:137,14,2,1
BRDA:157,15,0,18
BRDA:157,15,1,3
BRDA:167,16,0,17
BRDA:167,16,1,12
BRDA:167,16,2,11
BRDA:167,16,3,10
BRDA:171,17,0,17
BRDA:171,17,1,13
BRDA:177,18,0,17
BRDA:177,18,1,13
BRDA:177,18,2,8
BRDA:182,19,0,17
BRDA:182,19,1,14
BRDA:228,20,0,3
BRDA:228,20,1,22
BRDA:240,21,0,24
BRDA:240,21,1,13
BRDA:240,21,2,12
BRDA:245,22,0,24
BRDA:245,22,1,18
BRDA:245,22,2,16
BRDA:249,23,0,13
BRDA:249,23,1,11
BRDA:249,24,0,24
BRDA:249,24,1,12
BRDA:251,25,0,11
BRDA:251,25,1,2
BRDA:254,26,0,6
BRDA:254,26,1,7
BRDA:258,27,0,9
BRDA:258,27,1,5
BRDA:261,28,0,10
BRDA:261,28,1,4
BRDA:263,29,0,4
BRDA:263,29,1,3
BRDA:266,30,0,5
BRDA:266,30,1,3
BRDA:269,31,0,3
BRDA:269,31,1,5
BRDA:272,32,0,3
BRDA:272,32,1,4
BRDA:295,33,0,17
BRDA:295,33,1,7
BRDA:296,34,0,11
BRDA:296,34,1,6
BRDA:299,35,0,6
BRDA:299,35,1,11
BRDA:302,36,0,8
BRDA:302,36,1,9
BRDA:305,37,0,2
BRDA:305,37,1,15
BRDA:308,38,0,3
BRDA:308,38,1,15
BRDA:312,39,0,5
BRDA:312,39,1,3
BRDA:315,40,0,5
BRDA:315,40,1,3
BRDA:318,41,0,2
BRDA:318,41,1,5
BRDA:321,42,0,1
BRDA:321,42,1,6
BRDA:324,43,0,3
BRDA:324,43,1,7
BRDA:324,44,0,8
BRDA:324,44,1,0
BRDA:338,45,0,25
BRDA:338,45,1,11
BRDA:338,45,2,4
BRDA:355,46,0,1
BRDA:355,46,1,0
BRDA:379,47,0,0
BRDA:379,47,1,1
BRDA:383,48,0,0
BRDA:383,48,1,1
BRDA:383,49,0,1
BRDA:383,49,1,1
BRDA:387,50,0,0
BRDA:387,50,1,1
BRDA:387,51,0,1
BRDA:387,51,1,0
BRDA:398,52,0,0
BRDA:398,52,1,1
BRDA:413,53,0,1
BRDA:413,53,1,0
BRDA:35,54,0,2
BRDA:36,55,0,1
BRDA:38,56,0,26
BRDA:48,57,0,1
BRDA:55,58,0,17
BRDA:56,59,0,21
BRDA:59,60,0,21
BRDA:60,61,0,15
BRDA:90,62,0,14
BRDA:93,63,0,0
BRDA:94,64,0,0
BRDA:131,65,0,2
BRDA:137,66,0,0
BRDA:157,67,0,1
BRDA:178,68,0,1
BRDA:190,69,0,1
BRDA:104,70,0,2
BRDA:105,71,0,0
BRDA:123,72,0,0
BRDA:108,73,0,124
BRDA:113,74,0,17
BRDA:113,75,0,122
BRDA:292,76,0,2
BRDA:296,77,0,9
BRDA:299,78,0,4
BRDA:305,79,0,0
BRDA:308,80,0,0
BRDA:309,81,0,15
BRDA:335,82,0,3
BRDA:339,83,0,1
BRDA:223,84,0,2
BRDA:229,85,0,1
BRDA:251,86,0,9
BRDA:254,87,0,4
BRDA:259,88,0,12
BRDA:21,89,0,1
BRDA:26,90,0,0
BRDA:35,91,0,2
BRDA:36,92,0,0
BRDA:65,93,0,10
BRDA:66,94,0,12
BRDA:125,95,0,7
BRDA:128,96,0,0
BRDA:129,97,0,0
BRDA:166,98,0,1
BRDA:171,99,0,2
BRDA:189,100,0,2
BRDA:210,101,0,0
BRDA:222,102,0,0
BRDA:139,103,0,3
BRDA:140,104,0,2
BRDA:158,105,0,2
BRDA:143,106,0,64
BRDA:148,107,0,3
BRDA:148,108,0,63
BRDA:324,109,0,1
BRDA:328,110,0,2
BRDA:331,111,0,0
BRDA:337,112,0,2
BRDA:340,113,0,0
BRDA:341,114,0,0
BRDA:367,115,0,1
BRDA:371,116,0,0
BRDA:255,117,0,1
BRDA:261,118,0,11
BRDA:283,119,0,2
BRDA:286,120,0,0
BRDA:291,121,0,0
BRF:182
BRH:150
end_of_record
TN:
SF:scripts/utils/urlUtils.js
FN:12,(anonymous_0)
FN:15,(anonymous_1)
FN:18,(anonymous_2)
FN:21,(anonymous_3)
FN:24,(anonymous_4)
FN:38,normalizeUrl
FN:63,(anonymous_6)
FN:12,log
FN:15,warn
FN:18,error
FN:21,debug
FN:24,info
FN:38,jt
FN:12,log
FN:15,warn
FN:18,error
FN:21,debug
FN:24,info
FNF:18
FNH:3
FNDA:0,(anonymous_0)
FNDA:0,(anonymous_1)
FNDA:0,(anonymous_2)
FNDA:0,(anonymous_3)
FNDA:0,(anonymous_4)
FNDA:119,normalizeUrl
FNDA:997,(anonymous_6)
FNDA:0,log
FNDA:0,warn
FNDA:0,error
FNDA:0,debug
FNDA:0,info
FNDA:18,jt
FNDA:0,log
FNDA:0,warn
FNDA:0,error
FNDA:0,debug
FNDA:0,info
DA:1,19
DA:2,19
DA:3,19
DA:4,19
DA:5,19
DA:6,19
DA:7,19
DA:8,19
DA:9,19
DA:10,19
DA:11,62
DA:12,66
DA:13,62
DA:14,66
DA:15,66
DA:16,62
DA:17,66
DA:18,66
DA:19,62
DA:20,66
DA:21,66
DA:22,62
DA:23,66
DA:24,66
DA:25,77
DA:26,81
DA:27,19
DA:28,19
DA:29,19
DA:30,81
DA:31,19
DA:32,19
DA:33,19
DA:34,19
DA:35,19
DA:36,19
DA:37,19
DA:38,19
DA:39,18
DA:40,101
DA:41,119
DA:42,119
DA:43,18
DA:44,18
DA:45,96
DA:46,96
DA:47,114
DA:48,18
DA:49,18
DA:50,96
DA:51,114
DA:52,114
DA:53,18
DA:54,89
DA:55,107
DA:56,107
DA:57,107
DA:58,107
DA:59,89
DA:60,107
DA:61,107
DA:62,107
DA:63,107
DA:64,979
DA:65,979
DA:66,997
DA:67,107
DA:68,107
DA:69,107
DA:70,107
DA:71,89
DA:72,107
DA:73,107
DA:74,107
DA:75,107
DA:76,89
DA:77,89
DA:78,89
DA:79,18
LF:79
LH:79
BRDA:11,0,0,66
BRDA:11,0,1,62
BRDA:11,0,2,0
BRDA:40,1,0,27
BRDA:40,1,1,96
BRDA:45,2,0,26
BRDA:45,2,1,92
BRDA:50,3,0,29
BRDA:50,3,1,89
BRDA:58,4,0,32
BRDA:58,4,1,79
BRDA:64,5,0,60
BRDA:64,5,1,941
BRDA:70,6,0,30
BRDA:70,6,1,81
BRDA:70,7,0,111
BRDA:70,7,1,84
BRDA:77,8,0,4
BRDA:77,8,1,0
BRDA:11,9,0,66
BRDA:38,10,0,22
BRDA:41,11,0,9
BRDA:45,12,0,8
BRDA:51,13,0,11
BRDA:58,14,0,14
BRDA:70,15,0,12
BRDA:75,16,0,4
BRDA:63,17,0,202
BRDA:64,18,0,42
BRDA:1,19,0,4
BRF:30
BRH:28
end_of_record
