TN:
SF:scripts/background.js
FN:59,(anonymous_0)
FN:63,(anonymous_1)
FN:64,(anonymous_2)
FN:64,(anonymous_3)
FN:65,(anonymous_4)
FN:66,(anonymous_5)
FN:67,(anonymous_6)
FN:120,(anonymous_7)
FN:136,handleExtensionUpdate
FN:153,handleExtensionInstall
FN:165,shouldShowUpdateNotification
FN:206,isImportantUpdate
FN:223,showUpdateNotification
FN:232,(anonymous_13)
FN:242,(anonymous_14)
FN:261,(anonymous_15)
FN:274,(anonymous_16)
FN:287,(anonymous_17)
FN:293,(anonymous_18)
FN:298,(anonymous_19)
FNF:20
FNH:20
FNDA:1,(anonymous_0)
FNDA:1,(anonymous_1)
FNDA:1,(anonymous_2)
FNDA:1,(anonymous_3)
FNDA:1,(anonymous_4)
FNDA:1,(anonymous_5)
FNDA:1,(anonymous_6)
FNDA:2,(anonymous_7)
FNDA:6,handleExtensionUpdate
FNDA:2,handleExtensionInstall
FNDA:18,shouldShowUpdateNotification
FNDA:8,isImportantUpdate
FNDA:4,showUpdateNotification
FNDA:4,(anonymous_13)
FNDA:4,(anonymous_14)
FNDA:1,(anonymous_15)
FNDA:1,(anonymous_16)
FNDA:1,(anonymous_17)
FNDA:2,(anonymous_18)
FNDA:1,(anonymous_19)
DA:41,11
DA:42,11
DA:46,11
DA:47,11
DA:50,11
DA:54,11
DA:59,1
DA:63,1
DA:64,1
DA:65,1
DA:66,1
DA:67,1
DA:70,11
DA:73,11
DA:99,11
DA:103,11
DA:104,11
DA:112,11
DA:113,11
DA:120,11
DA:121,2
DA:124,2
DA:125,1
DA:126,1
DA:127,1
DA:137,6
DA:138,6
DA:145,6
DA:146,4
DA:154,2
DA:167,18
DA:168,5
DA:172,13
DA:173,13
DA:176,13
DA:177,1
DA:179,12
DA:180,1
DA:184,11
DA:185,5
DA:187,6
DA:188,1
DA:192,5
DA:194,4
DA:197,1
DA:208,8
DA:214,8
DA:224,4
DA:226,4
DA:232,4
DA:233,4
DA:234,4
DA:235,4
DA:242,4
DA:243,4
DA:244,4
DA:246,4
DA:247,4
DA:249,4
DA:250,4
DA:261,4
DA:262,1
DA:263,1
DA:264,1
DA:274,4
DA:275,1
DA:276,1
DA:277,1
DA:281,4
DA:282,4
DA:285,4
DA:288,1
DA:289,1
DA:290,1
DA:298,4
DA:299,1
DA:300,1
DA:305,2
DA:311,2
DA:314,2
DA:322,11
DA:323,11
LF:82
LH:82
BRDA:103,0,0,11
BRDA:103,0,1,0
BRDA:124,1,0,1
BRDA:124,1,1,1
BRDA:126,2,0,1
BRDA:126,2,1,0
BRDA:145,3,0,4
BRDA:145,3,1,2
BRDA:167,4,0,5
BRDA:167,4,1,13
BRDA:167,5,0,18
BRDA:167,5,1,15
BRDA:176,6,0,1
BRDA:176,6,1,12
BRDA:179,7,0,1
BRDA:179,7,1,11
BRDA:184,8,0,5
BRDA:184,8,1,6
BRDA:187,9,0,1
BRDA:187,9,1,5
BRDA:192,10,0,4
BRDA:192,10,1,1
BRDA:243,11,0,4
BRDA:243,11,1,0
BRDA:246,12,0,4
BRDA:246,12,1,0
BRDA:249,13,0,4
BRDA:249,13,1,0
BRDA:262,14,0,1
BRDA:262,14,1,0
BRDA:262,15,0,1
BRDA:262,15,1,1
BRDA:275,16,0,1
BRDA:275,16,1,0
BRDA:288,17,0,1
BRDA:288,17,1,0
BRDA:322,18,0,11
BRDA:322,18,1,0
BRDA:322,19,0,11
BRDA:322,19,1,11
BRF:40
BRH:31
end_of_record
