TN:
SF:options/AuthManager.js
FN:37,(anonymous_0)
FN:50,(anonymous_1)
FN:85,(anonymous_2)
FN:101,(anonymous_3)
FN:112,(anonymous_4)
FN:114,(anonymous_5)
FN:117,(anonymous_6)
FN:120,(anonymous_7)
FN:121,(anonymous_8)
FN:122,(anonymous_9)
FN:130,(anonymous_10)
FN:137,(anonymous_11)
FN:149,(anonymous_12)
FN:181,(anonymous_13)
FN:230,(anonymous_14)
FN:278,(anonymous_15)
FN:294,(anonymous_16)
FN:344,(anonymous_17)
FN:358,(anonymous_18)
FN:377,(anonymous_19)
FN:388,(anonymous_20)
FN:426,(anonymous_21)
FN:455,(anonymous_22)
FN:464,(anonymous_23)
FN:487,(anonymous_24)
FN:506,(anonymous_25)
FN:519,(anonymous_26)
FN:556,(anonymous_27)
FN:586,(anonymous_28)
FN:679,(anonymous_29)
FN:727,(anonymous_30)
FN:750,(anonymous_31)
FN:779,(anonymous_32)
FN:820,(anonymous_33)
FN:863,(anonymous_34)
FNF:35
FNH:26
FNDA:46,(anonymous_0)
FNDA:47,(anonymous_1)
FNDA:3,(anonymous_2)
FNDA:11,(anonymous_3)
FNDA:47,(anonymous_4)
FNDA:0,(anonymous_5)
FNDA:0,(anonymous_6)
FNDA:0,(anonymous_7)
FNDA:0,(anonymous_8)
FNDA:0,(anonymous_9)
FNDA:0,(anonymous_10)
FNDA:0,(anonymous_11)
FNDA:2,(anonymous_12)
FNDA:14,(anonymous_13)
FNDA:6,(anonymous_14)
FNDA:1,(anonymous_15)
FNDA:6,(anonymous_16)
FNDA:1,(anonymous_17)
FNDA:13,(anonymous_18)
FNDA:3,(anonymous_19)
FNDA:5,(anonymous_20)
FNDA:8,(anonymous_21)
FNDA:5,(anonymous_22)
FNDA:0,(anonymous_23)
FNDA:9,(anonymous_24)
FNDA:9,(anonymous_25)
FNDA:4,(anonymous_26)
FNDA:3,(anonymous_27)
FNDA:8,(anonymous_28)
FNDA:3,(anonymous_29)
FNDA:1,(anonymous_30)
FNDA:0,(anonymous_31)
FNDA:3,(anonymous_32)
FNDA:5,(anonymous_33)
FNDA:3,(anonymous_34)
DA:30,2
DA:31,2
DA:32,2
DA:38,46
DA:39,46
DA:40,46
DA:42,46
DA:51,47
DA:54,47
DA:55,47
DA:56,47
DA:57,47
DA:58,47
DA:59,47
DA:61,47
DA:62,47
DA:63,47
DA:65,47
DA:66,47
DA:67,47
DA:68,47
DA:69,47
DA:72,47
DA:86,3
DA:102,11
DA:103,0
DA:105,11
DA:106,11
DA:107,11
DA:108,11
DA:109,11
DA:114,47
DA:117,47
DA:120,47
DA:121,47
DA:122,47
DA:125,47
DA:126,47
DA:130,47
DA:131,0
DA:132,0
DA:133,0
DA:136,0
DA:137,0
DA:138,0
DA:143,47
DA:144,47
DA:148,47
DA:149,47
DA:150,2
DA:151,2
DA:155,1
DA:162,1
DA:166,1
DA:167,1
DA:168,1
DA:182,14
DA:184,14
DA:189,13
DA:190,13
DA:200,13
DA:201,6
DA:202,6
DA:203,7
DA:204,4
DA:205,4
DA:207,3
DA:208,3
DA:212,13
DA:214,1
DA:215,1
DA:216,1
DA:231,6
DA:234,6
DA:235,6
DA:236,6
DA:237,6
DA:238,6
DA:239,6
DA:240,6
DA:244,6
DA:245,6
DA:247,6
DA:248,6
DA:252,6
DA:253,6
DA:254,6
DA:255,6
DA:256,6
DA:257,6
DA:258,6
DA:261,6
DA:262,6
DA:263,6
DA:265,6
DA:266,6
DA:269,6
DA:270,1
DA:272,5
DA:276,6
DA:277,6
DA:278,6
DA:279,1
DA:296,6
DA:297,6
DA:298,6
DA:299,6
DA:300,6
DA:301,6
DA:302,6
DA:304,6
DA:309,6
DA:310,6
DA:313,6
DA:314,6
DA:317,6
DA:318,6
DA:319,6
DA:321,6
DA:322,6
DA:325,6
DA:326,4
DA:328,2
DA:332,6
DA:333,5
DA:334,5
DA:336,6
DA:337,5
DA:339,6
DA:340,5
DA:344,6
DA:345,1
DA:359,13
DA:360,11
DA:362,13
DA:363,11
DA:365,13
DA:366,11
DA:368,13
DA:369,11
DA:371,13
DA:372,13
DA:378,3
DA:379,3
DA:381,1
DA:389,5
DA:390,5
DA:391,5
DA:393,5
DA:398,5
DA:399,5
DA:403,5
DA:404,4
DA:405,4
DA:407,5
DA:408,4
DA:410,5
DA:411,4
DA:414,5
DA:427,8
DA:428,8
DA:429,1
DA:431,8
DA:432,1
DA:434,8
DA:435,1
DA:439,1
DA:442,1
DA:443,1
DA:456,5
DA:457,5
DA:463,5
DA:464,0
DA:465,0
DA:470,5
DA:471,5
DA:472,5
DA:474,5
DA:475,2
DA:478,3
DA:488,9
DA:489,7
DA:490,7
DA:492,0
DA:498,9
DA:507,9
DA:508,9
DA:509,9
DA:520,4
DA:524,4
DA:525,4
DA:526,4
DA:528,4
DA:530,4
DA:531,0
DA:532,0
DA:533,0
DA:534,0
DA:535,0
DA:538,0
DA:540,4
DA:541,0
DA:542,4
DA:543,1
DA:545,3
DA:547,4
DA:557,3
DA:558,3
DA:560,3
DA:570,3
DA:571,2
DA:572,2
DA:574,1
DA:587,8
DA:588,8
DA:589,8
DA:592,8
DA:594,7
DA:595,1
DA:599,1
DA:600,1
DA:604,6
DA:605,6
DA:606,6
DA:610,6
DA:611,6
DA:614,6
DA:618,6
DA:625,6
DA:630,6
DA:631,0
DA:635,6
DA:636,6
DA:637,6
DA:640,6
DA:641,6
DA:642,1
DA:645,5
DA:646,0
DA:647,0
DA:651,0
DA:655,5
DA:658,3
DA:660,3
DA:665,3
DA:668,3
DA:670,4
DA:672,8
DA:680,3
DA:681,3
DA:682,3
DA:683,3
DA:685,3
DA:694,2
DA:695,2
DA:696,1
DA:699,1
DA:703,1
DA:704,1
DA:705,1
DA:710,2
DA:711,2
DA:713,1
DA:717,1
DA:718,1
DA:719,1
DA:728,1
DA:729,1
DA:732,1
DA:733,1
DA:734,1
DA:735,1
DA:736,1
DA:737,1
DA:738,1
DA:739,1
DA:740,1
DA:744,1
DA:745,1
DA:748,1
DA:750,1
DA:751,0
DA:752,0
DA:754,0
DA:761,0
DA:762,0
DA:764,0
DA:769,0
DA:770,0
DA:771,0
DA:775,0
DA:780,3
DA:781,3
DA:787,3
DA:788,2
DA:790,2
DA:795,2
DA:797,2
DA:798,2
DA:800,2
DA:801,2
DA:804,2
DA:805,2
DA:810,1
DA:814,1
DA:815,1
DA:816,1
DA:821,5
DA:822,5
DA:823,1
DA:824,1
DA:827,4
DA:828,2
DA:829,2
DA:832,2
DA:833,2
DA:835,2
DA:836,2
DA:838,2
DA:839,2
DA:841,0
DA:846,2
DA:847,2
DA:848,2
DA:849,2
DA:864,3
LF:326
LH:294
BRDA:50,0,0,0
BRDA:102,1,0,0
BRDA:102,1,1,11
BRDA:125,2,0,47
BRDA:125,2,1,0
BRDA:132,3,0,0
BRDA:132,3,1,0
BRDA:136,4,0,0
BRDA:136,4,1,0
BRDA:136,5,0,0
BRDA:136,5,1,0
BRDA:148,6,0,47
BRDA:148,6,1,0
BRDA:156,7,0,1
BRDA:156,7,1,0
BRDA:200,8,0,6
BRDA:200,8,1,7
BRDA:200,9,0,13
BRDA:200,9,1,6
BRDA:203,10,0,4
BRDA:203,10,1,3
BRDA:230,11,0,0
BRDA:231,12,0,6
BRDA:231,12,1,4
BRDA:234,13,0,6
BRDA:234,13,1,0
BRDA:244,14,0,6
BRDA:244,14,1,0
BRDA:247,15,0,6
BRDA:247,15,1,0
BRDA:252,16,0,6
BRDA:252,16,1,0
BRDA:261,17,0,6
BRDA:261,17,1,3
BRDA:262,18,0,6
BRDA:262,18,1,5
BRDA:263,19,0,6
BRDA:263,19,1,3
BRDA:265,20,0,6
BRDA:265,20,1,0
BRDA:269,21,0,1
BRDA:269,21,1,5
BRDA:269,22,0,6
BRDA:269,22,1,1
BRDA:277,23,0,6
BRDA:277,23,1,0
BRDA:294,24,0,2
BRDA:296,25,0,6
BRDA:296,25,1,0
BRDA:309,26,0,6
BRDA:309,26,1,0
BRDA:313,27,0,6
BRDA:313,27,1,0
BRDA:317,28,0,6
BRDA:317,28,1,5
BRDA:318,29,0,6
BRDA:318,29,1,1
BRDA:319,30,0,6
BRDA:319,30,1,5
BRDA:321,31,0,6
BRDA:321,31,1,0
BRDA:322,32,0,6
BRDA:322,32,1,1
BRDA:325,33,0,4
BRDA:325,33,1,2
BRDA:325,34,0,6
BRDA:325,34,1,5
BRDA:332,35,0,5
BRDA:332,35,1,1
BRDA:336,36,0,5
BRDA:336,36,1,1
BRDA:339,37,0,5
BRDA:339,37,1,1
BRDA:359,38,0,11
BRDA:359,38,1,2
BRDA:360,39,0,11
BRDA:360,39,1,10
BRDA:362,40,0,11
BRDA:362,40,1,2
BRDA:365,41,0,11
BRDA:365,41,1,2
BRDA:368,42,0,11
BRDA:368,42,1,2
BRDA:369,43,0,11
BRDA:369,43,1,10
BRDA:371,44,0,13
BRDA:371,44,1,0
BRDA:389,45,0,5
BRDA:389,45,1,0
BRDA:398,46,0,5
BRDA:398,46,1,0
BRDA:403,47,0,4
BRDA:403,47,1,1
BRDA:407,48,0,4
BRDA:407,48,1,1
BRDA:410,49,0,4
BRDA:410,49,1,1
BRDA:428,50,0,1
BRDA:428,50,1,7
BRDA:431,51,0,1
BRDA:431,51,1,7
BRDA:434,52,0,1
BRDA:434,52,1,7
BRDA:463,53,0,0
BRDA:463,53,1,5
BRDA:466,54,0,0
BRDA:466,54,1,0
BRDA:466,54,2,0
BRDA:474,55,0,2
BRDA:474,55,1,3
BRDA:474,56,0,5
BRDA:474,56,1,4
BRDA:488,57,0,7
BRDA:488,57,1,2
BRDA:507,58,0,9
BRDA:507,58,1,0
BRDA:524,59,0,4
BRDA:524,59,1,0
BRDA:528,60,0,4
BRDA:528,60,1,4
BRDA:530,61,0,0
BRDA:530,61,1,4
BRDA:532,62,0,0
BRDA:532,62,1,0
BRDA:534,63,0,0
BRDA:534,63,1,0
BRDA:534,64,0,0
BRDA:534,64,1,0
BRDA:540,65,0,0
BRDA:540,65,1,4
BRDA:542,66,0,1
BRDA:542,66,1,3
BRDA:564,67,0,1
BRDA:564,67,1,2
BRDA:570,68,0,2
BRDA:570,68,1,1
BRDA:594,69,0,1
BRDA:594,69,1,6
BRDA:604,70,0,6
BRDA:604,70,1,0
BRDA:630,71,0,0
BRDA:630,71,1,6
BRDA:641,72,0,1
BRDA:641,72,1,5
BRDA:645,73,0,0
BRDA:645,73,1,5
BRDA:649,74,0,0
BRDA:649,74,1,0
BRDA:651,75,0,0
BRDA:651,75,1,0
BRDA:695,76,0,1
BRDA:695,76,1,1
BRDA:732,77,0,1
BRDA:732,77,1,0
BRDA:751,78,0,0
BRDA:751,78,1,0
BRDA:761,79,0,0
BRDA:761,79,1,0
BRDA:797,80,0,2
BRDA:797,80,1,0
BRDA:800,81,0,2
BRDA:800,81,1,0
BRDA:822,82,0,1
BRDA:822,82,1,4
BRDA:827,83,0,2
BRDA:827,83,1,2
BRDA:847,84,0,2
BRDA:847,84,1,0
BRF:168
BRH:114
end_of_record
TN:
SF:options/DataSourceManager.js
FN:26,(anonymous_0)
FN:33,(anonymous_1)
FN:45,(anonymous_2)
FN:75,(anonymous_3)
FN:95,(anonymous_4)
FN:116,(anonymous_5)
FN:117,(anonymous_6)
FN:120,(anonymous_7)
FN:136,(anonymous_8)
FN:171,(anonymous_9)
FN:201,(anonymous_10)
FN:217,(anonymous_11)
FN:238,(anonymous_12)
FN:248,(anonymous_13)
FN:262,(anonymous_14)
FN:283,(anonymous_15)
FN:306,(anonymous_16)
FN:333,(anonymous_17)
FN:340,(anonymous_18)
FN:343,(anonymous_19)
FN:355,(anonymous_20)
FNF:21
FNH:19
FNDA:35,(anonymous_0)
FNDA:32,(anonymous_1)
FNDA:14,(anonymous_2)
FNDA:13,(anonymous_3)
FNDA:13,(anonymous_4)
FNDA:15,(anonymous_5)
FNDA:15,(anonymous_6)
FNDA:1,(anonymous_7)
FNDA:14,(anonymous_8)
FNDA:6,(anonymous_9)
FNDA:5,(anonymous_10)
FNDA:8,(anonymous_11)
FNDA:0,(anonymous_12)
FNDA:1,(anonymous_13)
FNDA:0,(anonymous_14)
FNDA:9,(anonymous_15)
FNDA:12,(anonymous_16)
FNDA:8,(anonymous_17)
FNDA:8,(anonymous_18)
FNDA:22,(anonymous_19)
FNDA:12,(anonymous_20)
DA:12,3
DA:13,3
DA:27,35
DA:28,35
DA:29,35
DA:30,35
DA:34,32
DA:46,14
DA:47,1
DA:48,1
DA:50,13
DA:52,13
DA:53,13
DA:55,13
DA:56,13
DA:58,13
DA:59,6
DA:62,7
DA:64,0
DA:66,7
DA:76,13
DA:79,13
DA:81,13
DA:96,13
DA:97,13
DA:98,2
DA:100,11
DA:105,13
DA:117,15
DA:118,15
DA:120,15
DA:121,1
DA:122,1
DA:123,1
DA:130,15
DA:137,14
DA:139,14
DA:141,14
DA:142,14
DA:143,14
DA:144,2
DA:149,12
DA:172,6
DA:177,6
DA:178,2
DA:184,2
DA:185,1
DA:186,1
DA:190,5
DA:191,5
DA:202,5
DA:206,5
DA:218,8
DA:221,8
DA:222,8
DA:224,8
DA:229,8
DA:239,0
DA:243,0
DA:244,0
DA:245,0
DA:249,1
DA:255,1
DA:256,1
DA:263,0
DA:264,0
DA:269,1
DA:271,1
DA:272,1
DA:275,1
DA:279,0
DA:284,9
DA:286,9
DA:287,16
DA:288,0
DA:290,16
DA:291,2
DA:293,14
DA:296,9
DA:297,1
DA:300,8
DA:301,8
DA:302,8
DA:303,8
DA:304,8
DA:306,8
DA:307,12
DA:308,3
DA:309,1
DA:311,2
DA:313,9
DA:314,9
DA:315,5
DA:316,4
DA:317,3
DA:319,1
DA:324,8
DA:334,8
DA:338,2
DA:340,8
DA:344,22
DA:345,4
DA:351,18
DA:352,18
DA:354,18
DA:355,6
DA:356,12
DA:359,12
LF:108
LH:99
BRDA:26,0,0,0
BRDA:45,1,0,12
BRDA:46,2,0,1
BRDA:46,2,1,13
BRDA:58,3,0,6
BRDA:58,3,1,7
BRDA:76,4,0,2
BRDA:76,4,1,11
BRDA:84,5,0,13
BRDA:84,5,1,11
BRDA:97,6,0,2
BRDA:97,6,1,11
BRDA:121,7,0,1
BRDA:121,7,1,0
BRDA:141,8,0,14
BRDA:141,8,1,0
BRDA:143,9,0,2
BRDA:143,9,1,12
BRDA:146,10,0,2
BRDA:146,10,1,0
BRDA:150,11,0,12
BRDA:150,11,1,0
BRDA:174,12,0,6
BRDA:174,12,1,4
BRDA:177,13,0,2
BRDA:177,13,1,4
BRDA:184,14,0,1
BRDA:184,14,1,1
BRDA:202,15,0,2
BRDA:202,15,1,3
BRDA:206,16,0,2
BRDA:206,16,1,3
BRDA:248,17,0,0
BRDA:255,18,0,1
BRDA:255,18,1,0
BRDA:261,19,0,1
BRDA:261,19,1,0
BRDA:264,20,0,0
BRDA:264,20,1,0
BRDA:271,21,0,1
BRDA:271,21,1,0
BRDA:272,22,0,0
BRDA:272,22,1,1
BRDA:283,23,0,4
BRDA:283,24,0,4
BRDA:287,25,0,0
BRDA:287,25,1,16
BRDA:287,26,0,16
BRDA:287,26,1,3
BRDA:287,26,2,1
BRDA:290,27,0,2
BRDA:290,27,1,14
BRDA:296,28,0,1
BRDA:296,28,1,8
BRDA:307,29,0,3
BRDA:307,29,1,9
BRDA:307,30,0,12
BRDA:307,30,1,10
BRDA:308,31,0,1
BRDA:308,31,1,2
BRDA:313,32,0,9
BRDA:313,32,1,0
BRDA:314,33,0,5
BRDA:314,33,1,4
BRDA:316,34,0,3
BRDA:316,34,1,1
BRDA:334,35,0,2
BRDA:334,35,1,6
BRDA:335,36,0,8
BRDA:335,36,1,5
BRDA:335,36,2,7
BRDA:344,37,0,4
BRDA:344,37,1,18
BRDA:352,38,0,18
BRDA:352,38,1,17
BRDA:354,39,0,6
BRDA:354,39,1,12
BRDA:354,40,0,18
BRDA:354,40,1,6
BRF:79
BRH:65
end_of_record
TN:
SF:options/MigrationScanner.js
FN:46,(anonymous_0)
FN:101,(anonymous_1)
FN:106,(anonymous_2)
FN:110,(anonymous_3)
FN:123,(anonymous_4)
FN:170,(anonymous_5)
FN:209,(anonymous_6)
FN:239,(anonymous_7)
FNF:8
FNH:8
FNDA:5,(anonymous_0)
FNDA:10,(anonymous_1)
FNDA:5,(anonymous_2)
FNDA:2,(anonymous_3)
FNDA:2,(anonymous_4)
FNDA:2,(anonymous_5)
FNDA:2,(anonymous_6)
FNDA:34,(anonymous_7)
DA:47,5
DA:48,5
DA:49,5
DA:50,5
DA:51,5
DA:53,5
DA:55,6
DA:56,2
DA:59,4
DA:61,4
DA:62,4
DA:63,1
DA:64,3
DA:65,3
DA:69,4
DA:70,3
DA:71,3
DA:75,4
DA:78,5
DA:83,5
DA:90,0
DA:91,0
DA:105,10
DA:106,6
DA:109,4
DA:110,2
DA:113,2
DA:124,2
DA:130,2
DA:131,4
DA:133,4
DA:134,4
DA:135,2
DA:138,4
DA:143,4
DA:144,3
DA:146,1
DA:147,1
DA:148,1
DA:149,1
DA:150,1
DA:153,0
DA:154,0
DA:155,0
DA:156,0
DA:160,2
DA:162,2
DA:171,2
DA:172,2
DA:173,1
DA:174,1
DA:175,1
DA:177,1
DA:178,4
DA:179,1
DA:182,3
DA:184,2
DA:185,2
DA:188,1
DA:189,1
DA:192,0
DA:197,1
DA:199,1
DA:200,1
DA:210,2
DA:211,2
DA:212,2
DA:214,2
DA:215,4
DA:216,2
DA:220,2
DA:221,1
DA:224,2
DA:225,2
DA:227,0
DA:228,0
DA:240,34
DA:241,31
DA:243,3
DA:245,18
DA:246,18
LF:81
LH:72
BRDA:55,0,0,2
BRDA:55,0,1,4
BRDA:62,1,0,1
BRDA:62,1,1,3
BRDA:64,2,0,3
BRDA:64,2,1,0
BRDA:69,3,0,3
BRDA:69,3,1,1
BRDA:105,4,0,6
BRDA:105,4,1,4
BRDA:109,5,0,2
BRDA:109,5,1,2
BRDA:134,6,0,2
BRDA:134,6,1,2
BRDA:143,7,0,3
BRDA:143,7,1,1
BRDA:147,8,0,1
BRDA:147,8,1,0
BRDA:178,9,0,1
BRDA:178,9,1,3
BRDA:182,10,0,2
BRDA:182,10,1,1
BRDA:182,10,2,0
BRDA:215,11,0,2
BRDA:215,11,1,2
BRDA:215,12,0,4
BRDA:215,12,1,4
BRDA:220,13,0,1
BRDA:220,13,1,1
BRDA:239,14,0,2
BRDA:240,15,0,31
BRDA:240,15,1,3
BRF:32
BRH:29
end_of_record
TN:
SF:options/MigrationTool.js
FN:19,(anonymous_0)
FN:28,(anonymous_1)
FN:35,(anonymous_2)
FN:63,(anonymous_3)
FN:65,(anonymous_4)
FN:68,(anonymous_5)
FN:73,(anonymous_6)
FN:76,(anonymous_7)
FN:84,(anonymous_8)
FN:127,(anonymous_9)
FN:155,(anonymous_10)
FN:175,(anonymous_11)
FN:220,(anonymous_12)
FN:239,(anonymous_13)
FN:251,(anonymous_14)
FN:291,(anonymous_15)
FN:310,(anonymous_16)
FN:318,(anonymous_17)
FN:336,(anonymous_18)
FN:362,(anonymous_19)
FN:373,(anonymous_20)
FN:392,(anonymous_21)
FN:457,(anonymous_22)
FN:507,(anonymous_23)
FN:533,(anonymous_24)
FN:552,(anonymous_25)
FN:588,(anonymous_26)
FN:609,(anonymous_27)
FN:626,(anonymous_28)
FN:638,(anonymous_29)
FN:639,(anonymous_30)
FN:640,(anonymous_31)
FN:686,(anonymous_32)
FN:728,(anonymous_33)
FN:757,(anonymous_34)
FN:789,(anonymous_35)
FN:813,(anonymous_36)
FN:832,(anonymous_37)
FN:869,(anonymous_38)
FN:888,(anonymous_39)
FN:912,(anonymous_40)
FN:927,(anonymous_41)
FNF:42
FNH:21
FNDA:17,(anonymous_0)
FNDA:17,(anonymous_1)
FNDA:17,(anonymous_2)
FNDA:17,(anonymous_3)
FNDA:0,(anonymous_4)
FNDA:0,(anonymous_5)
FNDA:0,(anonymous_6)
FNDA:0,(anonymous_7)
FNDA:4,(anonymous_8)
FNDA:3,(anonymous_9)
FNDA:2,(anonymous_10)
FNDA:6,(anonymous_11)
FNDA:6,(anonymous_12)
FNDA:26,(anonymous_13)
FNDA:0,(anonymous_14)
FNDA:0,(anonymous_15)
FNDA:0,(anonymous_16)
FNDA:0,(anonymous_17)
FNDA:0,(anonymous_18)
FNDA:11,(anonymous_19)
FNDA:0,(anonymous_20)
FNDA:0,(anonymous_21)
FNDA:0,(anonymous_22)
FNDA:0,(anonymous_23)
FNDA:0,(anonymous_24)
FNDA:0,(anonymous_25)
FNDA:0,(anonymous_26)
FNDA:0,(anonymous_27)
FNDA:1,(anonymous_28)
FNDA:1,(anonymous_29)
FNDA:1,(anonymous_30)
FNDA:1,(anonymous_31)
FNDA:1,(anonymous_32)
FNDA:0,(anonymous_33)
FNDA:0,(anonymous_34)
FNDA:17,(anonymous_35)
FNDA:1,(anonymous_36)
FNDA:1,(anonymous_37)
FNDA:1,(anonymous_38)
FNDA:1,(anonymous_39)
FNDA:0,(anonymous_40)
FNDA:0,(anonymous_41)
DA:20,17
DA:21,17
DA:22,17
DA:23,17
DA:25,17
DA:29,17
DA:30,17
DA:32,17
DA:36,17
DA:65,17
DA:68,17
DA:69,0
DA:73,17
DA:76,17
DA:85,4
DA:88,4
DA:89,4
DA:90,4
DA:91,4
DA:92,4
DA:93,4
DA:97,4
DA:99,4
DA:100,4
DA:103,4
DA:104,4
DA:105,3
DA:106,3
DA:107,3
DA:109,1
DA:110,1
DA:111,1
DA:112,1
DA:113,1
DA:116,4
DA:117,4
DA:128,3
DA:130,3
DA:131,2
DA:132,2
DA:133,2
DA:134,2
DA:135,2
DA:136,2
DA:138,2
DA:139,2
DA:143,1
DA:144,1
DA:145,1
DA:146,1
DA:148,1
DA:149,1
DA:150,1
DA:151,1
DA:152,1
DA:154,1
DA:155,2
DA:156,1
DA:157,1
DA:159,1
DA:160,1
DA:164,1
DA:167,1
DA:168,1
DA:184,6
DA:186,6
DA:187,6
DA:189,6
DA:190,6
DA:192,6
DA:193,6
DA:195,6
DA:196,6
DA:198,6
DA:199,6
DA:201,6
DA:202,6
DA:206,6
DA:207,6
DA:210,6
DA:211,6
DA:221,6
DA:223,6
DA:224,0
DA:227,6
DA:229,6
DA:230,1
DA:231,1
DA:232,1
DA:233,1
DA:234,1
DA:237,5
DA:239,5
DA:240,26
DA:241,26
DA:242,26
DA:244,26
DA:245,26
DA:247,26
DA:248,26
DA:249,26
DA:251,26
DA:253,26
DA:254,26
DA:256,26
DA:257,26
DA:259,26
DA:260,26
DA:261,26
DA:262,26
DA:263,26
DA:265,26
DA:266,26
DA:267,26
DA:268,26
DA:270,26
DA:271,26
DA:274,5
DA:277,5
DA:278,5
DA:279,5
DA:283,5
DA:292,0
DA:294,0
DA:295,0
DA:297,0
DA:300,0
DA:301,0
DA:302,0
DA:311,0
DA:313,0
DA:314,0
DA:317,0
DA:318,0
DA:319,0
DA:320,0
DA:322,0
DA:323,0
DA:325,0
DA:329,0
DA:330,0
DA:337,0
DA:339,0
DA:340,0
DA:343,0
DA:344,0
DA:345,0
DA:347,0
DA:348,0
DA:349,0
DA:350,0
DA:351,0
DA:352,0
DA:354,0
DA:355,0
DA:363,11
DA:365,11
DA:366,11
DA:374,0
DA:375,0
DA:377,0
DA:378,0
DA:380,0
DA:381,0
DA:384,0
DA:385,0
DA:393,0
DA:394,0
DA:397,0
DA:398,0
DA:401,0
DA:404,0
DA:405,0
DA:407,0
DA:408,0
DA:410,0
DA:411,0
DA:414,0
DA:415,0
DA:421,0
DA:422,0
DA:424,0
DA:425,0
DA:428,0
DA:429,0
DA:430,0
DA:435,0
DA:438,0
DA:439,0
DA:440,0
DA:443,0
DA:444,0
DA:447,0
DA:450,0
DA:458,0
DA:459,0
DA:464,0
DA:468,0
DA:469,0
DA:472,0
DA:473,0
DA:476,0
DA:479,0
DA:480,0
DA:482,0
DA:483,0
DA:485,0
DA:486,0
DA:489,0
DA:490,0
DA:496,0
DA:497,0
DA:499,0
DA:500,0
DA:503,0
DA:504,0
DA:505,0
DA:507,0
DA:509,0
DA:512,0
DA:513,0
DA:514,0
DA:517,0
DA:518,0
DA:521,0
DA:524,0
DA:534,0
DA:535,0
DA:536,0
DA:538,0
DA:539,0
DA:541,0
DA:542,0
DA:553,0
DA:554,0
DA:556,0
DA:557,0
DA:560,0
DA:561,0
DA:563,0
DA:564,0
DA:565,0
DA:566,0
DA:567,0
DA:568,0
DA:569,0
DA:571,0
DA:572,0
DA:573,0
DA:574,0
DA:575,0
DA:576,0
DA:577,0
DA:578,0
DA:579,0
DA:580,0
DA:582,0
DA:583,0
DA:584,0
DA:586,0
DA:587,0
DA:588,0
DA:589,0
DA:590,0
DA:591,0
DA:592,0
DA:594,0
DA:596,0
DA:597,0
DA:598,0
DA:599,0
DA:600,0
DA:601,0
DA:603,0
DA:604,0
DA:605,0
DA:607,0
DA:608,0
DA:609,0
DA:610,0
DA:611,0
DA:612,0
DA:613,0
DA:615,0
DA:618,0
DA:627,1
DA:629,1
DA:630,0
DA:634,1
DA:635,1
DA:638,1
DA:639,1
DA:640,1
DA:642,1
DA:644,1
DA:645,1
DA:647,1
DA:648,1
DA:649,1
DA:650,1
DA:651,1
DA:653,1
DA:654,1
DA:655,1
DA:657,1
DA:658,1
DA:659,1
DA:661,1
DA:662,1
DA:663,1
DA:665,1
DA:666,1
DA:667,1
DA:669,1
DA:674,1
DA:676,0
DA:677,0
DA:678,0
DA:679,0
DA:682,1
DA:683,1
DA:684,1
DA:686,1
DA:687,1
DA:688,1
DA:690,1
DA:691,1
DA:692,1
DA:693,1
DA:695,1
DA:696,1
DA:697,1
DA:699,1
DA:700,1
DA:701,1
DA:702,1
DA:703,1
DA:704,1
DA:706,1
DA:708,1
DA:709,1
DA:710,1
DA:711,1
DA:712,1
DA:713,1
DA:715,1
DA:717,1
DA:720,1
DA:729,0
DA:731,0
DA:732,0
DA:735,0
DA:736,0
DA:737,0
DA:739,0
DA:740,0
DA:741,0
DA:742,0
DA:743,0
DA:745,0
DA:746,0
DA:747,0
DA:749,0
DA:758,0
DA:760,0
DA:761,0
DA:764,0
DA:765,0
DA:766,0
DA:768,0
DA:769,0
DA:770,0
DA:771,0
DA:772,0
DA:774,0
DA:775,0
DA:776,0
DA:778,0
DA:790,17
DA:791,17
DA:795,17
DA:796,0
DA:797,0
DA:801,0
DA:814,1
DA:816,1
DA:817,0
DA:821,1
DA:822,0
DA:823,0
DA:827,1
DA:829,1
DA:830,1
DA:832,1
DA:833,1
DA:834,1
DA:836,1
DA:837,1
DA:838,1
DA:840,1
DA:841,1
DA:842,1
DA:844,1
DA:845,1
DA:846,1
DA:847,1
DA:849,1
DA:851,1
DA:852,1
DA:853,1
DA:854,1
DA:855,1
DA:856,1
DA:858,1
DA:861,1
DA:870,1
DA:872,1
DA:873,0
DA:877,1
DA:878,0
DA:879,0
DA:883,1
DA:885,1
DA:886,1
DA:888,1
DA:889,1
DA:890,1
DA:892,1
DA:893,1
DA:894,1
DA:896,1
DA:897,1
DA:898,1
DA:900,1
DA:901,1
DA:902,1
DA:903,1
DA:905,1
DA:907,1
DA:908,1
DA:909,1
DA:910,1
DA:912,1
DA:914,1
DA:916,1
DA:919,1
DA:928,0
DA:929,0
DA:934,0
DA:936,0
DA:938,0
DA:945,0
LF:452
LH:240
BRDA:88,0,0,4
BRDA:88,0,1,0
BRDA:99,1,0,4
BRDA:99,1,1,0
BRDA:109,2,0,1
BRDA:109,2,1,0
BRDA:116,3,0,4
BRDA:116,3,1,0
BRDA:130,4,0,2
BRDA:130,4,1,1
BRDA:131,5,0,2
BRDA:131,5,1,0
BRDA:143,6,0,1
BRDA:143,6,1,0
BRDA:167,7,0,1
BRDA:167,7,1,0
BRDA:186,8,0,6
BRDA:186,8,1,0
BRDA:189,9,0,6
BRDA:189,9,1,0
BRDA:192,10,0,6
BRDA:192,10,1,0
BRDA:195,11,0,6
BRDA:195,11,1,0
BRDA:198,12,0,6
BRDA:198,12,1,0
BRDA:201,13,0,6
BRDA:201,13,1,0
BRDA:210,14,0,6
BRDA:210,14,1,0
BRDA:223,15,0,0
BRDA:223,15,1,6
BRDA:229,16,0,1
BRDA:229,16,1,5
BRDA:277,17,0,5
BRDA:277,17,1,0
BRDA:294,18,0,0
BRDA:294,18,1,0
BRDA:313,19,0,0
BRDA:313,19,1,0
BRDA:322,20,0,0
BRDA:322,20,1,0
BRDA:339,21,0,0
BRDA:339,21,1,0
BRDA:339,22,0,0
BRDA:339,22,1,0
BRDA:347,23,0,0
BRDA:347,23,1,0
BRDA:350,24,0,0
BRDA:350,24,1,0
BRDA:365,25,0,11
BRDA:365,25,1,0
BRDA:377,26,0,0
BRDA:377,26,1,0
BRDA:380,27,0,0
BRDA:380,27,1,0
BRDA:384,28,0,0
BRDA:384,28,1,0
BRDA:393,29,0,0
BRDA:393,29,1,0
BRDA:404,30,0,0
BRDA:404,30,1,0
BRDA:407,31,0,0
BRDA:407,31,1,0
BRDA:410,32,0,0
BRDA:410,32,1,0
BRDA:421,33,0,0
BRDA:421,33,1,0
BRDA:424,34,0,0
BRDA:424,34,1,0
BRDA:428,35,0,0
BRDA:428,35,1,0
BRDA:435,36,0,0
BRDA:435,36,1,0
BRDA:443,37,0,0
BRDA:443,37,1,0
BRDA:458,38,0,0
BRDA:458,38,1,0
BRDA:468,39,0,0
BRDA:468,39,1,0
BRDA:479,40,0,0
BRDA:479,40,1,0
BRDA:482,41,0,0
BRDA:482,41,1,0
BRDA:485,42,0,0
BRDA:485,42,1,0
BRDA:496,43,0,0
BRDA:496,43,1,0
BRDA:499,44,0,0
BRDA:499,44,1,0
BRDA:503,45,0,0
BRDA:503,45,1,0
BRDA:509,46,0,0
BRDA:509,46,1,0
BRDA:517,47,0,0
BRDA:517,47,1,0
BRDA:535,48,0,0
BRDA:535,48,1,0
BRDA:538,49,0,0
BRDA:538,49,1,0
BRDA:541,50,0,0
BRDA:541,50,1,0
BRDA:554,51,0,0
BRDA:554,51,1,0
BRDA:556,52,0,0
BRDA:556,52,1,0
BRDA:563,53,0,0
BRDA:563,53,1,0
BRDA:574,54,0,0
BRDA:574,54,1,0
BRDA:629,55,0,0
BRDA:629,55,1,1
BRDA:634,56,0,1
BRDA:634,56,1,0
BRDA:635,57,0,1
BRDA:635,57,1,0
BRDA:639,58,0,1
BRDA:639,58,1,0
BRDA:640,59,0,1
BRDA:640,59,1,0
BRDA:657,60,0,1
BRDA:657,60,1,0
BRDA:682,61,0,1
BRDA:682,61,1,0
BRDA:692,62,0,1
BRDA:692,62,1,0
BRDA:701,63,0,1
BRDA:701,63,1,0
BRDA:702,64,0,1
BRDA:702,64,1,0
BRDA:703,65,0,1
BRDA:703,65,1,0
BRDA:731,66,0,0
BRDA:731,66,1,0
BRDA:760,67,0,0
BRDA:760,67,1,0
BRDA:795,68,0,0
BRDA:795,68,1,17
BRDA:803,69,0,0
BRDA:803,69,1,0
BRDA:816,70,0,0
BRDA:816,70,1,1
BRDA:816,71,0,1
BRDA:816,71,1,1
BRDA:821,72,0,0
BRDA:821,72,1,1
BRDA:821,73,0,1
BRDA:821,73,1,1
BRDA:872,74,0,0
BRDA:872,74,1,1
BRDA:872,75,0,1
BRDA:872,75,1,1
BRDA:877,76,0,0
BRDA:877,76,1,1
BRDA:877,77,0,1
BRDA:877,77,1,1
BRDA:934,78,0,0
BRDA:934,78,1,0
BRDA:948,79,0,0
BRDA:948,79,1,0
BRF:160
BRH:45
end_of_record
TN:
SF:options/SearchableDatabaseSelector.js
FN:22,(anonymous_0)
FN:53,(anonymous_1)
FN:78,(anonymous_2)
FN:79,(anonymous_3)
FN:96,(anonymous_4)
FN:101,(anonymous_5)
FN:107,(anonymous_6)
FN:112,(anonymous_7)
FN:117,(anonymous_8)
FN:123,(anonymous_9)
FN:135,(anonymous_10)
FN:136,(anonymous_11)
FN:165,(anonymous_12)
FN:168,(anonymous_13)
FN:176,(anonymous_14)
FN:186,(anonymous_15)
FN:191,(anonymous_16)
FN:203,(anonymous_17)
FN:213,(anonymous_18)
FN:261,(anonymous_19)
FN:284,(anonymous_20)
FN:314,(anonymous_21)
FN:316,(anonymous_22)
FN:325,(anonymous_23)
FN:423,(anonymous_24)
FN:438,(anonymous_25)
FN:455,(anonymous_26)
FN:488,(anonymous_27)
FN:497,(anonymous_28)
FN:508,(anonymous_29)
FN:516,(anonymous_30)
FN:557,(anonymous_31)
FN:579,(anonymous_32)
FN:588,(anonymous_33)
FN:602,(anonymous_34)
FN:625,(anonymous_35)
FN:641,(anonymous_36)
FN:651,(anonymous_37)
FN:658,(anonymous_38)
FN:664,(anonymous_39)
FN:689,(anonymous_40)
FN:699,(anonymous_41)
FN:707,(anonymous_42)
FNF:43
FNH:38
FNDA:40,(anonymous_0)
FNDA:37,(anonymous_1)
FNDA:37,(anonymous_2)
FNDA:1,(anonymous_3)
FNDA:0,(anonymous_4)
FNDA:0,(anonymous_5)
FNDA:0,(anonymous_6)
FNDA:1,(anonymous_7)
FNDA:13,(anonymous_8)
FNDA:0,(anonymous_9)
FNDA:19,(anonymous_10)
FNDA:39,(anonymous_11)
FNDA:39,(anonymous_12)
FNDA:39,(anonymous_13)
FNDA:1,(anonymous_14)
FNDA:3,(anonymous_15)
FNDA:4,(anonymous_16)
FNDA:2,(anonymous_17)
FNDA:10,(anonymous_18)
FNDA:7,(anonymous_19)
FNDA:49,(anonymous_20)
FNDA:69,(anonymous_21)
FNDA:0,(anonymous_22)
FNDA:69,(anonymous_23)
FNDA:70,(anonymous_24)
FNDA:15,(anonymous_25)
FNDA:2,(anonymous_26)
FNDA:10,(anonymous_27)
FNDA:16,(anonymous_28)
FNDA:3,(anonymous_29)
FNDA:6,(anonymous_30)
FNDA:2,(anonymous_31)
FNDA:2,(anonymous_32)
FNDA:24,(anonymous_33)
FNDA:2,(anonymous_34)
FNDA:2,(anonymous_35)
FNDA:9,(anonymous_36)
FNDA:25,(anonymous_37)
FNDA:63,(anonymous_38)
FNDA:4,(anonymous_39)
FNDA:39,(anonymous_40)
FNDA:1,(anonymous_41)
FNDA:1,(anonymous_42)
DA:19,4
DA:23,40
DA:25,40
DA:26,1
DA:28,39
DA:29,1
DA:31,38
DA:32,1
DA:35,37
DA:36,37
DA:37,37
DA:38,37
DA:39,37
DA:40,37
DA:41,37
DA:42,37
DA:43,37
DA:44,37
DA:45,37
DA:46,37
DA:47,37
DA:49,37
DA:50,37
DA:54,37
DA:55,37
DA:56,37
DA:57,37
DA:58,37
DA:59,37
DA:60,37
DA:61,37
DA:62,37
DA:64,37
DA:73,37
DA:74,1
DA:79,37
DA:80,1
DA:81,1
DA:83,1
DA:84,0
DA:87,1
DA:88,1
DA:89,1
DA:90,1
DA:93,0
DA:94,0
DA:96,0
DA:97,0
DA:101,37
DA:102,0
DA:103,0
DA:107,37
DA:108,0
DA:109,0
DA:112,37
DA:113,1
DA:114,1
DA:117,37
DA:118,13
DA:119,12
DA:123,37
DA:124,0
DA:127,37
DA:128,37
DA:129,37
DA:130,37
DA:131,37
DA:132,37
DA:136,39
DA:147,19
DA:149,19
DA:150,18
DA:151,18
DA:154,19
DA:156,19
DA:157,19
DA:158,19
DA:159,19
DA:161,19
DA:162,19
DA:165,39
DA:167,19
DA:168,39
DA:171,19
DA:172,19
DA:175,19
DA:176,1
DA:177,1
DA:178,1
DA:179,1
DA:181,1
DA:187,3
DA:189,3
DA:190,2
DA:192,4
DA:195,1
DA:198,3
DA:199,3
DA:200,3
DA:204,2
DA:205,2
DA:206,2
DA:207,2
DA:208,2
DA:209,2
DA:210,2
DA:214,10
DA:215,1
DA:217,9
DA:218,9
DA:220,9
DA:221,9
DA:222,8
DA:223,2
DA:226,6
DA:227,1
DA:228,1
DA:231,5
DA:232,5
DA:233,0
DA:235,5
DA:237,5
DA:238,3
DA:239,0
DA:242,3
DA:245,3
DA:246,3
DA:250,3
DA:252,3
DA:254,9
DA:255,7
DA:256,7
DA:262,7
DA:263,7
DA:265,7
DA:266,7
DA:268,7
DA:269,7
DA:270,7
DA:272,7
DA:273,7
DA:274,7
DA:275,7
DA:276,7
DA:277,7
DA:278,7
DA:280,7
DA:285,49
DA:286,0
DA:289,49
DA:291,49
DA:292,13
DA:293,13
DA:295,13
DA:296,13
DA:297,13
DA:298,13
DA:300,13
DA:301,13
DA:302,13
DA:304,13
DA:305,13
DA:306,13
DA:308,13
DA:309,13
DA:312,36
DA:314,36
DA:315,69
DA:316,69
DA:317,0
DA:319,69
DA:322,36
DA:326,69
DA:327,69
DA:329,69
DA:330,69
DA:331,69
DA:332,3
DA:334,69
DA:335,1
DA:338,69
DA:339,69
DA:341,69
DA:342,69
DA:344,69
DA:345,69
DA:349,69
DA:351,69
DA:352,0
DA:353,0
DA:354,0
DA:355,0
DA:356,0
DA:359,69
DA:361,69
DA:362,69
DA:364,69
DA:365,0
DA:366,0
DA:368,0
DA:370,0
DA:371,0
DA:372,0
DA:375,0
DA:376,0
DA:377,0
DA:381,0
DA:382,0
DA:383,0
DA:386,0
DA:387,0
DA:388,0
DA:391,0
DA:392,0
DA:396,0
DA:397,0
DA:398,0
DA:399,0
DA:400,0
DA:402,0
DA:403,0
DA:404,0
DA:405,0
DA:408,69
DA:409,69
DA:410,69
DA:411,69
DA:412,69
DA:413,69
DA:414,69
DA:415,69
DA:416,69
DA:417,69
DA:419,69
DA:420,69
DA:424,70
DA:425,70
DA:426,61
DA:427,61
DA:430,9
DA:432,9
DA:435,9
DA:436,9
DA:438,9
DA:439,15
DA:440,3
DA:441,3
DA:442,3
DA:443,3
DA:444,12
DA:445,6
DA:449,0
DA:452,9
DA:456,2
DA:458,2
DA:459,2
DA:462,2
DA:463,2
DA:465,2
DA:466,2
DA:467,2
DA:471,2
DA:476,2
DA:477,2
DA:478,2
DA:483,2
DA:484,0
DA:489,10
DA:490,10
DA:492,10
DA:493,10
DA:494,10
DA:498,16
DA:499,16
DA:501,16
DA:502,16
DA:503,16
DA:504,16
DA:505,16
DA:509,3
DA:510,1
DA:511,2
DA:512,1
DA:517,6
DA:518,2
DA:519,2
DA:520,2
DA:522,2
DA:525,4
DA:527,1
DA:528,1
DA:529,1
DA:530,1
DA:531,1
DA:532,1
DA:535,1
DA:536,1
DA:537,1
DA:538,1
DA:539,1
DA:540,1
DA:543,1
DA:544,1
DA:545,1
DA:547,1
DA:550,1
DA:551,1
DA:552,1
DA:558,2
DA:559,0
DA:563,2
DA:564,2
DA:565,2
DA:566,2
DA:571,2
DA:572,2
DA:573,2
DA:574,2
DA:580,2
DA:581,2
DA:582,2
DA:583,2
DA:589,24
DA:590,0
DA:592,24
DA:593,24
DA:595,24
DA:596,22
DA:598,2
DA:603,2
DA:604,2
DA:605,2
DA:606,0
DA:607,0
DA:610,2
DA:611,2
DA:613,1
DA:614,1
DA:618,1
DA:619,1
DA:621,2
DA:626,2
DA:627,2
DA:628,2
DA:629,2
DA:630,2
DA:631,2
DA:632,2
DA:633,2
DA:634,2
DA:635,2
DA:636,2
DA:638,2
DA:642,9
DA:643,0
DA:645,9
DA:646,9
DA:647,7
DA:652,25
DA:655,25
DA:659,63
DA:660,62
DA:665,4
DA:666,4
DA:669,0
DA:670,0
DA:671,0
DA:672,0
DA:674,0
DA:675,0
DA:677,0
DA:678,0
DA:680,0
DA:681,0
DA:683,0
DA:686,0
DA:690,39
DA:691,39
DA:692,3
DA:693,3
DA:694,3
DA:696,36
DA:697,34
DA:698,2
DA:699,1
DA:700,1
DA:701,1
DA:704,39
DA:708,1
DA:709,0
DA:710,0
DA:712,1
DA:713,1
DA:714,1
DA:715,1
DA:716,1
DA:717,1
DA:718,1
DA:719,1
DA:720,1
DA:721,1
DA:722,1
DA:723,1
DA:724,1
DA:728,1
DA:729,1
DA:730,1
DA:731,1
LF:408
LH:342
BRDA:22,0,0,0
BRDA:25,1,0,1
BRDA:25,1,1,39
BRDA:28,2,0,1
BRDA:28,2,1,38
BRDA:31,3,0,1
BRDA:31,3,1,37
BRDA:73,4,0,1
BRDA:73,4,1,36
BRDA:83,5,0,0
BRDA:83,5,1,1
BRDA:87,6,0,1
BRDA:87,6,1,0
BRDA:102,7,0,0
BRDA:102,7,1,0
BRDA:118,8,0,12
BRDA:118,8,1,1
BRDA:118,9,0,13
BRDA:118,9,1,13
BRDA:135,10,0,18
BRDA:149,11,0,18
BRDA:149,11,1,1
BRDA:161,12,0,19
BRDA:161,12,1,0
BRDA:168,13,0,39
BRDA:168,13,1,38
BRDA:171,14,0,19
BRDA:171,14,1,0
BRDA:175,15,0,1
BRDA:175,15,1,18
BRDA:177,16,0,1
BRDA:177,16,1,0
BRDA:178,17,0,1
BRDA:178,17,1,0
BRDA:189,18,0,2
BRDA:189,18,1,1
BRDA:192,19,0,4
BRDA:192,19,1,3
BRDA:214,20,0,1
BRDA:214,20,1,9
BRDA:214,21,0,10
BRDA:214,21,1,10
BRDA:222,22,0,2
BRDA:222,22,1,6
BRDA:226,23,0,1
BRDA:226,23,1,5
BRDA:232,24,0,0
BRDA:232,24,1,5
BRDA:238,25,0,0
BRDA:238,25,1,3
BRDA:254,26,0,7
BRDA:254,26,1,2
BRDA:262,27,0,7
BRDA:262,27,1,0
BRDA:285,28,0,0
BRDA:285,28,1,49
BRDA:291,29,0,13
BRDA:291,29,1,36
BRDA:326,30,0,69
BRDA:326,30,1,8
BRDA:331,31,0,3
BRDA:331,31,1,66
BRDA:334,32,0,1
BRDA:334,32,1,68
BRDA:344,33,0,69
BRDA:344,33,1,0
BRDA:351,34,0,0
BRDA:351,34,1,69
BRDA:364,35,0,0
BRDA:364,35,1,69
BRDA:368,36,0,0
BRDA:368,36,1,0
BRDA:368,36,2,0
BRDA:368,36,3,0
BRDA:368,36,4,0
BRDA:368,36,5,0
BRDA:412,37,0,6
BRDA:412,37,1,63
BRDA:415,38,0,6
BRDA:415,38,1,63
BRDA:425,39,0,61
BRDA:425,39,1,9
BRDA:439,40,0,3
BRDA:439,40,1,12
BRDA:444,41,0,6
BRDA:444,41,1,6
BRDA:458,42,0,2
BRDA:458,42,1,0
BRDA:462,43,0,2
BRDA:462,43,1,0
BRDA:466,44,0,2
BRDA:466,44,1,0
BRDA:479,45,0,0
BRDA:479,45,1,2
BRDA:483,46,0,0
BRDA:483,46,1,2
BRDA:489,47,0,10
BRDA:489,47,1,0
BRDA:498,48,0,16
BRDA:498,48,1,0
BRDA:509,49,0,1
BRDA:509,49,1,2
BRDA:511,50,0,1
BRDA:511,50,1,1
BRDA:517,51,0,2
BRDA:517,51,1,4
BRDA:518,52,0,2
BRDA:518,52,1,0
BRDA:518,53,0,2
BRDA:518,53,1,1
BRDA:525,54,0,1
BRDA:525,54,1,1
BRDA:525,54,2,1
BRDA:525,54,3,1
BRDA:544,55,0,1
BRDA:544,55,1,0
BRDA:544,56,0,1
BRDA:544,56,1,1
BRDA:558,57,0,0
BRDA:558,57,1,2
BRDA:563,58,0,2
BRDA:563,58,1,0
BRDA:565,59,0,2
BRDA:565,59,1,0
BRDA:571,60,0,2
BRDA:571,60,1,0
BRDA:573,61,0,2
BRDA:573,61,1,0
BRDA:580,62,0,2
BRDA:580,62,1,0
BRDA:580,63,0,2
BRDA:580,63,1,2
BRDA:582,64,0,2
BRDA:582,64,1,0
BRDA:589,65,0,0
BRDA:589,65,1,24
BRDA:595,66,0,22
BRDA:595,66,1,2
BRDA:605,67,0,0
BRDA:605,67,1,2
BRDA:626,68,0,2
BRDA:626,68,1,0
BRDA:642,69,0,0
BRDA:642,69,1,9
BRDA:646,70,0,7
BRDA:646,70,1,2
BRDA:652,71,0,25
BRDA:652,71,1,0
BRDA:655,72,0,25
BRDA:655,72,1,23
BRDA:659,73,0,62
BRDA:659,73,1,1
BRDA:660,74,0,10
BRDA:660,74,1,52
BRDA:665,75,0,4
BRDA:665,75,1,0
BRDA:669,76,0,0
BRDA:669,76,1,0
BRDA:669,77,0,0
BRDA:669,77,1,0
BRDA:671,78,0,0
BRDA:671,78,1,0
BRDA:674,79,0,0
BRDA:674,79,1,0
BRDA:677,80,0,0
BRDA:677,80,1,0
BRDA:680,81,0,0
BRDA:680,81,1,0
BRDA:683,82,0,0
BRDA:683,82,1,0
BRDA:690,83,0,3
BRDA:690,83,1,36
BRDA:691,84,0,3
BRDA:691,84,1,36
BRDA:691,85,0,39
BRDA:691,85,1,3
BRDA:693,86,0,3
BRDA:693,86,1,0
BRDA:694,87,0,3
BRDA:694,87,1,0
BRDA:694,87,2,0
BRDA:696,88,0,34
BRDA:696,88,1,2
BRDA:696,89,0,36
BRDA:696,89,1,35
BRDA:697,90,0,34
BRDA:697,90,1,0
BRDA:697,90,2,0
BRDA:698,91,0,1
BRDA:698,91,1,1
BRDA:700,92,0,1
BRDA:700,92,1,0
BRDA:700,93,0,1
BRDA:700,93,1,1
BRDA:701,94,0,1
BRDA:701,94,1,0
BRDA:701,94,2,0
BRDA:708,95,0,0
BRDA:708,95,1,1
BRDA:712,96,0,1
BRDA:712,96,1,0
BRF:201
BRH:133
end_of_record
TN:
SF:options/StorageManager.js
FN:27,(anonymous_0)
FN:33,(anonymous_1)
FN:39,(anonymous_2)
FN:62,(anonymous_3)
FN:64,(anonymous_4)
FN:67,(anonymous_5)
FN:70,(anonymous_6)
FN:73,(anonymous_7)
FN:76,(anonymous_8)
FN:81,(anonymous_9)
FN:86,(anonymous_10)
FN:122,(anonymous_11)
FN:154,(anonymous_12)
FN:174,(anonymous_13)
FN:190,(anonymous_14)
FN:208,(anonymous_15)
FN:217,(anonymous_16)
FN:232,(anonymous_17)
FN:270,(anonymous_18)
FN:315,(anonymous_19)
FN:341,(anonymous_20)
FN:370,(anonymous_21)
FN:387,(anonymous_22)
FN:428,(anonymous_23)
FN:447,(anonymous_24)
FN:450,(anonymous_25)
FN:465,(anonymous_26)
FN:467,(anonymous_27)
FN:468,(anonymous_28)
FN:478,(anonymous_29)
FN:522,(anonymous_30)
FN:582,(anonymous_31)
FN:587,(anonymous_32)
FNF:33
FNH:25
FNDA:38,(anonymous_0)
FNDA:38,(anonymous_1)
FNDA:38,(anonymous_2)
FNDA:38,(anonymous_3)
FNDA:0,(anonymous_4)
FNDA:0,(anonymous_5)
FNDA:0,(anonymous_6)
FNDA:0,(anonymous_7)
FNDA:0,(anonymous_8)
FNDA:3,(anonymous_9)
FNDA:3,(anonymous_10)
FNDA:5,(anonymous_11)
FNDA:0,(anonymous_12)
FNDA:65,(anonymous_13)
FNDA:41,(anonymous_14)
FNDA:0,(anonymous_15)
FNDA:0,(anonymous_16)
FNDA:65,(anonymous_17)
FNDA:31,(anonymous_18)
FNDA:33,(anonymous_19)
FNDA:32,(anonymous_20)
FNDA:32,(anonymous_21)
FNDA:32,(anonymous_22)
FNDA:7,(anonymous_23)
FNDA:6,(anonymous_24)
FNDA:8,(anonymous_25)
FNDA:6,(anonymous_26)
FNDA:5,(anonymous_27)
FNDA:5,(anonymous_28)
FNDA:5,(anonymous_29)
FNDA:37,(anonymous_30)
FNDA:37,(anonymous_31)
FNDA:73,(anonymous_32)
DA:28,38
DA:29,38
DA:30,38
DA:34,38
DA:35,38
DA:36,38
DA:40,38
DA:64,38
DA:67,38
DA:68,0
DA:70,38
DA:73,38
DA:76,38
DA:77,0
DA:82,3
DA:83,3
DA:84,3
DA:86,3
DA:87,3
DA:89,2
DA:91,2
DA:97,2
DA:101,2
DA:102,2
DA:103,2
DA:104,2
DA:105,2
DA:106,2
DA:107,2
DA:108,2
DA:110,2
DA:111,2
DA:112,2
DA:114,1
DA:115,1
DA:116,1
DA:117,1
DA:118,1
DA:123,5
DA:124,5
DA:125,0
DA:128,5
DA:129,5
DA:130,5
DA:132,5
DA:133,5
DA:137,5
DA:138,2
DA:141,3
DA:143,3
DA:145,2
DA:146,2
DA:147,2
DA:148,2
DA:151,2
DA:154,2
DA:155,0
DA:158,3
DA:159,3
DA:160,3
DA:161,3
DA:162,3
DA:163,3
DA:175,65
DA:176,65
DA:177,0
DA:178,0
DA:179,0
DA:181,65
DA:182,65
DA:183,0
DA:184,0
DA:185,0
DA:187,65
DA:191,41
DA:192,41
DA:193,1
DA:197,40
DA:199,40
DA:200,40
DA:201,40
DA:202,25
DA:203,25
DA:204,25
DA:207,25
DA:208,25
DA:209,0
DA:211,25
DA:213,0
DA:216,0
DA:217,0
DA:218,0
DA:233,65
DA:234,0
DA:237,65
DA:240,65
DA:246,65
DA:249,65
DA:250,65
DA:251,65
DA:253,65
DA:254,65
DA:255,0
DA:257,65
DA:258,40
DA:260,65
DA:262,0
DA:266,65
DA:267,65
DA:271,31
DA:272,1
DA:275,30
DA:276,30
DA:278,30
DA:279,30
DA:280,2
DA:281,28
DA:282,1
DA:285,30
DA:287,30
DA:288,28
DA:290,2
DA:293,30
DA:294,30
DA:295,30
DA:298,30
DA:299,1
DA:300,1
DA:304,29
DA:305,1
DA:306,1
DA:316,33
DA:317,33
DA:318,1
DA:321,32
DA:322,32
DA:325,32
DA:327,32
DA:328,32
DA:329,32
DA:342,32
DA:343,32
DA:344,32
DA:346,32
DA:347,1
DA:348,1
DA:349,31
DA:350,1
DA:351,1
DA:352,1
DA:357,30
DA:358,30
DA:360,32
DA:371,32
DA:372,31
DA:374,1
DA:375,1
DA:376,1
DA:377,1
DA:388,32
DA:389,32
DA:391,32
DA:392,30
DA:393,30
DA:395,30
DA:398,2
DA:399,2
DA:400,2
DA:402,2
DA:403,2
DA:404,2
DA:406,2
DA:407,1
DA:409,2
DA:410,0
DA:412,2
DA:413,0
DA:416,2
DA:417,2
DA:419,2
DA:420,2
DA:429,7
DA:430,7
DA:431,1
DA:432,1
DA:435,6
DA:436,6
DA:437,6
DA:440,6
DA:441,6
DA:443,6
DA:444,6
DA:446,6
DA:447,6
DA:449,6
DA:450,8
DA:453,6
DA:454,1
DA:455,1
DA:456,1
DA:459,5
DA:465,6
DA:467,5
DA:468,5
DA:469,5
DA:470,1
DA:472,4
DA:477,4
DA:478,5
DA:481,4
DA:482,4
DA:488,4
DA:494,4
DA:496,1
DA:501,1
DA:502,1
DA:503,1
DA:505,6
DA:506,6
DA:523,37
DA:524,1
DA:528,36
DA:532,36
DA:533,36
DA:534,1
DA:538,36
DA:539,25
DA:541,5
DA:542,5
DA:545,3
DA:546,3
DA:549,0
DA:550,0
DA:553,17
DA:554,17
DA:557,0
DA:558,0
DA:564,36
DA:567,36
DA:568,36
DA:569,36
DA:570,36
DA:574,36
DA:575,36
DA:576,36
DA:579,36
DA:580,36
DA:582,36
DA:585,37
DA:587,37
DA:588,73
DA:589,0
DA:592,73
DA:594,18
DA:595,18
DA:596,18
DA:597,18
DA:600,55
DA:604,37
DA:605,1
DA:609,36
DA:612,36
LF:262
LH:237
BRDA:124,0,0,0
BRDA:124,0,1,5
BRDA:137,1,0,2
BRDA:137,1,1,3
BRDA:137,2,0,5
BRDA:137,2,1,4
BRDA:137,2,2,4
BRDA:176,3,0,0
BRDA:176,3,1,65
BRDA:182,4,0,0
BRDA:182,4,1,65
BRDA:192,5,0,1
BRDA:192,5,1,40
BRDA:232,6,0,25
BRDA:233,7,0,0
BRDA:233,7,1,65
BRDA:246,8,0,65
BRDA:246,8,1,0
BRDA:253,9,0,65
BRDA:253,9,1,0
BRDA:254,10,0,0
BRDA:254,10,1,65
BRDA:257,11,0,40
BRDA:257,11,1,25
BRDA:271,12,0,1
BRDA:271,12,1,30
BRDA:279,13,0,2
BRDA:279,13,1,28
BRDA:281,14,0,1
BRDA:281,14,1,27
BRDA:287,15,0,28
BRDA:287,15,1,2
BRDA:298,16,0,1
BRDA:298,16,1,29
BRDA:304,17,0,1
BRDA:304,17,1,28
BRDA:317,18,0,1
BRDA:317,18,1,32
BRDA:346,19,0,1
BRDA:346,19,1,31
BRDA:349,20,0,1
BRDA:349,20,1,30
BRDA:371,21,0,31
BRDA:371,21,1,1
BRDA:391,22,0,30
BRDA:391,22,1,2
BRDA:392,23,0,30
BRDA:392,23,1,0
BRDA:403,24,0,2
BRDA:403,24,1,0
BRDA:406,25,0,1
BRDA:406,25,1,1
BRDA:409,26,0,0
BRDA:409,26,1,2
BRDA:412,27,0,0
BRDA:412,27,1,2
BRDA:419,28,0,2
BRDA:419,28,1,0
BRDA:430,29,0,1
BRDA:430,29,1,6
BRDA:430,30,0,7
BRDA:430,30,1,6
BRDA:436,31,0,6
BRDA:436,31,1,0
BRDA:453,32,0,1
BRDA:453,32,1,5
BRDA:469,33,0,1
BRDA:469,33,1,4
BRDA:478,34,0,5
BRDA:478,34,1,0
BRDA:505,35,0,6
BRDA:505,35,1,0
BRDA:523,36,0,1
BRDA:523,36,1,36
BRDA:533,37,0,1
BRDA:533,37,1,35
BRDA:533,38,0,36
BRDA:533,38,1,12
BRDA:538,39,0,25
BRDA:538,39,1,11
BRDA:539,40,0,5
BRDA:539,40,1,3
BRDA:539,40,2,0
BRDA:539,40,3,17
BRDA:539,40,4,0
BRDA:567,41,0,36
BRDA:567,41,1,0
BRDA:574,42,0,36
BRDA:574,42,1,0
BRDA:588,43,0,0
BRDA:588,43,1,73
BRDA:592,44,0,18
BRDA:592,44,1,55
BRDA:604,45,0,1
BRDA:604,45,1,36
BRF:95
BRH:75
end_of_record
TN:
SF:options/UIManager.js
FN:30,(anonymous_0)
FN:41,(anonymous_1)
FN:64,(anonymous_2)
FN:87,(anonymous_3)
FN:118,(anonymous_4)
FN:145,(anonymous_5)
FN:163,(anonymous_6)
FN:205,(anonymous_7)
FN:224,(anonymous_8)
FN:232,(anonymous_9)
FN:270,(anonymous_10)
FNF:11
FNH:10
FNDA:27,(anonymous_0)
FNDA:10,(anonymous_1)
FNDA:7,(anonymous_2)
FNDA:7,(anonymous_3)
FNDA:7,(anonymous_4)
FNDA:1,(anonymous_5)
FNDA:2,(anonymous_6)
FNDA:0,(anonymous_7)
FNDA:1,(anonymous_8)
FNDA:1,(anonymous_9)
FNDA:4,(anonymous_10)
DA:18,6
DA:31,27
DA:32,27
DA:33,27
DA:42,10
DA:45,10
DA:46,10
DA:47,10
DA:66,7
DA:67,7
DA:68,7
DA:69,0
DA:72,7
DA:75,7
DA:77,7
DA:88,7
DA:89,1
DA:93,6
DA:94,6
DA:95,6
DA:96,6
DA:98,6
DA:99,2
DA:104,2
DA:107,6
DA:119,7
DA:120,7
DA:122,7
DA:123,4
DA:124,4
DA:125,4
DA:128,7
DA:129,7
DA:130,7
DA:131,7
DA:132,7
DA:135,7
DA:142,7
DA:144,7
DA:145,3
DA:146,1
DA:147,1
DA:165,2
DA:166,2
DA:167,0
DA:170,2
DA:171,2
DA:172,2
DA:174,2
DA:175,2
DA:177,2
DA:178,2
DA:179,2
DA:180,2
DA:181,2
DA:182,2
DA:183,2
DA:187,2
DA:188,2
DA:189,2
DA:192,2
DA:193,2
DA:194,2
DA:195,2
DA:196,2
DA:197,2
DA:198,2
DA:200,2
DA:202,2
DA:205,2
DA:207,0
DA:209,0
DA:210,0
DA:215,2
DA:216,2
DA:217,2
DA:225,1
DA:226,1
DA:234,1
DA:235,1
DA:236,0
DA:239,1
DA:240,1
DA:241,0
DA:244,1
DA:245,1
DA:247,1
DA:248,1
DA:250,1
DA:251,1
DA:253,1
DA:254,1
DA:255,1
DA:257,1
DA:258,1
DA:263,1
DA:270,1
DA:271,4
DA:273,4
DA:275,2
DA:278,2
DA:279,2
DA:281,2
DA:282,2
DA:283,2
DA:284,2
DA:286,2
DA:287,1
DA:291,4
DA:294,1
DA:295,1
LF:111
LH:104
BRDA:41,0,0,10
BRDA:64,1,0,0
BRDA:64,2,0,7
BRDA:66,3,0,7
BRDA:66,3,1,0
BRDA:67,4,0,7
BRDA:67,4,1,0
BRDA:68,5,0,0
BRDA:68,5,1,7
BRDA:75,6,0,4
BRDA:75,6,1,3
BRDA:75,7,0,7
BRDA:75,7,1,7
BRDA:88,8,0,1
BRDA:88,8,1,6
BRDA:88,9,0,7
BRDA:88,9,1,1
BRDA:89,10,0,1
BRDA:89,10,1,0
BRDA:89,11,0,1
BRDA:89,11,1,0
BRDA:93,12,0,6
BRDA:93,12,1,0
BRDA:98,13,0,2
BRDA:98,13,1,4
BRDA:104,14,0,2
BRDA:104,14,1,0
BRDA:122,15,0,4
BRDA:122,15,1,3
BRDA:128,16,0,7
BRDA:128,16,1,0
BRDA:144,17,0,3
BRDA:144,17,1,4
BRDA:163,18,0,0
BRDA:165,19,0,2
BRDA:165,19,1,0
BRDA:166,20,0,0
BRDA:166,20,1,2
BRDA:170,21,0,2
BRDA:170,21,1,0
BRDA:181,22,0,2
BRDA:181,22,1,0
BRDA:207,23,0,0
BRDA:207,23,1,0
BRDA:209,24,0,0
BRDA:209,24,1,0
BRDA:209,25,0,0
BRDA:209,25,1,0
BRDA:216,26,0,2
BRDA:216,26,1,0
BRDA:217,27,0,2
BRDA:217,27,1,0
BRDA:234,28,0,1
BRDA:234,28,1,0
BRDA:235,29,0,0
BRDA:235,29,1,1
BRDA:240,30,0,0
BRDA:240,30,1,1
BRDA:273,31,0,2
BRDA:273,31,1,2
BRDA:278,32,0,2
BRDA:278,32,1,0
BRDA:281,33,0,2
BRDA:281,33,1,0
BRDA:286,34,0,1
BRDA:286,34,1,1
BRF:66
BRH:39
end_of_record
TN:
SF:options/options.js
FN:23,initOptions
FN:29,(anonymous_1)
FN:67,(anonymous_2)
FN:77,(anonymous_3)
FN:84,(anonymous_4)
FN:89,(anonymous_5)
FN:108,(anonymous_6)
FN:115,(anonymous_7)
FN:123,(anonymous_8)
FN:134,setupSidebarNavigation
FN:146,(anonymous_10)
FN:147,(anonymous_11)
FN:161,(anonymous_12)
FN:172,(anonymous_13)
FN:180,(anonymous_14)
FN:202,cleanDatabaseId
FN:240,saveSettings
FN:331,setupTemplatePreview
FN:337,(anonymous_18)
FN:374,formatTitle
FN:375,(anonymous_20)
FN:384,displayAppVersion
FN:405,setupLogExport
FN:410,(anonymous_23)
FN:451,(anonymous_24)
FN:457,(anonymous_25)
FN:479,(anonymous_26)
FNF:27
FNH:27
FNDA:24,initOptions
FNDA:4,(anonymous_1)
FNDA:2,(anonymous_2)
FNDA:10,(anonymous_3)
FNDA:1,(anonymous_4)
FNDA:1,(anonymous_5)
FNDA:16,(anonymous_6)
FNDA:1,(anonymous_7)
FNDA:1,(anonymous_8)
FNDA:24,setupSidebarNavigation
FNDA:20,(anonymous_10)
FNDA:4,(anonymous_11)
FNDA:4,(anonymous_12)
FNDA:3,(anonymous_13)
FNDA:3,(anonymous_14)
FNDA:25,cleanDatabaseId
FNDA:15,saveSettings
FNDA:25,setupTemplatePreview
FNDA:1,(anonymous_18)
FNDA:3,formatTitle
FNDA:4,(anonymous_20)
FNDA:24,displayAppVersion
FNDA:24,setupLogExport
FNDA:5,(anonymous_23)
FNDA:1,(anonymous_24)
FNDA:1,(anonymous_25)
FNDA:4,(anonymous_26)
DA:25,24
DA:26,24
DA:28,24
DA:29,24
DA:30,4
DA:31,4
DA:32,1
DA:34,3
DA:36,24
DA:37,24
DA:40,24
DA:43,24
DA:44,1
DA:45,1
DA:46,1
DA:47,1
DA:49,1
DA:50,1
DA:55,24
DA:59,24
DA:60,24
DA:61,24
DA:64,24
DA:67,24
DA:68,2
DA:69,1
DA:70,1
DA:71,1
DA:72,1
DA:77,24
DA:78,10
DA:82,24
DA:83,24
DA:84,19
DA:87,24
DA:88,24
DA:89,19
DA:93,24
DA:96,24
DA:99,24
DA:102,24
DA:105,24
DA:106,24
DA:108,16
DA:109,16
DA:110,16
DA:111,16
DA:115,16
DA:116,1
DA:121,24
DA:122,24
DA:123,1
DA:124,1
DA:129,1
DA:135,24
DA:136,24
DA:138,24
DA:139,5
DA:143,5
DA:146,19
DA:147,20
DA:148,4
DA:149,4
DA:150,1
DA:156,1
DA:159,3
DA:161,4
DA:163,3
DA:164,1
DA:168,1
DA:172,2
DA:173,3
DA:174,3
DA:176,2
DA:177,2
DA:180,2
DA:181,3
DA:182,2
DA:183,2
DA:185,1
DA:186,1
DA:203,25
DA:204,3
DA:207,22
DA:215,22
DA:216,22
DA:218,22
DA:219,20
DA:223,22
DA:226,22
DA:227,4
DA:230,18
DA:241,15
DA:242,15
DA:243,15
DA:244,15
DA:245,15
DA:246,15
DA:247,15
DA:250,15
DA:251,1
DA:252,1
DA:256,14
DA:257,14
DA:258,1
DA:259,1
DA:263,13
DA:266,13
DA:274,13
DA:283,13
DA:284,13
DA:285,13
DA:290,13
DA:291,13
DA:292,11
DA:296,13
DA:297,13
DA:298,1
DA:302,13
DA:303,13
DA:309,11
DA:312,11
DA:314,2
DA:316,2
DA:317,2
DA:318,2
DA:324,2
DA:332,25
DA:333,25
DA:334,25
DA:336,25
DA:337,17
DA:338,1
DA:339,1
DA:341,1
DA:350,1
DA:353,1
DA:354,1
DA:355,1
DA:356,1
DA:357,1
DA:359,1
DA:360,1
DA:361,1
DA:362,1
DA:375,3
DA:376,4
DA:385,24
DA:386,24
DA:387,5
DA:390,19
DA:391,19
DA:392,18
DA:395,1
DA:406,24
DA:407,24
DA:409,24
DA:410,5
DA:411,5
DA:412,5
DA:415,5
DA:420,4
DA:421,1
DA:425,3
DA:426,1
DA:430,2
DA:431,1
DA:435,1
DA:438,1
DA:440,1
DA:443,1
DA:444,1
DA:445,1
DA:446,1
DA:447,1
DA:448,1
DA:449,1
DA:450,1
DA:451,1
DA:453,1
DA:454,1
DA:457,1
DA:458,1
DA:459,1
DA:462,4
DA:469,4
DA:470,4
DA:473,4
DA:475,4
DA:476,4
DA:479,4
DA:480,4
DA:481,4
DA:484,5
LF:194
LH:194
BRDA:31,0,0,1
BRDA:31,0,1,3
BRDA:34,1,0,3
BRDA:34,1,1,1
BRDA:43,2,0,1
BRDA:43,2,1,23
BRDA:46,3,0,1
BRDA:46,3,1,0
BRDA:49,4,0,1
BRDA:49,4,1,0
BRDA:68,5,0,1
BRDA:68,5,1,1
BRDA:71,6,0,1
BRDA:71,6,1,0
BRDA:83,7,0,19
BRDA:83,7,1,5
BRDA:88,8,0,19
BRDA:88,8,1,5
BRDA:106,9,0,16
BRDA:106,9,1,8
BRDA:109,10,0,16
BRDA:109,10,1,15
BRDA:122,11,0,1
BRDA:122,11,1,23
BRDA:138,12,0,5
BRDA:138,12,1,19
BRDA:138,13,0,24
BRDA:138,13,1,19
BRDA:149,14,0,1
BRDA:149,14,1,3
BRDA:153,15,0,1
BRDA:153,15,1,1
BRDA:154,16,0,1
BRDA:154,16,1,1
BRDA:163,17,0,1
BRDA:163,17,1,2
BRDA:181,18,0,2
BRDA:181,18,1,1
BRDA:203,19,0,3
BRDA:203,19,1,22
BRDA:218,20,0,20
BRDA:218,20,1,2
BRDA:218,21,0,22
BRDA:218,21,1,22
BRDA:218,21,2,18
BRDA:226,22,0,4
BRDA:226,22,1,18
BRDA:240,23,0,13
BRDA:250,24,0,1
BRDA:250,24,1,14
BRDA:250,25,0,15
BRDA:250,25,1,2
BRDA:257,26,0,1
BRDA:257,26,1,13
BRDA:279,27,0,13
BRDA:279,27,1,0
BRDA:285,28,0,11
BRDA:285,28,1,2
BRDA:291,29,0,11
BRDA:291,29,1,2
BRDA:297,30,0,1
BRDA:297,30,1,12
BRDA:316,31,0,2
BRDA:316,31,1,0
BRDA:317,32,0,0
BRDA:317,32,1,2
BRDA:336,33,0,17
BRDA:336,33,1,8
BRDA:336,34,0,25
BRDA:336,34,1,17
BRDA:336,34,2,17
BRDA:376,35,0,4
BRDA:376,35,1,1
BRDA:386,36,0,5
BRDA:386,36,1,19
BRDA:409,37,0,5
BRDA:409,37,1,19
BRDA:409,38,0,24
BRDA:409,38,1,5
BRDA:420,39,0,1
BRDA:420,39,1,3
BRDA:425,40,0,1
BRDA:425,40,1,2
BRDA:430,41,0,1
BRDA:430,41,1,1
BRDA:464,42,0,4
BRDA:464,42,1,0
BRF:87
BRH:80
end_of_record
TN:
SF:options/storageDataUtils.js
FN:39,_isCorruptedPageEntry
FN:51,sanitizeBackupData
FN:57,(anonymous_2)
FN:58,(anonymous_3)
FN:76,getStorageHealthReport
FN:77,(anonymous_5)
FN:78,(anonymous_6)
FN:146,_analyzeHealthEntry
FN:169,_analyzePageEntry
FN:211,_analyzeHighlightsEntry
FN:255,_analyzeAliasEntry
FN:292,_analyzeMigrationEntry
FNF:12
FNH:12
FNDA:30,_isCorruptedPageEntry
FNDA:8,sanitizeBackupData
FNDA:16,(anonymous_2)
FNDA:43,(anonymous_3)
FNDA:60,getStorageHealthReport
FNDA:60,(anonymous_5)
FNDA:45,(anonymous_6)
FNDA:27,_analyzeHealthEntry
FNDA:15,_analyzePageEntry
FNDA:8,_analyzeHighlightsEntry
FNDA:1,_analyzeAliasEntry
FNDA:1,_analyzeMigrationEntry
DA:27,2
DA:34,2
DA:36,2
DA:37,2
DA:40,30
DA:52,8
DA:53,0
DA:56,8
DA:58,43
DA:77,60
DA:78,60
DA:79,45
DA:80,1
DA:81,1
DA:83,44
DA:87,44
DA:88,44
DA:91,44
DA:92,44
DA:93,27
DA:94,11
DA:98,44
DA:129,44
DA:130,27
DA:133,44
DA:134,44
DA:147,27
DA:148,15
DA:149,12
DA:150,8
DA:151,4
DA:152,1
DA:153,3
DA:154,1
DA:155,2
DA:156,1
DA:157,1
DA:158,1
DA:170,15
DA:173,15
DA:175,15
DA:176,4
DA:177,4
DA:178,4
DA:179,4
DA:180,4
DA:181,4
DA:184,11
DA:185,11
DA:186,11
DA:188,11
DA:189,11
DA:190,11
DA:194,11
DA:195,6
DA:196,6
DA:197,6
DA:198,6
DA:212,8
DA:213,8
DA:216,8
DA:217,8
DA:218,1
DA:219,1
DA:220,1
DA:221,1
DA:222,1
DA:223,1
DA:227,7
DA:228,6
DA:229,6
DA:230,6
DA:234,7
DA:235,7
DA:236,7
DA:237,7
DA:239,7
DA:240,5
DA:241,5
DA:242,5
DA:243,5
DA:256,1
DA:258,1
DA:259,1
DA:260,1
DA:261,1
DA:267,1
DA:268,1
DA:269,1
DA:273,0
DA:277,0
DA:278,0
DA:279,0
DA:280,0
DA:281,0
DA:293,1
DA:294,1
DA:295,1
DA:297,1
DA:298,1
DA:299,1
DA:300,1
LF:102
LH:95
BRDA:41,0,0,30
BRDA:41,0,1,30
BRDA:41,0,2,30
BRDA:41,0,3,30
BRDA:52,1,0,0
BRDA:52,1,1,8
BRDA:52,2,0,8
BRDA:52,2,1,8
BRDA:52,2,2,8
BRDA:79,3,0,1
BRDA:79,3,1,44
BRDA:93,4,0,11
BRDA:93,4,1,16
BRDA:93,5,0,27
BRDA:93,5,1,15
BRDA:147,6,0,15
BRDA:147,6,1,12
BRDA:149,7,0,8
BRDA:149,7,1,4
BRDA:151,8,0,1
BRDA:151,8,1,3
BRDA:153,9,0,1
BRDA:153,9,1,2
BRDA:155,10,0,1
BRDA:155,10,1,1
BRDA:155,11,0,2
BRDA:155,11,1,2
BRDA:157,12,0,1
BRDA:157,12,1,0
BRDA:157,13,0,1
BRDA:157,13,1,0
BRDA:157,13,2,0
BRDA:175,14,0,4
BRDA:175,14,1,11
BRDA:185,15,0,11
BRDA:185,15,1,11
BRDA:189,16,0,11
BRDA:189,16,1,0
BRDA:194,17,0,6
BRDA:194,17,1,5
BRDA:194,18,0,11
BRDA:194,18,1,6
BRDA:216,19,0,8
BRDA:216,19,1,1
BRDA:216,19,2,1
BRDA:217,20,0,1
BRDA:217,20,1,7
BRDA:227,21,0,6
BRDA:227,21,1,1
BRDA:229,22,0,6
BRDA:229,22,1,0
BRDA:234,23,0,7
BRDA:234,23,1,0
BRDA:235,24,0,7
BRDA:235,24,1,7
BRDA:239,25,0,5
BRDA:239,25,1,2
BRDA:239,26,0,7
BRDA:239,26,1,5
BRDA:239,26,2,5
BRDA:258,27,0,1
BRDA:258,27,1,0
BRDA:258,28,0,1
BRDA:258,28,1,1
BRDA:259,29,0,1
BRDA:259,29,1,0
BRDA:259,30,0,0
BRDA:259,30,1,0
BRDA:273,31,0,0
BRDA:273,31,1,0
BRDA:273,31,2,0
BRDA:277,32,0,0
BRDA:277,32,1,0
BRF:73
BRH:57
end_of_record
TN:
SF:popup/popup.js
FN:39,initPopup
FN:91,(anonymous_1)
FN:97,(anonymous_2)
FN:142,(anonymous_3)
FN:148,(anonymous_4)
FN:159,(anonymous_5)
FN:172,(anonymous_6)
FN:178,(anonymous_7)
FN:199,(anonymous_8)
FNF:9
FNH:5
FNDA:15,initPopup
FNDA:0,(anonymous_1)
FNDA:4,(anonymous_2)
FNDA:0,(anonymous_3)
FNDA:2,(anonymous_4)
FNDA:0,(anonymous_5)
FNDA:0,(anonymous_6)
FNDA:1,(anonymous_7)
FNDA:2,(anonymous_8)
DA:36,2
DA:40,15
DA:43,15
DA:46,15
DA:49,15
DA:50,15
DA:52,2
DA:53,2
DA:54,1
DA:55,1
DA:56,1
DA:58,2
DA:59,2
DA:60,2
DA:61,2
DA:65,13
DA:66,13
DA:68,12
DA:69,12
DA:70,10
DA:72,2
DA:74,12
DA:77,1
DA:79,1
DA:80,1
DA:81,1
DA:86,13
DA:91,13
DA:92,0
DA:93,0
DA:97,13
DA:98,4
DA:99,4
DA:100,4
DA:102,4
DA:104,4
DA:105,3
DA:106,3
DA:110,3
DA:119,3
DA:120,3
DA:123,3
DA:124,3
DA:125,3
DA:126,3
DA:130,1
DA:136,1
DA:137,1
DA:138,1
DA:142,4
DA:143,0
DA:148,13
DA:150,2
DA:151,2
DA:152,2
DA:154,2
DA:156,2
DA:157,2
DA:158,2
DA:159,2
DA:160,0
DA:163,0
DA:164,0
DA:165,0
DA:166,0
DA:172,2
DA:173,0
DA:178,13
DA:179,1
DA:180,1
DA:181,1
DA:182,1
DA:183,0
DA:184,0
DA:185,0
DA:186,0
DA:198,13
DA:199,13
DA:200,2
DA:201,1
DA:202,1
DA:205,1
DA:212,2
LF:83
LH:70
BRDA:50,0,0,2
BRDA:50,0,1,13
BRDA:53,1,0,1
BRDA:53,1,1,1
BRDA:55,2,0,1
BRDA:55,2,1,0
BRDA:68,3,0,12
BRDA:68,3,1,0
BRDA:69,4,0,10
BRDA:69,4,1,2
BRDA:93,5,0,0
BRDA:93,5,1,0
BRDA:104,6,0,3
BRDA:104,6,1,1
BRDA:115,7,0,3
BRDA:115,7,1,1
BRDA:116,8,0,3
BRDA:116,8,1,1
BRDA:125,9,0,3
BRDA:125,9,1,0
BRDA:136,10,0,1
BRDA:136,10,1,0
BRDA:156,11,0,2
BRDA:156,11,1,0
BRDA:163,12,0,0
BRDA:163,12,1,0
BRDA:180,13,0,1
BRDA:180,13,1,0
BRDA:182,14,0,0
BRDA:182,14,1,1
BRDA:183,15,0,0
BRDA:183,15,1,0
BRDA:198,16,0,13
BRDA:198,16,1,0
BRDA:200,17,0,1
BRDA:200,17,1,1
BRF:36
BRH:22
end_of_record
TN:
SF:popup/popupActions.js
FN:20,checkSettings
FN:64,checkPageStatus
FN:89,savePage
FN:104,startHighlight
FN:120,openNotionPage
FN:141,getActiveTab
FNF:6
FNH:6
FNDA:14,checkSettings
FNDA:5,checkPageStatus
FNDA:4,savePage
FNDA:3,startHighlight
FNDA:4,openNotionPage
FNDA:6,getActiveTab
DA:21,14
DA:22,14
DA:31,14
DA:34,14
DA:35,14
DA:36,14
DA:38,14
DA:47,14
DA:53,0
DA:54,0
DA:65,5
DA:68,5
DA:72,5
DA:76,4
DA:79,1
DA:80,1
DA:90,4
DA:91,4
DA:92,4
DA:94,0
DA:95,0
DA:105,3
DA:106,3
DA:107,3
DA:109,0
DA:110,0
DA:122,4
DA:123,2
DA:124,2
DA:127,2
DA:128,2
DA:129,2
DA:131,0
DA:132,0
DA:142,6
DA:143,6
DA:144,5
DA:146,1
DA:147,1
LF:39
LH:31
BRDA:31,0,0,14
BRDA:31,0,1,1
BRDA:34,1,0,14
BRDA:34,1,1,7
BRDA:35,2,0,14
BRDA:35,2,1,10
BRDA:36,3,0,14
BRDA:36,3,1,6
BRDA:48,4,0,14
BRDA:48,4,1,3
BRDA:48,4,2,12
BRDA:64,5,0,4
BRDA:76,6,0,4
BRDA:76,6,1,0
BRDA:92,7,0,4
BRDA:92,7,1,0
BRDA:107,8,0,3
BRDA:107,8,1,1
BRDA:122,9,0,2
BRDA:122,9,1,2
BRDA:144,10,0,5
BRDA:144,10,1,1
BRF:22
BRH:20
end_of_record
TN:
SF:popup/popupUI.js
FN:26,getElements
FN:43,setStatus
FN:56,(anonymous_2)
FN:88,setButtonState
FN:101,setButtonText
FN:122,updateUIForSavedPage
FN:152,updateUIForUnsavedPage
FN:185,formatCount
FN:195,formatSaveSuccessMessage
FNF:9
FNH:8
FNDA:16,getElements
FNDA:19,setStatus
FNDA:0,(anonymous_2)
FNDA:6,setButtonState
FNDA:13,setButtonText
FNDA:4,updateUIForSavedPage
FNDA:6,updateUIForUnsavedPage
FNDA:31,formatCount
FNDA:14,formatSaveSuccessMessage
DA:27,16
DA:44,19
DA:45,18
DA:46,18
DA:49,18
DA:50,18
DA:51,18
DA:55,0
DA:56,0
DA:57,0
DA:59,0
DA:60,0
DA:62,0
DA:65,0
DA:66,0
DA:69,0
DA:70,0
DA:74,0
DA:75,0
DA:89,6
DA:90,6
DA:102,13
DA:103,1
DA:106,12
DA:107,12
DA:108,8
DA:111,4
DA:124,4
DA:125,4
DA:126,4
DA:130,4
DA:131,4
DA:134,4
DA:135,4
DA:136,4
DA:137,4
DA:142,4
DA:154,6
DA:155,6
DA:156,6
DA:160,6
DA:161,6
DA:165,6
DA:166,6
DA:170,6
DA:171,2
DA:173,4
DA:186,31
DA:196,14
DA:197,14
DA:199,14
DA:200,14
DA:202,14
DA:203,14
DA:204,14
DA:206,14
DA:207,1
DA:208,1
DA:209,13
DA:210,3
DA:211,3
DA:212,3
DA:213,3
DA:214,10
DA:215,2
DA:216,2
DA:217,8
DA:218,7
DA:219,7
DA:221,7
DA:222,2
DA:225,2
DA:234,12
LF:73
LH:61
BRDA:43,0,0,15
BRDA:44,1,0,18
BRDA:44,1,1,1
BRDA:49,2,0,18
BRDA:49,2,1,0
BRDA:55,3,0,0
BRDA:55,3,1,0
BRDA:57,4,0,0
BRDA:57,4,1,0
BRDA:60,5,0,0
BRDA:60,5,1,0
BRDA:69,6,0,0
BRDA:69,6,1,0
BRDA:69,7,0,0
BRDA:69,7,1,0
BRDA:89,8,0,6
BRDA:89,8,1,0
BRDA:102,9,0,1
BRDA:102,9,1,12
BRDA:107,10,0,8
BRDA:107,10,1,4
BRDA:124,11,0,4
BRDA:124,11,1,0
BRDA:130,12,0,4
BRDA:130,12,1,0
BRDA:134,13,0,4
BRDA:134,13,1,0
BRDA:134,14,0,4
BRDA:134,14,1,4
BRDA:136,15,0,4
BRDA:136,15,1,0
BRDA:154,16,0,6
BRDA:154,16,1,0
BRDA:160,17,0,6
BRDA:160,17,1,0
BRDA:165,18,0,6
BRDA:165,18,1,0
BRDA:170,19,0,2
BRDA:170,19,1,4
BRDA:186,20,0,5
BRDA:186,20,1,26
BRDA:199,21,0,14
BRDA:199,21,1,6
BRDA:200,22,0,14
BRDA:200,22,1,5
BRDA:206,23,0,1
BRDA:206,23,1,13
BRDA:209,24,0,3
BRDA:209,24,1,10
BRDA:211,25,0,3
BRDA:211,25,1,0
BRDA:214,26,0,2
BRDA:214,26,1,8
BRDA:217,27,0,7
BRDA:217,27,1,1
BRDA:221,28,0,2
BRDA:221,28,1,5
BRF:57
BRH:37
end_of_record
TN:
SF:scripts/background.js
FN:60,(anonymous_0)
FN:64,(anonymous_1)
FN:65,(anonymous_2)
FN:65,(anonymous_3)
FN:66,(anonymous_4)
FN:67,(anonymous_5)
FN:68,(anonymous_6)
FN:70,(anonymous_7)
FN:123,(anonymous_8)
FN:139,handleExtensionUpdate
FN:156,handleExtensionInstall
FN:168,shouldShowUpdateNotification
FN:203,showUpdateNotification
FNF:13
FNH:12
FNDA:1,(anonymous_0)
FNDA:1,(anonymous_1)
FNDA:1,(anonymous_2)
FNDA:1,(anonymous_3)
FNDA:1,(anonymous_4)
FNDA:1,(anonymous_5)
FNDA:0,(anonymous_6)
FNDA:1,(anonymous_7)
FNDA:3,(anonymous_8)
FNDA:11,handleExtensionUpdate
FNDA:3,handleExtensionInstall
FNDA:23,shouldShowUpdateNotification
FNDA:9,showUpdateNotification
DA:35,37
DA:36,37
DA:42,37
DA:43,37
DA:47,37
DA:48,37
DA:51,37
DA:55,37
DA:60,1
DA:64,1
DA:65,1
DA:66,1
DA:67,1
DA:69,0
DA:70,1
DA:73,37
DA:76,37
DA:102,37
DA:106,37
DA:107,37
DA:115,37
DA:116,36
DA:123,36
DA:124,3
DA:127,3
DA:128,2
DA:129,1
DA:130,1
DA:140,11
DA:141,11
DA:148,11
DA:149,7
DA:157,3
DA:170,23
DA:171,5
DA:175,18
DA:176,18
DA:179,18
DA:180,2
DA:182,16
DA:183,2
DA:187,14
DA:188,7
DA:192,7
DA:204,9
DA:205,9
DA:206,9
DA:207,9
DA:209,9
DA:217,7
DA:219,2
DA:227,36
DA:228,36
LF:53
LH:52
BRDA:106,0,0,37
BRDA:106,0,1,0
BRDA:127,1,0,2
BRDA:127,1,1,1
BRDA:129,2,0,1
BRDA:129,2,1,0
BRDA:148,3,0,7
BRDA:148,3,1,4
BRDA:170,4,0,5
BRDA:170,4,1,18
BRDA:170,5,0,23
BRDA:170,5,1,20
BRDA:179,6,0,2
BRDA:179,6,1,16
BRDA:182,7,0,2
BRDA:182,7,1,14
BRDA:187,8,0,7
BRDA:187,8,1,7
BRDA:227,9,0,36
BRDA:227,9,1,0
BRDA:227,10,0,36
BRDA:227,10,1,36
BRF:22
BRH:19
end_of_record
TN:
SF:scripts/postinstall.js
FN:11,failPostinstall
FN:16,assertBuildEnvExport
FNF:2
FNH:2
FNDA:2,failPostinstall
FNDA:2,assertBuildEnvExport
DA:3,4
DA:4,4
DA:6,4
DA:7,4
DA:8,4
DA:9,4
DA:12,2
DA:13,2
DA:18,2
DA:19,2
DA:20,0
DA:26,4
DA:27,1
DA:28,3
DA:29,2
DA:30,2
DA:31,1
DA:32,1
DA:34,1
DA:37,1
LF:20
LH:19
BRDA:12,0,0,1
BRDA:12,0,1,1
BRDA:12,1,0,1
BRDA:12,1,1,0
BRDA:19,2,0,0
BRDA:19,2,1,2
BRDA:26,3,0,1
BRDA:26,3,1,3
BRDA:28,4,0,2
BRDA:28,4,1,1
BRF:10
BRH:8
end_of_record
TN:
SF:scripts/background/handlers/MessageHandler.js
FN:25,(anonymous_0)
FN:31,(anonymous_1)
FN:43,(anonymous_2)
FN:55,(anonymous_3)
FN:56,(anonymous_4)
FN:71,(anonymous_5)
FN:95,(anonymous_6)
FN:109,(anonymous_7)
FN:118,(anonymous_8)
FN:140,(anonymous_9)
FN:142,(anonymous_10)
FN:157,(anonymous_11)
FNF:12
FNH:11
FNDA:37,(anonymous_0)
FNDA:2,(anonymous_1)
FNDA:588,(anonymous_2)
FNDA:26,(anonymous_3)
FNDA:578,(anonymous_4)
FNDA:2,(anonymous_5)
FNDA:28,(anonymous_6)
FNDA:25,(anonymous_7)
FNDA:0,(anonymous_8)
FNDA:25,(anonymous_9)
FNDA:23,(anonymous_10)
FNDA:25,(anonymous_11)
DA:26,37
DA:27,37
DA:30,37
DA:31,1
DA:32,2
DA:44,588
DA:45,1
DA:47,587
DA:56,26
DA:57,578
DA:72,2
DA:74,0
DA:79,2
DA:96,28
DA:98,28
DA:100,28
DA:101,1
DA:102,1
DA:105,27
DA:108,27
DA:110,25
DA:111,0
DA:112,0
DA:119,0
DA:120,0
DA:121,0
DA:122,0
DA:128,25
DA:130,2
DA:131,2
DA:132,2
DA:133,2
DA:141,25
DA:142,25
DA:143,23
DA:145,24
DA:158,25
LF:37
LH:30
BRDA:25,0,0,0
BRDA:26,1,0,37
BRDA:26,1,1,1
BRDA:30,2,0,1
BRDA:30,2,1,36
BRDA:44,3,0,1
BRDA:44,3,1,587
BRDA:72,4,0,0
BRDA:72,4,1,2
BRDA:100,5,0,1
BRDA:100,5,1,27
BRDA:110,6,0,0
BRDA:110,6,1,25
BRDA:141,7,0,25
BRDA:141,7,1,0
BRDA:141,8,0,25
BRDA:141,8,1,25
BRF:17
BRH:13
end_of_record
TN:
SF:scripts/background/handlers/highlightHandlers.js
FN:35,getActiveTab
FN:51,ensureBundleReady
FN:56,(anonymous_2)
FN:57,(anonymous_3)
FN:73,(anonymous_4)
FN:89,performHighlightUpdate
FN:205,createHighlightHandlers
FN:216,(anonymous_7)
FN:289,(anonymous_8)
FN:290,(anonymous_9)
FN:338,(anonymous_10)
FN:371,(anonymous_11)
FN:375,(anonymous_12)
FN:418,(anonymous_13)
FN:464,(anonymous_14)
FN:537,(anonymous_15)
FN:591,(anonymous_16)
FNF:17
FNH:17
FNDA:16,getActiveTab
FNDA:5,ensureBundleReady
FNDA:15,(anonymous_2)
FNDA:15,(anonymous_3)
FNDA:10,(anonymous_4)
FNDA:18,performHighlightUpdate
FNDA:114,createHighlightHandlers
FNDA:13,(anonymous_7)
FNDA:4,(anonymous_8)
FNDA:4,(anonymous_9)
FNDA:10,(anonymous_10)
FNDA:5,(anonymous_11)
FNDA:5,(anonymous_12)
FNDA:8,(anonymous_13)
FNDA:16,(anonymous_14)
FNDA:3,(anonymous_15)
FNDA:7,(anonymous_16)
DA:36,16
DA:37,16
DA:38,16
DA:39,2
DA:41,14
DA:52,5
DA:54,5
DA:55,15
DA:56,15
DA:57,15
DA:58,15
DA:59,11
DA:61,4
DA:66,4
DA:67,4
DA:68,4
DA:72,11
DA:73,10
DA:77,1
DA:90,18
DA:93,18
DA:100,14
DA:102,14
DA:103,14
DA:106,14
DA:107,1
DA:110,14
DA:111,3
DA:118,11
DA:121,11
DA:124,11
DA:132,11
DA:137,3
DA:139,3
DA:140,1
DA:147,1
DA:154,2
DA:161,2
DA:165,2
DA:166,1
DA:174,1
DA:177,2
DA:184,8
DA:188,8
DA:189,2
DA:192,6
DA:206,114
DA:208,114
DA:217,13
DA:220,13
DA:221,13
DA:222,3
DA:229,3
DA:230,3
DA:233,10
DA:234,1
DA:235,1
DA:236,1
DA:239,9
DA:240,9
DA:241,9
DA:244,9
DA:245,2
DA:251,2
DA:255,2
DA:259,7
DA:260,7
DA:262,2
DA:267,2
DA:268,2
DA:272,2
DA:276,5
DA:278,5
DA:279,1
DA:280,1
DA:284,1
DA:288,4
DA:289,4
DA:290,4
DA:291,4
DA:292,2
DA:294,2
DA:298,2
DA:299,1
DA:300,1
DA:301,1
DA:304,1
DA:309,1
DA:311,2
DA:315,2
DA:316,2
DA:322,0
DA:326,0
DA:327,0
DA:339,10
DA:342,10
DA:343,10
DA:344,2
DA:351,2
DA:352,2
DA:355,8
DA:358,6
DA:359,1
DA:363,1
DA:370,5
DA:371,5
DA:372,5
DA:376,5
DA:378,3
DA:380,2
DA:386,2
DA:387,2
DA:388,2
DA:392,3
DA:398,3
DA:399,2
DA:400,2
DA:402,0
DA:405,3
DA:406,3
DA:407,3
DA:419,8
DA:421,8
DA:422,8
DA:423,0
DA:430,0
DA:431,0
DA:434,8
DA:436,8
DA:439,7
DA:441,4
DA:442,3
DA:443,3
DA:444,3
DA:449,4
DA:451,4
DA:452,4
DA:453,4
DA:465,16
DA:467,16
DA:468,16
DA:469,1
DA:476,1
DA:477,1
DA:480,15
DA:483,15
DA:484,2
DA:488,2
DA:492,2
DA:495,13
DA:496,13
DA:497,2
DA:502,2
DA:506,11
DA:508,10
DA:509,3
DA:510,3
DA:511,3
DA:514,7
DA:516,10
DA:518,1
DA:522,1
DA:523,1
DA:538,3
DA:540,3
DA:541,3
DA:542,0
DA:547,0
DA:548,0
DA:551,3
DA:552,3
DA:553,1
DA:557,1
DA:560,2
DA:561,2
DA:563,1
DA:567,1
DA:569,1
DA:573,1
DA:592,7
DA:596,7
DA:597,7
DA:600,7
DA:601,2
DA:606,2
DA:607,2
DA:610,5
DA:611,5
DA:612,1
DA:616,1
DA:620,4
DA:621,4
DA:622,4
DA:623,4
DA:625,3
DA:626,3
DA:627,3
DA:628,3
DA:629,3
DA:630,2
DA:632,1
DA:640,3
DA:644,3
DA:646,1
DA:650,1
LF:205
LH:195
BRDA:38,0,0,2
BRDA:38,0,1,14
BRDA:51,1,0,5
BRDA:58,2,0,11
BRDA:58,2,1,4
BRDA:66,3,0,4
BRDA:66,3,1,0
BRDA:72,4,0,10
BRDA:72,4,1,1
BRDA:100,5,0,14
BRDA:100,5,1,0
BRDA:106,6,0,1
BRDA:106,6,1,13
BRDA:106,7,0,14
BRDA:106,7,1,4
BRDA:106,7,2,4
BRDA:110,8,0,3
BRDA:110,8,1,11
BRDA:118,9,0,10
BRDA:118,9,1,1
BRDA:132,10,0,3
BRDA:132,10,1,8
BRDA:133,11,0,11
BRDA:133,11,1,5
BRDA:133,11,2,3
BRDA:139,12,0,1
BRDA:139,12,1,2
BRDA:143,13,0,1
BRDA:143,13,1,0
BRDA:157,14,0,2
BRDA:157,14,1,0
BRDA:165,15,0,1
BRDA:165,15,1,1
BRDA:188,16,0,2
BRDA:188,16,1,6
BRDA:188,17,0,8
BRDA:188,17,1,2
BRDA:221,18,0,3
BRDA:221,18,1,10
BRDA:233,19,0,1
BRDA:233,19,1,9
BRDA:244,20,0,2
BRDA:244,20,1,7
BRDA:244,21,0,9
BRDA:244,21,1,9
BRDA:278,22,0,1
BRDA:278,22,1,4
BRDA:291,23,0,2
BRDA:291,23,1,2
BRDA:298,24,0,1
BRDA:298,24,1,1
BRDA:343,25,0,2
BRDA:343,25,1,8
BRDA:358,26,0,1
BRDA:358,26,1,5
BRDA:376,27,0,3
BRDA:376,27,1,2
BRDA:386,28,0,2
BRDA:386,28,1,0
BRDA:399,29,0,2
BRDA:399,29,1,0
BRDA:422,30,0,0
BRDA:422,30,1,8
BRDA:441,31,0,3
BRDA:441,31,1,1
BRDA:468,32,0,1
BRDA:468,32,1,15
BRDA:483,33,0,2
BRDA:483,33,1,13
BRDA:483,34,0,15
BRDA:483,34,1,14
BRDA:495,35,0,13
BRDA:495,35,1,0
BRDA:496,36,0,2
BRDA:496,36,1,11
BRDA:508,37,0,3
BRDA:508,37,1,7
BRDA:541,38,0,0
BRDA:541,38,1,3
BRDA:552,39,0,1
BRDA:552,39,1,2
BRDA:552,40,0,3
BRDA:552,40,1,3
BRDA:597,41,0,5
BRDA:597,41,1,2
BRDA:600,42,0,2
BRDA:600,42,1,5
BRDA:603,43,0,1
BRDA:603,43,1,1
BRDA:611,44,0,1
BRDA:611,44,1,4
BRDA:621,45,0,4
BRDA:621,45,1,0
BRDA:622,46,0,4
BRDA:622,46,1,0
BRDA:625,47,0,3
BRDA:625,47,1,1
BRDA:627,48,0,3
BRDA:627,48,1,0
BRDA:627,49,0,3
BRDA:627,49,1,3
BRF:101
BRH:89
end_of_record
TN:
SF:scripts/background/handlers/logHandlers.js
FN:28,(anonymous_0)
FN:59,validateLogSourceRequest
FN:77,(anonymous_2)
FN:114,(anonymous_3)
FN:158,createLogHandlers
FNF:5
FNH:5
FNDA:12,(anonymous_0)
FNDA:12,validateLogSourceRequest
FNDA:6,(anonymous_2)
FNDA:6,(anonymous_3)
FNDA:40,createLogHandlers
DA:19,27
DA:28,27
DA:30,12
DA:31,12
DA:32,1
DA:33,1
DA:36,11
DA:38,11
DA:39,4
DA:44,7
DA:60,12
DA:61,12
DA:62,6
DA:63,6
DA:64,2
DA:67,10
DA:77,27
DA:78,6
DA:79,6
DA:80,1
DA:81,1
DA:84,5
DA:85,5
DA:86,5
DA:88,5
DA:96,4
DA:99,1
DA:114,27
DA:115,6
DA:116,6
DA:117,1
DA:118,1
DA:121,5
DA:122,5
DA:123,5
DA:124,1
DA:125,1
DA:129,4
DA:131,4
DA:133,4
DA:134,25
DA:135,25
DA:137,25
DA:146,3
DA:149,1
DA:159,40
LF:46
LH:46
BRDA:31,0,0,1
BRDA:31,0,1,11
BRDA:47,1,0,7
BRDA:47,1,1,6
BRDA:61,2,0,6
BRDA:61,2,1,6
BRDA:63,3,0,2
BRDA:63,3,1,4
BRDA:79,4,0,1
BRDA:79,4,1,5
BRDA:92,5,0,4
BRDA:92,5,1,1
BRDA:116,6,0,1
BRDA:116,6,1,5
BRDA:123,7,0,1
BRDA:123,7,1,4
BRDA:129,8,0,1
BRDA:129,8,1,3
BRDA:131,9,0,1
BRDA:131,9,1,3
BRDA:134,10,0,2
BRF:21
BRH:21
end_of_record
TN:
SF:scripts/background/handlers/migrationHandlers.js
FN:23,(anonymous_0)
FN:45,createMigrationHandlers
FN:59,(anonymous_2)
FN:96,(anonymous_3)
FN:172,(anonymous_4)
FN:194,(anonymous_5)
FN:262,(anonymous_6)
FN:284,(anonymous_7)
FN:297,(anonymous_8)
FN:328,(anonymous_9)
FN:352,(anonymous_10)
FN:357,(anonymous_11)
FN:379,(anonymous_12)
FN:380,(anonymous_13)
FN:401,(anonymous_14)
FN:433,(anonymous_15)
FNF:16
FNH:16
FNDA:28,(anonymous_0)
FNDA:107,createMigrationHandlers
FNDA:7,(anonymous_2)
FNDA:4,(anonymous_3)
FNDA:5,(anonymous_4)
FNDA:6,(anonymous_5)
FNDA:3,(anonymous_6)
FNDA:3,(anonymous_7)
FNDA:3,(anonymous_8)
FNDA:3,(anonymous_9)
FNDA:2,(anonymous_10)
FNDA:2,(anonymous_11)
FNDA:1,(anonymous_12)
FNDA:1,(anonymous_13)
FNDA:6,(anonymous_14)
FNDA:3,(anonymous_15)
DA:23,27
DA:25,28
DA:26,28
DA:27,6
DA:31,22
DA:32,0
DA:35,22
DA:46,107
DA:48,107
DA:60,7
DA:61,7
DA:64,7
DA:65,7
DA:66,3
DA:72,3
DA:73,3
DA:77,4
DA:78,3
DA:80,1
DA:81,1
DA:82,1
DA:83,1
DA:97,4
DA:98,4
DA:101,4
DA:102,4
DA:103,0
DA:109,0
DA:110,0
DA:113,4
DA:114,0
DA:115,0
DA:118,4
DA:121,4
DA:122,4
DA:124,4
DA:128,4
DA:136,4
DA:137,4
DA:138,1
DA:139,1
DA:143,3
DA:145,3
DA:146,1
DA:149,3
DA:150,3
DA:155,0
DA:156,0
DA:157,0
DA:158,0
DA:173,5
DA:174,5
DA:177,5
DA:178,5
DA:179,0
DA:184,0
DA:185,0
DA:188,5
DA:189,0
DA:190,0
DA:194,6
DA:195,5
DA:196,1
DA:200,1
DA:203,4
DA:205,4
DA:211,4
DA:212,5
DA:213,5
DA:214,4
DA:216,4
DA:217,4
DA:218,4
DA:225,1
DA:226,1
DA:231,1
DA:239,4
DA:244,4
DA:246,0
DA:247,0
DA:248,0
DA:249,0
DA:263,3
DA:264,3
DA:267,3
DA:268,3
DA:269,1
DA:274,1
DA:275,1
DA:278,2
DA:279,0
DA:280,0
DA:284,3
DA:285,2
DA:286,0
DA:290,0
DA:293,2
DA:296,2
DA:298,3
DA:299,3
DA:300,3
DA:301,1
DA:306,2
DA:307,2
DA:313,0
DA:314,0
DA:315,0
DA:316,0
DA:329,3
DA:331,3
DA:332,3
DA:333,1
DA:338,1
DA:339,1
DA:343,2
DA:344,1
DA:345,1
DA:347,1
DA:348,2
DA:351,2
DA:352,2
DA:356,2
DA:357,2
DA:360,2
DA:361,1
DA:364,2
DA:365,1
DA:369,1
DA:374,1
DA:379,1
DA:380,1
DA:383,1
DA:384,1
DA:388,1
DA:389,1
DA:402,6
DA:403,6
DA:406,6
DA:407,6
DA:408,1
DA:414,1
DA:415,1
DA:418,5
DA:419,1
DA:420,1
DA:423,4
DA:425,3
DA:426,1
DA:427,1
DA:430,2
DA:433,3
DA:434,2
DA:436,2
DA:440,1
DA:443,1
DA:446,2
DA:451,2
DA:453,1
DA:454,1
DA:458,1
DA:459,1
LF:161
LH:134
BRDA:23,0,0,12
BRDA:26,1,0,6
BRDA:26,1,1,22
BRDA:31,2,0,0
BRDA:31,2,1,22
BRDA:31,3,0,22
BRDA:31,3,1,12
BRDA:65,4,0,3
BRDA:65,4,1,4
BRDA:80,5,0,1
BRDA:80,5,1,0
BRDA:102,6,0,0
BRDA:102,6,1,4
BRDA:113,7,0,0
BRDA:113,7,1,4
BRDA:122,8,0,1
BRDA:122,8,1,3
BRDA:122,9,0,4
BRDA:122,9,1,1
BRDA:128,10,0,1
BRDA:128,10,1,3
BRDA:136,11,0,4
BRDA:136,11,1,2
BRDA:136,11,2,1
BRDA:136,11,3,1
BRDA:137,12,0,1
BRDA:137,12,1,3
BRDA:145,13,0,1
BRDA:145,13,1,2
BRDA:155,14,0,0
BRDA:155,14,1,0
BRDA:178,15,0,0
BRDA:178,15,1,5
BRDA:188,16,0,0
BRDA:188,16,1,5
BRDA:188,17,0,5
BRDA:188,17,1,5
BRDA:188,17,2,5
BRDA:195,18,0,1
BRDA:195,18,1,4
BRDA:216,19,0,4
BRDA:216,19,1,0
BRDA:229,20,0,1
BRDA:229,20,1,0
BRDA:234,21,0,1
BRDA:234,21,1,0
BRDA:246,22,0,0
BRDA:246,22,1,0
BRDA:268,23,0,1
BRDA:268,23,1,2
BRDA:278,24,0,0
BRDA:278,24,1,2
BRDA:278,25,0,2
BRDA:278,25,1,2
BRDA:278,25,2,2
BRDA:285,26,0,0
BRDA:285,26,1,2
BRDA:300,27,0,1
BRDA:300,27,1,2
BRDA:300,28,0,3
BRDA:300,28,1,1
BRDA:313,29,0,0
BRDA:313,29,1,0
BRDA:332,30,0,1
BRDA:332,30,1,2
BRDA:348,31,0,2
BRDA:348,31,1,0
BRDA:348,32,0,0
BRDA:348,32,1,0
BRDA:352,33,0,2
BRDA:352,33,1,1
BRDA:360,34,0,1
BRDA:360,34,1,1
BRDA:364,35,0,1
BRDA:364,35,1,1
BRDA:383,36,0,1
BRDA:383,36,1,0
BRDA:407,37,0,1
BRDA:407,37,1,5
BRDA:418,38,0,1
BRDA:418,38,1,4
BRDA:425,39,0,1
BRDA:425,39,1,2
BRDA:430,40,0,2
BRDA:430,40,1,0
BRDA:430,41,0,0
BRDA:430,41,1,0
BRDA:436,42,0,1
BRDA:436,42,1,1
BRDA:453,43,0,1
BRDA:453,43,1,0
BRF:91
BRH:66
end_of_record
TN:
SF:scripts/background/handlers/notionHandlers.js
FN:14,createNotionHandlers
FN:23,(anonymous_1)
FN:37,(anonymous_2)
FN:68,(anonymous_3)
FNF:4
FNH:4
FNDA:36,createNotionHandlers
FNDA:9,(anonymous_1)
FNDA:6,(anonymous_2)
FNDA:2,(anonymous_3)
DA:15,36
DA:25,9
DA:26,9
DA:27,2
DA:28,2
DA:31,7
DA:32,7
DA:36,7
DA:38,6
DA:39,6
DA:41,6
DA:42,30
DA:43,10
DA:46,6
DA:50,7
DA:51,6
DA:53,1
DA:54,1
DA:69,2
DA:70,2
DA:71,0
DA:72,0
DA:75,2
DA:76,2
DA:77,2
DA:79,0
DA:80,0
LF:27
LH:23
BRDA:26,0,0,2
BRDA:26,0,1,7
BRDA:36,1,0,7
BRDA:36,1,1,6
BRDA:42,2,0,10
BRDA:42,2,1,20
BRDA:70,3,0,0
BRDA:70,3,1,2
BRDA:77,4,0,2
BRDA:77,4,1,1
BRF:10
BRH:9
end_of_record
TN:
SF:scripts/background/handlers/saveHandlers.js
FN:47,sendPageSaveHint
FN:56,(anonymous_1)
FN:67,getActiveTab
FN:84,processContentResult
FN:109,sendErrorResponse
FN:118,_validateCheckPageStatusSender
FN:123,_resolveStatusTab
FN:131,_buildSavedStatusResponse
FN:156,_shouldReturnCachedStatus
FN:170,createSaveHandlers
FN:199,resolveDeletionConfirmation
FN:207,clearNotionStateWithCanonicalPath
FN:217,_loadAndValidateNotionConfig
FN:252,validateRequestAndGetConfig
FN:299,_validateToolbarRequestAndGetConfig
FN:353,resolvePageData
FN:382,extractPageContent
FN:442,performCreatePage
FN:484,(anonymous_18)
FN:496,(anonymous_19)
FN:506,(anonymous_20)
FN:524,_handleExistingPageUpdate
FN:527,(anonymous_22)
FN:585,_handlePageRecreation
FN:620,_handleNewPageCreation
FN:636,determineAndExecuteSaveAction
FN:690,_loadStatusContext
FN:705,_runSaveFlow
FN:747,_resolveExistsWithRetry
FN:764,(anonymous_29)
FN:776,_handleDeletedOrPending
FN:833,_touchLastVerifiedIfNeeded
FN:850,(anonymous_32)
FN:873,(anonymous_33)
FN:899,(anonymous_34)
FN:994,(anonymous_35)
FN:1030,(anonymous_36)
FN:1118,(anonymous_37)
FNF:38
FNH:38
FNDA:18,sendPageSaveHint
FNDA:1,(anonymous_1)
FNDA:68,getActiveTab
FNDA:44,processContentResult
FNDA:4,sendErrorResponse
FNDA:18,_validateCheckPageStatusSender
FNDA:17,_resolveStatusTab
FNDA:14,_buildSavedStatusResponse
FNDA:16,_shouldReturnCachedStatus
FNDA:132,createSaveHandlers
FNDA:29,resolveDeletionConfirmation
FNDA:7,clearNotionStateWithCanonicalPath
FNDA:43,_loadAndValidateNotionConfig
FNDA:47,validateRequestAndGetConfig
FNDA:9,_validateToolbarRequestAndGetConfig
FNDA:53,resolvePageData
FNDA:36,extractPageContent
FNDA:19,performCreatePage
FNDA:1,(anonymous_18)
FNDA:1,(anonymous_19)
FNDA:8,(anonymous_20)
FNDA:6,_handleExistingPageUpdate
FNDA:7,(anonymous_22)
FNDA:5,_handlePageRecreation
FNDA:14,_handleNewPageCreation
FNDA:31,determineAndExecuteSaveAction
FNDA:17,_loadStatusContext
FNDA:36,_runSaveFlow
FNDA:12,_resolveExistsWithRetry
FNDA:3,(anonymous_29)
FNDA:12,_handleDeletedOrPending
FNDA:7,_touchLastVerifiedIfNeeded
FNDA:47,(anonymous_32)
FNDA:9,(anonymous_33)
FNDA:10,(anonymous_34)
FNDA:9,(anonymous_35)
FNDA:18,(anonymous_36)
FNDA:21,(anonymous_37)
DA:34,29
DA:48,18
DA:49,0
DA:51,18
DA:52,0
DA:54,18
DA:68,68
DA:69,67
DA:70,67
DA:71,2
DA:73,65
DA:86,44
DA:87,44
DA:88,44
DA:89,44
DA:92,44
DA:95,44
DA:96,8
DA:97,8
DA:100,44
DA:110,4
DA:111,4
DA:112,4
DA:119,18
DA:120,18
DA:124,17
DA:125,17
DA:126,17
DA:128,17
DA:132,14
DA:157,16
DA:178,132
DA:180,132
DA:184,0
DA:189,132
DA:200,29
DA:201,13
DA:204,16
DA:208,7
DA:218,43
DA:219,43
DA:221,43
DA:222,5
DA:226,5
DA:229,38
DA:230,38
DA:231,2
DA:235,2
DA:240,36
DA:241,36
DA:242,36
DA:253,47
DA:254,47
DA:255,3
DA:262,3
DA:263,3
DA:266,44
DA:268,41
DA:269,2
DA:275,2
DA:279,2
DA:282,39
DA:283,39
DA:284,5
DA:287,34
DA:301,9
DA:302,9
DA:303,1
DA:310,1
DA:311,1
DA:314,8
DA:315,8
DA:316,1
DA:320,1
DA:323,7
DA:324,2
DA:328,2
DA:331,5
DA:332,1
DA:336,1
DA:339,4
DA:340,4
DA:341,2
DA:344,2
DA:359,53
DA:361,53
DA:362,52
DA:364,52
DA:365,0
DA:366,0
DA:367,0
DA:368,0
DA:372,52
DA:383,36
DA:384,36
DA:386,36
DA:388,36
DA:390,36
DA:391,36
DA:392,33
DA:394,3
DA:402,36
DA:406,36
DA:407,5
DA:418,5
DA:419,5
DA:420,0
DA:425,5
DA:426,5
DA:429,31
DA:451,19
DA:454,19
DA:464,19
DA:466,18
DA:472,18
DA:474,15
DA:484,15
DA:485,1
DA:493,14
DA:494,3
DA:495,3
DA:496,1
DA:497,1
DA:506,14
DA:507,14
DA:508,14
DA:511,14
DA:514,17
DA:526,6
DA:527,7
DA:529,6
DA:530,3
DA:531,3
DA:537,3
DA:538,2
DA:539,2
DA:540,2
DA:546,2
DA:548,2
DA:550,1
DA:553,3
DA:559,3
DA:560,2
DA:561,2
DA:562,2
DA:563,2
DA:569,2
DA:571,2
DA:573,0
DA:586,5
DA:587,5
DA:594,5
DA:598,5
DA:599,2
DA:607,2
DA:610,5
DA:621,14
DA:622,14
DA:624,12
DA:625,10
DA:627,2
DA:638,31
DA:641,31
DA:642,14
DA:643,12
DA:647,17
DA:649,17
DA:650,3
DA:651,3
DA:656,3
DA:660,3
DA:663,14
DA:665,14
DA:666,6
DA:667,8
DA:669,5
DA:671,5
DA:672,4
DA:673,4
DA:675,1
DA:678,3
DA:682,3
DA:691,17
DA:706,36
DA:708,36
DA:710,36
DA:711,36
DA:712,5
DA:714,31
DA:717,31
DA:718,31
DA:719,31
DA:720,31
DA:721,31
DA:722,12
DA:725,0
DA:730,31
DA:732,31
DA:748,12
DA:750,12
DA:755,12
DA:756,9
DA:759,3
DA:764,3
DA:765,3
DA:767,3
DA:773,3
DA:778,12
DA:780,12
DA:781,2
DA:786,2
DA:790,2
DA:791,1
DA:799,1
DA:802,2
DA:803,2
DA:808,2
DA:814,2
DA:817,10
DA:818,3
DA:822,3
DA:827,3
DA:830,7
DA:834,7
DA:835,1
DA:838,6
DA:839,6
DA:842,132
DA:851,47
DA:852,47
DA:853,44
DA:854,10
DA:857,34
DA:859,6
DA:860,6
DA:861,6
DA:874,9
DA:875,9
DA:876,9
DA:877,7
DA:881,2
DA:883,0
DA:887,0
DA:888,0
DA:900,10
DA:902,10
DA:903,10
DA:904,1
DA:911,1
DA:912,1
DA:915,9
DA:916,9
DA:917,2
DA:921,2
DA:926,7
DA:927,7
DA:929,7
DA:932,7
DA:933,0
DA:936,7
DA:937,1
DA:941,1
DA:944,6
DA:945,6
DA:946,2
DA:947,2
DA:953,6
DA:954,0
DA:955,0
DA:959,6
DA:960,1
DA:964,1
DA:968,1
DA:971,5
DA:972,4
DA:976,4
DA:978,2
DA:982,2
DA:983,2
DA:995,9
DA:997,9
DA:998,9
DA:999,1
DA:1000,1
DA:1003,8
DA:1004,8
DA:1005,3
DA:1009,3
DA:1012,5
DA:1014,2
DA:1015,2
DA:1017,3
DA:1018,3
DA:1031,18
DA:1032,18
DA:1033,18
DA:1034,1
DA:1035,1
DA:1038,17
DA:1047,17
DA:1049,16
DA:1050,0
DA:1053,16
DA:1054,16
DA:1055,16
DA:1056,16
DA:1059,16
DA:1060,1
DA:1069,16
DA:1076,3
DA:1079,13
DA:1080,13
DA:1081,1
DA:1084,12
DA:1086,12
DA:1087,12
DA:1096,12
DA:1097,5
DA:1100,7
DA:1102,7
DA:1104,1
DA:1105,1
DA:1106,1
DA:1119,21
DA:1121,21
DA:1122,21
DA:1123,1
DA:1124,1
DA:1128,20
DA:1129,20
DA:1131,20
DA:1132,4
DA:1135,20
DA:1136,20
DA:1139,20
DA:1140,20
DA:1144,20
DA:1147,20
DA:1154,19
DA:1157,1
DA:1158,1
DA:1159,1
LF:342
LH:325
BRDA:48,0,0,0
BRDA:48,0,1,18
BRDA:51,1,0,0
BRDA:51,1,1,18
BRDA:70,2,0,2
BRDA:70,2,1,65
BRDA:84,3,0,12
BRDA:86,4,0,44
BRDA:86,4,1,3
BRDA:87,5,0,44
BRDA:87,5,1,31
BRDA:88,6,0,44
BRDA:88,6,1,44
BRDA:89,7,0,41
BRDA:89,7,1,3
BRDA:95,8,0,8
BRDA:95,8,1,36
BRDA:95,9,0,44
BRDA:95,9,1,42
BRDA:111,10,0,1
BRDA:111,10,1,3
BRDA:120,11,0,6
BRDA:120,11,1,12
BRDA:125,12,0,17
BRDA:125,12,1,0
BRDA:131,13,0,11
BRDA:157,14,0,16
BRDA:157,14,1,15
BRDA:157,14,2,13
BRDA:180,15,0,0
BRDA:180,15,1,132
BRDA:181,16,0,132
BRDA:181,16,1,132
BRDA:200,17,0,13
BRDA:200,17,1,16
BRDA:221,18,0,5
BRDA:221,18,1,38
BRDA:229,19,0,38
BRDA:229,19,1,2
BRDA:230,20,0,2
BRDA:230,20,1,36
BRDA:241,21,0,0
BRDA:241,21,1,36
BRDA:254,22,0,3
BRDA:254,22,1,44
BRDA:268,23,0,2
BRDA:268,23,1,39
BRDA:283,24,0,5
BRDA:283,24,1,34
BRDA:302,25,0,1
BRDA:302,25,1,8
BRDA:315,26,0,1
BRDA:315,26,1,7
BRDA:323,27,0,2
BRDA:323,27,1,5
BRDA:323,28,0,7
BRDA:323,28,1,6
BRDA:331,29,0,1
BRDA:331,29,1,4
BRDA:340,30,0,2
BRDA:340,30,1,2
BRDA:359,31,0,53
BRDA:359,31,1,0
BRDA:364,32,0,0
BRDA:364,32,1,52
BRDA:364,33,0,52
BRDA:364,33,1,19
BRDA:364,33,2,19
BRDA:366,34,0,0
BRDA:366,34,1,0
BRDA:402,35,0,36
BRDA:402,35,1,31
BRDA:402,35,2,31
BRDA:406,36,0,5
BRDA:406,36,1,31
BRDA:410,37,0,5
BRDA:410,37,1,3
BRDA:413,38,0,5
BRDA:413,38,1,3
BRDA:414,39,0,5
BRDA:414,39,1,4
BRDA:419,40,0,0
BRDA:419,40,1,5
BRDA:419,41,0,5
BRDA:419,41,1,2
BRDA:420,42,0,0
BRDA:420,42,1,0
BRDA:472,43,0,15
BRDA:472,43,1,3
BRDA:493,44,0,3
BRDA:493,44,1,11
BRDA:493,45,0,14
BRDA:493,45,1,14
BRDA:495,46,0,1
BRDA:495,46,1,2
BRDA:495,47,0,3
BRDA:495,47,1,1
BRDA:529,48,0,3
BRDA:529,48,1,3
BRDA:537,49,0,2
BRDA:537,49,1,1
BRDA:559,50,0,2
BRDA:559,50,1,0
BRDA:598,51,0,2
BRDA:598,51,1,3
BRDA:624,52,0,10
BRDA:624,52,1,2
BRDA:641,53,0,14
BRDA:641,53,1,17
BRDA:649,54,0,3
BRDA:649,54,1,14
BRDA:653,55,0,3
BRDA:653,55,1,0
BRDA:665,56,0,6
BRDA:665,56,1,8
BRDA:667,57,0,5
BRDA:667,57,1,3
BRDA:671,58,0,4
BRDA:671,58,1,1
BRDA:680,59,0,3
BRDA:680,59,1,0
BRDA:711,60,0,5
BRDA:711,60,1,31
BRDA:721,61,0,12
BRDA:721,61,1,19
BRDA:721,62,0,31
BRDA:721,62,1,13
BRDA:755,63,0,9
BRDA:755,63,1,3
BRDA:761,64,0,3
BRDA:761,64,1,0
BRDA:780,65,0,2
BRDA:780,65,1,10
BRDA:780,66,0,12
BRDA:780,66,1,5
BRDA:783,67,0,2
BRDA:783,67,1,0
BRDA:790,68,0,1
BRDA:790,68,1,1
BRDA:817,69,0,3
BRDA:817,69,1,7
BRDA:817,70,0,10
BRDA:817,70,1,3
BRDA:820,71,0,3
BRDA:820,71,1,0
BRDA:834,72,0,1
BRDA:834,72,1,6
BRDA:853,73,0,10
BRDA:853,73,1,34
BRDA:876,74,0,7
BRDA:876,74,1,2
BRDA:903,75,0,1
BRDA:903,75,1,9
BRDA:916,76,0,2
BRDA:916,76,1,7
BRDA:932,77,0,0
BRDA:932,77,1,7
BRDA:932,78,0,7
BRDA:932,78,1,1
BRDA:936,79,0,1
BRDA:936,79,1,6
BRDA:945,80,0,2
BRDA:945,80,1,4
BRDA:945,81,0,6
BRDA:945,81,1,2
BRDA:953,82,0,0
BRDA:953,82,1,6
BRDA:959,83,0,1
BRDA:959,83,1,5
BRDA:998,84,0,1
BRDA:998,84,1,8
BRDA:1004,85,0,3
BRDA:1004,85,1,5
BRDA:1033,86,0,1
BRDA:1033,86,1,17
BRDA:1049,87,0,0
BRDA:1049,87,1,16
BRDA:1055,88,0,16
BRDA:1055,88,1,9
BRDA:1059,89,0,1
BRDA:1059,89,1,15
BRDA:1069,90,0,3
BRDA:1069,90,1,13
BRDA:1080,91,0,1
BRDA:1080,91,1,12
BRDA:1096,92,0,5
BRDA:1096,92,1,7
BRDA:1122,93,0,1
BRDA:1122,93,1,20
BRDA:1131,94,0,4
BRDA:1131,94,1,16
BRDA:1131,95,0,20
BRDA:1131,95,1,16
BRDA:1135,96,0,20
BRDA:1135,96,1,1
BRDA:1136,97,0,6
BRDA:1136,97,1,14
BRF:197
BRH:176
end_of_record
TN:
SF:scripts/background/handlers/sidepanelHandlers.js
FN:13,createSidepanelHandlers
FN:23,(anonymous_1)
FNF:2
FNH:2
FNDA:32,createSidepanelHandlers
FNDA:5,(anonymous_1)
DA:14,32
DA:24,5
DA:29,5
DA:30,2
DA:31,2
DA:32,1
DA:35,1
DA:37,1
DA:38,1
DA:46,3
DA:47,2
DA:48,2
DA:49,1
DA:51,1
DA:55,3
DA:56,2
DA:57,2
DA:58,1
DA:60,1
DA:64,3
DA:65,1
DA:66,1
DA:69,2
DA:70,2
DA:71,2
DA:74,2
DA:76,0
DA:77,0
LF:28
LH:26
BRDA:29,0,0,2
BRDA:29,0,1,3
BRDA:46,1,0,2
BRDA:46,1,1,1
BRDA:55,2,0,2
BRDA:55,2,1,1
BRDA:64,3,0,1
BRDA:64,3,1,2
BRF:8
BRH:8
end_of_record
TN:
SF:scripts/background/services/ImageService.js
FN:28,(anonymous_0)
FN:42,(anonymous_1)
FN:72,(anonymous_2)
FN:94,(anonymous_3)
FN:106,(anonymous_4)
FN:136,(anonymous_5)
FN:150,(anonymous_6)
FN:169,(anonymous_7)
FN:184,(anonymous_8)
FN:195,(anonymous_9)
FN:213,(anonymous_10)
FN:228,(anonymous_11)
FN:272,(anonymous_12)
FN:279,(anonymous_13)
FN:288,(anonymous_14)
FN:293,(anonymous_15)
FN:301,(anonymous_16)
FNF:17
FNH:16
FNDA:31,(anonymous_0)
FNDA:41,(anonymous_1)
FNDA:44,(anonymous_2)
FNDA:3,(anonymous_3)
FNDA:2,(anonymous_4)
FNDA:5,(anonymous_5)
FNDA:7,(anonymous_6)
FNDA:23,(anonymous_7)
FNDA:1,(anonymous_8)
FNDA:15,(anonymous_9)
FNDA:228,(anonymous_10)
FNDA:30,(anonymous_11)
FNDA:2,(anonymous_12)
FNDA:6,(anonymous_13)
FNDA:3,(anonymous_14)
FNDA:0,(anonymous_15)
FNDA:18,(anonymous_16)
DA:15,1
DA:16,1
DA:17,1
DA:29,31
DA:30,31
DA:31,31
DA:32,31
DA:33,31
DA:43,41
DA:44,41
DA:45,30
DA:46,30
DA:50,11
DA:51,1
DA:52,1
DA:53,1
DA:54,1
DA:55,1
DA:59,10
DA:60,10
DA:62,10
DA:63,10
DA:74,44
DA:75,0
DA:79,44
DA:80,3
DA:84,44
DA:88,44
DA:95,3
DA:96,3
DA:97,3
DA:98,3
DA:99,3
DA:107,2
DA:108,2
DA:109,3
DA:112,3
DA:113,0
DA:114,0
DA:118,3
DA:119,2
DA:120,2
DA:121,2
DA:126,1
DA:137,5
DA:138,5
DA:139,5
DA:151,7
DA:152,7
DA:153,7
DA:170,23
DA:174,23
DA:175,23
DA:176,23
DA:185,1
DA:196,15
DA:197,0
DA:200,15
DA:201,15
DA:204,14
DA:205,2
DA:209,12
DA:210,12
DA:213,228
DA:216,12
DA:218,1
DA:230,30
DA:231,3
DA:234,27
DA:235,27
DA:236,0
DA:240,27
DA:241,27
DA:242,3
DA:245,24
DA:247,24
DA:249,24
DA:250,9
DA:253,15
DA:254,15
DA:258,23
DA:259,23
DA:261,1
DA:262,1
DA:263,1
DA:273,2
DA:280,6
DA:289,3
DA:290,1
DA:293,2
DA:294,0
DA:302,18
DA:303,2
DA:304,2
LF:94
LH:88
BRDA:28,0,0,0
BRDA:28,1,0,0
BRDA:44,2,0,30
BRDA:44,2,1,11
BRDA:50,3,0,1
BRDA:50,3,1,10
BRDA:74,4,0,0
BRDA:74,4,1,44
BRDA:79,5,0,3
BRDA:79,5,1,41
BRDA:96,6,0,3
BRDA:96,6,1,0
BRDA:112,7,0,0
BRDA:112,7,1,3
BRDA:118,8,0,2
BRDA:118,8,1,1
BRDA:138,9,0,3
BRDA:138,9,1,2
BRDA:169,10,0,0
BRDA:171,11,0,23
BRDA:171,11,1,6
BRDA:172,12,0,23
BRDA:172,12,1,6
BRDA:174,13,0,23
BRDA:174,13,1,6
BRDA:175,14,0,23
BRDA:175,14,1,0
BRDA:196,15,0,0
BRDA:196,15,1,15
BRDA:196,16,0,15
BRDA:196,16,1,15
BRDA:196,16,2,15
BRDA:204,17,0,2
BRDA:204,17,1,12
BRDA:204,18,0,14
BRDA:204,18,1,14
BRDA:216,19,0,12
BRDA:216,19,1,6
BRDA:230,20,0,3
BRDA:230,20,1,27
BRDA:230,21,0,30
BRDA:230,21,1,28
BRDA:235,22,0,0
BRDA:235,22,1,27
BRDA:241,23,0,3
BRDA:241,23,1,24
BRDA:249,24,0,9
BRDA:249,24,1,15
BRDA:288,25,0,0
BRDA:289,26,0,1
BRDA:289,26,1,2
BRDA:302,27,0,2
BRDA:302,27,1,16
BRF:53
BRH:43
end_of_record
TN:
SF:scripts/background/services/InjectionService.js
FN:34,isRestrictedInjectionUrl
FN:42,(anonymous_1)
FN:62,(anonymous_2)
FN:79,(anonymous_3)
FN:97,getRuntimeErrorMessage
FN:128,isRecoverableInjectionError
FN:158,(anonymous_6)
FN:169,(anonymous_7)
FN:180,(anonymous_8)
FN:201,(anonymous_9)
FN:228,(anonymous_10)
FN:239,(anonymous_11)
FN:240,(anonymous_12)
FN:241,(anonymous_13)
FN:247,(anonymous_14)
FN:248,(anonymous_15)
FN:253,(anonymous_16)
FN:259,(anonymous_17)
FN:275,(anonymous_18)
FN:299,(anonymous_19)
FN:316,(anonymous_20)
FN:337,(anonymous_21)
FN:341,(anonymous_22)
FN:346,(anonymous_23)
FN:354,(anonymous_24)
FN:356,(anonymous_25)
FN:397,(anonymous_26)
FN:403,(anonymous_27)
FN:443,(anonymous_28)
FN:448,(anonymous_29)
FN:452,(anonymous_30)
FN:457,(anonymous_31)
FN:497,(anonymous_32)
FN:502,(anonymous_33)
FN:522,(anonymous_34)
FN:527,(anonymous_35)
FN:544,(anonymous_36)
FN:560,(anonymous_37)
FN:601,(anonymous_38)
FNF:39
FNH:31
FNDA:17,isRestrictedInjectionUrl
FNDA:99,(anonymous_1)
FNDA:42,(anonymous_2)
FNDA:30,(anonymous_3)
FNDA:12,getRuntimeErrorMessage
FNDA:15,isRecoverableInjectionError
FNDA:208,(anonymous_6)
FNDA:53,(anonymous_7)
FNDA:9,(anonymous_8)
FNDA:33,(anonymous_9)
FNDA:33,(anonymous_10)
FNDA:17,(anonymous_11)
FNDA:17,(anonymous_12)
FNDA:17,(anonymous_13)
FNDA:22,(anonymous_14)
FNDA:22,(anonymous_15)
FNDA:22,(anonymous_16)
FNDA:39,(anonymous_17)
FNDA:8,(anonymous_18)
FNDA:31,(anonymous_19)
FNDA:4,(anonymous_20)
FNDA:4,(anonymous_21)
FNDA:4,(anonymous_22)
FNDA:3,(anonymous_23)
FNDA:4,(anonymous_24)
FNDA:1,(anonymous_25)
FNDA:3,(anonymous_26)
FNDA:3,(anonymous_27)
FNDA:7,(anonymous_28)
FNDA:0,(anonymous_29)
FNDA:0,(anonymous_30)
FNDA:0,(anonymous_31)
FNDA:7,(anonymous_32)
FNDA:0,(anonymous_33)
FNDA:0,(anonymous_34)
FNDA:0,(anonymous_35)
FNDA:0,(anonymous_36)
FNDA:9,(anonymous_37)
FNDA:0,(anonymous_38)
DA:22,30
DA:36,17
DA:37,2
DA:40,15
DA:42,99
DA:43,2
DA:47,13
DA:48,1
DA:52,12
DA:55,11
DA:62,11
DA:63,42
DA:64,41
DA:66,1
DA:67,1
DA:69,0
DA:72,11
DA:73,1
DA:77,10
DA:78,10
DA:79,30
DA:82,1
DA:87,1
DA:98,12
DA:99,1
DA:102,11
DA:103,1
DA:106,10
DA:107,9
DA:110,1
DA:111,1
DA:113,1
DA:117,1
DA:129,15
DA:130,0
DA:133,15
DA:158,208
DA:170,53
DA:181,9
DA:182,1
DA:187,8
DA:188,8
DA:189,8
DA:202,33
DA:204,33
DA:205,33
DA:206,17
DA:209,30
DA:210,22
DA:213,7
DA:214,3
DA:215,3
DA:224,7
DA:229,33
DA:230,33
DA:231,33
DA:232,19
DA:234,33
DA:235,10
DA:240,17
DA:241,17
DA:242,17
DA:248,22
DA:249,22
DA:250,22
DA:251,8
DA:253,22
DA:254,22
DA:260,39
DA:261,8
DA:263,31
DA:276,8
DA:277,8
DA:279,8
DA:280,4
DA:283,8
DA:284,1
DA:285,1
DA:287,7
DA:300,31
DA:301,14
DA:303,31
DA:304,31
DA:318,4
DA:319,3
DA:322,1
DA:323,1
DA:338,4
DA:340,4
DA:346,4
DA:347,3
DA:348,1
DA:350,2
DA:355,4
DA:356,1
DA:362,3
DA:363,1
DA:367,1
DA:370,1
DA:372,1
DA:373,1
DA:378,0
DA:383,0
DA:386,0
DA:390,3
DA:392,3
DA:397,3
DA:398,3
DA:404,3
DA:405,1
DA:407,2
DA:413,2
DA:417,2
DA:420,1
DA:421,1
DA:422,1
DA:426,1
DA:428,0
DA:432,0
DA:444,7
DA:445,7
DA:452,0
DA:453,0
DA:454,0
DA:455,0
DA:457,0
DA:458,0
DA:459,0
DA:460,0
DA:463,0
DA:464,0
DA:465,0
DA:468,0
DA:471,0
DA:472,0
DA:473,0
DA:476,0
DA:479,0
DA:499,7
DA:503,0
DA:504,0
DA:506,0
DA:524,0
DA:528,0
DA:529,0
DA:545,0
DA:561,9
DA:563,9
DA:564,6
DA:568,9
DA:569,8
DA:574,1
DA:576,1
DA:579,0
DA:581,4
DA:589,4
DA:602,0
DA:603,0
DA:608,0
DA:612,0
LF:160
LH:124
BRDA:36,0,0,2
BRDA:36,0,1,15
BRDA:42,1,0,2
BRDA:42,1,1,13
BRDA:47,2,0,1
BRDA:47,2,1,12
BRDA:63,3,0,41
BRDA:63,3,1,1
BRDA:66,4,0,1
BRDA:66,4,1,0
BRDA:72,5,0,1
BRDA:72,5,1,10
BRDA:79,6,0,30
BRDA:79,6,1,30
BRDA:98,7,0,1
BRDA:98,7,1,11
BRDA:102,8,0,1
BRDA:102,8,1,10
BRDA:106,9,0,9
BRDA:106,9,1,1
BRDA:129,10,0,0
BRDA:129,10,1,15
BRDA:169,11,0,3
BRDA:170,12,0,53
BRDA:170,12,1,3
BRDA:181,13,0,1
BRDA:181,13,1,8
BRDA:201,14,0,0
BRDA:201,15,0,4
BRDA:201,16,0,4
BRDA:205,17,0,17
BRDA:205,17,1,16
BRDA:209,18,0,22
BRDA:209,18,1,8
BRDA:213,19,0,3
BRDA:213,19,1,4
BRDA:214,20,0,3
BRDA:214,20,1,0
BRDA:216,21,0,3
BRDA:216,21,1,0
BRDA:229,22,0,33
BRDA:229,22,1,19
BRDA:230,23,0,33
BRDA:230,23,1,26
BRDA:231,24,0,19
BRDA:231,24,1,14
BRDA:234,25,0,10
BRDA:234,25,1,23
BRDA:250,26,0,8
BRDA:250,26,1,14
BRDA:259,27,0,21
BRDA:260,28,0,8
BRDA:260,28,1,31
BRDA:279,29,0,4
BRDA:279,29,1,4
BRDA:279,30,0,8
BRDA:279,30,1,4
BRDA:283,31,0,1
BRDA:283,31,1,7
BRDA:284,32,0,0
BRDA:284,32,1,1
BRDA:284,33,0,1
BRDA:284,33,1,0
BRDA:287,34,0,7
BRDA:287,34,1,0
BRDA:300,35,0,14
BRDA:300,35,1,17
BRDA:300,36,0,31
BRDA:300,36,1,18
BRDA:300,36,2,18
BRDA:303,37,0,31
BRDA:303,37,1,24
BRDA:303,37,2,14
BRDA:318,38,0,3
BRDA:318,38,1,1
BRDA:318,39,0,4
BRDA:318,39,1,4
BRDA:322,40,0,0
BRDA:322,40,1,1
BRDA:325,41,0,0
BRDA:325,41,1,1
BRDA:347,42,0,1
BRDA:347,42,1,2
BRDA:362,43,0,1
BRDA:362,43,1,2
BRDA:370,44,0,1
BRDA:370,44,1,0
BRDA:372,45,0,1
BRDA:372,45,1,0
BRDA:404,46,0,1
BRDA:404,46,1,2
BRDA:420,47,0,1
BRDA:420,47,1,0
BRDA:421,48,0,1
BRDA:421,48,1,0
BRDA:458,49,0,0
BRDA:458,49,1,0
BRDA:460,50,0,0
BRDA:460,50,1,0
BRDA:468,51,0,0
BRDA:468,51,1,0
BRDA:503,52,0,0
BRDA:503,52,1,0
BRDA:528,53,0,0
BRDA:528,53,1,0
BRDA:560,54,0,3
BRDA:560,55,0,4
BRDA:563,56,0,6
BRDA:563,56,1,3
BRDA:563,57,0,9
BRDA:563,57,1,9
BRDA:568,58,0,8
BRDA:568,58,1,1
BRDA:574,59,0,1
BRDA:574,59,1,0
BRDA:574,60,0,1
BRDA:574,60,1,1
BRDA:582,61,0,4
BRDA:582,61,1,0
BRDA:601,62,0,0
BRF:120
BRH:93
end_of_record
TN:
SF:scripts/background/services/MigrationService.js
FN:17,(anonymous_0)
FN:34,(anonymous_1)
FN:147,(anonymous_2)
FN:188,(anonymous_3)
FN:192,(anonymous_4)
FN:211,(anonymous_5)
FN:232,(anonymous_6)
FN:267,(anonymous_7)
FN:293,(anonymous_8)
FN:338,(anonymous_9)
FN:396,(anonymous_10)
[...]
BRDA:621,70,0,0
BRDA:621,70,1,0
BRDA:623,71,0,0
BRDA:623,71,1,0
BRDA:623,72,0,0
BRDA:623,72,1,0
BRDA:628,73,0,0
BRDA:628,73,1,0
BRDA:647,74,0,0
BRDA:647,74,1,0
BRDA:647,75,0,0
BRDA:647,75,1,0
BRDA:652,76,0,0
BRDA:652,76,1,0
BRDA:652,77,0,0
BRDA:652,77,1,0
BRDA:656,78,0,0
BRDA:656,78,1,0
BRDA:656,79,0,0
BRDA:656,79,1,0
BRDA:660,80,0,0
BRDA:660,80,1,0
BRDA:660,81,0,0
BRDA:660,81,1,0
BRDA:679,82,0,0
BRDA:679,82,1,0
BRDA:679,83,0,0
BRDA:679,83,1,0
BRDA:685,84,0,0
BRDA:685,84,1,0
BRDA:691,85,0,0
BRDA:691,85,1,0
BRDA:691,86,0,0
BRDA:691,86,1,0
BRF:179
BRH:128
end_of_record
TN:
SF:scripts/utils/uiUtils.js
FN:36,(anonymous_0)
FN:48,(anonymous_1)
FN:73,(anonymous_2)
FN:98,injectIcons
FN:139,(anonymous_4)
FN:176,(anonymous_5)
FN:183,(anonymous_6)
FN:185,(anonymous_7)
FN:190,(anonymous_8)
FN:197,(anonymous_9)
FN:224,(anonymous_10)
FN:241,(anonymous_11)
FNF:12
FNH:6
FNDA:39,(anonymous_0)
FNDA:39,(anonymous_1)
FNDA:39,(anonymous_2)
FNDA:39,injectIcons
FNDA:1677,(anonymous_4)
FNDA:0,(anonymous_5)
FNDA:0,(anonymous_6)
FNDA:0,(anonymous_7)
FNDA:0,(anonymous_8)
FNDA:0,(anonymous_9)
FNDA:0,(anonymous_10)
FNDA:3,(anonymous_11)
DA:9,4
DA:10,4
DA:11,4
DA:13,4
DA:28,4
DA:36,4
DA:37,39
DA:38,39
DA:39,39
DA:40,0
DA:44,0
DA:48,39
DA:50,39
DA:51,0
DA:59,39
DA:73,4
DA:74,39
DA:76,39
DA:77,39
DA:80,39
DA:81,39
DA:99,39
DA:100,0
DA:103,39
DA:104,0
DA:108,0
DA:111,39
DA:112,39
DA:116,39
DA:119,39
DA:121,39
DA:122,0
DA:123,0
DA:124,0
DA:126,0
DA:127,0
DA:130,39
DA:131,39
DA:132,39
DA:133,39
DA:134,39
DA:136,39
DA:139,39
DA:140,1677
DA:142,1677
DA:143,0
DA:147,0
DA:150,1677
DA:152,1677
DA:155,1677
DA:156,0
DA:160,0
DA:161,0
DA:162,0
DA:166,0
DA:167,0
DA:168,0
DA:169,0
DA:172,0
DA:173,0
DA:176,0
DA:177,0
DA:178,0
DA:183,0
DA:184,0
DA:185,0
DA:186,0
DA:187,0
DA:190,0
DA:191,0
DA:196,0
DA:197,0
DA:198,0
DA:199,0
DA:200,0
DA:202,0
DA:205,0
DA:206,0
DA:207,0
DA:209,1677
DA:217,39
DA:218,0
DA:219,0
DA:221,0
DA:222,0
DA:225,0
DA:226,0
DA:231,39
DA:241,4
DA:242,3
DA:243,3
DA:244,3
DA:245,3
DA:247,3
DA:248,0
DA:249,0
DA:252,3
DA:253,3
DA:254,3
DA:255,3
LF:100
LH:50
BRDA:39,0,0,0
BRDA:39,0,1,39
BRDA:50,1,0,0
BRDA:50,1,1,0
BRDA:74,2,0,39
BRDA:74,2,1,0
BRDA:76,3,0,39
BRDA:76,3,1,0
BRDA:99,4,0,0
BRDA:99,4,1,39
BRDA:103,5,0,0
BRDA:103,5,1,39
BRDA:103,6,0,39
BRDA:103,6,1,39
BRDA:116,7,0,39
BRDA:116,7,1,39
BRDA:121,8,0,0
BRDA:121,8,1,39
BRDA:123,9,0,0
BRDA:123,9,1,0
BRDA:126,10,0,0
BRDA:126,10,1,0
BRDA:142,11,0,0
BRDA:142,11,1,1677
BRDA:155,12,0,0
BRDA:155,12,1,0
BRDA:161,13,0,0
BRDA:161,13,1,0
BRDA:168,14,0,0
BRDA:168,14,1,0
BRDA:177,15,0,0
BRDA:177,15,1,0
BRDA:184,16,0,0
BRDA:184,16,1,0
BRDA:186,17,0,0
BRDA:186,17,1,0
BRDA:199,18,0,0
BRDA:199,18,1,0
BRDA:217,19,0,0
BRDA:217,19,1,39
BRDA:218,20,0,0
BRDA:218,20,1,0
BRDA:247,21,0,0
BRDA:247,21,1,3
BRDA:247,22,0,3
BRDA:247,22,1,3
BRF:46
BRH:15
end_of_record
TN:
SF:scripts/utils/urlUtils.js
FN:12,(anonymous_0)
FN:15,(anonymous_1)
FN:18,(anonymous_2)
FN:21,(anonymous_3)
FN:24,(anonymous_4)
FN:38,normalizeUrl
FN:63,(anonymous_6)
FN:119,computeStableUrl
FN:168,buildStableUrlFromNextData
FN:177,(anonymous_9)
FN:183,(anonymous_10)
FN:216,(anonymous_11)
FN:247,hasSameOrigin
FN:274,isRootUrl
FN:304,resolveStorageUrl
FNF:15
FNH:12
FNDA:0,(anonymous_0)
FNDA:0,(anonymous_1)
FNDA:2,(anonymous_2)
FNDA:5,(anonymous_3)
FNDA:0,(anonymous_4)
FNDA:227,normalizeUrl
FNDA:2211,(anonymous_6)
FNDA:39,computeStableUrl
FNDA:12,buildStableUrlFromNextData
FNDA:19,(anonymous_9)
FNDA:19,(anonymous_10)
FNDA:11,(anonymous_11)
FNDA:4,hasSameOrigin
FNDA:11,isRootUrl
FNDA:21,resolveStorageUrl
DA:11,71
DA:30,71
DA:40,227
DA:41,11
DA:45,216
DA:46,4
DA:50,216
DA:51,15
DA:54,201
DA:55,201
DA:58,201
DA:59,15
DA:63,201
DA:64,2211
DA:65,47
DA:70,201
DA:71,19
DA:74,201
DA:76,0
DA:77,0
DA:90,71
DA:120,39
DA:121,8
DA:124,31
DA:125,31
DA:126,30
DA:128,30
DA:129,54
DA:130,54
DA:133,54
DA:134,43
DA:138,11
DA:139,1
DA:143,10
DA:144,8
DA:145,8
DA:149,1
DA:152,23
DA:169,12
DA:170,4
DA:173,8
DA:174,8
DA:177,19
DA:178,8
DA:179,1
DA:183,7
DA:185,19
DA:186,5
DA:190,14
DA:191,6
DA:195,8
DA:196,8
DA:197,1
DA:199,7
DA:203,7
DA:204,1
DA:208,6
DA:209,6
DA:210,17
DA:213,6
DA:216,11
DA:220,6
DA:221,5
DA:223,5
DA:230,5
DA:232,1
DA:236,1
DA:248,4
DA:249,0
DA:252,4
DA:253,4
DA:254,4
DA:255,4
DA:257,0
DA:275,11
DA:276,2
DA:279,9
DA:280,9
DA:281,7
DA:282,7
DA:284,7
DA:286,2
DA:306,21
DA:307,21
DA:308,2
DA:312,19
DA:313,1
DA:314,1
DA:315,1
DA:322,18
DA:323,3
DA:324,3
DA:325,3
DA:326,2
DA:334,16
LF:95
LH:91
BRDA:11,0,0,71
BRDA:11,0,1,70
BRDA:11,0,2,1
BRDA:40,1,0,11
BRDA:40,1,1,216
BRDA:45,2,0,4
BRDA:45,2,1,212
BRDA:50,3,0,15
BRDA:50,3,1,201
BRDA:58,4,0,15
BRDA:58,4,1,186
BRDA:64,5,0,47
BRDA:64,5,1,2164
BRDA:70,6,0,220
BRDA:70,6,1,173
BRDA:77,7,0,0
BRDA:77,7,1,0
BRDA:120,8,0,8
BRDA:120,8,1,31
BRDA:120,9,0,39
BRDA:120,9,1,34
BRDA:120,9,2,32
BRDA:133,10,0,43
BRDA:133,10,1,11
BRDA:133,11,0,54
BRDA:133,11,1,54
BRDA:138,12,0,1
BRDA:138,12,1,10
BRDA:138,13,0,11
BRDA:138,13,1,4
BRDA:143,14,0,8
BRDA:143,14,1,2
BRDA:169,15,0,4
BRDA:169,15,1,8
BRDA:169,16,0,12
BRDA:169,16,1,10
BRDA:169,16,2,9
BRDA:178,17,0,1
BRDA:178,17,1,7
BRDA:185,18,0,5
BRDA:185,18,1,14
BRDA:190,19,0,6
BRDA:190,19,1,8
BRDA:196,20,0,1
BRDA:196,20,1,7
BRDA:196,21,0,8
BRDA:196,21,1,8
BRDA:203,22,0,1
BRDA:203,22,1,6
BRDA:210,23,0,6
BRDA:210,23,1,11
BRDA:216,24,0,11
BRDA:216,24,1,0
BRDA:248,25,0,0
BRDA:248,25,1,4
BRDA:248,26,0,4
BRDA:248,26,1,4
BRDA:275,27,0,2
BRDA:275,27,1,9
BRDA:284,28,0,7
BRDA:284,28,1,3
BRDA:284,28,2,4
BRDA:307,29,0,2
BRDA:307,29,1,19
BRDA:312,30,0,1
BRDA:312,30,1,18
BRDA:314,31,0,1
BRDA:314,31,1,0
BRDA:322,32,0,3
BRDA:322,32,1,15
BRDA:322,33,0,18
BRDA:322,33,1,4
BRDA:325,34,0,2
BRDA:325,34,1,1
BRF:74
BRH:69
end_of_record
TN:
SF:sidepanel/sidepanel.js
FN:57,getStorageKeyType
FN:72,renderUnsyncedFallbackState
FN:99,setActiveView
FN:108,beginCurrentViewRequest
FN:118,beginUnsyncedViewRequest
FN:129,isCurrentViewRequestActive
FN:139,isUnsyncedViewRequestActive
FN:150,showTimedMessage
FN:153,(anonymous_8)
FN:165,refreshUnsyncedBadge
FN:180,appendNextUnsyncedBatch
FN:182,(anonymous_11)
FN:183,(anonymous_12)
FN:190,(anonymous_13)
FN:191,(anonymous_14)
FN:192,(anonymous_15)
FN:213,requireElement
FN:230,buildPageEntry
FN:259,buildLegacyPageEntry
FN:292,getUnsyncedPages
FN:338,(anonymous_20)
FN:341,init
FN:354,(anonymous_22)
FN:364,(anonymous_23)
FN:384,handleTabChange
FN:394,loadCurrentTab
FN:445,getStableUrlForTab
FN:475,resolveHighlightData
FN:529,checkSavedData
FN:560,renderHighlightsForUrl
FN:612,_touchMetadata
FN:627,_computeDeleteResult
FN:633,(anonymous_32)
FN:646,(anonymous_33)
FN:656,(anonymous_34)
FN:672,handleDelete
FN:699,(anonymous_36)
FN:711,handleStartHighlightClick
FN:750,(anonymous_38)
FN:759,handleSyncClick
FN:779,(anonymous_40)
FN:788,handleOpenNotionClick
FN:812,(anonymous_42)
FN:825,handleStorageChange
FN:831,(anonymous_44)
FN:843,(anonymous_45)
FN:849,(anonymous_46)
FN:869,handleViewTabClick
FN:893,renderUnsyncedView
FN:944,loadMoreCards
FN:957,deleteUnsyncedPage
FN:966,(anonymous_51)
FN:971,(anonymous_52)
FN:996,deleteAllUnsyncedPages
FN:1001,(anonymous_54)
FNF:55
FNH:50
FNDA:0,getStorageKeyType
FNDA:39,renderUnsyncedFallbackState
FNDA:2150,setActiveView
FNDA:1446,beginCurrentViewRequest
FNDA:732,beginUnsyncedViewRequest
FNDA:5772,isCurrentViewRequestActive
FNDA:732,isUnsyncedViewRequestActive
FNDA:474,showTimedMessage
FNDA:20,(anonymous_8)
FNDA:1379,refreshUnsyncedBadge
FNDA:407,appendNextUnsyncedBatch
FNDA:1,(anonymous_11)
FNDA:1,(anonymous_12)
FNDA:1,(anonymous_13)
FNDA:1,(anonymous_14)
FNDA:0,(anonymous_15)
FNDA:1379,requireElement
FNDA:458,buildPageEntry
FNDA:3978,buildLegacyPageEntry
FNDA:2111,getUnsyncedPages
FNDA:2804,(anonymous_20)
FNDA:1379,init
FNDA:2,(anonymous_22)
FNDA:1634,(anonymous_23)
FNDA:25,handleTabChange
FNDA:1443,loadCurrentTab
FNDA:1442,getStableUrlForTab
FNDA:1443,resolveHighlightData
FNDA:18,checkSavedData
FNDA:1444,renderHighlightsForUrl
FNDA:2,_touchMetadata
FNDA:7,_computeDeleteResult
FNDA:3,(anonymous_32)
FNDA:3,(anonymous_33)
FNDA:3,(anonymous_34)
FNDA:7,handleDelete
FNDA:0,(anonymous_36)
FNDA:106,handleStartHighlightClick
FNDA:0,(anonymous_38)
FNDA:86,handleSyncClick
FNDA:20,(anonymous_40)
FNDA:45,handleOpenNotionClick
FNDA:0,(anonymous_42)
FNDA:5,handleStorageChange
FNDA:4,(anonymous_44)
FNDA:1,(anonymous_45)
FNDA:1,(anonymous_46)
FNDA:772,handleViewTabClick
FNDA:732,renderUnsyncedView
FNDA:38,loadMoreCards
FNDA:1,deleteUnsyncedPage
FNDA:1,(anonymous_51)
FNDA:1,(anonymous_52)
FNDA:103,deleteAllUnsyncedPages
FNDA:102,(anonymous_54)
DA:29,53
DA:34,53
DA:35,53
DA:36,53
DA:37,53
DA:38,53
DA:39,53
DA:40,53
DA:43,53
DA:45,53
DA:47,53
DA:58,0
DA:59,0
DA:61,0
DA:62,0
DA:64,0
DA:73,39
DA:74,39
DA:76,39
DA:77,39
DA:78,39
DA:79,39
DA:80,39
DA:81,39
DA:84,39
DA:85,39
DA:87,39
DA:88,39
DA:91,39
DA:100,2150
DA:109,1446
DA:110,1446
DA:119,732
DA:120,732
DA:130,5772
DA:140,732
DA:151,474
DA:152,474
DA:153,474
DA:154,20
DA:166,1379
DA:167,1379
DA:168,1335
DA:170,44
DA:171,44
DA:181,407
DA:183,1
DA:184,1
DA:191,1
DA:192,1
DA:193,0
DA:202,407
DA:214,1379
DA:215,1
DA:217,1378
DA:231,458
DA:232,180
DA:234,278
DA:235,278
DA:236,184
DA:238,94
DA:260,3978
DA:261,96
DA:263,3882
DA:264,3882
DA:265,3882
DA:266,3882
DA:267,156
DA:269,3726
DA:270,3726
DA:271,3726
DA:272,196
DA:274,3530
DA:293,2111
DA:294,2028
DA:295,2028
DA:298,2028
DA:299,4592
DA:300,4134
DA:302,458
DA:303,458
DA:304,458
DA:305,458
DA:306,94
DA:311,2028
DA:312,2028
DA:313,4592
DA:314,0
DA:318,2028
DA:319,4592
DA:320,614
DA:322,3978
DA:323,3978
DA:326,3978
DA:327,0
DA:329,3978
DA:330,3978
DA:332,3978
DA:333,3978
DA:334,3530
DA:338,2804
DA:342,1379
DA:343,1379
DA:344,1378
DA:347,1378
DA:348,1378
DA:349,1378
DA:350,1378
DA:353,1378
DA:354,1378
DA:355,2
DA:356,1
DA:361,1378
DA:364,1378
DA:365,1634
DA:369,1378
DA:370,1378
DA:371,1378
DA:375,1378
DA:376,1378
DA:385,25
DA:395,1443
DA:396,1443
DA:397,1443
DA:398,1443
DA:401,1443
DA:403,1443
DA:404,25
DA:406,1418
DA:407,1418
DA:410,1443
DA:411,1
DA:412,1
DA:414,1
DA:418,1442
DA:420,1442
DA:421,1
DA:425,1441
DA:426,1441
DA:429,1441
DA:431,0
DA:432,0
DA:433,0
DA:447,1442
DA:448,1442
DA:451,1440
DA:452,1440
DA:459,2
DA:460,2
DA:461,1
DA:465,1
DA:476,1443
DA:478,1443
DA:479,4
DA:485,1439
DA:486,0
DA:492,1439
DA:493,12
DA:495,1427
DA:496,0
DA:500,1427
DA:501,1427
DA:502,1424
DA:505,3
DA:506,3
DA:507,3
DA:509,3
DA:510,1
DA:516,2
DA:517,1
DA:519,1
DA:530,18
DA:531,1
DA:533,17
DA:534,0
DA:538,17
DA:539,4
DA:540,4
DA:544,13
DA:545,0
DA:547,13
DA:548,13
DA:549,13
DA:561,1444
DA:562,1444
DA:564,1444
DA:573,1444
DA:574,1443
DA:575,1443
DA:576,0
DA:579,1443
DA:582,1443
DA:583,1425
DA:584,1425
DA:586,1425
DA:589,18
DA:591,18
DA:592,18
DA:593,0
DA:596,18
DA:597,18
DA:599,18
DA:603,18
DA:604,18
DA:613,2
DA:614,2
DA:616,2
DA:628,7
DA:630,2
DA:631,0
DA:633,3
DA:634,2
DA:635,2
DA:636,1
DA:638,2
DA:641,5
DA:643,2
DA:644,0
DA:646,3
DA:647,2
DA:648,2
DA:649,1
DA:651,2
DA:654,3
DA:656,3
DA:657,2
DA:661,1
DA:673,7
DA:674,7
DA:675,7
DA:676,0
DA:679,7
DA:685,7
DA:686,4
DA:688,3
DA:692,7
DA:693,7
DA:694,7
DA:700,0
DA:704,0
DA:712,106
DA:713,106
DA:715,106
DA:716,106
DA:720,51
DA:721,25
DA:723,26
DA:727,26
DA:729,26
DA:735,26
DA:738,55
DA:739,55
DA:741,55
DA:748,55
DA:750,106
DA:751,0
DA:760,86
DA:761,86
DA:763,86
DA:764,86
DA:765,64
DA:766,41
DA:768,23
DA:771,23
DA:774,22
DA:777,22
DA:779,86
DA:780,20
DA:789,45
DA:790,45
DA:792,45
DA:793,45
DA:794,45
DA:798,45
DA:799,21
DA:801,24
DA:804,24
DA:807,0
DA:810,0
DA:812,45
DA:813,0
DA:826,5
DA:827,1
DA:830,4
DA:832,4
DA:837,4
DA:838,1
DA:842,3
DA:843,3
DA:844,1
DA:848,3
DA:849,3
DA:850,1
DA:852,3
DA:856,0
DA:860,53
DA:870,772
DA:871,772
DA:872,0
DA:874,772
DA:876,772
DA:877,772
DA:878,732
DA:883,40
DA:897,732
DA:899,732
DA:901,732
DA:902,693
DA:903,40
DA:905,653
DA:906,653
DA:907,653
DA:909,653
DA:910,284
DA:911,284
DA:912,284
DA:914,284
DA:915,284
DA:917,284
DA:918,284
DA:922,369
DA:923,369
DA:925,369
DA:926,369
DA:927,369
DA:930,369
DA:931,369
DA:933,39
DA:934,0
DA:936,39
DA:937,39
DA:945,38
DA:946,0
DA:948,38
DA:958,1
DA:959,1
DA:961,0
DA:962,0
DA:966,1
DA:967,1
DA:970,1
DA:971,1
DA:974,1
DA:975,1
DA:976,1
DA:978,1
DA:979,1
DA:980,1
DA:982,1
DA:983,1
DA:985,1
DA:987,1
DA:988,0
DA:990,1
DA:997,103
DA:998,52
DA:1001,102
DA:1002,51
DA:1003,51
DA:1005,0
DA:1006,0
DA:1009,51
DA:1010,51
DA:1012,51
DA:1013,51
DA:1015,51
DA:1016,51
DA:1018,51
DA:1020,51
LF:369
LH:334
BRDA:58,0,0,0
BRDA:58,0,1,0
BRDA:61,1,0,0
BRDA:61,1,1,0
BRDA:72,2,0,39
BRDA:76,3,0,39
BRDA:76,3,1,0
BRDA:84,4,0,39
BRDA:84,4,1,0
BRDA:87,5,0,39
BRDA:87,5,1,0
BRDA:130,6,0,5772
BRDA:130,6,1,5772
BRDA:140,7,0,732
BRDA:140,7,1,692
BRDA:165,8,0,0
BRDA:214,9,0,1
BRDA:214,9,1,1378
BRDA:231,10,0,180
BRDA:231,10,1,278
BRDA:231,11,0,458
BRDA:231,11,1,458
BRDA:234,12,0,186
BRDA:234,12,1,92
BRDA:235,13,0,184
BRDA:235,13,1,94
BRDA:241,14,0,94
BRDA:241,14,1,94
BRDA:241,14,2,0
BRDA:243,15,0,94
BRDA:243,15,1,94
BRDA:260,16,0,96
BRDA:260,16,1,3882
BRDA:263,17,0,3882
BRDA:263,17,1,3882
BRDA:266,18,0,156
BRDA:266,18,1,3726
BRDA:266,19,0,3882
BRDA:266,19,1,3726
BRDA:269,20,0,3726
BRDA:269,20,1,3726
BRDA:270,21,0,402
BRDA:270,21,1,3324
BRDA:270,22,0,3324
BRDA:270,22,1,0
BRDA:271,23,0,196
BRDA:271,23,1,3530
BRDA:277,24,0,3530
BRDA:277,24,1,3530
BRDA:277,24,2,3530
BRDA:279,25,0,3530
BRDA:279,25,1,494
BRDA:299,26,0,4134
BRDA:299,26,1,458
BRDA:305,27,0,94
BRDA:305,27,1,364
BRDA:313,28,0,0
BRDA:313,28,1,4592
BRDA:319,29,0,614
BRDA:319,29,1,3978
BRDA:323,30,0,3978
BRDA:323,30,1,3978
BRDA:326,31,0,0
BRDA:326,31,1,3978
BRDA:326,32,0,3978
BRDA:326,32,1,3978
BRDA:333,33,0,3530
BRDA:333,33,1,448
BRDA:355,34,0,1
BRDA:355,34,1,1
BRDA:355,35,0,2
BRDA:355,35,1,1
BRDA:370,36,0,1378
BRDA:370,36,1,0
BRDA:394,37,0,0
BRDA:394,38,0,0
BRDA:397,39,0,1443
BRDA:397,39,1,0
BRDA:403,40,0,25
BRDA:403,40,1,1418
BRDA:410,41,0,1
BRDA:410,41,1,1442
BRDA:410,42,0,1443
BRDA:410,42,1,1443
BRDA:411,43,0,1
BRDA:411,43,1,0
BRDA:420,44,0,1
BRDA:420,44,1,1441
BRDA:432,45,0,0
BRDA:432,45,1,0
BRDA:451,46,0,1440
BRDA:451,46,1,0
BRDA:460,47,0,1
BRDA:460,47,1,1
BRDA:478,48,0,4
BRDA:478,48,1,1439
BRDA:485,49,0,0
BRDA:485,49,1,1439
BRDA:492,50,0,12
BRDA:492,50,1,1427
BRDA:495,51,0,0
BRDA:495,51,1,1427
BRDA:500,52,0,1427
BRDA:500,52,1,1427
BRDA:501,53,0,1424
BRDA:501,53,1,3
BRDA:509,54,0,1
BRDA:509,54,1,2
BRDA:516,55,0,1
BRDA:516,55,1,1
BRDA:530,56,0,1
BRDA:530,56,1,17
BRDA:530,57,0,18
BRDA:530,57,1,5
BRDA:533,58,0,0
BRDA:533,58,1,17
BRDA:538,59,0,4
BRDA:538,59,1,13
BRDA:544,60,0,0
BRDA:544,60,1,13
BRDA:575,61,0,0
BRDA:575,61,1,1443
BRDA:579,62,0,5
BRDA:579,62,1,1438
BRDA:581,63,0,1438
BRDA:581,63,1,1425
BRDA:582,64,0,1425
BRDA:582,64,1,18
BRDA:583,65,0,1425
BRDA:583,65,1,0
BRDA:592,66,0,0
BRDA:592,66,1,18
BRDA:597,67,0,10
BRDA:597,67,1,8
BRDA:599,68,0,5
BRDA:599,68,1,13
BRDA:601,69,0,13
BRDA:601,69,1,0
BRDA:613,70,0,2
BRDA:613,70,1,0
BRDA:628,71,0,2
BRDA:628,71,1,5
BRDA:630,72,0,0
BRDA:630,72,1,2
BRDA:634,73,0,2
BRDA:634,73,1,1
BRDA:635,74,0,1
BRDA:635,74,1,1
BRDA:641,75,0,2
BRDA:641,75,1,3
BRDA:643,76,0,0
BRDA:643,76,1,2
BRDA:648,77,0,1
BRDA:648,77,1,1
BRDA:654,78,0,2
BRDA:654,78,1,1
BRDA:675,79,0,0
BRDA:675,79,1,7
BRDA:685,80,0,4
BRDA:685,80,1,3
BRDA:693,81,0,7
BRDA:693,81,1,0
BRDA:720,82,0,25
BRDA:720,82,1,26
BRDA:724,83,0,26
BRDA:724,83,1,0
BRDA:765,84,0,41
BRDA:765,84,1,23
BRDA:769,85,0,23
BRDA:769,85,1,0
BRDA:798,86,0,21
BRDA:798,86,1,24
BRDA:802,87,0,24
BRDA:802,87,1,0
BRDA:826,88,0,1
BRDA:826,88,1,4
BRDA:832,89,0,4
BRDA:832,89,1,4
BRDA:832,89,2,1
BRDA:837,90,0,1
BRDA:837,90,1,3
BRDA:848,91,0,3
BRDA:848,91,1,0
BRDA:848,92,0,3
BRDA:848,92,1,3
BRDA:871,93,0,0
BRDA:871,93,1,772
BRDA:877,94,0,732
BRDA:877,94,1,40
BRDA:894,95,0,0
BRDA:895,96,0,0
BRDA:902,97,0,40
BRDA:902,97,1,653
BRDA:909,98,0,284
BRDA:909,98,1,369
BRDA:911,99,0,284
BRDA:911,99,1,0
BRDA:914,100,0,284
BRDA:914,100,1,0
BRDA:922,101,0,369
BRDA:922,101,1,0
BRDA:925,102,0,369
BRDA:925,102,1,0
BRDA:933,103,0,0
BRDA:933,103,1,39
BRDA:945,104,0,0
BRDA:945,104,1,38
BRDA:975,105,0,1
BRDA:975,105,1,0
BRDA:978,106,0,1
BRDA:978,106,1,0
BRDA:979,107,0,1
BRDA:979,107,1,0
BRDA:982,108,0,1
BRDA:982,108,1,0
BRDA:987,109,0,0
BRDA:987,109,1,1
BRDA:987,110,0,1
BRDA:987,110,1,0
BRDA:997,111,0,52
BRDA:997,111,1,51
BRDA:997,112,0,103
BRDA:997,112,1,103
BRDA:1012,113,0,51
BRDA:1012,113,1,0
BRDA:1015,114,0,51
BRDA:1015,114,1,0
BRF:227
BRH:173
end_of_record
TN:
SF:sidepanel/sidepanelUI.js
FN:64,getElements
FN:93,extractDomain
FN:107,buildPreviewHighlights
FN:108,(anonymous_3)
FN:126,isCurrentViewActive
FN:128,(anonymous_5)
FN:138,showLoading
FN:152,showEmpty
FN:177,showMessage
FN:188,hideMessage
FN:202,renderList
FN:205,(anonymous_11)
FN:220,(anonymous_12)
FN:238,switchView
FN:247,(anonymous_14)
FN:272,(anonymous_15)
FN:282,renderUnsyncedEmptyState
FN:302,updateUnsyncedBadge
FN:320,appendCards
FN:328,(anonymous_19)
FN:349,(anonymous_20)
FN:366,(anonymous_21)
FN:374,(anonymous_22)
FNF:23
FNH:23
FNDA:1404,getElements
FNDA:4825,extractDomain
FNDA:3628,buildPreviewHighlights
FNDA:3774,(anonymous_3)
FNDA:2897,isCurrentViewActive
FNDA:1723,(anonymous_5)
FNDA:1445,showLoading
FNDA:1428,showEmpty
FNDA:476,showMessage
FNDA:21,hideMessage
FNDA:21,renderList
FNDA:26,(anonymous_11)
FNDA:8,(anonymous_12)
FNDA:777,switchView
FNDA:2940,(anonymous_14)
FNDA:1554,(anonymous_15)
FNDA:337,renderUnsyncedEmptyState
FNDA:2125,updateUnsyncedBadge
FNDA:413,appendCards
FNDA:1294,(anonymous_19)
FNDA:1365,(anonymous_20)
FNDA:2,(anonymous_21)
FNDA:2,(anonymous_22)
DA:13,55
DA:15,55
DA:17,55
DA:19,55
DA:21,55
DA:23,55
DA:26,55
DA:65,1404
DA:94,4825
DA:95,4825
DA:97,1
DA:108,3628
DA:109,3774
DA:110,3774
DA:127,2897
DA:128,1723
DA:130,2897
DA:139,1445
DA:140,1445
DA:141,1445
DA:142,1445
DA:143,1445
DA:153,1428
DA:154,1428
DA:155,1428
DA:156,1428
DA:157,1428
DA:159,1428
DA:160,2
DA:161,2
DA:163,1426
DA:164,1426
DA:166,1426
DA:178,476
DA:179,476
DA:180,476
DA:189,21
DA:203,21
DA:205,21
DA:206,26
DA:207,26
DA:208,26
DA:209,26
DA:210,26
DA:212,26
DA:215,26
DA:216,26
DA:220,26
DA:222,26
DA:225,21
DA:226,21
DA:227,21
DA:239,777
DA:246,777
DA:247,2940
DA:248,735
DA:249,735
DA:251,735
DA:252,735
DA:254,735
DA:256,42
DA:257,42
DA:258,42
DA:260,42
DA:261,42
DA:263,42
DA:264,42
DA:266,42
DA:267,42
DA:272,777
DA:273,1554
DA:283,337
DA:284,337
DA:285,0
DA:288,337
DA:289,337
DA:290,337
DA:291,337
DA:292,337
DA:303,2125
DA:304,2125
DA:305,0
DA:307,2125
DA:321,413
DA:322,413
DA:323,413
DA:324,0
DA:326,413
DA:328,413
DA:329,1294
DA:330,1294
DA:331,1294
DA:332,0
DA:335,1294
DA:336,1294
DA:337,1294
DA:340,1294
DA:341,1294
DA:342,1293
DA:346,1294
DA:347,1294
DA:348,1293
DA:349,1293
DA:350,1365
DA:351,1365
DA:352,1365
DA:353,1365
DA:358,1294
DA:359,1294
DA:360,36
DA:364,1294
DA:365,1294
DA:366,1293
DA:367,2
DA:372,1294
DA:373,1294
DA:374,1293
DA:375,2
DA:379,1294
DA:382,413
DA:383,413
DA:384,413
DA:385,413
DA:388,413
LF:124
LH:120
BRDA:109,0,0,3774
BRDA:109,0,1,0
BRDA:109,1,0,3774
BRDA:109,1,1,3774
BRDA:113,2,0,3774
BRDA:113,2,1,95
BRDA:127,3,0,2896
BRDA:127,3,1,1
BRDA:130,4,0,1723
BRDA:130,4,1,1174
BRDA:140,5,0,1444
BRDA:140,5,1,1
BRDA:152,6,0,1426
BRDA:155,7,0,1428
BRDA:155,7,1,0
BRDA:159,8,0,2
BRDA:159,8,1,1426
BRDA:215,9,0,26
BRDA:215,9,1,0
BRDA:216,10,0,26
BRDA:216,10,1,0
BRDA:227,11,0,21
BRDA:227,11,1,0
BRDA:246,12,0,735
BRDA:246,12,1,42
BRDA:247,13,0,2940
BRDA:247,13,1,2940
BRDA:248,14,0,735
BRDA:248,14,1,0
BRDA:251,15,0,735
BRDA:251,15,1,0
BRDA:257,16,0,42
BRDA:257,16,1,0
BRDA:260,17,0,42
BRDA:260,17,1,0
BRDA:263,18,0,42
BRDA:263,18,1,0
BRDA:266,19,0,42
BRDA:266,19,1,0
BRDA:284,20,0,0
BRDA:284,20,1,337
BRDA:304,21,0,0
BRDA:304,21,1,2125
BRDA:307,22,0,781
BRDA:307,22,1,1344
BRDA:323,23,0,0
BRDA:323,23,1,413
BRDA:323,24,0,413
BRDA:323,24,1,413
BRDA:331,25,0,0
BRDA:331,25,1,1294
BRDA:336,26,0,1294
BRDA:336,26,1,0
BRDA:341,27,0,1293
BRDA:341,27,1,1
BRDA:347,28,0,1293
BRDA:347,28,1,1
BRDA:348,29,0,1293
BRDA:348,29,1,0
BRDA:352,30,0,35
BRDA:352,30,1,1330
BRDA:359,31,0,36
BRDA:359,31,1,1258
BRDA:359,32,0,1294
BRDA:359,32,1,1293
BRDA:365,33,0,1293
BRDA:365,33,1,1
BRDA:365,34,0,1294
BRDA:365,34,1,1293
BRDA:373,35,0,1293
BRDA:373,35,1,1
BRDA:373,36,0,1294
BRDA:373,36,1,1293
BRDA:384,37,0,413
BRDA:384,37,1,0
BRDA:385,38,0,77
BRDA:385,38,1,336
BRF:77
BRH:59
end_of_record
