TN:
SF:scripts/background/services/NotionService.js
FN:44,fetchWithRetry
FN:75,(anonymous_1)
FN:86,(anonymous_2)
FN:110,(anonymous_3)
FN:120,(anonymous_4)
FN:129,(anonymous_5)
FN:144,(anonymous_6)
FN:174,(anonymous_7)
FN:176,(anonymous_8)
FN:190,(anonymous_9)
FN:199,(anonymous_10)
FN:217,(anonymous_11)
FN:247,(anonymous_12)
FN:263,(anonymous_13)
FN:278,(anonymous_14)
FN:292,(anonymous_15)
FN:347,(anonymous_16)
FN:354,(anonymous_17)
FN:358,(anonymous_18)
FN:392,(anonymous_19)
FN:428,(anonymous_20)
FN:471,(anonymous_21)
FN:496,(anonymous_22)
FN:537,(anonymous_23)
FN:555,(anonymous_24)
FN:582,(anonymous_25)
FN:632,(anonymous_26)
FN:658,(anonymous_27)
FN:714,(anonymous_28)
FN:761,(anonymous_29)
FN:788,(anonymous_30)
FNF:31
FNH:23
FNDA:25,fetchWithRetry
FNDA:6,(anonymous_1)
FNDA:2,(anonymous_2)
FNDA:47,(anonymous_3)
FNDA:2,(anonymous_4)
FNDA:20,(anonymous_5)
FNDA:20,(anonymous_6)
FNDA:0,(anonymous_7)
FNDA:0,(anonymous_8)
FNDA:0,(anonymous_9)
FNDA:0,(anonymous_10)
FNDA:7,(anonymous_11)
FNDA:0,(anonymous_12)
FNDA:0,(anonymous_13)
FNDA:170,(anonymous_14)
FNDA:14,(anonymous_15)
FNDA:23,(anonymous_16)
FNDA:3,(anonymous_17)
FNDA:170,(anonymous_18)
FNDA:6,(anonymous_19)
FNDA:3,(anonymous_20)
FNDA:2,(anonymous_21)
FNDA:2,(anonymous_22)
FNDA:0,(anonymous_23)
FNDA:1,(anonymous_24)
FNDA:3,(anonymous_25)
FNDA:4,(anonymous_26)
FNDA:6,(anonymous_27)
FNDA:4,(anonymous_28)
FNDA:4,(anonymous_29)
FNDA:0,(anonymous_30)
DA:18,1
DA:48,25
DA:50,25
DA:51,25
DA:53,25
DA:54,33
DA:55,33
DA:57,30
DA:58,18
DA:62,12
DA:63,12
DA:64,12
DA:65,6
DA:70,12
DA:71,12
DA:73,12
DA:74,6
DA:75,6
DA:76,6
DA:77,6
DA:81,6
DA:83,3
DA:84,3
DA:85,2
DA:86,2
DA:87,2
DA:88,2
DA:90,1
DA:94,0
DA:95,0
DA:97,0
DA:111,47
DA:112,47
DA:113,47
DA:121,2
DA:130,20
DA:145,20
DA:146,0
DA:154,20
DA:156,20
DA:175,0
DA:176,0
DA:177,0
DA:178,0
DA:181,0
DA:191,0
DA:198,0
DA:199,0
DA:200,0
DA:201,0
DA:207,0
DA:208,0
DA:218,7
DA:219,7
DA:221,7
DA:222,15
DA:226,5
DA:227,5
DA:228,10
DA:229,5
DA:230,1
DA:232,4
DA:233,3
DA:238,7
DA:248,0
DA:250,0
DA:251,0
DA:252,0
DA:258,0
DA:259,0
DA:263,0
DA:265,0
DA:269,0
DA:279,170
DA:280,0
DA:281,0
DA:283,170
DA:293,14
DA:294,2
DA:295,2
DA:300,12
DA:302,12
DA:303,1
DA:304,1
DA:308,11
DA:309,11
DA:311,3
DA:312,3
DA:313,3
DA:317,8
DA:318,8
DA:321,7
DA:322,4
DA:323,4
DA:327,3
DA:328,1
DA:329,1
DA:332,1
DA:333,1
DA:337,2
DA:348,23
DA:349,3
DA:352,20
DA:353,1
DA:354,3
DA:355,1
DA:358,19
DA:360,170
DA:361,0
DA:365,170
DA:366,156
DA:373,14
DA:374,14
DA:377,19
DA:378,19
DA:379,8
DA:384,19
DA:393,6
DA:394,1
DA:397,5
DA:398,5
DA:404,5
DA:405,2
DA:406,2
DA:409,3
DA:410,1
DA:414,2
DA:416,0
DA:417,0
DA:429,3
DA:430,0
DA:433,3
DA:434,3
DA:435,3
DA:437,3
DA:438,1
DA:441,2
DA:443,2
DA:444,2
DA:445,4
DA:446,4
DA:447,4
DA:449,4
DA:451,4
DA:458,4
DA:459,1
DA:460,1
DA:461,1
DA:464,3
DA:465,3
DA:470,3
DA:471,2
DA:475,1
DA:476,1
DA:478,1
DA:479,1
DA:497,2
DA:498,0
DA:501,2
DA:503,2
DA:504,2
DA:511,2
DA:512,1
DA:513,1
DA:520,1
DA:521,0
DA:524,0
DA:525,0
DA:527,0
DA:528,0
DA:534,1
DA:537,1
DA:538,1
DA:539,1
DA:544,0
DA:545,0
DA:556,1
DA:557,1
DA:570,1
DA:572,0
DA:573,0
DA:583,3
DA:585,3
DA:586,3
DA:587,3
DA:589,3
DA:590,4
DA:600,4
DA:601,0
DA:604,4
DA:605,4
DA:606,4
DA:608,4
DA:609,4
DA:612,3
DA:613,1
DA:617,2
DA:618,2
DA:619,4
DA:620,4
DA:627,4
DA:628,4
DA:632,4
DA:634,0
DA:638,2
DA:640,0
DA:641,0
DA:667,6
DA:670,6
DA:674,6
DA:679,6
DA:693,6
DA:694,1
DA:700,6
DA:715,4
DA:717,4
DA:719,4
DA:722,4
DA:723,1
DA:724,1
DA:725,0
DA:730,4
DA:731,3
DA:732,1
DA:740,2
DA:742,2
DA:750,1
DA:751,1
DA:762,4
DA:763,4
DA:766,4
DA:767,4
DA:768,1
DA:772,3
DA:775,3
DA:776,3
DA:779,3
DA:780,2
DA:787,2
DA:788,1
DA:789,1
DA:790,1
DA:797,1
DA:798,1
DA:800,1
DA:807,1
DA:809,0
DA:810,0
DA:819,1
DA:820,1
DA:824,1
DA:825,1
DA:826,1
DA:827,1
LF:254
LH:206
BRDA:44,0,0,1
BRDA:46,1,0,1
BRDA:47,2,0,1
BRDA:57,3,0,18
BRDA:57,3,1,12
BRDA:65,4,0,6
BRDA:65,4,1,6
BRDA:70,5,0,12
BRDA:70,5,1,3
BRDA:70,5,2,3
BRDA:73,6,0,6
BRDA:73,6,1,6
BRDA:73,7,0,12
BRDA:73,7,1,9
BRDA:73,7,2,3
BRDA:84,8,0,2
BRDA:84,8,1,1
BRDA:94,9,0,0
BRDA:94,9,1,0
BRDA:110,10,0,0
BRDA:111,11,0,47
BRDA:111,11,1,0
BRDA:112,12,0,47
BRDA:112,12,1,0
BRDA:144,13,0,0
BRDA:145,14,0,0
BRDA:145,14,1,20
BRDA:150,15,0,0
BRDA:151,16,0,13
BRDA:152,17,0,0
BRDA:153,18,0,0
BRDA:161,19,0,20
BRDA:161,19,1,7
BRDA:174,20,0,0
BRDA:177,21,0,0
BRDA:177,21,1,0
BRDA:177,22,0,0
BRDA:177,22,1,0
BRDA:198,23,0,0
BRDA:198,23,1,0
BRDA:200,24,0,0
BRDA:200,24,1,0
BRDA:208,25,0,0
BRDA:208,25,1,0
BRDA:222,26,0,5
BRDA:222,26,1,10
BRDA:223,27,0,15
BRDA:223,27,1,6
BRDA:228,28,0,5
BRDA:228,28,1,5
BRDA:229,29,0,1
BRDA:229,29,1,4
BRDA:232,30,0,3
BRDA:232,30,1,1
BRDA:258,31,0,0
BRDA:258,31,1,0
BRDA:279,32,0,0
BRDA:279,32,1,170
BRDA:279,33,0,170
BRDA:279,33,1,170
BRDA:279,33,2,170
BRDA:279,33,3,170
BRDA:293,34,0,2
BRDA:293,34,1,12
BRDA:302,35,0,1
BRDA:302,35,1,11
BRDA:309,36,0,3
BRDA:309,36,1,8
BRDA:321,37,0,4
BRDA:321,37,1,3
BRDA:321,38,0,7
BRDA:321,38,1,7
BRDA:327,39,0,1
BRDA:327,39,1,2
BRDA:327,40,0,3
BRDA:327,40,1,3
BRDA:347,41,0,12
BRDA:348,42,0,3
BRDA:348,42,1,20
BRDA:348,43,0,23
BRDA:348,43,1,21
BRDA:352,44,0,1
BRDA:352,44,1,19
BRDA:360,45,0,0
BRDA:360,45,1,170
BRDA:365,46,0,156
BRDA:365,46,1,14
BRDA:373,47,0,14
BRDA:373,47,1,2
BRDA:378,48,0,8
BRDA:378,48,1,11
BRDA:393,49,0,1
BRDA:393,49,1,5
BRDA:404,50,0,2
BRDA:404,50,1,3
BRDA:409,51,0,1
BRDA:409,51,1,2
BRDA:428,52,0,3
BRDA:429,53,0,0
BRDA:429,53,1,3
BRDA:437,54,0,1
BRDA:437,54,1,2
BRDA:458,55,0,1
BRDA:458,55,1,3
BRDA:470,56,0,2
BRDA:470,56,1,1
BRDA:496,57,0,2
BRDA:497,58,0,0
BRDA:497,58,1,2
BRDA:501,59,0,2
BRDA:501,60,0,2
BRDA:511,61,0,1
BRDA:511,61,1,1
BRDA:520,62,0,0
BRDA:520,62,1,1
BRDA:520,63,0,1
BRDA:520,63,1,0
BRDA:527,64,0,0
BRDA:527,64,1,0
BRDA:538,65,0,1
BRDA:538,65,1,0
BRDA:600,66,0,0
BRDA:600,66,1,4
BRDA:605,67,0,4
BRDA:605,67,1,0
BRDA:612,68,0,1
BRDA:612,68,1,2
BRDA:627,69,0,4
BRDA:627,69,1,0
BRDA:663,70,0,4
BRDA:664,71,0,1
BRDA:665,72,0,5
BRDA:666,73,0,6
BRDA:674,74,0,1
BRDA:674,74,1,5
BRDA:683,75,0,6
BRDA:683,75,1,1
BRDA:686,76,0,6
BRDA:686,76,1,1
BRDA:693,77,0,1
BRDA:693,77,1,5
BRDA:714,78,0,3
BRDA:715,79,0,4
BRDA:715,80,0,3
BRDA:715,81,0,3
BRDA:722,82,0,1
BRDA:722,82,1,3
BRDA:722,83,0,4
BRDA:722,83,1,1
BRDA:724,84,0,0
BRDA:724,84,1,1
BRDA:731,85,0,1
BRDA:731,85,1,2
BRDA:767,86,0,1
BRDA:767,86,1,3
BRDA:779,87,0,2
BRDA:779,87,1,1
BRDA:787,88,0,1
BRDA:787,88,1,1
BRDA:789,89,0,1
BRDA:789,89,1,0
BRDA:798,90,0,1
BRDA:798,90,1,0
BRDA:803,91,0,1
BRDA:803,91,1,0
BRDA:819,92,0,1
BRDA:819,92,1,0
BRDA:819,93,0,1
BRDA:819,93,1,1
BRDA:824,94,0,1
BRDA:824,94,1,0
BRF:171
BRH:130
end_of_record
